---------------------------------------------------------------
[ 2018-10-22T00:30:04+08:00 ] 74.120.168.12 117.136.65.175 POST /daily/admin/api/synDaily?lst=%7B%22anchor%22%3A%221540139149%22%2C%22content%22%3A%22%2523+%E5%93%88%E5%93%88%E5%93%88%EF%BC%8C%E5%AE%9D%E8%97%8F%E5%A5%B3%E5%AD%A9%5Cn%E5%93%88%E5%93%88%E5%93%88%EF%BC%8C%E5%8E%9F%E6%9D%A5%E4%B8%96%E7%95%8C%E5%A6%82%E6%AD%A4%E4%B9%8B%E5%B0%8F%EF%BC%8C%E4%BB%8A%E5%A4%A9%E5%AF%9D%E5%AE%A4+4+%E4%B8%AA%E4%BA%BA%E5%8F%AF%E6%98%AF%E6%8A%8A%E8%82%96%E4%B9%89%E5%A8%9F%E7%BF%BB%E4%BA%86%E4%B8%AA%E5%BA%95%E6%9C%9D%E5%A4%A9%EF%BC%8C%E6%9E%9C%E7%84%B6%E6%98%AF%E5%AE%9D%E8%97%8F%E5%A5%B3%E5%AD%A9%E3%80%82%E6%BB%A1%E5%8F%A3%E8%83%A1%E8%AF%9D%EF%BC%8C%E4%B8%80%E4%B8%AA%E4%BA%BA%E4%B8%80%E4%B8%AA%E8%AF%B4%E8%BE%9E%EF%BC%8C%E8%87%AA%E4%BB%A5%E4%B8%BA%E6%8A%8A%E6%89%80%E6%9C%89%E4%BA%BA%E9%83%BD%E9%AA%97%E4%BA%86%EF%BC%8C%E7%BB%93%E6%9E%9C%EF%BC%8C%E5%93%88%E5%93%88%E5%93%88%EF%BC%8C%E7%BF%BB%E8%BD%A6%E4%BA%86%E5%90%A7%E3%80%82%22%2C%22date%22%3A%222018-10-21%22%2C%22id%22%3A107%2C%22location%22%3A%22%E9%AB%98%E5%B3%B0%E6%9D%91%22%2C%22status%22%3A%220%22%2C%22title%22%3A%22%E5%93%88%E5%93%88%E5%93%88%EF%BC%8C%E5%AE%9D%E8%97%8F%E5%A5%B3%E5%AD%A9%22%2C%22baseObjId%22%3A107%7D
[ info ] qingrang.top/daily/admin/api/synDaily?lst=%7B%22anchor%22%3A%221540139149%22%2C%22content%22%3A%22%2523+%E5%93%88%E5%93%88%E5%93%88%EF%BC%8C%E5%AE%9D%E8%97%8F%E5%A5%B3%E5%AD%A9%5Cn%E5%93%88%E5%93%88%E5%93%88%EF%BC%8C%E5%8E%9F%E6%9D%A5%E4%B8%96%E7%95%8C%E5%A6%82%E6%AD%A4%E4%B9%8B%E5%B0%8F%EF%BC%8C%E4%BB%8A%E5%A4%A9%E5%AF%9D%E5%AE%A4+4+%E4%B8%AA%E4%BA%BA%E5%8F%AF%E6%98%AF%E6%8A%8A%E8%82%96%E4%B9%89%E5%A8%9F%E7%BF%BB%E4%BA%86%E4%B8%AA%E5%BA%95%E6%9C%9D%E5%A4%A9%EF%BC%8C%E6%9E%9C%E7%84%B6%E6%98%AF%E5%AE%9D%E8%97%8F%E5%A5%B3%E5%AD%A9%E3%80%82%E6%BB%A1%E5%8F%A3%E8%83%A1%E8%AF%9D%EF%BC%8C%E4%B8%80%E4%B8%AA%E4%BA%BA%E4%B8%80%E4%B8%AA%E8%AF%B4%E8%BE%9E%EF%BC%8C%E8%87%AA%E4%BB%A5%E4%B8%BA%E6%8A%8A%E6%89%80%E6%9C%89%E4%BA%BA%E9%83%BD%E9%AA%97%E4%BA%86%EF%BC%8C%E7%BB%93%E6%9E%9C%EF%BC%8C%E5%93%88%E5%93%88%E5%93%88%EF%BC%8C%E7%BF%BB%E8%BD%A6%E4%BA%86%E5%90%A7%E3%80%82%22%2C%22date%22%3A%222018-10-21%22%2C%22id%22%3A107%2C%22location%22%3A%22%E9%AB%98%E5%B3%B0%E6%9D%91%22%2C%22status%22%3A%220%22%2C%22title%22%3A%22%E5%93%88%E5%93%88%E5%93%88%EF%BC%8C%E5%AE%9D%E8%97%8F%E5%A5%B3%E5%AD%A9%22%2C%22baseObjId%22%3A107%7D [运行时间：0.083352s][吞吐率：12.00req/s] [内存消耗：1,373.71kb] [文件加载：49]
[ info ] [ LANG ] /var/www/html/daily/thinkphp/lang/zh-cn.php
[ info ] [ ROUTE ] array (
  'type' => 'module',
  'module' => 
  array (
    0 => 'admin',
    1 => 'api',
    2 => 'synDaily',
  ),
)
[ info ] [ HEADER ] array (
  'accept' => 'application/json,application/xml,application/xhtml+xml,text/html;q=0.9,image/webp,*/*;q=0.8',
  'accept-encoding' => 'gzip, deflate',
  'accept-language' => 'zh-CN,zh',
  'connection' => 'keep-alive',
  'content-type' => 'application/json; charset=utf-8',
  'user-agent' => 'Mozilla/5.0 (Linux; U; Android 8.1.0; zh-cn; OE106 Build/OPM1.171019.026) AppleWebKit/534.30 (KHTML, like Gecko) Version/4.0 Mobile Safari/534.30',
  'content-length' => '17',
  'host' => 'qingrang.top',
)
[ info ] [ PARAM ] array (
  'lst' => '{"anchor":"1540139149","content":"%23 哈哈哈，宝藏女孩\\n哈哈哈，原来世界如此之小，今天寝室 4 个人可是把肖义娟翻了个底朝天，果然是宝藏女孩。满口胡话，一个人一个说辞，自以为把所有人都骗了，结果，哈哈哈，翻车了吧。","date":"2018-10-21","id":107,"location":"高峰村","status":"0","title":"哈哈哈，宝藏女孩","baseObjId":107}',
  'type' => 'json',
)
[ info ] [ RUN ] app\admin\controller\Api->synDaily[ /var/www/html/daily/application/admin/controller/Api.php ]
[ info ] [ LOG ] INIT File
[ error ] [8]Undefined property: stdClass::$time[/var/www/html/daily/application/admin/controller/Api.php:125]
---------------------------------------------------------------
[ 2018-10-22T00:30:04+08:00 ] 74.120.168.12 117.136.65.175 POST /daily/admin/api/synDaily?lst=%7B%22anchor%22%3A%221539188454%22%2C%22content%22%3A%22%2523+%E8%A6%81%E9%87%8D%E5%A4%B4%E5%86%8D%E6%9D%A5%E5%90%97%EF%BC%9F%5Cn%E8%BF%99%E4%B9%88%E9%95%BF%E6%97%B6%E9%97%B4%E4%BB%A5%E6%9D%A5%EF%BC%8C%E5%B0%BD%E7%AE%A1%E5%8D%B7%E9%9D%A2%E6%88%90%E7%BB%A9%E8%BF%98%E8%BF%87%E5%BE%97%E5%8E%BB%EF%BC%8C%E8%80%81%E5%B8%88%E5%AF%B9%E6%88%91%E7%9A%84%E8%AF%84%E4%BB%B7%E4%B9%9F%E7%AE%97%E4%B8%8D%E9%94%99%EF%BC%8C%E5%90%8C%E5%AD%A6%E4%B9%9F%E8%A7%89%E5%BE%97%E6%88%91%E6%98%AF%E5%A4%A7%E7%A5%9E%EF%BC%8C%E4%B9%9F%E7%AE%97%E6%98%AF%E5%81%9A%E4%BA%86%E5%87%A0%E4%B8%AA%E9%A1%B9%E7%9B%AE%E3%80%82%E4%BD%86%E5%8F%AA%E6%9C%89%E8%87%AA%E5%B7%B1%E6%89%8D%E7%9F%A5%E9%81%93%E6%88%91%E5%88%B0%E5%BA%95%E6%9C%89%E5%A4%9A%E6%B0%B4%EF%BC%8C%E6%84%9F%E8%A7%89%E5%A4%A7%E5%A4%9A%E6%95%B0%E6%97%B6%E5%80%99%E9%83%BD%E6%98%AF%E5%9C%A8%E7%99%BE%E5%BA%A6%EF%BC%8C%E5%9C%A8%E5%A4%8D%E5%88%B6%E7%B2%98%E8%B4%B4%EF%BC%8C%E8%8B%A5%E8%A6%81%E8%87%AA%E5%B7%B1%E7%9C%9F%E7%9C%9F%E5%88%87%E5%88%87%E7%9A%84%E6%89%8B%E5%86%99%E4%BB%A3%E7%A0%81%EF%BC%8C%E4%BC%B0%E8%AE%A1%E5%BE%88%E9%9A%BE%E3%80%82%5Cn%5Cn%E7%A9%B6%E5%85%B6%E5%8E%9F%E5%9B%A0%EF%BC%8C%E8%87%AA%E5%B7%B1%E7%9A%84%E5%9F%BA%E6%9C%AC%E5%8A%9F%E5%A4%AA%E4%B8%8D%E6%89%8E%E5%AE%9E%E4%BA%86%EF%BC%8C%E5%9C%B0%E5%9F%BA%E4%B8%8D%E7%A8%B3%EF%BC%8C%E5%B0%BD%E7%AE%A1%E6%A5%BC%E5%BB%BA%E7%9A%84%E8%B5%B7%E6%9D%A5%EF%BC%8C%E4%BD%86%E4%B8%80%E7%A2%B0%E5%B0%B1%E5%80%92%E3%80%82%5Cn%5Cn%E6%88%91%E6%9C%89%E6%83%B3%E8%BF%87%E9%87%8D%E5%A4%B4%E5%86%8D%E6%9D%A5%EF%BC%8C%E4%BD%86%E4%B8%80%E7%9C%8B%EF%BC%8C%E5%8F%88%E6%9C%89%E5%BE%88%E5%A4%9A%E9%83%BD%E6%98%AF%E5%B7%B2%E7%BB%8F%E4%BC%9A%E7%9A%84%E4%BA%86%EF%BC%8C%E8%8B%A5%E5%86%8D%E5%AD%A6%E4%B8%80%E9%81%8D%E5%B0%B1%E5%BE%88%E6%B5%AA%E8%B4%B9%E6%97%B6%E9%97%B4%EF%BC%8C%E6%84%9F%E8%A7%89%E5%BE%88%E8%A0%A2%E3%80%82%5Cn%5Cn%E5%94%89......%E4%B8%80%E7%9C%8B%E6%87%82%E5%AE%8C%E4%BA%86%EF%BC%8C%E4%B8%80%E5%81%9A%E4%B8%A4%E7%9C%BC%E4%B8%80%E6%8A%B9%E9%BB%91%E3%80%82%5Cn%5Cn%E7%AE%97%E4%BA%86%EF%BC%8C%E8%A0%A2%E5%B0%B1%E8%A0%A2%E5%90%A7%EF%BC%8C%E5%8B%A4%E8%83%BD%E8%A1%A5%E6%8B%99%EF%BC%8C%E5%B0%B1%E7%AE%97%E9%87%8D%E5%A4%B4%E5%86%8D%E6%9D%A5%E5%8F%88%E6%9C%89%E5%95%A5%E5%AD%90%E6%80%95%E7%9A%84%EF%BC%8C%E6%80%BB%E6%AF%94%E7%AC%AC%E4%B8%80%E6%AC%A1%E5%AD%A6%E7%9A%84%E6%97%B6%E5%80%99%E8%A6%81%E5%A5%BD%E7%9A%84%E5%A4%9A%E5%90%A7%EF%BC%8C%E6%AD%A3%E5%A5%BD%E8%BF%99%E6%AC%A1%E6%9C%BA%E4%BC%9A%E5%A5%BD%E5%A5%BD%E5%A4%AF%E5%AE%9E%E4%B8%8B%E8%87%AA%E5%B7%B1%E7%9A%84%E5%9C%B0%E5%9F%BA%E3%80%82%5Cn%5Cn%E5%86%8D%E8%AF%B4%E4%BA%86%EF%BC%8C%E8%8A%B1%E4%BA%86%E9%82%A3%E4%B9%88%E5%A4%9A%E9%92%B1%E5%91%A2%EF%BC%8C%E7%9F%A5%E8%AF%86%E4%BB%98%E8%B4%B9%EF%BC%8C%E5%AD%A6%E7%9A%84%E8%82%9A%E5%AD%90%E9%87%8C%E7%9A%84%E6%89%8D%E6%98%AF%E7%9F%A5%E8%AF%86%EF%BC%8C%E8%A6%81%E6%8A%8A%E8%BF%99%E4%B8%AA%E9%92%B1%E6%8C%A3%E5%9B%9E%E6%9D%A5%E6%89%8D%E8%A1%8C%EF%BC%81%EF%BC%81%EF%BC%81%5Cn%5Cn%E8%AF%95%E4%B8%80%E8%AF%95%EF%BC%8C%E5%B0%B1%E7%AE%97%E9%87%8D%E5%A4%B4%E5%86%8D%E6%9D%A5%E5%8F%88%E8%A6%81%E5%A4%9A%E4%B9%85%EF%BC%9F%E5%8F%88%E8%83%BD%E5%BE%97%E5%88%B0%E5%A4%9A%E5%B0%91%EF%BC%9F%5Cn%5Cn%21%5Bsample_sc%5D%28http%3A%2F%2Fp0tymq1rr.bkt.clouddn.com%2F106_Screenshot_2018-10-11-00-20-24-385_%E6%B5%8F%E8%A7%88%E5%99%A8.png%29*%E8%A6%81%E5%A4%9A%E4%B9%85%EF%BC%9F*%22%2C%22date%22%3A%222018-10-10%22%2C%22id%22%3A106%2C%22location%22%3A%22%E9%9D%92%E8%8B%8F%E5%9D%9D%22%2C%22status%22%3A%220%22%2C%22title%22%3A%22%E8%A6%81%E9%87%8D%E5%A4%B4%E5%86%8D%E6%9D%A5%E5%90%97%EF%BC%9F%22%2C%22baseObjId%22%3A106%7D
[ info ] qingrang.top/daily/admin/api/synDaily?lst=%7B%22anchor%22%3A%221539188454%22%2C%22content%22%3A%22%2523+%E8%A6%81%E9%87%8D%E5%A4%B4%E5%86%8D%E6%9D%A5%E5%90%97%EF%BC%9F%5Cn%E8%BF%99%E4%B9%88%E9%95%BF%E6%97%B6%E9%97%B4%E4%BB%A5%E6%9D%A5%EF%BC%8C%E5%B0%BD%E7%AE%A1%E5%8D%B7%E9%9D%A2%E6%88%90%E7%BB%A9%E8%BF%98%E8%BF%87%E5%BE%97%E5%8E%BB%EF%BC%8C%E8%80%81%E5%B8%88%E5%AF%B9%E6%88%91%E7%9A%84%E8%AF%84%E4%BB%B7%E4%B9%9F%E7%AE%97%E4%B8%8D%E9%94%99%EF%BC%8C%E5%90%8C%E5%AD%A6%E4%B9%9F%E8%A7%89%E5%BE%97%E6%88%91%E6%98%AF%E5%A4%A7%E7%A5%9E%EF%BC%8C%E4%B9%9F%E7%AE%97%E6%98%AF%E5%81%9A%E4%BA%86%E5%87%A0%E4%B8%AA%E9%A1%B9%E7%9B%AE%E3%80%82%E4%BD%86%E5%8F%AA%E6%9C%89%E8%87%AA%E5%B7%B1%E6%89%8D%E7%9F%A5%E9%81%93%E6%88%91%E5%88%B0%E5%BA%95%E6%9C%89%E5%A4%9A%E6%B0%B4%EF%BC%8C%E6%84%9F%E8%A7%89%E5%A4%A7%E5%A4%9A%E6%95%B0%E6%97%B6%E5%80%99%E9%83%BD%E6%98%AF%E5%9C%A8%E7%99%BE%E5%BA%A6%EF%BC%8C%E5%9C%A8%E5%A4%8D%E5%88%B6%E7%B2%98%E8%B4%B4%EF%BC%8C%E8%8B%A5%E8%A6%81%E8%87%AA%E5%B7%B1%E7%9C%9F%E7%9C%9F%E5%88%87%E5%88%87%E7%9A%84%E6%89%8B%E5%86%99%E4%BB%A3%E7%A0%81%EF%BC%8C%E4%BC%B0%E8%AE%A1%E5%BE%88%E9%9A%BE%E3%80%82%5Cn%5Cn%E7%A9%B6%E5%85%B6%E5%8E%9F%E5%9B%A0%EF%BC%8C%E8%87%AA%E5%B7%B1%E7%9A%84%E5%9F%BA%E6%9C%AC%E5%8A%9F%E5%A4%AA%E4%B8%8D%E6%89%8E%E5%AE%9E%E4%BA%86%EF%BC%8C%E5%9C%B0%E5%9F%BA%E4%B8%8D%E7%A8%B3%EF%BC%8C%E5%B0%BD%E7%AE%A1%E6%A5%BC%E5%BB%BA%E7%9A%84%E8%B5%B7%E6%9D%A5%EF%BC%8C%E4%BD%86%E4%B8%80%E7%A2%B0%E5%B0%B1%E5%80%92%E3%80%82%5Cn%5Cn%E6%88%91%E6%9C%89%E6%83%B3%E8%BF%87%E9%87%8D%E5%A4%B4%E5%86%8D%E6%9D%A5%EF%BC%8C%E4%BD%86%E4%B8%80%E7%9C%8B%EF%BC%8C%E5%8F%88%E6%9C%89%E5%BE%88%E5%A4%9A%E9%83%BD%E6%98%AF%E5%B7%B2%E7%BB%8F%E4%BC%9A%E7%9A%84%E4%BA%86%EF%BC%8C%E8%8B%A5%E5%86%8D%E5%AD%A6%E4%B8%80%E9%81%8D%E5%B0%B1%E5%BE%88%E6%B5%AA%E8%B4%B9%E6%97%B6%E9%97%B4%EF%BC%8C%E6%84%9F%E8%A7%89%E5%BE%88%E8%A0%A2%E3%80%82%5Cn%5Cn%E5%94%89......%E4%B8%80%E7%9C%8B%E6%87%82%E5%AE%8C%E4%BA%86%EF%BC%8C%E4%B8%80%E5%81%9A%E4%B8%A4%E7%9C%BC%E4%B8%80%E6%8A%B9%E9%BB%91%E3%80%82%5Cn%5Cn%E7%AE%97%E4%BA%86%EF%BC%8C%E8%A0%A2%E5%B0%B1%E8%A0%A2%E5%90%A7%EF%BC%8C%E5%8B%A4%E8%83%BD%E8%A1%A5%E6%8B%99%EF%BC%8C%E5%B0%B1%E7%AE%97%E9%87%8D%E5%A4%B4%E5%86%8D%E6%9D%A5%E5%8F%88%E6%9C%89%E5%95%A5%E5%AD%90%E6%80%95%E7%9A%84%EF%BC%8C%E6%80%BB%E6%AF%94%E7%AC%AC%E4%B8%80%E6%AC%A1%E5%AD%A6%E7%9A%84%E6%97%B6%E5%80%99%E8%A6%81%E5%A5%BD%E7%9A%84%E5%A4%9A%E5%90%A7%EF%BC%8C%E6%AD%A3%E5%A5%BD%E8%BF%99%E6%AC%A1%E6%9C%BA%E4%BC%9A%E5%A5%BD%E5%A5%BD%E5%A4%AF%E5%AE%9E%E4%B8%8B%E8%87%AA%E5%B7%B1%E7%9A%84%E5%9C%B0%E5%9F%BA%E3%80%82%5Cn%5Cn%E5%86%8D%E8%AF%B4%E4%BA%86%EF%BC%8C%E8%8A%B1%E4%BA%86%E9%82%A3%E4%B9%88%E5%A4%9A%E9%92%B1%E5%91%A2%EF%BC%8C%E7%9F%A5%E8%AF%86%E4%BB%98%E8%B4%B9%EF%BC%8C%E5%AD%A6%E7%9A%84%E8%82%9A%E5%AD%90%E9%87%8C%E7%9A%84%E6%89%8D%E6%98%AF%E7%9F%A5%E8%AF%86%EF%BC%8C%E8%A6%81%E6%8A%8A%E8%BF%99%E4%B8%AA%E9%92%B1%E6%8C%A3%E5%9B%9E%E6%9D%A5%E6%89%8D%E8%A1%8C%EF%BC%81%EF%BC%81%EF%BC%81%5Cn%5Cn%E8%AF%95%E4%B8%80%E8%AF%95%EF%BC%8C%E5%B0%B1%E7%AE%97%E9%87%8D%E5%A4%B4%E5%86%8D%E6%9D%A5%E5%8F%88%E8%A6%81%E5%A4%9A%E4%B9%85%EF%BC%9F%E5%8F%88%E8%83%BD%E5%BE%97%E5%88%B0%E5%A4%9A%E5%B0%91%EF%BC%9F%5Cn%5Cn%21%5Bsample_sc%5D%28http%3A%2F%2Fp0tymq1rr.bkt.clouddn.com%2F106_Screenshot_2018-10-11-00-20-24-385_%E6%B5%8F%E8%A7%88%E5%99%A8.png%29*%E8%A6%81%E5%A4%9A%E4%B9%85%EF%BC%9F*%22%2C%22date%22%3A%222018-10-10%22%2C%22id%22%3A106%2C%22location%22%3A%22%E9%9D%92%E8%8B%8F%E5%9D%9D%22%2C%22status%22%3A%220%22%2C%22title%22%3A%22%E8%A6%81%E9%87%8D%E5%A4%B4%E5%86%8D%E6%9D%A5%E5%90%97%EF%BC%9F%22%2C%22baseObjId%22%3A106%7D [运行时间：0.081702s][吞吐率：12.24req/s] [内存消耗：1,378.49kb] [文件加载：49]
[ info ] [ LANG ] /var/www/html/daily/thinkphp/lang/zh-cn.php
[ info ] [ ROUTE ] array (
  'type' => 'module',
  'module' => 
  array (
    0 => 'admin',
    1 => 'api',
    2 => 'synDaily',
  ),
)
[ info ] [ HEADER ] array (
  'accept' => 'application/json,application/xml,application/xhtml+xml,text/html;q=0.9,image/webp,*/*;q=0.8',
  'accept-encoding' => 'gzip, deflate',
  'accept-language' => 'zh-CN,zh',
  'connection' => 'keep-alive',
  'content-type' => 'application/json; charset=utf-8',
  'user-agent' => 'Mozilla/5.0 (Linux; U; Android 8.1.0; zh-cn; OE106 Build/OPM1.171019.026) AppleWebKit/534.30 (KHTML, like Gecko) Version/4.0 Mobile Safari/534.30',
  'content-length' => '17',
  'host' => 'qingrang.top',
)
[ info ] [ PARAM ] array (
  'lst' => '{"anchor":"1539188454","content":"%23 要重头再来吗？\\n这么长时间以来，尽管卷面成绩还过得去，老师对我的评价也算不错，同学也觉得我是大神，也算是做了几个项目。但只有自己才知道我到底有多水，感觉大多数时候都是在百度，在复制粘贴，若要自己真真切切的手写代码，估计很难。\\n\\n究其原因，自己的基本功太不扎实了，地基不稳，尽管楼建的起来，但一碰就倒。\\n\\n我有想过重头再来，但一看，又有很多都是已经会的了，若再学一遍就很浪费时间，感觉很蠢。\\n\\n唉......一看懂完了，一做两眼一抹黑。\\n\\n算了，蠢就蠢吧，勤能补拙，就算重头再来又有啥子怕的，总比第一次学的时候要好的多吧，正好这次机会好好夯实下自己的地基。\\n\\n再说了，花了那么多钱呢，知识付费，学的肚子里的才是知识，要把这个钱挣回来才行！！！\\n\\n试一试，就算重头再来又要多久？又能得到多少？\\n\\n![sample_sc](http://p0tymq1rr.bkt.clouddn.com/106_Screenshot_2018-10-11-00-20-24-385_浏览器.png)*要多久？*","date":"2018-10-10","id":106,"location":"青苏坝","status":"0","title":"要重头再来吗？","baseObjId":106}',
  'type' => 'json',
)
[ info ] [ RUN ] app\admin\controller\Api->synDaily[ /var/www/html/daily/application/admin/controller/Api.php ]
[ info ] [ LOG ] INIT File
[ error ] [8]Undefined property: stdClass::$time[/var/www/html/daily/application/admin/controller/Api.php:125]
---------------------------------------------------------------
[ 2018-10-22T00:34:02+08:00 ] 74.120.168.12 117.136.65.175 POST /daily/admin/api/synTemp?content=
[ info ] qingrang.top/daily/admin/api/synTemp?content= [运行时间：0.078157s][吞吐率：12.79req/s] [内存消耗：1,982.76kb] [文件加载：55]
[ info ] [ LANG ] /var/www/html/daily/thinkphp/lang/zh-cn.php
[ info ] [ ROUTE ] array (
  'type' => 'module',
  'module' => 
  array (
    0 => 'admin',
    1 => 'api',
    2 => 'synTemp',
  ),
)
[ info ] [ HEADER ] array (
  'accept' => 'application/json,application/xml,application/xhtml+xml,text/html;q=0.9,image/webp,*/*;q=0.8',
  'accept-encoding' => 'gzip, deflate',
  'accept-language' => 'zh-CN,zh',
  'connection' => 'keep-alive',
  'content-type' => 'application/json; charset=utf-8',
  'user-agent' => 'Mozilla/5.0 (Linux; U; Android 8.1.0; zh-cn; OE106 Build/OPM1.171019.026) AppleWebKit/534.30 (KHTML, like Gecko) Version/4.0 Mobile Safari/534.30',
  'content-length' => '17',
  'host' => 'qingrang.top',
)
[ info ] [ PARAM ] array (
  'content' => '',
  'type' => 'json',
)
[ info ] [ RUN ] app\admin\controller\Api->synTemp[ /var/www/html/daily/application/admin/controller/Api.php ]
[ info ] [ DB ] INIT mysql
[ info ] [ CACHE ] INIT File
[ info ] [ LOG ] INIT File
[ sql ] [ DB ] CONNECT:[ UseTime:0.000754s ] mysql:host=74.120.168.12;dbname=diary;charset=utf8
[ sql ] [ SQL ] SHOW COLUMNS FROM `note` [ RunTime:0.001604s ]
[ sql ] [ SQL ] UPDATE `note`  SET `content`=''  WHERE  `id` = 2 [ RunTime:0.001568s ]
---------------------------------------------------------------
[ 2018-10-22T00:34:02+08:00 ] 74.120.168.12 117.136.65.175 POST /daily/admin/api/synDaily?lst=%7B%22anchor%22%3A%221540139945%22%2C%22content%22%3A%22%2523+%E5%93%88%E5%93%88%E5%93%88%EF%BC%8C%E5%AE%9D%E8%97%8F%E5%A5%B3%E5%AD%A9%5Cn%E5%93%88%E5%93%88%E5%93%88%EF%BC%8C%E5%8E%9F%E6%9D%A5%E4%B8%96%E7%95%8C%E5%A6%82%E6%AD%A4%E4%B9%8B%E5%B0%8F%EF%BC%8C%E8%B0%81%E8%83%BD%E6%83%B3%E5%88%B0%E5%A5%B9+vip+%E7%8F%AD%E4%B8%8A%E7%9A%84%E5%90%8C%E5%AD%A6%E5%92%8C%E5%AF%9D%E5%AE%A4%E7%9A%84%E5%90%8C%E5%AD%A6%E9%83%BD%E8%AE%A4%E8%AF%86%EF%BC%8C%E5%A4%A7%E5%AE%B6%E7%9F%A5%E6%A0%B9%E7%9F%A5%E5%BA%95%E5%A5%B9%E8%BF%98%E5%BD%93%E9%9D%A2%E8%AF%B4%E7%9E%8E%E8%AF%9D%E3%80%82%E4%BB%8A%E5%A4%A9%E5%AF%9D%E5%AE%A4+4+%E4%B8%AA%E4%BA%BA%E5%8F%AF%E6%98%AF%E6%8A%8A%E8%82%96%E4%B9%89%E5%A8%9F%E7%BF%BB%E4%BA%86%E4%B8%AA%E5%BA%95%E6%9C%9D%E5%A4%A9%EF%BC%8C%E6%9E%9C%E7%84%B6%E6%98%AF%E5%AE%9D%E8%97%8F%E5%A5%B3%E5%AD%A9%E3%80%82%E6%BB%A1%E5%8F%A3%E8%83%A1%E8%AF%9D%EF%BC%8C%E4%B8%80%E4%B8%AA%E4%BA%BA%E4%B8%80%E4%B8%AA%E8%AF%B4%E8%BE%9E%EF%BC%8C%E8%87%AA%E4%BB%A5%E4%B8%BA%E6%8A%8A%E6%89%80%E6%9C%89%E4%BA%BA%E9%83%BD%E9%AA%97%E4%BA%86%EF%BC%8C%E7%BB%93%E6%9E%9C%EF%BC%8C%E5%93%88%E5%93%88%E5%93%88%EF%BC%8C%E7%BF%BB%E8%BD%A6%E4%BA%86%E5%90%A7%E3%80%82%22%2C%22date%22%3A%222018-10-21%22%2C%22id%22%3A107%2C%22location%22%3A%22%E9%AB%98%E5%B3%B0%E6%9D%91%22%2C%22status%22%3A%220%22%2C%22title%22%3A%22%E5%93%88%E5%93%88%E5%93%88%EF%BC%8C%E5%AE%9D%E8%97%8F%E5%A5%B3%E5%AD%A9%22%2C%22baseObjId%22%3A107%7D
[ info ] qingrang.top/daily/admin/api/synDaily?lst=%7B%22anchor%22%3A%221540139945%22%2C%22content%22%3A%22%2523+%E5%93%88%E5%93%88%E5%93%88%EF%BC%8C%E5%AE%9D%E8%97%8F%E5%A5%B3%E5%AD%A9%5Cn%E5%93%88%E5%93%88%E5%93%88%EF%BC%8C%E5%8E%9F%E6%9D%A5%E4%B8%96%E7%95%8C%E5%A6%82%E6%AD%A4%E4%B9%8B%E5%B0%8F%EF%BC%8C%E8%B0%81%E8%83%BD%E6%83%B3%E5%88%B0%E5%A5%B9+vip+%E7%8F%AD%E4%B8%8A%E7%9A%84%E5%90%8C%E5%AD%A6%E5%92%8C%E5%AF%9D%E5%AE%A4%E7%9A%84%E5%90%8C%E5%AD%A6%E9%83%BD%E8%AE%A4%E8%AF%86%EF%BC%8C%E5%A4%A7%E5%AE%B6%E7%9F%A5%E6%A0%B9%E7%9F%A5%E5%BA%95%E5%A5%B9%E8%BF%98%E5%BD%93%E9%9D%A2%E8%AF%B4%E7%9E%8E%E8%AF%9D%E3%80%82%E4%BB%8A%E5%A4%A9%E5%AF%9D%E5%AE%A4+4+%E4%B8%AA%E4%BA%BA%E5%8F%AF%E6%98%AF%E6%8A%8A%E8%82%96%E4%B9%89%E5%A8%9F%E7%BF%BB%E4%BA%86%E4%B8%AA%E5%BA%95%E6%9C%9D%E5%A4%A9%EF%BC%8C%E6%9E%9C%E7%84%B6%E6%98%AF%E5%AE%9D%E8%97%8F%E5%A5%B3%E5%AD%A9%E3%80%82%E6%BB%A1%E5%8F%A3%E8%83%A1%E8%AF%9D%EF%BC%8C%E4%B8%80%E4%B8%AA%E4%BA%BA%E4%B8%80%E4%B8%AA%E8%AF%B4%E8%BE%9E%EF%BC%8C%E8%87%AA%E4%BB%A5%E4%B8%BA%E6%8A%8A%E6%89%80%E6%9C%89%E4%BA%BA%E9%83%BD%E9%AA%97%E4%BA%86%EF%BC%8C%E7%BB%93%E6%9E%9C%EF%BC%8C%E5%93%88%E5%93%88%E5%93%88%EF%BC%8C%E7%BF%BB%E8%BD%A6%E4%BA%86%E5%90%A7%E3%80%82%22%2C%22date%22%3A%222018-10-21%22%2C%22id%22%3A107%2C%22location%22%3A%22%E9%AB%98%E5%B3%B0%E6%9D%91%22%2C%22status%22%3A%220%22%2C%22title%22%3A%22%E5%93%88%E5%93%88%E5%93%88%EF%BC%8C%E5%AE%9D%E8%97%8F%E5%A5%B3%E5%AD%A9%22%2C%22baseObjId%22%3A107%7D [运行时间：0.066057s][吞吐率：15.14req/s] [内存消耗：1,374.22kb] [文件加载：49]
[ info ] [ LANG ] /var/www/html/daily/thinkphp/lang/zh-cn.php
[ info ] [ ROUTE ] array (
  'type' => 'module',
  'module' => 
  array (
    0 => 'admin',
    1 => 'api',
    2 => 'synDaily',
  ),
)
[ info ] [ HEADER ] array (
  'accept' => 'application/json,application/xml,application/xhtml+xml,text/html;q=0.9,image/webp,*/*;q=0.8',
  'accept-encoding' => 'gzip, deflate',
  'accept-language' => 'zh-CN,zh',
  'connection' => 'keep-alive',
  'content-type' => 'application/json; charset=utf-8',
  'user-agent' => 'Mozilla/5.0 (Linux; U; Android 8.1.0; zh-cn; OE106 Build/OPM1.171019.026) AppleWebKit/534.30 (KHTML, like Gecko) Version/4.0 Mobile Safari/534.30',
  'content-length' => '17',
  'host' => 'qingrang.top',
)
[ info ] [ PARAM ] array (
  'lst' => '{"anchor":"1540139945","content":"%23 哈哈哈，宝藏女孩\\n哈哈哈，原来世界如此之小，谁能想到她 vip 班上的同学和寝室的同学都认识，大家知根知底她还当面说瞎话。今天寝室 4 个人可是把肖义娟翻了个底朝天，果然是宝藏女孩。满口胡话，一个人一个说辞，自以为把所有人都骗了，结果，哈哈哈，翻车了吧。","date":"2018-10-21","id":107,"location":"高峰村","status":"0","title":"哈哈哈，宝藏女孩","baseObjId":107}',
  'type' => 'json',
)
[ info ] [ RUN ] app\admin\controller\Api->synDaily[ /var/www/html/daily/application/admin/controller/Api.php ]
[ info ] [ LOG ] INIT File
[ error ] [8]Undefined property: stdClass::$time[/var/www/html/daily/application/admin/controller/Api.php:125]
---------------------------------------------------------------
[ 2018-10-22T00:34:08+08:00 ] 74.120.168.12 117.136.65.175 POST /daily/admin/api/synDaily?lst=%7B%22anchor%22%3A%221540139945%22%2C%22content%22%3A%22%2523+%E5%93%88%E5%93%88%E5%93%88%EF%BC%8C%E5%AE%9D%E8%97%8F%E5%A5%B3%E5%AD%A9%5Cn%E5%93%88%E5%93%88%E5%93%88%EF%BC%8C%E5%8E%9F%E6%9D%A5%E4%B8%96%E7%95%8C%E5%A6%82%E6%AD%A4%E4%B9%8B%E5%B0%8F%EF%BC%8C%E8%B0%81%E8%83%BD%E6%83%B3%E5%88%B0%E5%A5%B9+vip+%E7%8F%AD%E4%B8%8A%E7%9A%84%E5%90%8C%E5%AD%A6%E5%92%8C%E5%AF%9D%E5%AE%A4%E7%9A%84%E5%90%8C%E5%AD%A6%E9%83%BD%E8%AE%A4%E8%AF%86%EF%BC%8C%E5%A4%A7%E5%AE%B6%E7%9F%A5%E6%A0%B9%E7%9F%A5%E5%BA%95%E5%A5%B9%E8%BF%98%E5%BD%93%E9%9D%A2%E8%AF%B4%E7%9E%8E%E8%AF%9D%E3%80%82%E4%BB%8A%E5%A4%A9%E5%AF%9D%E5%AE%A4+4+%E4%B8%AA%E4%BA%BA%E5%8F%AF%E6%98%AF%E6%8A%8A%E8%82%96%E4%B9%89%E5%A8%9F%E7%BF%BB%E4%BA%86%E4%B8%AA%E5%BA%95%E6%9C%9D%E5%A4%A9%EF%BC%8C%E6%9E%9C%E7%84%B6%E6%98%AF%E5%AE%9D%E8%97%8F%E5%A5%B3%E5%AD%A9%E3%80%82%E6%BB%A1%E5%8F%A3%E8%83%A1%E8%AF%9D%EF%BC%8C%E4%B8%80%E4%B8%AA%E4%BA%BA%E4%B8%80%E4%B8%AA%E8%AF%B4%E8%BE%9E%EF%BC%8C%E8%87%AA%E4%BB%A5%E4%B8%BA%E6%8A%8A%E6%89%80%E6%9C%89%E4%BA%BA%E9%83%BD%E9%AA%97%E4%BA%86%EF%BC%8C%E7%BB%93%E6%9E%9C%EF%BC%8C%E5%93%88%E5%93%88%E5%93%88%EF%BC%8C%E7%BF%BB%E8%BD%A6%E4%BA%86%E5%90%A7%E3%80%82%22%2C%22date%22%3A%222018-10-21%22%2C%22id%22%3A107%2C%22location%22%3A%22%E9%AB%98%E5%B3%B0%E6%9D%91%22%2C%22status%22%3A%220%22%2C%22title%22%3A%22%E5%93%88%E5%93%88%E5%93%88%EF%BC%8C%E5%AE%9D%E8%97%8F%E5%A5%B3%E5%AD%A9%22%2C%22baseObjId%22%3A107%7D
[ info ] qingrang.top/daily/admin/api/synDaily?lst=%7B%22anchor%22%3A%221540139945%22%2C%22content%22%3A%22%2523+%E5%93%88%E5%93%88%E5%93%88%EF%BC%8C%E5%AE%9D%E8%97%8F%E5%A5%B3%E5%AD%A9%5Cn%E5%93%88%E5%93%88%E5%93%88%EF%BC%8C%E5%8E%9F%E6%9D%A5%E4%B8%96%E7%95%8C%E5%A6%82%E6%AD%A4%E4%B9%8B%E5%B0%8F%EF%BC%8C%E8%B0%81%E8%83%BD%E6%83%B3%E5%88%B0%E5%A5%B9+vip+%E7%8F%AD%E4%B8%8A%E7%9A%84%E5%90%8C%E5%AD%A6%E5%92%8C%E5%AF%9D%E5%AE%A4%E7%9A%84%E5%90%8C%E5%AD%A6%E9%83%BD%E8%AE%A4%E8%AF%86%EF%BC%8C%E5%A4%A7%E5%AE%B6%E7%9F%A5%E6%A0%B9%E7%9F%A5%E5%BA%95%E5%A5%B9%E8%BF%98%E5%BD%93%E9%9D%A2%E8%AF%B4%E7%9E%8E%E8%AF%9D%E3%80%82%E4%BB%8A%E5%A4%A9%E5%AF%9D%E5%AE%A4+4+%E4%B8%AA%E4%BA%BA%E5%8F%AF%E6%98%AF%E6%8A%8A%E8%82%96%E4%B9%89%E5%A8%9F%E7%BF%BB%E4%BA%86%E4%B8%AA%E5%BA%95%E6%9C%9D%E5%A4%A9%EF%BC%8C%E6%9E%9C%E7%84%B6%E6%98%AF%E5%AE%9D%E8%97%8F%E5%A5%B3%E5%AD%A9%E3%80%82%E6%BB%A1%E5%8F%A3%E8%83%A1%E8%AF%9D%EF%BC%8C%E4%B8%80%E4%B8%AA%E4%BA%BA%E4%B8%80%E4%B8%AA%E8%AF%B4%E8%BE%9E%EF%BC%8C%E8%87%AA%E4%BB%A5%E4%B8%BA%E6%8A%8A%E6%89%80%E6%9C%89%E4%BA%BA%E9%83%BD%E9%AA%97%E4%BA%86%EF%BC%8C%E7%BB%93%E6%9E%9C%EF%BC%8C%E5%93%88%E5%93%88%E5%93%88%EF%BC%8C%E7%BF%BB%E8%BD%A6%E4%BA%86%E5%90%A7%E3%80%82%22%2C%22date%22%3A%222018-10-21%22%2C%22id%22%3A107%2C%22location%22%3A%22%E9%AB%98%E5%B3%B0%E6%9D%91%22%2C%22status%22%3A%220%22%2C%22title%22%3A%22%E5%93%88%E5%93%88%E5%93%88%EF%BC%8C%E5%AE%9D%E8%97%8F%E5%A5%B3%E5%AD%A9%22%2C%22baseObjId%22%3A107%7D [运行时间：0.080166s][吞吐率：12.47req/s] [内存消耗：1,374.22kb] [文件加载：49]
[ info ] [ LANG ] /var/www/html/daily/thinkphp/lang/zh-cn.php
[ info ] [ ROUTE ] array (
  'type' => 'module',
  'module' => 
  array (
    0 => 'admin',
    1 => 'api',
    2 => 'synDaily',
  ),
)
[ info ] [ HEADER ] array (
  'accept' => 'application/json,application/xml,application/xhtml+xml,text/html;q=0.9,image/webp,*/*;q=0.8',
  'accept-encoding' => 'gzip, deflate',
  'accept-language' => 'zh-CN,zh',
  'connection' => 'keep-alive',
  'content-type' => 'application/json; charset=utf-8',
  'user-agent' => 'Mozilla/5.0 (Linux; U; Android 8.1.0; zh-cn; OE106 Build/OPM1.171019.026) AppleWebKit/534.30 (KHTML, like Gecko) Version/4.0 Mobile Safari/534.30',
  'content-length' => '17',
  'host' => 'qingrang.top',
)
[ info ] [ PARAM ] array (
  'lst' => '{"anchor":"1540139945","content":"%23 哈哈哈，宝藏女孩\\n哈哈哈，原来世界如此之小，谁能想到她 vip 班上的同学和寝室的同学都认识，大家知根知底她还当面说瞎话。今天寝室 4 个人可是把肖义娟翻了个底朝天，果然是宝藏女孩。满口胡话，一个人一个说辞，自以为把所有人都骗了，结果，哈哈哈，翻车了吧。","date":"2018-10-21","id":107,"location":"高峰村","status":"0","title":"哈哈哈，宝藏女孩","baseObjId":107}',
  'type' => 'json',
)
[ info ] [ RUN ] app\admin\controller\Api->synDaily[ /var/www/html/daily/application/admin/controller/Api.php ]
[ info ] [ LOG ] INIT File
[ error ] [8]Undefined property: stdClass::$time[/var/www/html/daily/application/admin/controller/Api.php:125]
---------------------------------------------------------------
[ 2018-10-22T00:34:08+08:00 ] 74.120.168.12 117.136.65.175 POST /daily/admin/api/synTemp?content=
[ info ] qingrang.top/daily/admin/api/synTemp?content= [运行时间：0.100633s][吞吐率：9.94req/s] [内存消耗：1,982.73kb] [文件加载：55]
[ info ] [ LANG ] /var/www/html/daily/thinkphp/lang/zh-cn.php
[ info ] [ ROUTE ] array (
  'type' => 'module',
  'module' => 
  array (
    0 => 'admin',
    1 => 'api',
    2 => 'synTemp',
  ),
)
[ info ] [ HEADER ] array (
  'accept' => 'application/json,application/xml,application/xhtml+xml,text/html;q=0.9,image/webp,*/*;q=0.8',
  'accept-encoding' => 'gzip, deflate',
  'accept-language' => 'zh-CN,zh',
  'connection' => 'keep-alive',
  'content-type' => 'application/json; charset=utf-8',
  'user-agent' => 'Mozilla/5.0 (Linux; U; Android 8.1.0; zh-cn; OE106 Build/OPM1.171019.026) AppleWebKit/534.30 (KHTML, like Gecko) Version/4.0 Mobile Safari/534.30',
  'content-length' => '17',
  'host' => 'qingrang.top',
)
[ info ] [ PARAM ] array (
  'content' => '',
  'type' => 'json',
)
[ info ] [ RUN ] app\admin\controller\Api->synTemp[ /var/www/html/daily/application/admin/controller/Api.php ]
[ info ] [ DB ] INIT mysql
[ info ] [ CACHE ] INIT File
[ info ] [ LOG ] INIT File
[ sql ] [ DB ] CONNECT:[ UseTime:0.002486s ] mysql:host=74.120.168.12;dbname=diary;charset=utf8
[ sql ] [ SQL ] SHOW COLUMNS FROM `note` [ RunTime:0.002653s ]
[ sql ] [ SQL ] UPDATE `note`  SET `content`=''  WHERE  `id` = 2 [ RunTime:0.000578s ]
---------------------------------------------------------------
[ 2018-10-22T00:34:08+08:00 ] 74.120.168.12 117.136.65.175 POST /daily/admin/api/synDaily?lst=%7B%22anchor%22%3A%221539188454%22%2C%22content%22%3A%22%2523+%E8%A6%81%E9%87%8D%E5%A4%B4%E5%86%8D%E6%9D%A5%E5%90%97%EF%BC%9F%5Cn%E8%BF%99%E4%B9%88%E9%95%BF%E6%97%B6%E9%97%B4%E4%BB%A5%E6%9D%A5%EF%BC%8C%E5%B0%BD%E7%AE%A1%E5%8D%B7%E9%9D%A2%E6%88%90%E7%BB%A9%E8%BF%98%E8%BF%87%E5%BE%97%E5%8E%BB%EF%BC%8C%E8%80%81%E5%B8%88%E5%AF%B9%E6%88%91%E7%9A%84%E8%AF%84%E4%BB%B7%E4%B9%9F%E7%AE%97%E4%B8%8D%E9%94%99%EF%BC%8C%E5%90%8C%E5%AD%A6%E4%B9%9F%E8%A7%89%E5%BE%97%E6%88%91%E6%98%AF%E5%A4%A7%E7%A5%9E%EF%BC%8C%E4%B9%9F%E7%AE%97%E6%98%AF%E5%81%9A%E4%BA%86%E5%87%A0%E4%B8%AA%E9%A1%B9%E7%9B%AE%E3%80%82%E4%BD%86%E5%8F%AA%E6%9C%89%E8%87%AA%E5%B7%B1%E6%89%8D%E7%9F%A5%E9%81%93%E6%88%91%E5%88%B0%E5%BA%95%E6%9C%89%E5%A4%9A%E6%B0%B4%EF%BC%8C%E6%84%9F%E8%A7%89%E5%A4%A7%E5%A4%9A%E6%95%B0%E6%97%B6%E5%80%99%E9%83%BD%E6%98%AF%E5%9C%A8%E7%99%BE%E5%BA%A6%EF%BC%8C%E5%9C%A8%E5%A4%8D%E5%88%B6%E7%B2%98%E8%B4%B4%EF%BC%8C%E8%8B%A5%E8%A6%81%E8%87%AA%E5%B7%B1%E7%9C%9F%E7%9C%9F%E5%88%87%E5%88%87%E7%9A%84%E6%89%8B%E5%86%99%E4%BB%A3%E7%A0%81%EF%BC%8C%E4%BC%B0%E8%AE%A1%E5%BE%88%E9%9A%BE%E3%80%82%5Cn%5Cn%E7%A9%B6%E5%85%B6%E5%8E%9F%E5%9B%A0%EF%BC%8C%E8%87%AA%E5%B7%B1%E7%9A%84%E5%9F%BA%E6%9C%AC%E5%8A%9F%E5%A4%AA%E4%B8%8D%E6%89%8E%E5%AE%9E%E4%BA%86%EF%BC%8C%E5%9C%B0%E5%9F%BA%E4%B8%8D%E7%A8%B3%EF%BC%8C%E5%B0%BD%E7%AE%A1%E6%A5%BC%E5%BB%BA%E7%9A%84%E8%B5%B7%E6%9D%A5%EF%BC%8C%E4%BD%86%E4%B8%80%E7%A2%B0%E5%B0%B1%E5%80%92%E3%80%82%5Cn%5Cn%E6%88%91%E6%9C%89%E6%83%B3%E8%BF%87%E9%87%8D%E5%A4%B4%E5%86%8D%E6%9D%A5%EF%BC%8C%E4%BD%86%E4%B8%80%E7%9C%8B%EF%BC%8C%E5%8F%88%E6%9C%89%E5%BE%88%E5%A4%9A%E9%83%BD%E6%98%AF%E5%B7%B2%E7%BB%8F%E4%BC%9A%E7%9A%84%E4%BA%86%EF%BC%8C%E8%8B%A5%E5%86%8D%E5%AD%A6%E4%B8%80%E9%81%8D%E5%B0%B1%E5%BE%88%E6%B5%AA%E8%B4%B9%E6%97%B6%E9%97%B4%EF%BC%8C%E6%84%9F%E8%A7%89%E5%BE%88%E8%A0%A2%E3%80%82%5Cn%5Cn%E5%94%89......%E4%B8%80%E7%9C%8B%E6%87%82%E5%AE%8C%E4%BA%86%EF%BC%8C%E4%B8%80%E5%81%9A%E4%B8%A4%E7%9C%BC%E4%B8%80%E6%8A%B9%E9%BB%91%E3%80%82%5Cn%5Cn%E7%AE%97%E4%BA%86%EF%BC%8C%E8%A0%A2%E5%B0%B1%E8%A0%A2%E5%90%A7%EF%BC%8C%E5%8B%A4%E8%83%BD%E8%A1%A5%E6%8B%99%EF%BC%8C%E5%B0%B1%E7%AE%97%E9%87%8D%E5%A4%B4%E5%86%8D%E6%9D%A5%E5%8F%88%E6%9C%89%E5%95%A5%E5%AD%90%E6%80%95%E7%9A%84%EF%BC%8C%E6%80%BB%E6%AF%94%E7%AC%AC%E4%B8%80%E6%AC%A1%E5%AD%A6%E7%9A%84%E6%97%B6%E5%80%99%E8%A6%81%E5%A5%BD%E7%9A%84%E5%A4%9A%E5%90%A7%EF%BC%8C%E6%AD%A3%E5%A5%BD%E8%BF%99%E6%AC%A1%E6%9C%BA%E4%BC%9A%E5%A5%BD%E5%A5%BD%E5%A4%AF%E5%AE%9E%E4%B8%8B%E8%87%AA%E5%B7%B1%E7%9A%84%E5%9C%B0%E5%9F%BA%E3%80%82%5Cn%5Cn%E5%86%8D%E8%AF%B4%E4%BA%86%EF%BC%8C%E8%8A%B1%E4%BA%86%E9%82%A3%E4%B9%88%E5%A4%9A%E9%92%B1%E5%91%A2%EF%BC%8C%E7%9F%A5%E8%AF%86%E4%BB%98%E8%B4%B9%EF%BC%8C%E5%AD%A6%E7%9A%84%E8%82%9A%E5%AD%90%E9%87%8C%E7%9A%84%E6%89%8D%E6%98%AF%E7%9F%A5%E8%AF%86%EF%BC%8C%E8%A6%81%E6%8A%8A%E8%BF%99%E4%B8%AA%E9%92%B1%E6%8C%A3%E5%9B%9E%E6%9D%A5%E6%89%8D%E8%A1%8C%EF%BC%81%EF%BC%81%EF%BC%81%5Cn%5Cn%E8%AF%95%E4%B8%80%E8%AF%95%EF%BC%8C%E5%B0%B1%E7%AE%97%E9%87%8D%E5%A4%B4%E5%86%8D%E6%9D%A5%E5%8F%88%E8%A6%81%E5%A4%9A%E4%B9%85%EF%BC%9F%E5%8F%88%E8%83%BD%E5%BE%97%E5%88%B0%E5%A4%9A%E5%B0%91%EF%BC%9F%5Cn%5Cn%21%5Bsample_sc%5D%28http%3A%2F%2Fp0tymq1rr.bkt.clouddn.com%2F106_Screenshot_2018-10-11-00-20-24-385_%E6%B5%8F%E8%A7%88%E5%99%A8.png%29*%E8%A6%81%E5%A4%9A%E4%B9%85%EF%BC%9F*%22%2C%22date%22%3A%222018-10-10%22%2C%22id%22%3A106%2C%22location%22%3A%22%E9%9D%92%E8%8B%8F%E5%9D%9D%22%2C%22status%22%3A%220%22%2C%22title%22%3A%22%E8%A6%81%E9%87%8D%E5%A4%B4%E5%86%8D%E6%9D%A5%E5%90%97%EF%BC%9F%22%2C%22baseObjId%22%3A106%7D
[ info ] qingrang.top/daily/admin/api/synDaily?lst=%7B%22anchor%22%3A%221539188454%22%2C%22content%22%3A%22%2523+%E8%A6%81%E9%87%8D%E5%A4%B4%E5%86%8D%E6%9D%A5%E5%90%97%EF%BC%9F%5Cn%E8%BF%99%E4%B9%88%E9%95%BF%E6%97%B6%E9%97%B4%E4%BB%A5%E6%9D%A5%EF%BC%8C%E5%B0%BD%E7%AE%A1%E5%8D%B7%E9%9D%A2%E6%88%90%E7%BB%A9%E8%BF%98%E8%BF%87%E5%BE%97%E5%8E%BB%EF%BC%8C%E8%80%81%E5%B8%88%E5%AF%B9%E6%88%91%E7%9A%84%E8%AF%84%E4%BB%B7%E4%B9%9F%E7%AE%97%E4%B8%8D%E9%94%99%EF%BC%8C%E5%90%8C%E5%AD%A6%E4%B9%9F%E8%A7%89%E5%BE%97%E6%88%91%E6%98%AF%E5%A4%A7%E7%A5%9E%EF%BC%8C%E4%B9%9F%E7%AE%97%E6%98%AF%E5%81%9A%E4%BA%86%E5%87%A0%E4%B8%AA%E9%A1%B9%E7%9B%AE%E3%80%82%E4%BD%86%E5%8F%AA%E6%9C%89%E8%87%AA%E5%B7%B1%E6%89%8D%E7%9F%A5%E9%81%93%E6%88%91%E5%88%B0%E5%BA%95%E6%9C%89%E5%A4%9A%E6%B0%B4%EF%BC%8C%E6%84%9F%E8%A7%89%E5%A4%A7%E5%A4%9A%E6%95%B0%E6%97%B6%E5%80%99%E9%83%BD%E6%98%AF%E5%9C%A8%E7%99%BE%E5%BA%A6%EF%BC%8C%E5%9C%A8%E5%A4%8D%E5%88%B6%E7%B2%98%E8%B4%B4%EF%BC%8C%E8%8B%A5%E8%A6%81%E8%87%AA%E5%B7%B1%E7%9C%9F%E7%9C%9F%E5%88%87%E5%88%87%E7%9A%84%E6%89%8B%E5%86%99%E4%BB%A3%E7%A0%81%EF%BC%8C%E4%BC%B0%E8%AE%A1%E5%BE%88%E9%9A%BE%E3%80%82%5Cn%5Cn%E7%A9%B6%E5%85%B6%E5%8E%9F%E5%9B%A0%EF%BC%8C%E8%87%AA%E5%B7%B1%E7%9A%84%E5%9F%BA%E6%9C%AC%E5%8A%9F%E5%A4%AA%E4%B8%8D%E6%89%8E%E5%AE%9E%E4%BA%86%EF%BC%8C%E5%9C%B0%E5%9F%BA%E4%B8%8D%E7%A8%B3%EF%BC%8C%E5%B0%BD%E7%AE%A1%E6%A5%BC%E5%BB%BA%E7%9A%84%E8%B5%B7%E6%9D%A5%EF%BC%8C%E4%BD%86%E4%B8%80%E7%A2%B0%E5%B0%B1%E5%80%92%E3%80%82%5Cn%5Cn%E6%88%91%E6%9C%89%E6%83%B3%E8%BF%87%E9%87%8D%E5%A4%B4%E5%86%8D%E6%9D%A5%EF%BC%8C%E4%BD%86%E4%B8%80%E7%9C%8B%EF%BC%8C%E5%8F%88%E6%9C%89%E5%BE%88%E5%A4%9A%E9%83%BD%E6%98%AF%E5%B7%B2%E7%BB%8F%E4%BC%9A%E7%9A%84%E4%BA%86%EF%BC%8C%E8%8B%A5%E5%86%8D%E5%AD%A6%E4%B8%80%E9%81%8D%E5%B0%B1%E5%BE%88%E6%B5%AA%E8%B4%B9%E6%97%B6%E9%97%B4%EF%BC%8C%E6%84%9F%E8%A7%89%E5%BE%88%E8%A0%A2%E3%80%82%5Cn%5Cn%E5%94%89......%E4%B8%80%E7%9C%8B%E6%87%82%E5%AE%8C%E4%BA%86%EF%BC%8C%E4%B8%80%E5%81%9A%E4%B8%A4%E7%9C%BC%E4%B8%80%E6%8A%B9%E9%BB%91%E3%80%82%5Cn%5Cn%E7%AE%97%E4%BA%86%EF%BC%8C%E8%A0%A2%E5%B0%B1%E8%A0%A2%E5%90%A7%EF%BC%8C%E5%8B%A4%E8%83%BD%E8%A1%A5%E6%8B%99%EF%BC%8C%E5%B0%B1%E7%AE%97%E9%87%8D%E5%A4%B4%E5%86%8D%E6%9D%A5%E5%8F%88%E6%9C%89%E5%95%A5%E5%AD%90%E6%80%95%E7%9A%84%EF%BC%8C%E6%80%BB%E6%AF%94%E7%AC%AC%E4%B8%80%E6%AC%A1%E5%AD%A6%E7%9A%84%E6%97%B6%E5%80%99%E8%A6%81%E5%A5%BD%E7%9A%84%E5%A4%9A%E5%90%A7%EF%BC%8C%E6%AD%A3%E5%A5%BD%E8%BF%99%E6%AC%A1%E6%9C%BA%E4%BC%9A%E5%A5%BD%E5%A5%BD%E5%A4%AF%E5%AE%9E%E4%B8%8B%E8%87%AA%E5%B7%B1%E7%9A%84%E5%9C%B0%E5%9F%BA%E3%80%82%5Cn%5Cn%E5%86%8D%E8%AF%B4%E4%BA%86%EF%BC%8C%E8%8A%B1%E4%BA%86%E9%82%A3%E4%B9%88%E5%A4%9A%E9%92%B1%E5%91%A2%EF%BC%8C%E7%9F%A5%E8%AF%86%E4%BB%98%E8%B4%B9%EF%BC%8C%E5%AD%A6%E7%9A%84%E8%82%9A%E5%AD%90%E9%87%8C%E7%9A%84%E6%89%8D%E6%98%AF%E7%9F%A5%E8%AF%86%EF%BC%8C%E8%A6%81%E6%8A%8A%E8%BF%99%E4%B8%AA%E9%92%B1%E6%8C%A3%E5%9B%9E%E6%9D%A5%E6%89%8D%E8%A1%8C%EF%BC%81%EF%BC%81%EF%BC%81%5Cn%5Cn%E8%AF%95%E4%B8%80%E8%AF%95%EF%BC%8C%E5%B0%B1%E7%AE%97%E9%87%8D%E5%A4%B4%E5%86%8D%E6%9D%A5%E5%8F%88%E8%A6%81%E5%A4%9A%E4%B9%85%EF%BC%9F%E5%8F%88%E8%83%BD%E5%BE%97%E5%88%B0%E5%A4%9A%E5%B0%91%EF%BC%9F%5Cn%5Cn%21%5Bsample_sc%5D%28http%3A%2F%2Fp0tymq1rr.bkt.clouddn.com%2F106_Screenshot_2018-10-11-00-20-24-385_%E6%B5%8F%E8%A7%88%E5%99%A8.png%29*%E8%A6%81%E5%A4%9A%E4%B9%85%EF%BC%9F*%22%2C%22date%22%3A%222018-10-10%22%2C%22id%22%3A106%2C%22location%22%3A%22%E9%9D%92%E8%8B%8F%E5%9D%9D%22%2C%22status%22%3A%220%22%2C%22title%22%3A%22%E8%A6%81%E9%87%8D%E5%A4%B4%E5%86%8D%E6%9D%A5%E5%90%97%EF%BC%9F%22%2C%22baseObjId%22%3A106%7D [运行时间：0.039556s][吞吐率：25.28req/s] [内存消耗：1,378.49kb] [文件加载：49]
[ info ] [ LANG ] /var/www/html/daily/thinkphp/lang/zh-cn.php
[ info ] [ ROUTE ] array (
  'type' => 'module',
  'module' => 
  array (
    0 => 'admin',
    1 => 'api',
    2 => 'synDaily',
  ),
)
[ info ] [ HEADER ] array (
  'accept' => 'application/json,application/xml,application/xhtml+xml,text/html;q=0.9,image/webp,*/*;q=0.8',
  'accept-encoding' => 'gzip, deflate',
  'accept-language' => 'zh-CN,zh',
  'connection' => 'keep-alive',
  'content-type' => 'application/json; charset=utf-8',
  'user-agent' => 'Mozilla/5.0 (Linux; U; Android 8.1.0; zh-cn; OE106 Build/OPM1.171019.026) AppleWebKit/534.30 (KHTML, like Gecko) Version/4.0 Mobile Safari/534.30',
  'content-length' => '17',
  'host' => 'qingrang.top',
)
[ info ] [ PARAM ] array (
  'lst' => '{"anchor":"1539188454","content":"%23 要重头再来吗？\\n这么长时间以来，尽管卷面成绩还过得去，老师对我的评价也算不错，同学也觉得我是大神，也算是做了几个项目。但只有自己才知道我到底有多水，感觉大多数时候都是在百度，在复制粘贴，若要自己真真切切的手写代码，估计很难。\\n\\n究其原因，自己的基本功太不扎实了，地基不稳，尽管楼建的起来，但一碰就倒。\\n\\n我有想过重头再来，但一看，又有很多都是已经会的了，若再学一遍就很浪费时间，感觉很蠢。\\n\\n唉......一看懂完了，一做两眼一抹黑。\\n\\n算了，蠢就蠢吧，勤能补拙，就算重头再来又有啥子怕的，总比第一次学的时候要好的多吧，正好这次机会好好夯实下自己的地基。\\n\\n再说了，花了那么多钱呢，知识付费，学的肚子里的才是知识，要把这个钱挣回来才行！！！\\n\\n试一试，就算重头再来又要多久？又能得到多少？\\n\\n![sample_sc](http://p0tymq1rr.bkt.clouddn.com/106_Screenshot_2018-10-11-00-20-24-385_浏览器.png)*要多久？*","date":"2018-10-10","id":106,"location":"青苏坝","status":"0","title":"要重头再来吗？","baseObjId":106}',
  'type' => 'json',
)
[ info ] [ RUN ] app\admin\controller\Api->synDaily[ /var/www/html/daily/application/admin/controller/Api.php ]
[ info ] [ LOG ] INIT File
[ error ] [8]Undefined property: stdClass::$time[/var/www/html/daily/application/admin/controller/Api.php:125]
---------------------------------------------------------------
[ 2018-10-22T00:34:18+08:00 ] 74.120.168.12 117.136.65.175 POST /daily/admin/api/synTemp?content=
[ info ] qingrang.top/daily/admin/api/synTemp?content= [运行时间：0.082265s][吞吐率：12.16req/s] [内存消耗：1,982.73kb] [文件加载：55]
[ info ] [ LANG ] /var/www/html/daily/thinkphp/lang/zh-cn.php
[ info ] [ ROUTE ] array (
  'type' => 'module',
  'module' => 
  array (
    0 => 'admin',
    1 => 'api',
    2 => 'synTemp',
  ),
)
[ info ] [ HEADER ] array (
  'accept' => 'application/json,application/xml,application/xhtml+xml,text/html;q=0.9,image/webp,*/*;q=0.8',
  'accept-encoding' => 'gzip, deflate',
  'accept-language' => 'zh-CN,zh',
  'connection' => 'keep-alive',
  'content-type' => 'application/json; charset=utf-8',
  'user-agent' => 'Mozilla/5.0 (Linux; U; Android 8.1.0; zh-cn; OE106 Build/OPM1.171019.026) AppleWebKit/534.30 (KHTML, like Gecko) Version/4.0 Mobile Safari/534.30',
  'content-length' => '17',
  'host' => 'qingrang.top',
)
[ info ] [ PARAM ] array (
  'content' => '',
  'type' => 'json',
)
[ info ] [ RUN ] app\admin\controller\Api->synTemp[ /var/www/html/daily/application/admin/controller/Api.php ]
[ info ] [ DB ] INIT mysql
[ info ] [ CACHE ] INIT File
[ info ] [ LOG ] INIT File
[ sql ] [ DB ] CONNECT:[ UseTime:0.000741s ] mysql:host=74.120.168.12;dbname=diary;charset=utf8
[ sql ] [ SQL ] SHOW COLUMNS FROM `note` [ RunTime:0.003067s ]
[ sql ] [ SQL ] UPDATE `note`  SET `content`=''  WHERE  `id` = 2 [ RunTime:0.000485s ]
---------------------------------------------------------------
[ 2018-10-22T00:34:18+08:00 ] 74.120.168.12 117.136.65.175 POST /daily/admin/api/synDaily?lst=%7B%22anchor%22%3A%221540139945%22%2C%22content%22%3A%22%2523+%E5%93%88%E5%93%88%E5%93%88%EF%BC%8C%E5%AE%9D%E8%97%8F%E5%A5%B3%E5%AD%A9%5Cn%E5%93%88%E5%93%88%E5%93%88%EF%BC%8C%E5%8E%9F%E6%9D%A5%E4%B8%96%E7%95%8C%E5%A6%82%E6%AD%A4%E4%B9%8B%E5%B0%8F%EF%BC%8C%E8%B0%81%E8%83%BD%E6%83%B3%E5%88%B0%E5%A5%B9+vip+%E7%8F%AD%E4%B8%8A%E7%9A%84%E5%90%8C%E5%AD%A6%E5%92%8C%E5%AF%9D%E5%AE%A4%E7%9A%84%E5%90%8C%E5%AD%A6%E9%83%BD%E8%AE%A4%E8%AF%86%EF%BC%8C%E5%A4%A7%E5%AE%B6%E7%9F%A5%E6%A0%B9%E7%9F%A5%E5%BA%95%E5%A5%B9%E8%BF%98%E5%BD%93%E9%9D%A2%E8%AF%B4%E7%9E%8E%E8%AF%9D%E3%80%82%E4%BB%8A%E5%A4%A9%E5%AF%9D%E5%AE%A4+4+%E4%B8%AA%E4%BA%BA%E5%8F%AF%E6%98%AF%E6%8A%8A%E8%82%96%E4%B9%89%E5%A8%9F%E7%BF%BB%E4%BA%86%E4%B8%AA%E5%BA%95%E6%9C%9D%E5%A4%A9%EF%BC%8C%E6%9E%9C%E7%84%B6%E6%98%AF%E5%AE%9D%E8%97%8F%E5%A5%B3%E5%AD%A9%E3%80%82%E6%BB%A1%E5%8F%A3%E8%83%A1%E8%AF%9D%EF%BC%8C%E4%B8%80%E4%B8%AA%E4%BA%BA%E4%B8%80%E4%B8%AA%E8%AF%B4%E8%BE%9E%EF%BC%8C%E8%87%AA%E4%BB%A5%E4%B8%BA%E6%8A%8A%E6%89%80%E6%9C%89%E4%BA%BA%E9%83%BD%E9%AA%97%E4%BA%86%EF%BC%8C%E7%BB%93%E6%9E%9C%EF%BC%8C%E5%93%88%E5%93%88%E5%93%88%EF%BC%8C%E7%BF%BB%E8%BD%A6%E4%BA%86%E5%90%A7%E3%80%82%22%2C%22date%22%3A%222018-10-21%22%2C%22id%22%3A107%2C%22location%22%3A%22%E9%AB%98%E5%B3%B0%E6%9D%91%22%2C%22status%22%3A%220%22%2C%22title%22%3A%22%E5%93%88%E5%93%88%E5%93%88%EF%BC%8C%E5%AE%9D%E8%97%8F%E5%A5%B3%E5%AD%A9%22%2C%22baseObjId%22%3A107%7D
[ info ] qingrang.top/daily/admin/api/synDaily?lst=%7B%22anchor%22%3A%221540139945%22%2C%22content%22%3A%22%2523+%E5%93%88%E5%93%88%E5%93%88%EF%BC%8C%E5%AE%9D%E8%97%8F%E5%A5%B3%E5%AD%A9%5Cn%E5%93%88%E5%93%88%E5%93%88%EF%BC%8C%E5%8E%9F%E6%9D%A5%E4%B8%96%E7%95%8C%E5%A6%82%E6%AD%A4%E4%B9%8B%E5%B0%8F%EF%BC%8C%E8%B0%81%E8%83%BD%E6%83%B3%E5%88%B0%E5%A5%B9+vip+%E7%8F%AD%E4%B8%8A%E7%9A%84%E5%90%8C%E5%AD%A6%E5%92%8C%E5%AF%9D%E5%AE%A4%E7%9A%84%E5%90%8C%E5%AD%A6%E9%83%BD%E8%AE%A4%E8%AF%86%EF%BC%8C%E5%A4%A7%E5%AE%B6%E7%9F%A5%E6%A0%B9%E7%9F%A5%E5%BA%95%E5%A5%B9%E8%BF%98%E5%BD%93%E9%9D%A2%E8%AF%B4%E7%9E%8E%E8%AF%9D%E3%80%82%E4%BB%8A%E5%A4%A9%E5%AF%9D%E5%AE%A4+4+%E4%B8%AA%E4%BA%BA%E5%8F%AF%E6%98%AF%E6%8A%8A%E8%82%96%E4%B9%89%E5%A8%9F%E7%BF%BB%E4%BA%86%E4%B8%AA%E5%BA%95%E6%9C%9D%E5%A4%A9%EF%BC%8C%E6%9E%9C%E7%84%B6%E6%98%AF%E5%AE%9D%E8%97%8F%E5%A5%B3%E5%AD%A9%E3%80%82%E6%BB%A1%E5%8F%A3%E8%83%A1%E8%AF%9D%EF%BC%8C%E4%B8%80%E4%B8%AA%E4%BA%BA%E4%B8%80%E4%B8%AA%E8%AF%B4%E8%BE%9E%EF%BC%8C%E8%87%AA%E4%BB%A5%E4%B8%BA%E6%8A%8A%E6%89%80%E6%9C%89%E4%BA%BA%E9%83%BD%E9%AA%97%E4%BA%86%EF%BC%8C%E7%BB%93%E6%9E%9C%EF%BC%8C%E5%93%88%E5%93%88%E5%93%88%EF%BC%8C%E7%BF%BB%E8%BD%A6%E4%BA%86%E5%90%A7%E3%80%82%22%2C%22date%22%3A%222018-10-21%22%2C%22id%22%3A107%2C%22location%22%3A%22%E9%AB%98%E5%B3%B0%E6%9D%91%22%2C%22status%22%3A%220%22%2C%22title%22%3A%22%E5%93%88%E5%93%88%E5%93%88%EF%BC%8C%E5%AE%9D%E8%97%8F%E5%A5%B3%E5%AD%A9%22%2C%22baseObjId%22%3A107%7D [运行时间：0.067928s][吞吐率：14.72req/s] [内存消耗：1,374.22kb] [文件加载：49]
[ info ] [ LANG ] /var/www/html/daily/thinkphp/lang/zh-cn.php
[ info ] [ ROUTE ] array (
  'type' => 'module',
  'module' => 
  array (
    0 => 'admin',
    1 => 'api',
    2 => 'synDaily',
  ),
)
[ info ] [ HEADER ] array (
  'accept' => 'application/json,application/xml,application/xhtml+xml,text/html;q=0.9,image/webp,*/*;q=0.8',
  'accept-encoding' => 'gzip, deflate',
  'accept-language' => 'zh-CN,zh',
  'connection' => 'keep-alive',
  'content-type' => 'application/json; charset=utf-8',
  'user-agent' => 'Mozilla/5.0 (Linux; U; Android 8.1.0; zh-cn; OE106 Build/OPM1.171019.026) AppleWebKit/534.30 (KHTML, like Gecko) Version/4.0 Mobile Safari/534.30',
  'content-length' => '17',
  'host' => 'qingrang.top',
)
[ info ] [ PARAM ] array (
  'lst' => '{"anchor":"1540139945","content":"%23 哈哈哈，宝藏女孩\\n哈哈哈，原来世界如此之小，谁能想到她 vip 班上的同学和寝室的同学都认识，大家知根知底她还当面说瞎话。今天寝室 4 个人可是把肖义娟翻了个底朝天，果然是宝藏女孩。满口胡话，一个人一个说辞，自以为把所有人都骗了，结果，哈哈哈，翻车了吧。","date":"2018-10-21","id":107,"location":"高峰村","status":"0","title":"哈哈哈，宝藏女孩","baseObjId":107}',
  'type' => 'json',
)
[ info ] [ RUN ] app\admin\controller\Api->synDaily[ /var/www/html/daily/application/admin/controller/Api.php ]
[ info ] [ LOG ] INIT File
[ error ] [8]Undefined property: stdClass::$time[/var/www/html/daily/application/admin/controller/Api.php:125]
---------------------------------------------------------------
[ 2018-10-22T00:34:19+08:00 ] 74.120.168.12 117.136.65.175 POST /daily/admin/api/synDaily?lst=%7B%22anchor%22%3A%221539188454%22%2C%22content%22%3A%22%2523+%E8%A6%81%E9%87%8D%E5%A4%B4%E5%86%8D%E6%9D%A5%E5%90%97%EF%BC%9F%5Cn%E8%BF%99%E4%B9%88%E9%95%BF%E6%97%B6%E9%97%B4%E4%BB%A5%E6%9D%A5%EF%BC%8C%E5%B0%BD%E7%AE%A1%E5%8D%B7%E9%9D%A2%E6%88%90%E7%BB%A9%E8%BF%98%E8%BF%87%E5%BE%97%E5%8E%BB%EF%BC%8C%E8%80%81%E5%B8%88%E5%AF%B9%E6%88%91%E7%9A%84%E8%AF%84%E4%BB%B7%E4%B9%9F%E7%AE%97%E4%B8%8D%E9%94%99%EF%BC%8C%E5%90%8C%E5%AD%A6%E4%B9%9F%E8%A7%89%E5%BE%97%E6%88%91%E6%98%AF%E5%A4%A7%E7%A5%9E%EF%BC%8C%E4%B9%9F%E7%AE%97%E6%98%AF%E5%81%9A%E4%BA%86%E5%87%A0%E4%B8%AA%E9%A1%B9%E7%9B%AE%E3%80%82%E4%BD%86%E5%8F%AA%E6%9C%89%E8%87%AA%E5%B7%B1%E6%89%8D%E7%9F%A5%E9%81%93%E6%88%91%E5%88%B0%E5%BA%95%E6%9C%89%E5%A4%9A%E6%B0%B4%EF%BC%8C%E6%84%9F%E8%A7%89%E5%A4%A7%E5%A4%9A%E6%95%B0%E6%97%B6%E5%80%99%E9%83%BD%E6%98%AF%E5%9C%A8%E7%99%BE%E5%BA%A6%EF%BC%8C%E5%9C%A8%E5%A4%8D%E5%88%B6%E7%B2%98%E8%B4%B4%EF%BC%8C%E8%8B%A5%E8%A6%81%E8%87%AA%E5%B7%B1%E7%9C%9F%E7%9C%9F%E5%88%87%E5%88%87%E7%9A%84%E6%89%8B%E5%86%99%E4%BB%A3%E7%A0%81%EF%BC%8C%E4%BC%B0%E8%AE%A1%E5%BE%88%E9%9A%BE%E3%80%82%5Cn%5Cn%E7%A9%B6%E5%85%B6%E5%8E%9F%E5%9B%A0%EF%BC%8C%E8%87%AA%E5%B7%B1%E7%9A%84%E5%9F%BA%E6%9C%AC%E5%8A%9F%E5%A4%AA%E4%B8%8D%E6%89%8E%E5%AE%9E%E4%BA%86%EF%BC%8C%E5%9C%B0%E5%9F%BA%E4%B8%8D%E7%A8%B3%EF%BC%8C%E5%B0%BD%E7%AE%A1%E6%A5%BC%E5%BB%BA%E7%9A%84%E8%B5%B7%E6%9D%A5%EF%BC%8C%E4%BD%86%E4%B8%80%E7%A2%B0%E5%B0%B1%E5%80%92%E3%80%82%5Cn%5Cn%E6%88%91%E6%9C%89%E6%83%B3%E8%BF%87%E9%87%8D%E5%A4%B4%E5%86%8D%E6%9D%A5%EF%BC%8C%E4%BD%86%E4%B8%80%E7%9C%8B%EF%BC%8C%E5%8F%88%E6%9C%89%E5%BE%88%E5%A4%9A%E9%83%BD%E6%98%AF%E5%B7%B2%E7%BB%8F%E4%BC%9A%E7%9A%84%E4%BA%86%EF%BC%8C%E8%8B%A5%E5%86%8D%E5%AD%A6%E4%B8%80%E9%81%8D%E5%B0%B1%E5%BE%88%E6%B5%AA%E8%B4%B9%E6%97%B6%E9%97%B4%EF%BC%8C%E6%84%9F%E8%A7%89%E5%BE%88%E8%A0%A2%E3%80%82%5Cn%5Cn%E5%94%89......%E4%B8%80%E7%9C%8B%E6%87%82%E5%AE%8C%E4%BA%86%EF%BC%8C%E4%B8%80%E5%81%9A%E4%B8%A4%E7%9C%BC%E4%B8%80%E6%8A%B9%E9%BB%91%E3%80%82%5Cn%5Cn%E7%AE%97%E4%BA%86%EF%BC%8C%E8%A0%A2%E5%B0%B1%E8%A0%A2%E5%90%A7%EF%BC%8C%E5%8B%A4%E8%83%BD%E8%A1%A5%E6%8B%99%EF%BC%8C%E5%B0%B1%E7%AE%97%E9%87%8D%E5%A4%B4%E5%86%8D%E6%9D%A5%E5%8F%88%E6%9C%89%E5%95%A5%E5%AD%90%E6%80%95%E7%9A%84%EF%BC%8C%E6%80%BB%E6%AF%94%E7%AC%AC%E4%B8%80%E6%AC%A1%E5%AD%A6%E7%9A%84%E6%97%B6%E5%80%99%E8%A6%81%E5%A5%BD%E7%9A%84%E5%A4%9A%E5%90%A7%EF%BC%8C%E6%AD%A3%E5%A5%BD%E8%BF%99%E6%AC%A1%E6%9C%BA%E4%BC%9A%E5%A5%BD%E5%A5%BD%E5%A4%AF%E5%AE%9E%E4%B8%8B%E8%87%AA%E5%B7%B1%E7%9A%84%E5%9C%B0%E5%9F%BA%E3%80%82%5Cn%5Cn%E5%86%8D%E8%AF%B4%E4%BA%86%EF%BC%8C%E8%8A%B1%E4%BA%86%E9%82%A3%E4%B9%88%E5%A4%9A%E9%92%B1%E5%91%A2%EF%BC%8C%E7%9F%A5%E8%AF%86%E4%BB%98%E8%B4%B9%EF%BC%8C%E5%AD%A6%E7%9A%84%E8%82%9A%E5%AD%90%E9%87%8C%E7%9A%84%E6%89%8D%E6%98%AF%E7%9F%A5%E8%AF%86%EF%BC%8C%E8%A6%81%E6%8A%8A%E8%BF%99%E4%B8%AA%E9%92%B1%E6%8C%A3%E5%9B%9E%E6%9D%A5%E6%89%8D%E8%A1%8C%EF%BC%81%EF%BC%81%EF%BC%81%5Cn%5Cn%E8%AF%95%E4%B8%80%E8%AF%95%EF%BC%8C%E5%B0%B1%E7%AE%97%E9%87%8D%E5%A4%B4%E5%86%8D%E6%9D%A5%E5%8F%88%E8%A6%81%E5%A4%9A%E4%B9%85%EF%BC%9F%E5%8F%88%E8%83%BD%E5%BE%97%E5%88%B0%E5%A4%9A%E5%B0%91%EF%BC%9F%5Cn%5Cn%21%5Bsample_sc%5D%28http%3A%2F%2Fp0tymq1rr.bkt.clouddn.com%2F106_Screenshot_2018-10-11-00-20-24-385_%E6%B5%8F%E8%A7%88%E5%99%A8.png%29*%E8%A6%81%E5%A4%9A%E4%B9%85%EF%BC%9F*%22%2C%22date%22%3A%222018-10-10%22%2C%22id%22%3A106%2C%22location%22%3A%22%E9%9D%92%E8%8B%8F%E5%9D%9D%22%2C%22status%22%3A%220%22%2C%22title%22%3A%22%E8%A6%81%E9%87%8D%E5%A4%B4%E5%86%8D%E6%9D%A5%E5%90%97%EF%BC%9F%22%2C%22baseObjId%22%3A106%7D
[ info ] qingrang.top/daily/admin/api/synDaily?lst=%7B%22anchor%22%3A%221539188454%22%2C%22content%22%3A%22%2523+%E8%A6%81%E9%87%8D%E5%A4%B4%E5%86%8D%E6%9D%A5%E5%90%97%EF%BC%9F%5Cn%E8%BF%99%E4%B9%88%E9%95%BF%E6%97%B6%E9%97%B4%E4%BB%A5%E6%9D%A5%EF%BC%8C%E5%B0%BD%E7%AE%A1%E5%8D%B7%E9%9D%A2%E6%88%90%E7%BB%A9%E8%BF%98%E8%BF%87%E5%BE%97%E5%8E%BB%EF%BC%8C%E8%80%81%E5%B8%88%E5%AF%B9%E6%88%91%E7%9A%84%E8%AF%84%E4%BB%B7%E4%B9%9F%E7%AE%97%E4%B8%8D%E9%94%99%EF%BC%8C%E5%90%8C%E5%AD%A6%E4%B9%9F%E8%A7%89%E5%BE%97%E6%88%91%E6%98%AF%E5%A4%A7%E7%A5%9E%EF%BC%8C%E4%B9%9F%E7%AE%97%E6%98%AF%E5%81%9A%E4%BA%86%E5%87%A0%E4%B8%AA%E9%A1%B9%E7%9B%AE%E3%80%82%E4%BD%86%E5%8F%AA%E6%9C%89%E8%87%AA%E5%B7%B1%E6%89%8D%E7%9F%A5%E9%81%93%E6%88%91%E5%88%B0%E5%BA%95%E6%9C%89%E5%A4%9A%E6%B0%B4%EF%BC%8C%E6%84%9F%E8%A7%89%E5%A4%A7%E5%A4%9A%E6%95%B0%E6%97%B6%E5%80%99%E9%83%BD%E6%98%AF%E5%9C%A8%E7%99%BE%E5%BA%A6%EF%BC%8C%E5%9C%A8%E5%A4%8D%E5%88%B6%E7%B2%98%E8%B4%B4%EF%BC%8C%E8%8B%A5%E8%A6%81%E8%87%AA%E5%B7%B1%E7%9C%9F%E7%9C%9F%E5%88%87%E5%88%87%E7%9A%84%E6%89%8B%E5%86%99%E4%BB%A3%E7%A0%81%EF%BC%8C%E4%BC%B0%E8%AE%A1%E5%BE%88%E9%9A%BE%E3%80%82%5Cn%5Cn%E7%A9%B6%E5%85%B6%E5%8E%9F%E5%9B%A0%EF%BC%8C%E8%87%AA%E5%B7%B1%E7%9A%84%E5%9F%BA%E6%9C%AC%E5%8A%9F%E5%A4%AA%E4%B8%8D%E6%89%8E%E5%AE%9E%E4%BA%86%EF%BC%8C%E5%9C%B0%E5%9F%BA%E4%B8%8D%E7%A8%B3%EF%BC%8C%E5%B0%BD%E7%AE%A1%E6%A5%BC%E5%BB%BA%E7%9A%84%E8%B5%B7%E6%9D%A5%EF%BC%8C%E4%BD%86%E4%B8%80%E7%A2%B0%E5%B0%B1%E5%80%92%E3%80%82%5Cn%5Cn%E6%88%91%E6%9C%89%E6%83%B3%E8%BF%87%E9%87%8D%E5%A4%B4%E5%86%8D%E6%9D%A5%EF%BC%8C%E4%BD%86%E4%B8%80%E7%9C%8B%EF%BC%8C%E5%8F%88%E6%9C%89%E5%BE%88%E5%A4%9A%E9%83%BD%E6%98%AF%E5%B7%B2%E7%BB%8F%E4%BC%9A%E7%9A%84%E4%BA%86%EF%BC%8C%E8%8B%A5%E5%86%8D%E5%AD%A6%E4%B8%80%E9%81%8D%E5%B0%B1%E5%BE%88%E6%B5%AA%E8%B4%B9%E6%97%B6%E9%97%B4%EF%BC%8C%E6%84%9F%E8%A7%89%E5%BE%88%E8%A0%A2%E3%80%82%5Cn%5Cn%E5%94%89......%E4%B8%80%E7%9C%8B%E6%87%82%E5%AE%8C%E4%BA%86%EF%BC%8C%E4%B8%80%E5%81%9A%E4%B8%A4%E7%9C%BC%E4%B8%80%E6%8A%B9%E9%BB%91%E3%80%82%5Cn%5Cn%E7%AE%97%E4%BA%86%EF%BC%8C%E8%A0%A2%E5%B0%B1%E8%A0%A2%E5%90%A7%EF%BC%8C%E5%8B%A4%E8%83%BD%E8%A1%A5%E6%8B%99%EF%BC%8C%E5%B0%B1%E7%AE%97%E9%87%8D%E5%A4%B4%E5%86%8D%E6%9D%A5%E5%8F%88%E6%9C%89%E5%95%A5%E5%AD%90%E6%80%95%E7%9A%84%EF%BC%8C%E6%80%BB%E6%AF%94%E7%AC%AC%E4%B8%80%E6%AC%A1%E5%AD%A6%E7%9A%84%E6%97%B6%E5%80%99%E8%A6%81%E5%A5%BD%E7%9A%84%E5%A4%9A%E5%90%A7%EF%BC%8C%E6%AD%A3%E5%A5%BD%E8%BF%99%E6%AC%A1%E6%9C%BA%E4%BC%9A%E5%A5%BD%E5%A5%BD%E5%A4%AF%E5%AE%9E%E4%B8%8B%E8%87%AA%E5%B7%B1%E7%9A%84%E5%9C%B0%E5%9F%BA%E3%80%82%5Cn%5Cn%E5%86%8D%E8%AF%B4%E4%BA%86%EF%BC%8C%E8%8A%B1%E4%BA%86%E9%82%A3%E4%B9%88%E5%A4%9A%E9%92%B1%E5%91%A2%EF%BC%8C%E7%9F%A5%E8%AF%86%E4%BB%98%E8%B4%B9%EF%BC%8C%E5%AD%A6%E7%9A%84%E8%82%9A%E5%AD%90%E9%87%8C%E7%9A%84%E6%89%8D%E6%98%AF%E7%9F%A5%E8%AF%86%EF%BC%8C%E8%A6%81%E6%8A%8A%E8%BF%99%E4%B8%AA%E9%92%B1%E6%8C%A3%E5%9B%9E%E6%9D%A5%E6%89%8D%E8%A1%8C%EF%BC%81%EF%BC%81%EF%BC%81%5Cn%5Cn%E8%AF%95%E4%B8%80%E8%AF%95%EF%BC%8C%E5%B0%B1%E7%AE%97%E9%87%8D%E5%A4%B4%E5%86%8D%E6%9D%A5%E5%8F%88%E8%A6%81%E5%A4%9A%E4%B9%85%EF%BC%9F%E5%8F%88%E8%83%BD%E5%BE%97%E5%88%B0%E5%A4%9A%E5%B0%91%EF%BC%9F%5Cn%5Cn%21%5Bsample_sc%5D%28http%3A%2F%2Fp0tymq1rr.bkt.clouddn.com%2F106_Screenshot_2018-10-11-00-20-24-385_%E6%B5%8F%E8%A7%88%E5%99%A8.png%29*%E8%A6%81%E5%A4%9A%E4%B9%85%EF%BC%9F*%22%2C%22date%22%3A%222018-10-10%22%2C%22id%22%3A106%2C%22location%22%3A%22%E9%9D%92%E8%8B%8F%E5%9D%9D%22%2C%22status%22%3A%220%22%2C%22title%22%3A%22%E8%A6%81%E9%87%8D%E5%A4%B4%E5%86%8D%E6%9D%A5%E5%90%97%EF%BC%9F%22%2C%22baseObjId%22%3A106%7D [运行时间：0.042540s][吞吐率：23.51req/s] [内存消耗：1,378.49kb] [文件加载：49]
[ info ] [ LANG ] /var/www/html/daily/thinkphp/lang/zh-cn.php
[ info ] [ ROUTE ] array (
  'type' => 'module',
  'module' => 
  array (
    0 => 'admin',
    1 => 'api',
    2 => 'synDaily',
  ),
)
[ info ] [ HEADER ] array (
  'accept' => 'application/json,application/xml,application/xhtml+xml,text/html;q=0.9,image/webp,*/*;q=0.8',
  'accept-encoding' => 'gzip, deflate',
  'accept-language' => 'zh-CN,zh',
  'connection' => 'keep-alive',
  'content-type' => 'application/json; charset=utf-8',
  'user-agent' => 'Mozilla/5.0 (Linux; U; Android 8.1.0; zh-cn; OE106 Build/OPM1.171019.026) AppleWebKit/534.30 (KHTML, like Gecko) Version/4.0 Mobile Safari/534.30',
  'content-length' => '17',
  'host' => 'qingrang.top',
)
[ info ] [ PARAM ] array (
  'lst' => '{"anchor":"1539188454","content":"%23 要重头再来吗？\\n这么长时间以来，尽管卷面成绩还过得去，老师对我的评价也算不错，同学也觉得我是大神，也算是做了几个项目。但只有自己才知道我到底有多水，感觉大多数时候都是在百度，在复制粘贴，若要自己真真切切的手写代码，估计很难。\\n\\n究其原因，自己的基本功太不扎实了，地基不稳，尽管楼建的起来，但一碰就倒。\\n\\n我有想过重头再来，但一看，又有很多都是已经会的了，若再学一遍就很浪费时间，感觉很蠢。\\n\\n唉......一看懂完了，一做两眼一抹黑。\\n\\n算了，蠢就蠢吧，勤能补拙，就算重头再来又有啥子怕的，总比第一次学的时候要好的多吧，正好这次机会好好夯实下自己的地基。\\n\\n再说了，花了那么多钱呢，知识付费，学的肚子里的才是知识，要把这个钱挣回来才行！！！\\n\\n试一试，就算重头再来又要多久？又能得到多少？\\n\\n![sample_sc](http://p0tymq1rr.bkt.clouddn.com/106_Screenshot_2018-10-11-00-20-24-385_浏览器.png)*要多久？*","date":"2018-10-10","id":106,"location":"青苏坝","status":"0","title":"要重头再来吗？","baseObjId":106}',
  'type' => 'json',
)
[ info ] [ RUN ] app\admin\controller\Api->synDaily[ /var/www/html/daily/application/admin/controller/Api.php ]
[ info ] [ LOG ] INIT File
[ error ] [8]Undefined property: stdClass::$time[/var/www/html/daily/application/admin/controller/Api.php:125]
---------------------------------------------------------------
[ 2018-10-22T02:17:59+08:00 ] 74.120.168.12 180.149.130.148 GET /daily/
[ info ] qingrang.top/daily/ [运行时间：0.079965s][吞吐率：12.51req/s] [内存消耗：2,118.37kb] [文件加载：58]
[ info ] [ LANG ] /var/www/html/daily/thinkphp/lang/zh-cn.php
[ info ] [ ROUTE ] array (
  'type' => 'module',
  'module' => 
  array (
    0 => '',
    1 => NULL,
    2 => NULL,
  ),
)
[ info ] [ HEADER ] array (
  'accept' => 'text/html,application/xhtml+xml,application/xml;q=0.9,*/*;q=0.8',
  'user-agent' => 'Mozilla/5.0 (Macintosh; Intel Mac OS X 10_11_4) AppleWebKit/537.36 (KHTML, like Gecko) Chrome/49.0.2623.110 Safari/537.36',
  'connection' => 'Keep-Alive',
  'accept-encoding' => 'gzip, deflate',
  'accept-language' => 'en-US,*',
  'host' => 'qingrang.top',
)
[ info ] [ PARAM ] array (
)
[ info ] [ RUN ] app\admin\controller\Show->notelst[ /var/www/html/daily/application/admin/controller/Show.php ]
[ info ] [ DB ] INIT mysql
[ info ] [ VIEW ] /var/www/html/daily/application/admin/view/show/notelst.html [ array (
  0 => 'list_new',
  1 => 'groups',
  2 => 'groups0',
  3 => 'groups1',
  4 => 'groups2',
  5 => 'groupname',
  6 => 'content',
) ]
[ info ] [ LOG ] INIT File
[ sql ] [ DB ] CONNECT:[ UseTime:0.000680s ] mysql:host=74.120.168.12;dbname=diary;charset=utf8
[ sql ] [ SQL ] SHOW COLUMNS FROM `note` [ RunTime:0.019007s ]
[ sql ] [ SQL ] SELECT `content` FROM `note` WHERE  (  id=32 ) LIMIT 1 [ RunTime:0.000640s ]
[ sql ] [ SQL ] SELECT COUNT(*) AS tp_count FROM `note` WHERE  `groups` <> 'Personal'  AND `publish` = 1 LIMIT 1 [ RunTime:0.001220s ]
[ sql ] [ SQL ] SELECT * FROM `note` WHERE  `groups` <> 'Personal'  AND `publish` = 1 ORDER BY id desc LIMIT 0,6 [ RunTime:0.000521s ]
[ sql ] [ SQL ] SHOW COLUMNS FROM `groups` [ RunTime:0.000978s ]
[ sql ] [ SQL ] SELECT * FROM `groups` WHERE  `groups` <> 'Personal' [ RunTime:0.000339s ]
[ sql ] [ SQL ] SELECT * FROM `groups` WHERE  `parent_id` = 0  AND `groups` <> 'Personal'  AND `id` <> 2 ORDER BY `groups` [ RunTime:0.000489s ]
[ sql ] [ SQL ] SELECT `groups` FROM `groups` WHERE  `parent_id` = 1  AND `groups` <> 'Personal' [ RunTime:0.000321s ]
[ sql ] [ SQL ] SELECT * FROM `groups` WHERE  `parent_id` = 2 ORDER BY `groups` [ RunTime:0.000378s ]
---------------------------------------------------------------
[ 2018-10-22T10:42:49+08:00 ] 74.120.168.12 74.120.168.12 GET /daily/admin/login/index.html
[ info ] qingrang.top/daily/admin/login/index.html [运行时间：0.045236s][吞吐率：22.11req/s] [内存消耗：1,340.07kb] [文件加载：47]
[ info ] [ LANG ] /var/www/html/daily/thinkphp/lang/zh-cn.php
[ info ] [ ROUTE ] array (
  'type' => 'module',
  'module' => 
  array (
    0 => 'admin',
    1 => 'login',
    2 => 'index',
  ),
)
[ info ] [ HEADER ] array (
  'host' => 'qingrang.top',
  'upgrade-insecure-requests' => '1',
  'user-agent' => 'Mozilla/5.0 (Windows NT 10.0; Win64; x64) AppleWebKit/537.36 (KHTML, like Gecko) Chrome/69.0.3497.100 Safari/537.36',
  'accept' => 'text/html,application/xhtml+xml,application/xml;q=0.9,image/webp,image/apng,*/*;q=0.8',
  'accept-encoding' => 'gzip, deflate',
  'accept-language' => 'zh-CN,zh;q=0.9,la;q=0.8,en;q=0.7,lb;q=0.6',
  'cookie' => 'Hm_lvt_1769181352e9adc950166aada465644e=1539846308,1540133692',
  'connection' => 'close',
)
[ info ] [ PARAM ] array (
)
[ info ] [ RUN ] app\admin\controller\Login->index[ /var/www/html/daily/application/admin/controller/Login.php ]
[ info ] [ VIEW ] /var/www/html/daily/application/admin/view/login/index.html [ array (
) ]
[ info ] [ LOG ] INIT File
---------------------------------------------------------------
[ 2018-10-22T10:43:03+08:00 ] 74.120.168.12 74.120.168.12 POST /daily/admin/login/index.html
[ info ] qingrang.top/daily/admin/login/index.html [运行时间：0.083979s][吞吐率：11.91req/s] [内存消耗：1,922.34kb] [文件加载：54]
[ info ] [ LANG ] /var/www/html/daily/thinkphp/lang/zh-cn.php
[ info ] [ ROUTE ] array (
  'type' => 'module',
  'module' => 
  array (
    0 => 'admin',
    1 => 'login',
    2 => 'index',
  ),
)
[ info ] [ HEADER ] array (
  'host' => 'qingrang.top',
  'content-length' => '8',
  'cache-control' => 'max-age=0',
  'origin' => 'http://qingrang.top',
  'upgrade-insecure-requests' => '1',
  'content-type' => 'application/x-www-form-urlencoded',
  'user-agent' => 'Mozilla/5.0 (Windows NT 10.0; Win64; x64) AppleWebKit/537.36 (KHTML, like Gecko) Chrome/69.0.3497.100 Safari/537.36',
  'accept' => 'text/html,application/xhtml+xml,application/xml;q=0.9,image/webp,image/apng,*/*;q=0.8',
  'referer' => 'http://qingrang.top/daily/admin/login/index.html',
  'accept-encoding' => 'gzip, deflate',
  'accept-language' => 'zh-CN,zh;q=0.9,la;q=0.8,en;q=0.7,lb;q=0.6',
  'cookie' => 'Hm_lvt_1769181352e9adc950166aada465644e=1539846308,1540133692',
  'connection' => 'close',
)
[ info ] [ PARAM ] array (
  'pwd' => 'shao',
)
[ info ] [ RUN ] app\admin\controller\Login->index[ /var/www/html/daily/application/admin/controller/Login.php ]
[ info ] [ DB ] INIT mysql
[ info ] [ SESSION ] INIT array (
  'id' => '',
  'var_session_id' => '',
  'prefix' => 'think',
  'type' => '',
  'auto_start' => true,
)
[ info ] [ LOG ] INIT File
[ sql ] [ DB ] CONNECT:[ UseTime:0.001611s ] mysql:host=74.120.168.12;dbname=diary;charset=utf8
[ sql ] [ SQL ] SHOW COLUMNS FROM `admin` [ RunTime:0.003129s ]
[ sql ] [ SQL ] SELECT * FROM `admin` WHERE  `id` = 1 LIMIT 1 [ RunTime:0.000743s ]
---------------------------------------------------------------
[ 2018-10-22T10:43:11+08:00 ] 74.120.168.12 74.120.168.12 GET /daily/admin/note
[ info ] qingrang.top/daily/admin/note [运行时间：0.083466s][吞吐率：11.98req/s] [内存消耗：2,237.99kb] [文件加载：56]
[ info ] [ LANG ] /var/www/html/daily/thinkphp/lang/zh-cn.php
[ info ] [ ROUTE ] array (
  'type' => 'module',
  'module' => 
  array (
    0 => 'admin',
    1 => 'note',
    2 => NULL,
  ),
)
[ info ] [ HEADER ] array (
  'host' => 'qingrang.top',
  'cache-control' => 'max-age=0',
  'upgrade-insecure-requests' => '1',
  'user-agent' => 'Mozilla/5.0 (Windows NT 10.0; Win64; x64) AppleWebKit/537.36 (KHTML, like Gecko) Chrome/69.0.3497.100 Safari/537.36',
  'accept' => 'text/html,application/xhtml+xml,application/xml;q=0.9,image/webp,image/apng,*/*;q=0.8',
  'referer' => 'http://qingrang.top/daily/admin/login/index.html',
  'accept-encoding' => 'gzip, deflate',
  'accept-language' => 'zh-CN,zh;q=0.9,la;q=0.8,en;q=0.7,lb;q=0.6',
  'cookie' => 'Hm_lvt_1769181352e9adc950166aada465644e=1539846308,1540133692; PHPSESSID=o1prs8uundcqsqb6il4h2crld2',
  'connection' => 'close',
)
[ info ] [ PARAM ] array (
)
[ info ] [ SESSION ] INIT array (
  'id' => '',
  'var_session_id' => '',
  'prefix' => 'think',
  'type' => '',
  'auto_start' => true,
)
[ info ] [ RUN ] app\admin\controller\Note->notelst[ /var/www/html/daily/application/admin/controller/Note.php ]
[ info ] [ DB ] INIT mysql
[ info ] [ VIEW ] /var/www/html/daily/application/admin/view/note/notelst.html [ array (
  0 => 'stickList',
  1 => 'hide',
  2 => 'list',
  3 => 'list_new',
  4 => 'groups',
  5 => 'groups0',
  6 => 'groups1',
  7 => 'groups2',
  8 => 'count',
  9 => 'year',
  10 => 'default_num',
) ]
[ info ] [ LOG ] INIT File
[ sql ] [ DB ] CONNECT:[ UseTime:0.000658s ] mysql:host=74.120.168.12;dbname=diary;charset=utf8
[ sql ] [ SQL ] SHOW COLUMNS FROM `note` [ RunTime:0.001758s ]
[ sql ] [ SQL ] SELECT * FROM `note` WHERE  `groups` <> 'Personal'  AND `is_show` = 1 ORDER BY date desc,id desc [ RunTime:0.003851s ]
[ sql ] [ SQL ] SELECT * FROM `note` WHERE  `groups` <> 'Personal' ORDER BY id desc LIMIT 5 [ RunTime:0.000644s ]
[ sql ] [ SQL ] SHOW COLUMNS FROM `config` [ RunTime:0.001012s ]
[ sql ] [ SQL ] SELECT * FROM `config` WHERE  `name` = 'hide' LIMIT 1 [ RunTime:0.000329s ]
[ sql ] [ SQL ] SELECT * FROM `note` WHERE  `id` < 5 [ RunTime:0.000596s ]
[ sql ] [ SQL ] SHOW COLUMNS FROM `groups` [ RunTime:0.000953s ]
[ sql ] [ SQL ] SELECT * FROM `groups` [ RunTime:0.000353s ]
[ sql ] [ SQL ] SELECT * FROM `groups` WHERE  `parent_id` = 0  AND `id` <> 2 ORDER BY `groups` [ RunTime:0.000558s ]
[ sql ] [ SQL ] SELECT `groups` FROM `groups` WHERE  `parent_id` = 1 [ RunTime:0.000331s ]
[ sql ] [ SQL ] SELECT * FROM `groups` WHERE  `parent_id` = 2 ORDER BY `groups` [ RunTime:0.000716s ]
[ sql ] [ SQL ] SELECT COUNT(*) AS tp_count FROM `note` WHERE  `groups` = 'Default' LIMIT 1 [ RunTime:0.001159s ]
[ sql ] [ SQL ] SELECT COUNT(*) AS tp_count FROM `note` LIMIT 1 [ RunTime:0.000275s ]
[ sql ] [ SQL ] SHOW COLUMNS FROM `yearlist` [ RunTime:0.001129s ]
[ sql ] [ SQL ] SELECT DISTINCT  `year` FROM `yearlist` ORDER BY year desc [ RunTime:0.000686s ]
---------------------------------------------------------------
[ 2018-10-22T10:43:21+08:00 ] 74.120.168.12 74.120.168.12 GET /daily/admin/note/shownote/id/212.html
[ info ] qingrang.top/daily/admin/note/shownote/id/212.html [运行时间：0.067899s][吞吐率：14.73req/s] [内存消耗：2,017.94kb] [文件加载：55]
[ info ] [ LANG ] /var/www/html/daily/thinkphp/lang/zh-cn.php
[ info ] [ ROUTE ] array (
  'type' => 'module',
  'module' => 
  array (
    0 => 'admin',
    1 => 'note',
    2 => 'shownote',
  ),
)
[ info ] [ HEADER ] array (
  'host' => 'qingrang.top',
  'upgrade-insecure-requests' => '1',
  'user-agent' => 'Mozilla/5.0 (Windows NT 10.0; Win64; x64) AppleWebKit/537.36 (KHTML, like Gecko) Chrome/69.0.3497.100 Safari/537.36',
  'accept' => 'text/html,application/xhtml+xml,application/xml;q=0.9,image/webp,image/apng,*/*;q=0.8',
  'referer' => 'http://qingrang.top/daily/admin/note',
  'accept-encoding' => 'gzip, deflate',
  'accept-language' => 'zh-CN,zh;q=0.9,la;q=0.8,en;q=0.7,lb;q=0.6',
  'cookie' => 'Hm_lvt_1769181352e9adc950166aada465644e=1539846308,1540133692; PHPSESSID=o1prs8uundcqsqb6il4h2crld2',
  'connection' => 'close',
)
[ info ] [ PARAM ] array (
  'id' => '212',
)
[ info ] [ SESSION ] INIT array (
  'id' => '',
  'var_session_id' => '',
  'prefix' => 'think',
  'type' => '',
  'auto_start' => true,
)
[ info ] [ RUN ] app\admin\controller\Note->showNote[ /var/www/html/daily/application/admin/controller/Note.php ]
[ info ] [ DB ] INIT mysql
[ info ] [ VIEW ] /var/www/html/daily/application/admin/view/note/shownote.html [ array (
  0 => 'note',
  1 => 'groups',
) ]
[ info ] [ LOG ] INIT File
[ sql ] [ DB ] CONNECT:[ UseTime:0.000812s ] mysql:host=74.120.168.12;dbname=diary;charset=utf8
[ sql ] [ SQL ] SHOW COLUMNS FROM `note` [ RunTime:0.001515s ]
[ sql ] [ SQL ] SELECT * FROM `note` WHERE  `id` = 212 LIMIT 1 [ RunTime:0.000664s ]
[ sql ] [ SQL ] SHOW COLUMNS FROM `groups` [ RunTime:0.000899s ]
[ sql ] [ SQL ] SELECT * FROM `groups` [ RunTime:0.000313s ]
---------------------------------------------------------------
[ 2018-10-22T13:40:36+08:00 ] 74.120.168.12 74.120.168.12 GET /daily/admin/login/index.html
[ info ] qingrang.top/daily/admin/login/index.html [运行时间：0.040256s][吞吐率：24.84req/s] [内存消耗：1,340.07kb] [文件加载：47]
[ info ] [ LANG ] /var/www/html/daily/thinkphp/lang/zh-cn.php
[ info ] [ ROUTE ] array (
  'type' => 'module',
  'module' => 
  array (
    0 => 'admin',
    1 => 'login',
    2 => 'index',
  ),
)
[ info ] [ HEADER ] array (
  'host' => 'qingrang.top',
  'upgrade-insecure-requests' => '1',
  'user-agent' => 'Mozilla/5.0 (Windows NT 10.0; Win64; x64) AppleWebKit/537.36 (KHTML, like Gecko) Chrome/69.0.3497.100 Safari/537.36',
  'accept' => 'text/html,application/xhtml+xml,application/xml;q=0.9,image/webp,image/apng,*/*;q=0.8',
  'accept-encoding' => 'gzip, deflate',
  'accept-language' => 'zh-CN,zh;q=0.9,la;q=0.8,en;q=0.7,lb;q=0.6',
  'cookie' => 'Hm_lvt_1769181352e9adc950166aada465644e=1539846308,1540133692',
  'connection' => 'close',
)
[ info ] [ PARAM ] array (
)
[ info ] [ RUN ] app\admin\controller\Login->index[ /var/www/html/daily/application/admin/controller/Login.php ]
[ info ] [ VIEW ] /var/www/html/daily/application/admin/view/login/index.html [ array (
) ]
[ info ] [ LOG ] INIT File
---------------------------------------------------------------
[ 2018-10-22T13:42:47+08:00 ] 74.120.168.12 74.120.168.12 POST /daily/admin/login/index.html
[ info ] qingrang.top/daily/admin/login/index.html [运行时间：0.064658s][吞吐率：15.47req/s] [内存消耗：1,922.34kb] [文件加载：54]
[ info ] [ LANG ] /var/www/html/daily/thinkphp/lang/zh-cn.php
[ info ] [ ROUTE ] array (
  'type' => 'module',
  'module' => 
  array (
    0 => 'admin',
    1 => 'login',
    2 => 'index',
  ),
)
[ info ] [ HEADER ] array (
  'host' => 'qingrang.top',
  'content-length' => '8',
  'cache-control' => 'max-age=0',
  'origin' => 'http://qingrang.top',
  'upgrade-insecure-requests' => '1',
  'content-type' => 'application/x-www-form-urlencoded',
  'user-agent' => 'Mozilla/5.0 (Windows NT 10.0; Win64; x64) AppleWebKit/537.36 (KHTML, like Gecko) Chrome/69.0.3497.100 Safari/537.36',
  'accept' => 'text/html,application/xhtml+xml,application/xml;q=0.9,image/webp,image/apng,*/*;q=0.8',
  'referer' => 'http://qingrang.top/daily/admin/login/index.html',
  'accept-encoding' => 'gzip, deflate',
  'accept-language' => 'zh-CN,zh;q=0.9,la;q=0.8,en;q=0.7,lb;q=0.6',
  'cookie' => 'Hm_lvt_1769181352e9adc950166aada465644e=1539846308,1540133692',
  'connection' => 'close',
)
[ info ] [ PARAM ] array (
  'pwd' => 'shao',
)
[ info ] [ RUN ] app\admin\controller\Login->index[ /var/www/html/daily/application/admin/controller/Login.php ]
[ info ] [ DB ] INIT mysql
[ info ] [ SESSION ] INIT array (
  'id' => '',
  'var_session_id' => '',
  'prefix' => 'think',
  'type' => '',
  'auto_start' => true,
)
[ info ] [ LOG ] INIT File
[ sql ] [ DB ] CONNECT:[ UseTime:0.000709s ] mysql:host=74.120.168.12;dbname=diary;charset=utf8
[ sql ] [ SQL ] SHOW COLUMNS FROM `admin` [ RunTime:0.001528s ]
[ sql ] [ SQL ] SELECT * FROM `admin` WHERE  `id` = 1 LIMIT 1 [ RunTime:0.000385s ]
---------------------------------------------------------------
[ 2018-10-22T13:42:47+08:00 ] 74.120.168.12 74.120.168.12 GET /daily/admin/note
[ info ] qingrang.top/daily/admin/note [运行时间：0.134142s][吞吐率：7.45req/s] [内存消耗：2,237.99kb] [文件加载：56]
[ info ] [ LANG ] /var/www/html/daily/thinkphp/lang/zh-cn.php
[ info ] [ ROUTE ] array (
  'type' => 'module',
  'module' => 
  array (
    0 => 'admin',
    1 => 'note',
    2 => NULL,
  ),
)
[ info ] [ HEADER ] array (
  'host' => 'qingrang.top',
  'cache-control' => 'max-age=0',
  'upgrade-insecure-requests' => '1',
  'user-agent' => 'Mozilla/5.0 (Windows NT 10.0; Win64; x64) AppleWebKit/537.36 (KHTML, like Gecko) Chrome/69.0.3497.100 Safari/537.36',
  'accept' => 'text/html,application/xhtml+xml,application/xml;q=0.9,image/webp,image/apng,*/*;q=0.8',
  'referer' => 'http://qingrang.top/daily/admin/login/index.html',
  'accept-encoding' => 'gzip, deflate',
  'accept-language' => 'zh-CN,zh;q=0.9,la;q=0.8,en;q=0.7,lb;q=0.6',
  'cookie' => 'Hm_lvt_1769181352e9adc950166aada465644e=1539846308,1540133692; PHPSESSID=7h7va4b0n052cjo0rdn2mirf66',
  'connection' => 'close',
)
[ info ] [ PARAM ] array (
)
[ info ] [ SESSION ] INIT array (
  'id' => '',
  'var_session_id' => '',
  'prefix' => 'think',
  'type' => '',
  'auto_start' => true,
)
[ info ] [ RUN ] app\admin\controller\Note->notelst[ /var/www/html/daily/application/admin/controller/Note.php ]
[ info ] [ DB ] INIT mysql
[ info ] [ VIEW ] /var/www/html/daily/application/admin/view/note/notelst.html [ array (
  0 => 'stickList',
  1 => 'hide',
  2 => 'list',
  3 => 'list_new',
  4 => 'groups',
  5 => 'groups0',
  6 => 'groups1',
  7 => 'groups2',
  8 => 'count',
  9 => 'year',
  10 => 'default_num',
) ]
[ info ] [ LOG ] INIT File
[ sql ] [ DB ] CONNECT:[ UseTime:0.000843s ] mysql:host=74.120.168.12;dbname=diary;charset=utf8
[ sql ] [ SQL ] SHOW COLUMNS FROM `note` [ RunTime:0.002243s ]
[ sql ] [ SQL ] SELECT * FROM `note` WHERE  `groups` <> 'Personal'  AND `is_show` = 1 ORDER BY date desc,id desc [ RunTime:0.004018s ]
[ sql ] [ SQL ] SELECT * FROM `note` WHERE  `groups` <> 'Personal' ORDER BY id desc LIMIT 5 [ RunTime:0.000828s ]
[ sql ] [ SQL ] SHOW COLUMNS FROM `config` [ RunTime:0.001180s ]
[ sql ] [ SQL ] SELECT * FROM `config` WHERE  `name` = 'hide' LIMIT 1 [ RunTime:0.000425s ]
[ sql ] [ SQL ] SELECT * FROM `note` WHERE  `id` < 5 [ RunTime:0.000659s ]
[ sql ] [ SQL ] SHOW COLUMNS FROM `groups` [ RunTime:0.001401s ]
[ sql ] [ SQL ] SELECT * FROM `groups` [ RunTime:0.000453s ]
[ sql ] [ SQL ] SELECT * FROM `groups` WHERE  `parent_id` = 0  AND `id` <> 2 ORDER BY `groups` [ RunTime:0.004113s ]
[ sql ] [ SQL ] SELECT `groups` FROM `groups` WHERE  `parent_id` = 1 [ RunTime:0.000624s ]
[ sql ] [ SQL ] SELECT * FROM `groups` WHERE  `parent_id` = 2 ORDER BY `groups` [ RunTime:0.000964s ]
[ sql ] [ SQL ] SELECT COUNT(*) AS tp_count FROM `note` WHERE  `groups` = 'Default' LIMIT 1 [ RunTime:0.002076s ]
[ sql ] [ SQL ] SELECT COUNT(*) AS tp_count FROM `note` LIMIT 1 [ RunTime:0.000431s ]
[ sql ] [ SQL ] SHOW COLUMNS FROM `yearlist` [ RunTime:0.002137s ]
[ sql ] [ SQL ] SELECT DISTINCT  `year` FROM `yearlist` ORDER BY year desc [ RunTime:0.001262s ]
---------------------------------------------------------------
[ 2018-10-22T13:43:09+08:00 ] 74.120.168.12 74.120.168.12 GET /daily/admin/note/shownote/id/226.html
[ info ] qingrang.top/daily/admin/note/shownote/id/226.html [运行时间：0.091953s][吞吐率：10.88req/s] [内存消耗：2,013.15kb] [文件加载：55]
[ info ] [ LANG ] /var/www/html/daily/thinkphp/lang/zh-cn.php
[ info ] [ ROUTE ] array (
  'type' => 'module',
  'module' => 
  array (
    0 => 'admin',
    1 => 'note',
    2 => 'shownote',
  ),
)
[ info ] [ HEADER ] array (
  'host' => 'qingrang.top',
  'upgrade-insecure-requests' => '1',
  'user-agent' => 'Mozilla/5.0 (Windows NT 10.0; Win64; x64) AppleWebKit/537.36 (KHTML, like Gecko) Chrome/69.0.3497.100 Safari/537.36',
  'accept' => 'text/html,application/xhtml+xml,application/xml;q=0.9,image/webp,image/apng,*/*;q=0.8',
  'referer' => 'http://qingrang.top/daily/admin/note',
  'accept-encoding' => 'gzip, deflate',
  'accept-language' => 'zh-CN,zh;q=0.9,la;q=0.8,en;q=0.7,lb;q=0.6',
  'cookie' => 'Hm_lvt_1769181352e9adc950166aada465644e=1539846308,1540133692; PHPSESSID=7h7va4b0n052cjo0rdn2mirf66',
  'connection' => 'close',
)
[ info ] [ PARAM ] array (
  'id' => '226',
)
[ info ] [ SESSION ] INIT array (
  'id' => '',
  'var_session_id' => '',
  'prefix' => 'think',
  'type' => '',
  'auto_start' => true,
)
[ info ] [ RUN ] app\admin\controller\Note->showNote[ /var/www/html/daily/application/admin/controller/Note.php ]
[ info ] [ DB ] INIT mysql
[ info ] [ VIEW ] /var/www/html/daily/application/admin/view/note/shownote.html [ array (
  0 => 'note',
  1 => 'groups',
) ]
[ info ] [ LOG ] INIT File
[ sql ] [ DB ] CONNECT:[ UseTime:0.000816s ] mysql:host=74.120.168.12;dbname=diary;charset=utf8
[ sql ] [ SQL ] SHOW COLUMNS FROM `note` [ RunTime:0.002029s ]
[ sql ] [ SQL ] SELECT * FROM `note` WHERE  `id` = 226 LIMIT 1 [ RunTime:0.000765s ]
[ sql ] [ SQL ] SHOW COLUMNS FROM `groups` [ RunTime:0.001294s ]
[ sql ] [ SQL ] SELECT * FROM `groups` [ RunTime:0.000383s ]
---------------------------------------------------------------
[ 2018-10-22T13:46:25+08:00 ] 74.120.168.12 74.120.168.12 GET /daily/
[ info ] qingrang.top/daily/ [运行时间：0.072861s][吞吐率：13.72req/s] [内存消耗：2,119.32kb] [文件加载：58]
[ info ] [ LANG ] /var/www/html/daily/thinkphp/lang/zh-cn.php
[ info ] [ ROUTE ] array (
  'type' => 'module',
  'module' => 
  array (
    0 => '',
    1 => NULL,
    2 => NULL,
  ),
)
[ info ] [ HEADER ] array (
  'host' => 'qingrang.top',
  'purpose' => 'prefetch',
  'upgrade-insecure-requests' => '1',
  'user-agent' => 'Mozilla/5.0 (Windows NT 10.0; Win64; x64) AppleWebKit/537.36 (KHTML, like Gecko) Chrome/69.0.3497.100 Safari/537.36',
  'accept' => 'text/html,application/xhtml+xml,application/xml;q=0.9,image/webp,image/apng,*/*;q=0.8',
  'accept-encoding' => 'gzip, deflate',
  'accept-language' => 'zh-CN,zh;q=0.9,la;q=0.8,en;q=0.7,lb;q=0.6',
  'cookie' => 'Hm_lvt_1769181352e9adc950166aada465644e=1539846308,1540133692; PHPSESSID=7h7va4b0n052cjo0rdn2mirf66',
  'connection' => 'close',
)
[ info ] [ PARAM ] array (
)
[ info ] [ RUN ] app\admin\controller\Show->notelst[ /var/www/html/daily/application/admin/controller/Show.php ]
[ info ] [ DB ] INIT mysql
[ info ] [ VIEW ] /var/www/html/daily/application/admin/view/show/notelst.html [ array (
  0 => 'list_new',
  1 => 'groups',
  2 => 'groups0',
  3 => 'groups1',
  4 => 'groups2',
  5 => 'groupname',
  6 => 'content',
) ]
[ info ] [ LOG ] INIT File
[ sql ] [ DB ] CONNECT:[ UseTime:0.000608s ] mysql:host=74.120.168.12;dbname=diary;charset=utf8
[ sql ] [ SQL ] SHOW COLUMNS FROM `note` [ RunTime:0.001621s ]
[ sql ] [ SQL ] SELECT `content` FROM `note` WHERE  (  id=32 ) LIMIT 1 [ RunTime:0.000704s ]
[ sql ] [ SQL ] SELECT COUNT(*) AS tp_count FROM `note` WHERE  `groups` <> 'Personal'  AND `publish` = 1 LIMIT 1 [ RunTime:0.001544s ]
[ sql ] [ SQL ] SELECT * FROM `note` WHERE  `groups` <> 'Personal'  AND `publish` = 1 ORDER BY id desc LIMIT 0,6 [ RunTime:0.000630s ]
[ sql ] [ SQL ] SHOW COLUMNS FROM `groups` [ RunTime:0.001195s ]
[ sql ] [ SQL ] SELECT * FROM `groups` WHERE  `groups` <> 'Personal' [ RunTime:0.000323s ]
[ sql ] [ SQL ] SELECT * FROM `groups` WHERE  `parent_id` = 0  AND `groups` <> 'Personal'  AND `id` <> 2 ORDER BY `groups` [ RunTime:0.000467s ]
[ sql ] [ SQL ] SELECT `groups` FROM `groups` WHERE  `parent_id` = 1  AND `groups` <> 'Personal' [ RunTime:0.000335s ]
[ sql ] [ SQL ] SELECT * FROM `groups` WHERE  `parent_id` = 2 ORDER BY `groups` [ RunTime:0.000379s ]
---------------------------------------------------------------
[ 2018-10-22T13:46:25+08:00 ] 74.120.168.12 74.120.168.12 GET /daily/
[ info ] qingrang.top/daily/ [运行时间：0.069932s][吞吐率：14.30req/s] [内存消耗：2,119.04kb] [文件加载：58]
[ info ] [ LANG ] /var/www/html/daily/thinkphp/lang/zh-cn.php
[ info ] [ ROUTE ] array (
  'type' => 'module',
  'module' => 
  array (
    0 => '',
    1 => NULL,
    2 => NULL,
  ),
)
[ info ] [ HEADER ] array (
  'host' => 'qingrang.top',
  'upgrade-insecure-requests' => '1',
  'user-agent' => 'Mozilla/5.0 (Windows NT 10.0; Win64; x64) AppleWebKit/537.36 (KHTML, like Gecko) Chrome/69.0.3497.100 Safari/537.36',
  'accept' => 'text/html,application/xhtml+xml,application/xml;q=0.9,image/webp,image/apng,*/*;q=0.8',
  'accept-encoding' => 'gzip, deflate',
  'accept-language' => 'zh-CN,zh;q=0.9,la;q=0.8,en;q=0.7,lb;q=0.6',
  'cookie' => 'Hm_lvt_1769181352e9adc950166aada465644e=1539846308,1540133692; PHPSESSID=7h7va4b0n052cjo0rdn2mirf66',
  'connection' => 'close',
)
[ info ] [ PARAM ] array (
)
[ info ] [ RUN ] app\admin\controller\Show->notelst[ /var/www/html/daily/application/admin/controller/Show.php ]
[ info ] [ DB ] INIT mysql
[ info ] [ VIEW ] /var/www/html/daily/application/admin/view/show/notelst.html [ array (
  0 => 'list_new',
  1 => 'groups',
  2 => 'groups0',
  3 => 'groups1',
  4 => 'groups2',
  5 => 'groupname',
  6 => 'content',
) ]
[ info ] [ LOG ] INIT File
[ sql ] [ DB ] CONNECT:[ UseTime:0.000543s ] mysql:host=74.120.168.12;dbname=diary;charset=utf8
[ sql ] [ SQL ] SHOW COLUMNS FROM `note` [ RunTime:0.001361s ]
[ sql ] [ SQL ] SELECT `content` FROM `note` WHERE  (  id=32 ) LIMIT 1 [ RunTime:0.000535s ]
[ sql ] [ SQL ] SELECT COUNT(*) AS tp_count FROM `note` WHERE  `groups` <> 'Personal'  AND `publish` = 1 LIMIT 1 [ RunTime:0.001455s ]
[ sql ] [ SQL ] SELECT * FROM `note` WHERE  `groups` <> 'Personal'  AND `publish` = 1 ORDER BY id desc LIMIT 0,6 [ RunTime:0.000543s ]
[ sql ] [ SQL ] SHOW COLUMNS FROM `groups` [ RunTime:0.001090s ]
[ sql ] [ SQL ] SELECT * FROM `groups` WHERE  `groups` <> 'Personal' [ RunTime:0.000342s ]
[ sql ] [ SQL ] SELECT * FROM `groups` WHERE  `parent_id` = 0  AND `groups` <> 'Personal'  AND `id` <> 2 ORDER BY `groups` [ RunTime:0.000510s ]
[ sql ] [ SQL ] SELECT `groups` FROM `groups` WHERE  `parent_id` = 1  AND `groups` <> 'Personal' [ RunTime:0.000305s ]
[ sql ] [ SQL ] SELECT * FROM `groups` WHERE  `parent_id` = 2 ORDER BY `groups` [ RunTime:0.000365s ]
---------------------------------------------------------------
[ 2018-10-22T13:46:52+08:00 ] 74.120.168.12 74.120.168.12 GET /daily/admin/note
[ info ] qingrang.top/daily/admin/note [运行时间：0.106032s][吞吐率：9.43req/s] [内存消耗：2,237.58kb] [文件加载：56]
[ info ] [ LANG ] /var/www/html/daily/thinkphp/lang/zh-cn.php
[ info ] [ ROUTE ] array (
  'type' => 'module',
  'module' => 
  array (
    0 => 'admin',
    1 => 'note',
    2 => NULL,
  ),
)
[ info ] [ HEADER ] array (
  'host' => 'qingrang.top',
  'upgrade-insecure-requests' => '1',
  'user-agent' => 'Mozilla/5.0 (Windows NT 10.0; Win64; x64) AppleWebKit/537.36 (KHTML, like Gecko) Chrome/69.0.3497.100 Safari/537.36',
  'accept' => 'text/html,application/xhtml+xml,application/xml;q=0.9,image/webp,image/apng,*/*;q=0.8',
  'accept-encoding' => 'gzip, deflate',
  'accept-language' => 'zh-CN,zh;q=0.9,la;q=0.8,en;q=0.7,lb;q=0.6',
  'cookie' => 'Hm_lvt_1769181352e9adc950166aada465644e=1539846308,1540133692,1540187497; Hm_lpvt_1769181352e9adc950166aada465644e=1540187497; PHPSESSID=7h7va4b0n052cjo0rdn2mirf66',
  'connection' => 'close',
)
[ info ] [ PARAM ] array (
)
[ info ] [ SESSION ] INIT array (
  'id' => '',
  'var_session_id' => '',
  'prefix' => 'think',
  'type' => '',
  'auto_start' => true,
)
[ info ] [ RUN ] app\admin\controller\Note->notelst[ /var/www/html/daily/application/admin/controller/Note.php ]
[ info ] [ DB ] INIT mysql
[ info ] [ VIEW ] /var/www/html/daily/application/admin/view/note/notelst.html [ array (
  0 => 'stickList',
  1 => 'hide',
  2 => 'list',
  3 => 'list_new',
  4 => 'groups',
  5 => 'groups0',
  6 => 'groups1',
  7 => 'groups2',
  8 => 'count',
  9 => 'year',
  10 => 'default_num',
) ]
[ info ] [ LOG ] INIT File
[ sql ] [ DB ] CONNECT:[ UseTime:0.000836s ] mysql:host=74.120.168.12;dbname=diary;charset=utf8
[ sql ] [ SQL ] SHOW COLUMNS FROM `note` [ RunTime:0.002437s ]
[ sql ] [ SQL ] SELECT * FROM `note` WHERE  `groups` <> 'Personal'  AND `is_show` = 1 ORDER BY date desc,id desc [ RunTime:0.003340s ]
[ sql ] [ SQL ] SELECT * FROM `note` WHERE  `groups` <> 'Personal' ORDER BY id desc LIMIT 5 [ RunTime:0.000761s ]
[ sql ] [ SQL ] SHOW COLUMNS FROM `config` [ RunTime:0.001634s ]
[ sql ] [ SQL ] SELECT * FROM `config` WHERE  `name` = 'hide' LIMIT 1 [ RunTime:0.000508s ]
[ sql ] [ SQL ] SELECT * FROM `note` WHERE  `id` < 5 [ RunTime:0.000714s ]
[ sql ] [ SQL ] SHOW COLUMNS FROM `groups` [ RunTime:0.001435s ]
[ sql ] [ SQL ] SELECT * FROM `groups` [ RunTime:0.000477s ]
[ sql ] [ SQL ] SELECT * FROM `groups` WHERE  `parent_id` = 0  AND `id` <> 2 ORDER BY `groups` [ RunTime:0.000557s ]
[ sql ] [ SQL ] SELECT `groups` FROM `groups` WHERE  `parent_id` = 1 [ RunTime:0.000430s ]
[ sql ] [ SQL ] SELECT * FROM `groups` WHERE  `parent_id` = 2 ORDER BY `groups` [ RunTime:0.000547s ]
[ sql ] [ SQL ] SELECT COUNT(*) AS tp_count FROM `note` WHERE  `groups` = 'Default' LIMIT 1 [ RunTime:0.001821s ]
[ sql ] [ SQL ] SELECT COUNT(*) AS tp_count FROM `note` LIMIT 1 [ RunTime:0.000315s ]
[ sql ] [ SQL ] SHOW COLUMNS FROM `yearlist` [ RunTime:0.001818s ]
[ sql ] [ SQL ] SELECT DISTINCT  `year` FROM `yearlist` ORDER BY year desc [ RunTime:0.000974s ]
---------------------------------------------------------------
[ 2018-10-22T13:50:48+08:00 ] 74.120.168.12 74.120.168.12 GET /daily/admin/note/editnote/id/225.html
[ info ] qingrang.top/daily/admin/note/editnote/id/225.html [运行时间：0.054039s][吞吐率：18.51req/s] [内存消耗：2,030.06kb] [文件加载：56]
[ info ] [ LANG ] /var/www/html/daily/thinkphp/lang/zh-cn.php
[ info ] [ ROUTE ] array (
  'type' => 'module',
  'module' => 
  array (
    0 => 'admin',
    1 => 'note',
    2 => 'editnote',
  ),
)
[ info ] [ HEADER ] array (
  'host' => 'qingrang.top',
  'upgrade-insecure-requests' => '1',
  'user-agent' => 'Mozilla/5.0 (Windows NT 10.0; Win64; x64) AppleWebKit/537.36 (KHTML, like Gecko) Chrome/69.0.3497.100 Safari/537.36',
  'accept' => 'text/html,application/xhtml+xml,application/xml;q=0.9,image/webp,image/apng,*/*;q=0.8',
  'referer' => 'http://qingrang.top/daily/admin/note',
  'accept-encoding' => 'gzip, deflate',
  'accept-language' => 'zh-CN,zh;q=0.9,la;q=0.8,en;q=0.7,lb;q=0.6',
  'cookie' => 'Hm_lvt_1769181352e9adc950166aada465644e=1539846308,1540133692,1540187497; Hm_lpvt_1769181352e9adc950166aada465644e=1540187497; PHPSESSID=7h7va4b0n052cjo0rdn2mirf66',
  'connection' => 'close',
)
[ info ] [ PARAM ] array (
  'id' => '225',
)
[ info ] [ SESSION ] INIT array (
  'id' => '',
  'var_session_id' => '',
  'prefix' => 'think',
  'type' => '',
  'auto_start' => true,
)
[ info ] [ RUN ] app\admin\controller\Note->editNote[ /var/www/html/daily/application/admin/controller/Note.php ]
[ info ] [ DB ] INIT mysql
[ info ] [ VIEW ] /var/www/html/daily/application/admin/view/note/editnote.html [ array (
  0 => 'note',
  1 => 'groups',
) ]
[ info ] [ LOG ] INIT File
[ sql ] [ DB ] CONNECT:[ UseTime:0.000478s ] mysql:host=74.120.168.12;dbname=diary;charset=utf8
[ sql ] [ SQL ] SHOW COLUMNS FROM `note` [ RunTime:0.001309s ]
[ sql ] [ SQL ] SELECT * FROM `note` WHERE  `id` = 225 LIMIT 1 [ RunTime:0.000404s ]
[ sql ] [ SQL ] SHOW COLUMNS FROM `groups` [ RunTime:0.000789s ]
[ sql ] [ SQL ] SELECT * FROM `groups` [ RunTime:0.000330s ]
