---------------------------------------------------------------
[ 2018-10-23T00:06:38+08:00 ] 74.120.168.12 122.49.28.48 GET /daily/admin/api/synTemp?content=
[ info ] www.qingrang.top/daily/admin/api/synTemp?content= [运行时间：0.067671s][吞吐率：14.78req/s] [内存消耗：1,980.11kb] [文件加载：55]
[ info ] [ LANG ] /var/www/html/daily/thinkphp/lang/zh-cn.php
[ info ] [ ROUTE ] array (
  'type' => 'module',
  'module' => 
  array (
    0 => 'admin',
    1 => 'api',
    2 => 'synTemp',
  ),
)
[ info ] [ HEADER ] array (
  'host' => 'www.qingrang.top',
  'connection' => 'close',
)
[ info ] [ PARAM ] array (
  'content' => '',
)
[ info ] [ RUN ] app\admin\controller\Api->synTemp[ /var/www/html/daily/application/admin/controller/Api.php ]
[ info ] [ DB ] INIT mysql
[ info ] [ CACHE ] INIT File
[ info ] [ LOG ] INIT File
[ sql ] [ DB ] CONNECT:[ UseTime:0.000991s ] mysql:host=74.120.168.12;dbname=diary;charset=utf8
[ sql ] [ SQL ] SHOW COLUMNS FROM `note` [ RunTime:0.001706s ]
[ sql ] [ SQL ] UPDATE `note`  SET `content`=''  WHERE  `id` = 2 [ RunTime:0.000767s ]
---------------------------------------------------------------
[ 2018-10-23T00:06:38+08:00 ] 74.120.168.12 122.49.28.48 GET /daily/admin/api/synTemp?content=
[ info ] www.qingrang.top/daily/admin/api/synTemp?content= [运行时间：0.055329s][吞吐率：18.07req/s] [内存消耗：1,981.54kb] [文件加载：55]
[ info ] [ LANG ] /var/www/html/daily/thinkphp/lang/zh-cn.php
[ info ] [ ROUTE ] array (
  'type' => 'module',
  'module' => 
  array (
    0 => 'admin',
    1 => 'api',
    2 => 'synTemp',
  ),
)
[ info ] [ HEADER ] array (
  'host' => 'www.qingrang.top',
  'connection' => 'keep-alive',
  'upgrade-insecure-requests' => '1',
  'user-agent' => 'Mozilla/5.0 (X11; Linux x86_64) AppleWebKit/537.36 (KHTML, like Gecko) HeadlessChrome/71.0.3563.0 Safari/537.36',
  'accept' => 'text/html,application/xhtml+xml,application/xml;q=0.9,image/webp,image/apng,*/*;q=0.8',
  'accept-encoding' => 'gzip, deflate',
)
[ info ] [ PARAM ] array (
  'content' => '',
)
[ info ] [ RUN ] app\admin\controller\Api->synTemp[ /var/www/html/daily/application/admin/controller/Api.php ]
[ info ] [ DB ] INIT mysql
[ info ] [ CACHE ] INIT File
[ info ] [ LOG ] INIT File
[ sql ] [ DB ] CONNECT:[ UseTime:0.000620s ] mysql:host=74.120.168.12;dbname=diary;charset=utf8
[ sql ] [ SQL ] SHOW COLUMNS FROM `note` [ RunTime:0.001408s ]
[ sql ] [ SQL ] UPDATE `note`  SET `content`=''  WHERE  `id` = 2 [ RunTime:0.000376s ]
---------------------------------------------------------------
[ 2018-10-23T02:02:23+08:00 ] 74.120.168.12 180.149.130.152 GET /daily/
[ info ] qingrang.top/daily/ [运行时间：0.070267s][吞吐率：14.23req/s] [内存消耗：2,118.48kb] [文件加载：58]
[ info ] [ LANG ] /var/www/html/daily/thinkphp/lang/zh-cn.php
[ info ] [ ROUTE ] array (
  'type' => 'module',
  'module' => 
  array (
    0 => '',
    1 => NULL,
    2 => NULL,
  ),
)
[ info ] [ HEADER ] array (
  'accept' => 'text/html,application/xhtml+xml,application/xml;q=0.9,*/*;q=0.8',
  'user-agent' => 'Mozilla/5.0 (Macintosh; Intel Mac OS X 10_11_4) AppleWebKit/537.36 (KHTML, like Gecko) Chrome/49.0.2623.110 Safari/537.36',
  'connection' => 'Keep-Alive',
  'accept-encoding' => 'gzip, deflate',
  'accept-language' => 'en-US,*',
  'host' => 'qingrang.top',
)
[ info ] [ PARAM ] array (
)
[ info ] [ RUN ] app\admin\controller\Show->notelst[ /var/www/html/daily/application/admin/controller/Show.php ]
[ info ] [ DB ] INIT mysql
[ info ] [ VIEW ] /var/www/html/daily/application/admin/view/show/notelst.html [ array (
  0 => 'list_new',
  1 => 'groups',
  2 => 'groups0',
  3 => 'groups1',
  4 => 'groups2',
  5 => 'groupname',
  6 => 'content',
) ]
[ info ] [ LOG ] INIT File
[ sql ] [ DB ] CONNECT:[ UseTime:0.000706s ] mysql:host=74.120.168.12;dbname=diary;charset=utf8
[ sql ] [ SQL ] SHOW COLUMNS FROM `note` [ RunTime:0.001600s ]
[ sql ] [ SQL ] SELECT `content` FROM `note` WHERE  (  id=32 ) LIMIT 1 [ RunTime:0.000612s ]
[ sql ] [ SQL ] SELECT COUNT(*) AS tp_count FROM `note` WHERE  `groups` <> 'Personal'  AND `publish` = 1 LIMIT 1 [ RunTime:0.001416s ]
[ sql ] [ SQL ] SELECT * FROM `note` WHERE  `groups` <> 'Personal'  AND `publish` = 1 ORDER BY id desc LIMIT 0,6 [ RunTime:0.000616s ]
[ sql ] [ SQL ] SHOW COLUMNS FROM `groups` [ RunTime:0.000962s ]
[ sql ] [ SQL ] SELECT * FROM `groups` WHERE  `groups` <> 'Personal' [ RunTime:0.000341s ]
[ sql ] [ SQL ] SELECT * FROM `groups` WHERE  `parent_id` = 0  AND `groups` <> 'Personal'  AND `id` <> 2 ORDER BY `groups` [ RunTime:0.000486s ]
[ sql ] [ SQL ] SELECT `groups` FROM `groups` WHERE  `parent_id` = 1  AND `groups` <> 'Personal' [ RunTime:0.000300s ]
[ sql ] [ SQL ] SELECT * FROM `groups` WHERE  `parent_id` = 2 ORDER BY `groups` [ RunTime:0.000403s ]
---------------------------------------------------------------
[ 2018-10-23T08:55:41+08:00 ] 74.120.168.12 117.136.65.208 GET /daily/
[ info ] qingrang.top/daily/ [运行时间：0.079471s][吞吐率：12.58req/s] [内存消耗：2,119.11kb] [文件加载：58]
[ info ] [ LANG ] /var/www/html/daily/thinkphp/lang/zh-cn.php
[ info ] [ ROUTE ] array (
  'type' => 'module',
  'module' => 
  array (
    0 => '',
    1 => NULL,
    2 => NULL,
  ),
)
[ info ] [ HEADER ] array (
  'host' => 'qingrang.top',
  'connection' => 'keep-alive',
  'upgrade-insecure-requests' => '1',
  'user-agent' => 'Mozilla/5.0 (Linux; Android 8.1.0; OE106 Build/OPM1.171019.026) AppleWebKit/537.36 (KHTML, like Gecko) Chrome/62.0.3202.84 Mobile Safari/537.36',
  'accept' => 'text/html,application/xhtml+xml,application/xml;q=0.9,image/webp,image/apng,*/*;q=0.8',
  'accept-encoding' => 'gzip, deflate',
  'accept-language' => 'zh-CN,zh;q=0.9',
  'cookie' => 'Hm_lvt_1769181352e9adc950166aada465644e=1539846074,1539857678,1540025311,1540089729',
)
[ info ] [ PARAM ] array (
)
[ info ] [ RUN ] app\admin\controller\Show->notelst[ /var/www/html/daily/application/admin/controller/Show.php ]
[ info ] [ DB ] INIT mysql
[ info ] [ VIEW ] /var/www/html/daily/application/admin/view/show/notelst.html [ array (
  0 => 'list_new',
  1 => 'groups',
  2 => 'groups0',
  3 => 'groups1',
  4 => 'groups2',
  5 => 'groupname',
  6 => 'content',
) ]
[ info ] [ LOG ] INIT File
[ sql ] [ DB ] CONNECT:[ UseTime:0.001603s ] mysql:host=74.120.168.12;dbname=diary;charset=utf8
[ sql ] [ SQL ] SHOW COLUMNS FROM `note` [ RunTime:0.003833s ]
[ sql ] [ SQL ] SELECT `content` FROM `note` WHERE  (  id=32 ) LIMIT 1 [ RunTime:0.001233s ]
[ sql ] [ SQL ] SELECT COUNT(*) AS tp_count FROM `note` WHERE  `groups` <> 'Personal'  AND `publish` = 1 LIMIT 1 [ RunTime:0.004696s ]
[ sql ] [ SQL ] SELECT * FROM `note` WHERE  `groups` <> 'Personal'  AND `publish` = 1 ORDER BY id desc LIMIT 0,6 [ RunTime:0.000627s ]
[ sql ] [ SQL ] SHOW COLUMNS FROM `groups` [ RunTime:0.001086s ]
[ sql ] [ SQL ] SELECT * FROM `groups` WHERE  `groups` <> 'Personal' [ RunTime:0.000417s ]
[ sql ] [ SQL ] SELECT * FROM `groups` WHERE  `parent_id` = 0  AND `groups` <> 'Personal'  AND `id` <> 2 ORDER BY `groups` [ RunTime:0.000527s ]
[ sql ] [ SQL ] SELECT `groups` FROM `groups` WHERE  `parent_id` = 1  AND `groups` <> 'Personal' [ RunTime:0.000340s ]
[ sql ] [ SQL ] SELECT * FROM `groups` WHERE  `parent_id` = 2 ORDER BY `groups` [ RunTime:0.000385s ]
---------------------------------------------------------------
[ 2018-10-23T08:55:45+08:00 ] 74.120.168.12 117.136.65.208 GET /daily/admin/show/notelst/groups/Algorithm.html
[ info ] qingrang.top/daily/admin/show/notelst/groups/Algorithm.html [运行时间：0.114186s][吞吐率：8.76req/s] [内存消耗：2,104.89kb] [文件加载：58]
[ info ] [ LANG ] /var/www/html/daily/thinkphp/lang/zh-cn.php
[ info ] [ ROUTE ] array (
  'type' => 'module',
  'module' => 
  array (
    0 => 'admin',
    1 => 'show',
    2 => 'notelst',
  ),
)
[ info ] [ HEADER ] array (
  'host' => 'qingrang.top',
  'connection' => 'keep-alive',
  'upgrade-insecure-requests' => '1',
  'user-agent' => 'Mozilla/5.0 (Linux; Android 8.1.0; OE106 Build/OPM1.171019.026) AppleWebKit/537.36 (KHTML, like Gecko) Chrome/62.0.3202.84 Mobile Safari/537.36',
  'accept' => 'text/html,application/xhtml+xml,application/xml;q=0.9,image/webp,image/apng,*/*;q=0.8',
  'referer' => 'http://qingrang.top/daily/',
  'accept-encoding' => 'gzip, deflate',
  'accept-language' => 'zh-CN,zh;q=0.9',
  'cookie' => 'Hm_lvt_1769181352e9adc950166aada465644e=1539857678,1540025311,1540089729,1540256454; Hm_lpvt_1769181352e9adc950166aada465644e=1540256454',
)
[ info ] [ PARAM ] array (
  'groups' => 'Algorithm',
)
[ info ] [ RUN ] app\admin\controller\Show->notelst[ /var/www/html/daily/application/admin/controller/Show.php ]
[ info ] [ DB ] INIT mysql
[ info ] [ VIEW ] /var/www/html/daily/application/admin/view/show/notelst.html [ array (
  0 => 'list_new',
  1 => 'groups',
  2 => 'groups0',
  3 => 'groups1',
  4 => 'groups2',
  5 => 'groupname',
  6 => 'content',
) ]
[ info ] [ LOG ] INIT File
[ sql ] [ DB ] CONNECT:[ UseTime:0.000734s ] mysql:host=74.120.168.12;dbname=diary;charset=utf8
[ sql ] [ SQL ] SHOW COLUMNS FROM `note` [ RunTime:0.001998s ]
[ sql ] [ SQL ] SELECT `content` FROM `note` WHERE  (  id=32 ) LIMIT 1 [ RunTime:0.000785s ]
[ sql ] [ SQL ] SELECT COUNT(*) AS tp_count FROM `note` WHERE  `groups` <> 'Personal'  AND `publish` = 1 LIMIT 1 [ RunTime:0.002001s ]
[ sql ] [ SQL ] SELECT * FROM `note` WHERE  `groups` <> 'Personal'  AND `publish` = 1 ORDER BY id desc LIMIT 0,6 [ RunTime:0.000709s ]
[ sql ] [ SQL ] SELECT COUNT(*) AS tp_count FROM `note` WHERE  ( `groups` <> 'Personal' AND `groups` = 'Algorithm' )  AND `publish` = 1 LIMIT 1 [ RunTime:0.001804s ]
[ sql ] [ SQL ] SELECT * FROM `note` WHERE  ( `groups` <> 'Personal' AND `groups` = 'Algorithm' )  AND `publish` = 1 ORDER BY id desc LIMIT 0,6 [ RunTime:0.003031s ]
[ sql ] [ SQL ] SHOW COLUMNS FROM `groups` [ RunTime:0.001425s ]
[ sql ] [ SQL ] SELECT * FROM `groups` WHERE  `groups` <> 'Personal' [ RunTime:0.000485s ]
[ sql ] [ SQL ] SELECT * FROM `groups` WHERE  `parent_id` = 0  AND `groups` <> 'Personal'  AND `id` <> 2 ORDER BY `groups` [ RunTime:0.000632s ]
[ sql ] [ SQL ] SELECT `groups` FROM `groups` WHERE  `parent_id` = 1  AND `groups` <> 'Personal' [ RunTime:0.000447s ]
[ sql ] [ SQL ] SELECT * FROM `groups` WHERE  `parent_id` = 2 ORDER BY `groups` [ RunTime:0.000557s ]
---------------------------------------------------------------
[ 2018-10-23T08:55:46+08:00 ] 74.120.168.12 117.136.65.208 GET /daily/admin/show/shownote/id/210.html
[ info ] qingrang.top/daily/admin/show/shownote/id/210.html [运行时间：0.061589s][吞吐率：16.24req/s] [内存消耗：1,947.18kb] [文件加载：54]
[ info ] [ LANG ] /var/www/html/daily/thinkphp/lang/zh-cn.php
[ info ] [ ROUTE ] array (
  'type' => 'module',
  'module' => 
  array (
    0 => 'admin',
    1 => 'show',
    2 => 'shownote',
  ),
)
[ info ] [ HEADER ] array (
  'host' => 'qingrang.top',
  'connection' => 'keep-alive',
  'upgrade-insecure-requests' => '1',
  'user-agent' => 'Mozilla/5.0 (Linux; Android 8.1.0; OE106 Build/OPM1.171019.026) AppleWebKit/537.36 (KHTML, like Gecko) Chrome/62.0.3202.84 Mobile Safari/537.36',
  'accept' => 'text/html,application/xhtml+xml,application/xml;q=0.9,image/webp,image/apng,*/*;q=0.8',
  'referer' => 'http://qingrang.top/daily/admin/show/notelst/groups/Algorithm.html',
  'accept-encoding' => 'gzip, deflate',
  'accept-language' => 'zh-CN,zh;q=0.9',
  'cookie' => 'Hm_lvt_1769181352e9adc950166aada465644e=1539857678,1540025311,1540089729,1540256454; Hm_lpvt_1769181352e9adc950166aada465644e=1540256457',
)
[ info ] [ PARAM ] array (
  'id' => '210',
)
[ info ] [ RUN ] app\admin\controller\Show->showNote[ /var/www/html/daily/application/admin/controller/Show.php ]
[ info ] [ DB ] INIT mysql
[ info ] [ VIEW ] /var/www/html/daily/application/admin/view/show/shownote.html [ array (
  0 => 'note',
  1 => 'groups',
) ]
[ info ] [ LOG ] INIT File
[ sql ] [ DB ] CONNECT:[ UseTime:0.000608s ] mysql:host=74.120.168.12;dbname=diary;charset=utf8
[ sql ] [ SQL ] SHOW COLUMNS FROM `note` [ RunTime:0.002228s ]
[ sql ] [ SQL ] SELECT * FROM `note` WHERE  `id` = 210 LIMIT 1 [ RunTime:0.000525s ]
[ sql ] [ SQL ] SHOW COLUMNS FROM `groups` [ RunTime:0.001059s ]
[ sql ] [ SQL ] SELECT * FROM `groups` [ RunTime:0.000291s ]
---------------------------------------------------------------
[ 2018-10-23T08:56:04+08:00 ] 74.120.168.12 117.136.65.208 GET /daily/admin/show/shownote/id/210.html
[ info ] qingrang.top/daily/admin/show/shownote/id/210.html [运行时间：0.052339s][吞吐率：19.11req/s] [内存消耗：1,947.58kb] [文件加载：54]
[ info ] [ LANG ] /var/www/html/daily/thinkphp/lang/zh-cn.php
[ info ] [ ROUTE ] array (
  'type' => 'module',
  'module' => 
  array (
    0 => 'admin',
    1 => 'show',
    2 => 'shownote',
  ),
)
[ info ] [ HEADER ] array (
  'host' => 'qingrang.top',
  'connection' => 'keep-alive',
  'cache-control' => 'max-age=0',
  'upgrade-insecure-requests' => '1',
  'user-agent' => 'Mozilla/5.0 (Linux; Android 8.1.0; OE106 Build/OPM1.171019.026) AppleWebKit/537.36 (KHTML, like Gecko) Chrome/62.0.3202.84 Mobile Safari/537.36',
  'accept' => 'text/html,application/xhtml+xml,application/xml;q=0.9,image/webp,image/apng,*/*;q=0.8',
  'referer' => 'http://qingrang.top/daily/admin/show/notelst/groups/Algorithm.html',
  'accept-encoding' => 'gzip, deflate',
  'accept-language' => 'zh-CN,zh;q=0.9',
  'cookie' => 'Hm_lvt_1769181352e9adc950166aada465644e=1539857678,1540025311,1540089729,1540256454; Hm_lpvt_1769181352e9adc950166aada465644e=1540256459',
)
[ info ] [ PARAM ] array (
  'id' => '210',
)
[ info ] [ RUN ] app\admin\controller\Show->showNote[ /var/www/html/daily/application/admin/controller/Show.php ]
[ info ] [ DB ] INIT mysql
[ info ] [ VIEW ] /var/www/html/daily/application/admin/view/show/shownote.html [ array (
  0 => 'note',
  1 => 'groups',
) ]
[ info ] [ LOG ] INIT File
[ sql ] [ DB ] CONNECT:[ UseTime:0.000648s ] mysql:host=74.120.168.12;dbname=diary;charset=utf8
[ sql ] [ SQL ] SHOW COLUMNS FROM `note` [ RunTime:0.001453s ]
[ sql ] [ SQL ] SELECT * FROM `note` WHERE  `id` = 210 LIMIT 1 [ RunTime:0.000453s ]
[ sql ] [ SQL ] SHOW COLUMNS FROM `groups` [ RunTime:0.000858s ]
[ sql ] [ SQL ] SELECT * FROM `groups` [ RunTime:0.000282s ]
---------------------------------------------------------------
[ 2018-10-23T08:56:08+08:00 ] 74.120.168.12 117.136.65.208 GET /daily/admin/show/shownote/id/210.html
[ info ] qingrang.top/daily/admin/show/shownote/id/210.html [运行时间：0.060924s][吞吐率：16.41req/s] [内存消耗：1,947.18kb] [文件加载：54]
[ info ] [ LANG ] /var/www/html/daily/thinkphp/lang/zh-cn.php
[ info ] [ ROUTE ] array (
  'type' => 'module',
  'module' => 
  array (
    0 => 'admin',
    1 => 'show',
    2 => 'shownote',
  ),
)
[ info ] [ HEADER ] array (
  'host' => 'qingrang.top',
  'connection' => 'keep-alive',
  'upgrade-insecure-requests' => '1',
  'user-agent' => 'Mozilla/5.0 (Linux; Android 8.1.0; OE106 Build/OPM1.171019.026) AppleWebKit/537.36 (KHTML, like Gecko) Chrome/62.0.3202.84 Mobile Safari/537.36',
  'accept' => 'text/html,application/xhtml+xml,application/xml;q=0.9,image/webp,image/apng,*/*;q=0.8',
  'referer' => 'http://qingrang.top/daily/admin/show/notelst/groups/Algorithm.html',
  'accept-encoding' => 'gzip, deflate',
  'accept-language' => 'zh-CN,zh;q=0.9',
  'cookie' => 'Hm_lvt_1769181352e9adc950166aada465644e=1539857678,1540025311,1540089729,1540256454; Hm_lpvt_1769181352e9adc950166aada465644e=1540256478',
)
[ info ] [ PARAM ] array (
  'id' => '210',
)
[ info ] [ RUN ] app\admin\controller\Show->showNote[ /var/www/html/daily/application/admin/controller/Show.php ]
[ info ] [ DB ] INIT mysql
[ info ] [ VIEW ] /var/www/html/daily/application/admin/view/show/shownote.html [ array (
  0 => 'note',
  1 => 'groups',
) ]
[ info ] [ LOG ] INIT File
[ sql ] [ DB ] CONNECT:[ UseTime:0.000619s ] mysql:host=74.120.168.12;dbname=diary;charset=utf8
[ sql ] [ SQL ] SHOW COLUMNS FROM `note` [ RunTime:0.001568s ]
[ sql ] [ SQL ] SELECT * FROM `note` WHERE  `id` = 210 LIMIT 1 [ RunTime:0.000480s ]
[ sql ] [ SQL ] SHOW COLUMNS FROM `groups` [ RunTime:0.000967s ]
[ sql ] [ SQL ] SELECT * FROM `groups` [ RunTime:0.000310s ]
---------------------------------------------------------------
[ 2018-10-23T10:14:47+08:00 ] 74.120.168.12 117.136.65.208 GET /daily/admin/show/shownote/id/210.html
[ info ] qingrang.top/daily/admin/show/shownote/id/210.html [运行时间：0.076610s][吞吐率：13.05req/s] [内存消耗：1,947.58kb] [文件加载：54]
[ info ] [ LANG ] /var/www/html/daily/thinkphp/lang/zh-cn.php
[ info ] [ ROUTE ] array (
  'type' => 'module',
  'module' => 
  array (
    0 => 'admin',
    1 => 'show',
    2 => 'shownote',
  ),
)
[ info ] [ HEADER ] array (
  'host' => 'qingrang.top',
  'connection' => 'keep-alive',
  'cache-control' => 'max-age=0',
  'upgrade-insecure-requests' => '1',
  'user-agent' => 'Mozilla/5.0 (Linux; Android 8.1.0; OE106 Build/OPM1.171019.026) AppleWebKit/537.36 (KHTML, like Gecko) Chrome/62.0.3202.84 Mobile Safari/537.36',
  'accept' => 'text/html,application/xhtml+xml,application/xml;q=0.9,image/webp,image/apng,*/*;q=0.8',
  'referer' => 'http://qingrang.top/daily/admin/show/notelst/groups/Algorithm.html',
  'accept-encoding' => 'gzip, deflate',
  'accept-language' => 'zh-CN,zh;q=0.9',
  'cookie' => 'Hm_lvt_1769181352e9adc950166aada465644e=1540025311,1540089729,1540256454,1540260910; Hm_lpvt_1769181352e9adc950166aada465644e=1540261140',
)
[ info ] [ PARAM ] array (
  'id' => '210',
)
[ info ] [ RUN ] app\admin\controller\Show->showNote[ /var/www/html/daily/application/admin/controller/Show.php ]
[ info ] [ DB ] INIT mysql
[ info ] [ VIEW ] /var/www/html/daily/application/admin/view/show/shownote.html [ array (
  0 => 'note',
  1 => 'groups',
) ]
[ info ] [ LOG ] INIT File
[ sql ] [ DB ] CONNECT:[ UseTime:0.001956s ] mysql:host=74.120.168.12;dbname=diary;charset=utf8
[ sql ] [ SQL ] SHOW COLUMNS FROM `note` [ RunTime:0.002974s ]
[ sql ] [ SQL ] SELECT * FROM `note` WHERE  `id` = 210 LIMIT 1 [ RunTime:0.000821s ]
[ sql ] [ SQL ] SHOW COLUMNS FROM `groups` [ RunTime:0.001070s ]
[ sql ] [ SQL ] SELECT * FROM `groups` [ RunTime:0.000361s ]
---------------------------------------------------------------
[ 2018-10-23T10:15:36+08:00 ] 74.120.168.12 117.136.65.208 GET /daily/admin/login/index.html
[ info ] qingrang.top/daily/admin/login/index.html [运行时间：0.044402s][吞吐率：22.52req/s] [内存消耗：1,340.27kb] [文件加载：47]
[ info ] [ LANG ] /var/www/html/daily/thinkphp/lang/zh-cn.php
[ info ] [ ROUTE ] array (
  'type' => 'module',
  'module' => 
  array (
    0 => 'admin',
    1 => 'login',
    2 => 'index',
  ),
)
[ info ] [ HEADER ] array (
  'host' => 'qingrang.top',
  'connection' => 'keep-alive',
  'upgrade-insecure-requests' => '1',
  'user-agent' => 'Mozilla/5.0 (Linux; Android 8.1.0; OE106 Build/OPM1.171019.026) AppleWebKit/537.36 (KHTML, like Gecko) Chrome/62.0.3202.84 Mobile Safari/537.36',
  'accept' => 'text/html,application/xhtml+xml,application/xml;q=0.9,image/webp,image/apng,*/*;q=0.8',
  'accept-encoding' => 'gzip, deflate',
  'accept-language' => 'zh-CN,zh;q=0.9',
  'cookie' => 'Hm_lvt_1769181352e9adc950166aada465644e=1540025311,1540089729,1540256454,1540260910; Hm_lpvt_1769181352e9adc950166aada465644e=1540261201',
)
[ info ] [ PARAM ] array (
)
[ info ] [ RUN ] app\admin\controller\Login->index[ /var/www/html/daily/application/admin/controller/Login.php ]
[ info ] [ VIEW ] /var/www/html/daily/application/admin/view/login/index.html [ array (
) ]
[ info ] [ LOG ] INIT File
---------------------------------------------------------------
[ 2018-10-23T10:15:38+08:00 ] 74.120.168.12 117.136.65.208 POST /daily/admin/login/index.html
[ info ] qingrang.top/daily/admin/login/index.html [运行时间：0.063857s][吞吐率：15.66req/s] [内存消耗：1,922.48kb] [文件加载：54]
[ info ] [ LANG ] /var/www/html/daily/thinkphp/lang/zh-cn.php
[ info ] [ ROUTE ] array (
  'type' => 'module',
  'module' => 
  array (
    0 => 'admin',
    1 => 'login',
    2 => 'index',
  ),
)
[ info ] [ HEADER ] array (
  'host' => 'qingrang.top',
  'connection' => 'keep-alive',
  'content-length' => '8',
  'cache-control' => 'max-age=0',
  'origin' => 'http://qingrang.top',
  'upgrade-insecure-requests' => '1',
  'user-agent' => 'Mozilla/5.0 (Linux; Android 8.1.0; OE106 Build/OPM1.171019.026) AppleWebKit/537.36 (KHTML, like Gecko) Chrome/62.0.3202.84 Mobile Safari/537.36',
  'content-type' => 'application/x-www-form-urlencoded',
  'accept' => 'text/html,application/xhtml+xml,application/xml;q=0.9,image/webp,image/apng,*/*;q=0.8',
  'referer' => 'http://qingrang.top/daily/admin/login/index.html',
  'accept-encoding' => 'gzip, deflate',
  'accept-language' => 'zh-CN,zh;q=0.9',
  'cookie' => 'Hm_lvt_1769181352e9adc950166aada465644e=1540025311,1540089729,1540256454,1540260910; Hm_lpvt_1769181352e9adc950166aada465644e=1540261201',
)
[ info ] [ PARAM ] array (
  'pwd' => 'shao',
)
[ info ] [ RUN ] app\admin\controller\Login->index[ /var/www/html/daily/application/admin/controller/Login.php ]
[ info ] [ DB ] INIT mysql
[ info ] [ SESSION ] INIT array (
  'id' => '',
  'var_session_id' => '',
  'prefix' => 'think',
  'type' => '',
  'auto_start' => true,
)
[ info ] [ LOG ] INIT File
[ sql ] [ DB ] CONNECT:[ UseTime:0.000707s ] mysql:host=74.120.168.12;dbname=diary;charset=utf8
[ sql ] [ SQL ] SHOW COLUMNS FROM `admin` [ RunTime:0.001321s ]
[ sql ] [ SQL ] SELECT * FROM `admin` WHERE  `id` = 1 LIMIT 1 [ RunTime:0.000383s ]
---------------------------------------------------------------
[ 2018-10-23T10:15:39+08:00 ] 74.120.168.12 117.136.65.208 GET /daily/admin/note
[ info ] qingrang.top/daily/admin/note [运行时间：0.086617s][吞吐率：11.55req/s] [内存消耗：2,238.16kb] [文件加载：56]
[ info ] [ LANG ] /var/www/html/daily/thinkphp/lang/zh-cn.php
[ info ] [ ROUTE ] array (
  'type' => 'module',
  'module' => 
  array (
    0 => 'admin',
    1 => 'note',
    2 => NULL,
  ),
)
[ info ] [ HEADER ] array (
  'host' => 'qingrang.top',
  'connection' => 'keep-alive',
  'cache-control' => 'max-age=0',
  'upgrade-insecure-requests' => '1',
  'user-agent' => 'Mozilla/5.0 (Linux; Android 8.1.0; OE106 Build/OPM1.171019.026) AppleWebKit/537.36 (KHTML, like Gecko) Chrome/62.0.3202.84 Mobile Safari/537.36',
  'accept' => 'text/html,application/xhtml+xml,application/xml;q=0.9,image/webp,image/apng,*/*;q=0.8',
  'referer' => 'http://qingrang.top/daily/admin/login/index.html',
  'accept-encoding' => 'gzip, deflate',
  'accept-language' => 'zh-CN,zh;q=0.9',
  'cookie' => 'Hm_lvt_1769181352e9adc950166aada465644e=1540025311,1540089729,1540256454,1540260910; Hm_lpvt_1769181352e9adc950166aada465644e=1540261201; PHPSESSID=9g3kjfas0m9uh0kl2h16a0jh90',
)
[ info ] [ PARAM ] array (
)
[ info ] [ SESSION ] INIT array (
  'id' => '',
  'var_session_id' => '',
  'prefix' => 'think',
  'type' => '',
  'auto_start' => true,
)
[ info ] [ RUN ] app\admin\controller\Note->notelst[ /var/www/html/daily/application/admin/controller/Note.php ]
[ info ] [ DB ] INIT mysql
[ info ] [ VIEW ] /var/www/html/daily/application/admin/view/note/notelst.html [ array (
  0 => 'stickList',
  1 => 'hide',
  2 => 'list',
  3 => 'list_new',
  4 => 'groups',
  5 => 'groups0',
  6 => 'groups1',
  7 => 'groups2',
  8 => 'count',
  9 => 'year',
  10 => 'default_num',
) ]
[ info ] [ LOG ] INIT File
[ sql ] [ DB ] CONNECT:[ UseTime:0.000711s ] mysql:host=74.120.168.12;dbname=diary;charset=utf8
[ sql ] [ SQL ] SHOW COLUMNS FROM `note` [ RunTime:0.001417s ]
[ sql ] [ SQL ] SELECT * FROM `note` WHERE  `groups` <> 'Personal'  AND `is_show` = 1 ORDER BY date desc,id desc [ RunTime:0.003506s ]
[ sql ] [ SQL ] SELECT * FROM `note` WHERE  `groups` <> 'Personal' ORDER BY id desc LIMIT 5 [ RunTime:0.000575s ]
[ sql ] [ SQL ] SHOW COLUMNS FROM `config` [ RunTime:0.000993s ]
[ sql ] [ SQL ] SELECT * FROM `config` WHERE  `name` = 'hide' LIMIT 1 [ RunTime:0.000442s ]
[ sql ] [ SQL ] SELECT * FROM `note` WHERE  `id` < 5 [ RunTime:0.000570s ]
[ sql ] [ SQL ] SHOW COLUMNS FROM `groups` [ RunTime:0.000885s ]
[ sql ] [ SQL ] SELECT * FROM `groups` [ RunTime:0.000287s ]
[ sql ] [ SQL ] SELECT * FROM `groups` WHERE  `parent_id` = 0  AND `id` <> 2 ORDER BY `groups` [ RunTime:0.000429s ]
[ sql ] [ SQL ] SELECT `groups` FROM `groups` WHERE  `parent_id` = 1 [ RunTime:0.000335s ]
[ sql ] [ SQL ] SELECT * FROM `groups` WHERE  `parent_id` = 2 ORDER BY `groups` [ RunTime:0.000379s ]
[ sql ] [ SQL ] SELECT COUNT(*) AS tp_count FROM `note` WHERE  `groups` = 'Default' LIMIT 1 [ RunTime:0.001340s ]
[ sql ] [ SQL ] SELECT COUNT(*) AS tp_count FROM `note` LIMIT 1 [ RunTime:0.000361s ]
[ sql ] [ SQL ] SHOW COLUMNS FROM `yearlist` [ RunTime:0.001853s ]
[ sql ] [ SQL ] SELECT DISTINCT  `year` FROM `yearlist` ORDER BY year desc [ RunTime:0.000835s ]
---------------------------------------------------------------
[ 2018-10-23T10:15:44+08:00 ] 74.120.168.12 117.136.65.208 GET /daily/admin/note/shownote/id/210.html
[ info ] qingrang.top/daily/admin/note/shownote/id/210.html [运行时间：0.058340s][吞吐率：17.14req/s] [内存消耗：1,989.23kb] [文件加载：55]
[ info ] [ LANG ] /var/www/html/daily/thinkphp/lang/zh-cn.php
[ info ] [ ROUTE ] array (
  'type' => 'module',
  'module' => 
  array (
    0 => 'admin',
    1 => 'note',
    2 => 'shownote',
  ),
)
[ info ] [ HEADER ] array (
  'host' => 'qingrang.top',
  'connection' => 'keep-alive',
  'upgrade-insecure-requests' => '1',
  'user-agent' => 'Mozilla/5.0 (Linux; Android 8.1.0; OE106 Build/OPM1.171019.026) AppleWebKit/537.36 (KHTML, like Gecko) Chrome/62.0.3202.84 Mobile Safari/537.36',
  'accept' => 'text/html,application/xhtml+xml,application/xml;q=0.9,image/webp,image/apng,*/*;q=0.8',
  'referer' => 'http://qingrang.top/daily/admin/note',
  'accept-encoding' => 'gzip, deflate',
  'accept-language' => 'zh-CN,zh;q=0.9',
  'cookie' => 'Hm_lvt_1769181352e9adc950166aada465644e=1540025311,1540089729,1540256454,1540260910; Hm_lpvt_1769181352e9adc950166aada465644e=1540261201; PHPSESSID=9g3kjfas0m9uh0kl2h16a0jh90',
)
[ info ] [ PARAM ] array (
  'id' => '210',
)
[ info ] [ SESSION ] INIT array (
  'id' => '',
  'var_session_id' => '',
  'prefix' => 'think',
  'type' => '',
  'auto_start' => true,
)
[ info ] [ RUN ] app\admin\controller\Note->showNote[ /var/www/html/daily/application/admin/controller/Note.php ]
[ info ] [ DB ] INIT mysql
[ info ] [ VIEW ] /var/www/html/daily/application/admin/view/note/shownote.html [ array (
  0 => 'note',
  1 => 'groups',
) ]
[ info ] [ LOG ] INIT File
[ sql ] [ DB ] CONNECT:[ UseTime:0.000605s ] mysql:host=74.120.168.12;dbname=diary;charset=utf8
[ sql ] [ SQL ] SHOW COLUMNS FROM `note` [ RunTime:0.001460s ]
[ sql ] [ SQL ] SELECT * FROM `note` WHERE  `id` = 210 LIMIT 1 [ RunTime:0.000539s ]
[ sql ] [ SQL ] SHOW COLUMNS FROM `groups` [ RunTime:0.000917s ]
[ sql ] [ SQL ] SELECT * FROM `groups` [ RunTime:0.000304s ]
---------------------------------------------------------------
[ 2018-10-23T10:16:08+08:00 ] 74.120.168.12 117.136.65.208 GET /daily/admin/note/shownote/id/210.html
[ info ] qingrang.top/daily/admin/note/shownote/id/210.html [运行时间：0.082244s][吞吐率：12.16req/s] [内存消耗：1,989.22kb] [文件加载：55]
[ info ] [ LANG ] /var/www/html/daily/thinkphp/lang/zh-cn.php
[ info ] [ ROUTE ] array (
  'type' => 'module',
  'module' => 
  array (
    0 => 'admin',
    1 => 'note',
    2 => 'shownote',
  ),
)
[ info ] [ HEADER ] array (
  'host' => 'qingrang.top',
  'connection' => 'keep-alive',
  'cache-control' => 'max-age=0',
  'upgrade-insecure-requests' => '1',
  'user-agent' => 'Mozilla/5.0 (X11; Linux x86_64) AppleWebKit/537.36 (KHTML, like Gecko) Chrome/62.0.3202.84 Safari/537.36',
  'accept' => 'text/html,application/xhtml+xml,application/xml;q=0.9,image/webp,image/apng,*/*;q=0.8',
  'accept-encoding' => 'gzip, deflate',
  'accept-language' => 'zh-CN,zh;q=0.9',
  'cookie' => 'Hm_lvt_1769181352e9adc950166aada465644e=1540025311,1540089729,1540256454,1540260910; Hm_lpvt_1769181352e9adc950166aada465644e=1540261201; PHPSESSID=9g3kjfas0m9uh0kl2h16a0jh90',
)
[ info ] [ PARAM ] array (
  'id' => '210',
)
[ info ] [ SESSION ] INIT array (
  'id' => '',
  'var_session_id' => '',
  'prefix' => 'think',
  'type' => '',
  'auto_start' => true,
)
[ info ] [ RUN ] app\admin\controller\Note->showNote[ /var/www/html/daily/application/admin/controller/Note.php ]
[ info ] [ DB ] INIT mysql
[ info ] [ VIEW ] /var/www/html/daily/application/admin/view/note/shownote.html [ array (
  0 => 'note',
  1 => 'groups',
) ]
[ info ] [ LOG ] INIT File
[ sql ] [ DB ] CONNECT:[ UseTime:0.000763s ] mysql:host=74.120.168.12;dbname=diary;charset=utf8
[ sql ] [ SQL ] SHOW COLUMNS FROM `note` [ RunTime:0.001965s ]
[ sql ] [ SQL ] SELECT * FROM `note` WHERE  `id` = 210 LIMIT 1 [ RunTime:0.000708s ]
[ sql ] [ SQL ] SHOW COLUMNS FROM `groups` [ RunTime:0.001514s ]
[ sql ] [ SQL ] SELECT * FROM `groups` [ RunTime:0.000421s ]
---------------------------------------------------------------
[ 2018-10-23T10:16:35+08:00 ] 74.120.168.12 117.136.65.208 GET /daily/admin/show/notelst/groups/Algorithm.html
[ info ] qingrang.top/daily/admin/show/notelst/groups/Algorithm.html [运行时间：0.072057s][吞吐率：13.88req/s] [内存消耗：2,104.98kb] [文件加载：58]
[ info ] [ LANG ] /var/www/html/daily/thinkphp/lang/zh-cn.php
[ info ] [ ROUTE ] array (
  'type' => 'module',
  'module' => 
  array (
    0 => 'admin',
    1 => 'show',
    2 => 'notelst',
  ),
)
[ info ] [ HEADER ] array (
  'host' => 'qingrang.top',
  'connection' => 'keep-alive',
  'upgrade-insecure-requests' => '1',
  'user-agent' => 'Mozilla/5.0 (Linux; Android 8.1.0; OE106 Build/OPM1.171019.026) AppleWebKit/537.36 (KHTML, like Gecko) Chrome/62.0.3202.84 Mobile Safari/537.36',
  'accept' => 'text/html,application/xhtml+xml,application/xml;q=0.9,image/webp,image/apng,*/*;q=0.8',
  'referer' => 'http://qingrang.top/daily/',
  'accept-encoding' => 'gzip, deflate',
  'accept-language' => 'zh-CN,zh;q=0.9',
  'cookie' => 'Hm_lvt_1769181352e9adc950166aada465644e=1540025311,1540089729,1540256454,1540260910; Hm_lpvt_1769181352e9adc950166aada465644e=1540261297; PHPSESSID=9g3kjfas0m9uh0kl2h16a0jh90',
)
[ info ] [ PARAM ] array (
  'groups' => 'Algorithm',
)
[ info ] [ RUN ] app\admin\controller\Show->notelst[ /var/www/html/daily/application/admin/controller/Show.php ]
[ info ] [ DB ] INIT mysql
[ info ] [ VIEW ] /var/www/html/daily/application/admin/view/show/notelst.html [ array (
  0 => 'list_new',
  1 => 'groups',
  2 => 'groups0',
  3 => 'groups1',
  4 => 'groups2',
  5 => 'groupname',
  6 => 'content',
) ]
[ info ] [ LOG ] INIT File
[ sql ] [ DB ] CONNECT:[ UseTime:0.000560s ] mysql:host=74.120.168.12;dbname=diary;charset=utf8
[ sql ] [ SQL ] SHOW COLUMNS FROM `note` [ RunTime:0.001413s ]
[ sql ] [ SQL ] SELECT `content` FROM `note` WHERE  (  id=32 ) LIMIT 1 [ RunTime:0.000574s ]
[ sql ] [ SQL ] SELECT COUNT(*) AS tp_count FROM `note` WHERE  `groups` <> 'Personal'  AND `publish` = 1 LIMIT 1 [ RunTime:0.001270s ]
[ sql ] [ SQL ] SELECT * FROM `note` WHERE  `groups` <> 'Personal'  AND `publish` = 1 ORDER BY id desc LIMIT 0,6 [ RunTime:0.000698s ]
[ sql ] [ SQL ] SELECT COUNT(*) AS tp_count FROM `note` WHERE  ( `groups` <> 'Personal' AND `groups` = 'Algorithm' )  AND `publish` = 1 LIMIT 1 [ RunTime:0.001186s ]
[ sql ] [ SQL ] SELECT * FROM `note` WHERE  ( `groups` <> 'Personal' AND `groups` = 'Algorithm' )  AND `publish` = 1 ORDER BY id desc LIMIT 0,6 [ RunTime:0.001590s ]
[ sql ] [ SQL ] SHOW COLUMNS FROM `groups` [ RunTime:0.001181s ]
[ sql ] [ SQL ] SELECT * FROM `groups` WHERE  `groups` <> 'Personal' [ RunTime:0.000352s ]
[ sql ] [ SQL ] SELECT * FROM `groups` WHERE  `parent_id` = 0  AND `groups` <> 'Personal'  AND `id` <> 2 ORDER BY `groups` [ RunTime:0.000454s ]
[ sql ] [ SQL ] SELECT `groups` FROM `groups` WHERE  `parent_id` = 1  AND `groups` <> 'Personal' [ RunTime:0.000308s ]
[ sql ] [ SQL ] SELECT * FROM `groups` WHERE  `parent_id` = 2 ORDER BY `groups` [ RunTime:0.000421s ]
---------------------------------------------------------------
[ 2018-10-23T10:16:38+08:00 ] 74.120.168.12 117.136.65.208 GET /daily/admin/show/shownote/id/210.html
[ info ] qingrang.top/daily/admin/show/shownote/id/210.html [运行时间：0.088528s][吞吐率：11.30req/s] [内存消耗：1,947.42kb] [文件加载：54]
[ info ] [ LANG ] /var/www/html/daily/thinkphp/lang/zh-cn.php
[ info ] [ ROUTE ] array (
  'type' => 'module',
  'module' => 
  array (
    0 => 'admin',
    1 => 'show',
    2 => 'shownote',
  ),
)
[ info ] [ HEADER ] array (
  'host' => 'qingrang.top',
  'connection' => 'keep-alive',
  'upgrade-insecure-requests' => '1',
  'user-agent' => 'Mozilla/5.0 (Linux; Android 8.1.0; OE106 Build/OPM1.171019.026) AppleWebKit/537.36 (KHTML, like Gecko) Chrome/62.0.3202.84 Mobile Safari/537.36',
  'accept' => 'text/html,application/xhtml+xml,application/xml;q=0.9,image/webp,image/apng,*/*;q=0.8',
  'referer' => 'http://qingrang.top/daily/admin/show/notelst/groups/Algorithm.html',
  'accept-encoding' => 'gzip, deflate',
  'accept-language' => 'zh-CN,zh;q=0.9',
  'cookie' => 'Hm_lvt_1769181352e9adc950166aada465644e=1540025311,1540089729,1540256454,1540260910; Hm_lpvt_1769181352e9adc950166aada465644e=1540261297; PHPSESSID=9g3kjfas0m9uh0kl2h16a0jh90',
)
[ info ] [ PARAM ] array (
  'id' => '210',
)
[ info ] [ RUN ] app\admin\controller\Show->showNote[ /var/www/html/daily/application/admin/controller/Show.php ]
[ info ] [ DB ] INIT mysql
[ info ] [ VIEW ] /var/www/html/daily/application/admin/view/show/shownote.html [ array (
  0 => 'note',
  1 => 'groups',
) ]
[ info ] [ LOG ] INIT File
[ sql ] [ DB ] CONNECT:[ UseTime:0.000820s ] mysql:host=74.120.168.12;dbname=diary;charset=utf8
[ sql ] [ SQL ] SHOW COLUMNS FROM `note` [ RunTime:0.002057s ]
[ sql ] [ SQL ] SELECT * FROM `note` WHERE  `id` = 210 LIMIT 1 [ RunTime:0.000666s ]
[ sql ] [ SQL ] SHOW COLUMNS FROM `groups` [ RunTime:0.001534s ]
[ sql ] [ SQL ] SELECT * FROM `groups` [ RunTime:0.000429s ]
---------------------------------------------------------------
[ 2018-10-23T18:30:17+08:00 ] 74.120.168.12 74.120.168.12 GET /daily/admin/login/index.html
[ info ] qingrang.top/daily/admin/login/index.html [运行时间：0.042796s][吞吐率：23.37req/s] [内存消耗：1,339.92kb] [文件加载：47]
[ info ] [ LANG ] /var/www/html/daily/thinkphp/lang/zh-cn.php
[ info ] [ ROUTE ] array (
  'type' => 'module',
  'module' => 
  array (
    0 => 'admin',
    1 => 'login',
    2 => 'index',
  ),
)
[ info ] [ HEADER ] array (
  'host' => 'qingrang.top',
  'upgrade-insecure-requests' => '1',
  'user-agent' => 'Mozilla/5.0 (Windows NT 10.0; Win64; x64) AppleWebKit/537.36 (KHTML, like Gecko) Chrome/69.0.3497.100 Safari/537.36',
  'accept' => 'text/html,application/xhtml+xml,application/xml;q=0.9,image/webp,image/apng,*/*;q=0.8',
  'accept-encoding' => 'gzip, deflate',
  'accept-language' => 'zh-CN,zh;q=0.9,la;q=0.8,en;q=0.7,lb;q=0.6',
  'cookie' => 'Hm_lvt_1769181352e9adc950166aada465644e=1539846308,1540133692,1540187497',
  'connection' => 'close',
)
[ info ] [ PARAM ] array (
)
[ info ] [ RUN ] app\admin\controller\Login->index[ /var/www/html/daily/application/admin/controller/Login.php ]
[ info ] [ VIEW ] /var/www/html/daily/application/admin/view/login/index.html [ array (
) ]
[ info ] [ LOG ] INIT File
---------------------------------------------------------------
[ 2018-10-23T18:33:16+08:00 ] 74.120.168.12 74.120.168.12 GET /daily/admin/note
[ info ] qingrang.top/daily/admin/note [运行时间：0.044637s][吞吐率：22.40req/s] [内存消耗：1,428.34kb] [文件加载：49]
[ info ] [ LANG ] /var/www/html/daily/thinkphp/lang/zh-cn.php
[ info ] [ ROUTE ] array (
  'type' => 'module',
  'module' => 
  array (
    0 => 'admin',
    1 => 'note',
    2 => NULL,
  ),
)
[ info ] [ HEADER ] array (
  'host' => 'qingrang.top',
  'upgrade-insecure-requests' => '1',
  'user-agent' => 'Mozilla/5.0 (Windows NT 10.0; Win64; x64) AppleWebKit/537.36 (KHTML, like Gecko) Chrome/69.0.3497.100 Safari/537.36',
  'accept' => 'text/html,application/xhtml+xml,application/xml;q=0.9,image/webp,image/apng,*/*;q=0.8',
  'accept-encoding' => 'gzip, deflate',
  'accept-language' => 'zh-CN,zh;q=0.9,la;q=0.8,en;q=0.7,lb;q=0.6',
  'cookie' => 'Hm_lvt_1769181352e9adc950166aada465644e=1539846308,1540133692,1540187497',
  'connection' => 'close',
)
[ info ] [ PARAM ] array (
)
[ info ] [ SESSION ] INIT array (
  'id' => '',
  'var_session_id' => '',
  'prefix' => 'think',
  'type' => '',
  'auto_start' => true,
)
[ info ] [ VIEW ] /var/www/html/daily/thinkphp/tpl/dispatch_jump.tpl [ array (
  0 => 'code',
  1 => 'msg',
  2 => 'data',
  3 => 'url',
  4 => 'wait',
) ]
[ info ] [ LOG ] INIT File
---------------------------------------------------------------
[ 2018-10-23T18:33:19+08:00 ] 74.120.168.12 74.120.168.12 GET /daily/admin/login/index.html
[ info ] qingrang.top/daily/admin/login/index.html [运行时间：0.043382s][吞吐率：23.05req/s] [内存消耗：1,340.72kb] [文件加载：47]
[ info ] [ LANG ] /var/www/html/daily/thinkphp/lang/zh-cn.php
[ info ] [ ROUTE ] array (
  'type' => 'module',
  'module' => 
  array (
    0 => 'admin',
    1 => 'login',
    2 => 'index',
  ),
)
[ info ] [ HEADER ] array (
  'host' => 'qingrang.top',
  'upgrade-insecure-requests' => '1',
  'user-agent' => 'Mozilla/5.0 (Windows NT 10.0; Win64; x64) AppleWebKit/537.36 (KHTML, like Gecko) Chrome/69.0.3497.100 Safari/537.36',
  'accept' => 'text/html,application/xhtml+xml,application/xml;q=0.9,image/webp,image/apng,*/*;q=0.8',
  'referer' => 'http://qingrang.top/daily/admin/note',
  'accept-encoding' => 'gzip, deflate',
  'accept-language' => 'zh-CN,zh;q=0.9,la;q=0.8,en;q=0.7,lb;q=0.6',
  'cookie' => 'Hm_lvt_1769181352e9adc950166aada465644e=1539846308,1540133692,1540187497; PHPSESSID=q6hedv03ncirmb952n89ad9cd4',
  'connection' => 'close',
)
[ info ] [ PARAM ] array (
)
[ info ] [ RUN ] app\admin\controller\Login->index[ /var/www/html/daily/application/admin/controller/Login.php ]
[ info ] [ VIEW ] /var/www/html/daily/application/admin/view/login/index.html [ array (
) ]
[ info ] [ LOG ] INIT File
---------------------------------------------------------------
[ 2018-10-23T18:33:22+08:00 ] 74.120.168.12 74.120.168.12 POST /daily/admin/login/index.html
[ info ] qingrang.top/daily/admin/login/index.html [运行时间：0.059812s][吞吐率：16.72req/s] [内存消耗：1,922.43kb] [文件加载：54]
[ info ] [ LANG ] /var/www/html/daily/thinkphp/lang/zh-cn.php
[ info ] [ ROUTE ] array (
  'type' => 'module',
  'module' => 
  array (
    0 => 'admin',
    1 => 'login',
    2 => 'index',
  ),
)
[ info ] [ HEADER ] array (
  'host' => 'qingrang.top',
  'content-length' => '8',
  'cache-control' => 'max-age=0',
  'origin' => 'http://qingrang.top',
  'upgrade-insecure-requests' => '1',
  'content-type' => 'application/x-www-form-urlencoded',
  'user-agent' => 'Mozilla/5.0 (Windows NT 10.0; Win64; x64) AppleWebKit/537.36 (KHTML, like Gecko) Chrome/69.0.3497.100 Safari/537.36',
  'accept' => 'text/html,application/xhtml+xml,application/xml;q=0.9,image/webp,image/apng,*/*;q=0.8',
  'referer' => 'http://qingrang.top/daily/admin/login/index.html',
  'accept-encoding' => 'gzip, deflate',
  'accept-language' => 'zh-CN,zh;q=0.9,la;q=0.8,en;q=0.7,lb;q=0.6',
  'cookie' => 'Hm_lvt_1769181352e9adc950166aada465644e=1539846308,1540133692,1540187497; PHPSESSID=q6hedv03ncirmb952n89ad9cd4',
  'connection' => 'close',
)
[ info ] [ PARAM ] array (
  'pwd' => 'shao',
)
[ info ] [ RUN ] app\admin\controller\Login->index[ /var/www/html/daily/application/admin/controller/Login.php ]
[ info ] [ DB ] INIT mysql
[ info ] [ SESSION ] INIT array (
  'id' => '',
  'var_session_id' => '',
  'prefix' => 'think',
  'type' => '',
  'auto_start' => true,
)
[ info ] [ LOG ] INIT File
[ sql ] [ DB ] CONNECT:[ UseTime:0.001532s ] mysql:host=74.120.168.12;dbname=diary;charset=utf8
[ sql ] [ SQL ] SHOW COLUMNS FROM `admin` [ RunTime:0.003405s ]
[ sql ] [ SQL ] SELECT * FROM `admin` WHERE  `id` = 1 LIMIT 1 [ RunTime:0.000615s ]
---------------------------------------------------------------
[ 2018-10-23T18:33:23+08:00 ] 74.120.168.12 74.120.168.12 GET /daily/admin/note
[ info ] qingrang.top/daily/admin/note [运行时间：0.087004s][吞吐率：11.49req/s] [内存消耗：2,238.25kb] [文件加载：56]
[ info ] [ LANG ] /var/www/html/daily/thinkphp/lang/zh-cn.php
[ info ] [ ROUTE ] array (
  'type' => 'module',
  'module' => 
  array (
    0 => 'admin',
    1 => 'note',
    2 => NULL,
  ),
)
[ info ] [ HEADER ] array (
  'host' => 'qingrang.top',
  'cache-control' => 'max-age=0',
  'upgrade-insecure-requests' => '1',
  'user-agent' => 'Mozilla/5.0 (Windows NT 10.0; Win64; x64) AppleWebKit/537.36 (KHTML, like Gecko) Chrome/69.0.3497.100 Safari/537.36',
  'accept' => 'text/html,application/xhtml+xml,application/xml;q=0.9,image/webp,image/apng,*/*;q=0.8',
  'referer' => 'http://qingrang.top/daily/admin/login/index.html',
  'accept-encoding' => 'gzip, deflate',
  'accept-language' => 'zh-CN,zh;q=0.9,la;q=0.8,en;q=0.7,lb;q=0.6',
  'cookie' => 'Hm_lvt_1769181352e9adc950166aada465644e=1539846308,1540133692,1540187497; PHPSESSID=q6hedv03ncirmb952n89ad9cd4',
  'connection' => 'close',
)
[ info ] [ PARAM ] array (
)
[ info ] [ SESSION ] INIT array (
  'id' => '',
  'var_session_id' => '',
  'prefix' => 'think',
  'type' => '',
  'auto_start' => true,
)
[ info ] [ RUN ] app\admin\controller\Note->notelst[ /var/www/html/daily/application/admin/controller/Note.php ]
[ info ] [ DB ] INIT mysql
[ info ] [ VIEW ] /var/www/html/daily/application/admin/view/note/notelst.html [ array (
  0 => 'stickList',
  1 => 'hide',
  2 => 'list',
  3 => 'list_new',
  4 => 'groups',
  5 => 'groups0',
  6 => 'groups1',
  7 => 'groups2',
  8 => 'count',
  9 => 'year',
  10 => 'default_num',
) ]
[ info ] [ LOG ] INIT File
[ sql ] [ DB ] CONNECT:[ UseTime:0.000819s ] mysql:host=74.120.168.12;dbname=diary;charset=utf8
[ sql ] [ SQL ] SHOW COLUMNS FROM `note` [ RunTime:0.001555s ]
[ sql ] [ SQL ] SELECT * FROM `note` WHERE  `groups` <> 'Personal'  AND `is_show` = 1 ORDER BY date desc,id desc [ RunTime:0.005651s ]
[ sql ] [ SQL ] SELECT * FROM `note` WHERE  `groups` <> 'Personal' ORDER BY id desc LIMIT 5 [ RunTime:0.000815s ]
[ sql ] [ SQL ] SHOW COLUMNS FROM `config` [ RunTime:0.001153s ]
[ sql ] [ SQL ] SELECT * FROM `config` WHERE  `name` = 'hide' LIMIT 1 [ RunTime:0.000362s ]
[ sql ] [ SQL ] SELECT * FROM `note` WHERE  `id` < 5 [ RunTime:0.000607s ]
[ sql ] [ SQL ] SHOW COLUMNS FROM `groups` [ RunTime:0.001051s ]
[ sql ] [ SQL ] SELECT * FROM `groups` [ RunTime:0.000447s ]
[ sql ] [ SQL ] SELECT * FROM `groups` WHERE  `parent_id` = 0  AND `id` <> 2 ORDER BY `groups` [ RunTime:0.000474s ]
[ sql ] [ SQL ] SELECT `groups` FROM `groups` WHERE  `parent_id` = 1 [ RunTime:0.000306s ]
[ sql ] [ SQL ] SELECT * FROM `groups` WHERE  `parent_id` = 2 ORDER BY `groups` [ RunTime:0.000420s ]
[ sql ] [ SQL ] SELECT COUNT(*) AS tp_count FROM `note` WHERE  `groups` = 'Default' LIMIT 1 [ RunTime:0.001279s ]
[ sql ] [ SQL ] SELECT COUNT(*) AS tp_count FROM `note` LIMIT 1 [ RunTime:0.000266s ]
[ sql ] [ SQL ] SHOW COLUMNS FROM `yearlist` [ RunTime:0.001310s ]
[ sql ] [ SQL ] SELECT DISTINCT  `year` FROM `yearlist` ORDER BY year desc [ RunTime:0.000903s ]
---------------------------------------------------------------
[ 2018-10-23T18:33:39+08:00 ] 74.120.168.12 74.120.168.12 GET /daily/admin/note/editnote/id/208.html
[ info ] qingrang.top/daily/admin/note/editnote/id/208.html [运行时间：0.060843s][吞吐率：16.44req/s] [内存消耗：2,029.67kb] [文件加载：56]
[ info ] [ LANG ] /var/www/html/daily/thinkphp/lang/zh-cn.php
[ info ] [ ROUTE ] array (
  'type' => 'module',
  'module' => 
  array (
    0 => 'admin',
    1 => 'note',
    2 => 'editnote',
  ),
)
[ info ] [ HEADER ] array (
  'host' => 'qingrang.top',
  'upgrade-insecure-requests' => '1',
  'user-agent' => 'Mozilla/5.0 (Windows NT 10.0; Win64; x64) AppleWebKit/537.36 (KHTML, like Gecko) Chrome/69.0.3497.100 Safari/537.36',
  'accept' => 'text/html,application/xhtml+xml,application/xml;q=0.9,image/webp,image/apng,*/*;q=0.8',
  'referer' => 'http://qingrang.top/daily/admin/note',
  'accept-encoding' => 'gzip, deflate',
  'accept-language' => 'zh-CN,zh;q=0.9,la;q=0.8,en;q=0.7,lb;q=0.6',
  'cookie' => 'Hm_lvt_1769181352e9adc950166aada465644e=1539846308,1540133692,1540187497; PHPSESSID=q6hedv03ncirmb952n89ad9cd4',
  'connection' => 'close',
)
[ info ] [ PARAM ] array (
  'id' => '208',
)
[ info ] [ SESSION ] INIT array (
  'id' => '',
  'var_session_id' => '',
  'prefix' => 'think',
  'type' => '',
  'auto_start' => true,
)
[ info ] [ RUN ] app\admin\controller\Note->editNote[ /var/www/html/daily/application/admin/controller/Note.php ]
[ info ] [ DB ] INIT mysql
[ info ] [ VIEW ] /var/www/html/daily/application/admin/view/note/editnote.html [ array (
  0 => 'note',
  1 => 'groups',
) ]
[ info ] [ LOG ] INIT File
[ sql ] [ DB ] CONNECT:[ UseTime:0.000750s ] mysql:host=74.120.168.12;dbname=diary;charset=utf8
[ sql ] [ SQL ] SHOW COLUMNS FROM `note` [ RunTime:0.001789s ]
[ sql ] [ SQL ] SELECT * FROM `note` WHERE  `id` = 208 LIMIT 1 [ RunTime:0.000598s ]
[ sql ] [ SQL ] SHOW COLUMNS FROM `groups` [ RunTime:0.000938s ]
[ sql ] [ SQL ] SELECT * FROM `groups` [ RunTime:0.000284s ]
---------------------------------------------------------------
[ 2018-10-23T18:35:36+08:00 ] 74.120.168.12 74.120.168.12 POST /daily/admin/note/updatenote/id/208.html
[ info ] qingrang.top/daily/admin/note/updatenote/id/208.html [运行时间：0.074764s][吞吐率：13.38req/s] [内存消耗：2,066.94kb] [文件加载：58]
[ info ] [ LANG ] /var/www/html/daily/thinkphp/lang/zh-cn.php
[ info ] [ ROUTE ] array (
  'type' => 'module',
  'module' => 
  array (
    0 => 'admin',
    1 => 'note',
    2 => 'updatenote',
  ),
)
[ info ] [ HEADER ] array (
  'host' => 'qingrang.top',
  'content-length' => '5709',
  'cache-control' => 'max-age=0',
  'origin' => 'http://qingrang.top',
  'upgrade-insecure-requests' => '1',
  'content-type' => 'application/x-www-form-urlencoded',
  'user-agent' => 'Mozilla/5.0 (Windows NT 10.0; Win64; x64) AppleWebKit/537.36 (KHTML, like Gecko) Chrome/69.0.3497.100 Safari/537.36',
  'accept' => 'text/html,application/xhtml+xml,application/xml;q=0.9,image/webp,image/apng,*/*;q=0.8',
  'referer' => 'http://qingrang.top/daily/admin/note/editnote/id/208.html',
  'accept-encoding' => 'gzip, deflate',
  'accept-language' => 'zh-CN,zh;q=0.9,la;q=0.8,en;q=0.7,lb;q=0.6',
  'cookie' => 'Hm_lvt_1769181352e9adc950166aada465644e=1539846308,1540133692,1540187497; PHPSESSID=q6hedv03ncirmb952n89ad9cd4',
  'connection' => 'close',
)
[ info ] [ PARAM ] array (
  'summary' => '',
  'content' => '# Code 自定义快捷键
[TOC]
## 主流自定义
### 行操作
|含义|按键|
|-|-|
|删除行|Ctrl + d|
|向下复制行|Ctrl + b|
|移动行|Alt + Up/Down|
|上开新行|Ctrl + shift + enter|
|下开新行|Ctrl + enter|
### 注释
>行注释

Ctrl + /

>块注释

Ctrl + Shift + /
### 其他常用操作
>提示

alt + /

>添加getter、setter方法

alt + insert

>替换文本

Ctrl + R

>自动排版

ctrl + alt + l
## Sublime Text 3
### 键盘快捷键
https://blog.csdn.net/u010994304/article/details/50866634

// Ctrl+Enter
// 插入行后

// Ctrl+Shift Enter
// 插入行前

// Shift+Tab
// 去除缩进

// Tab
// 缩进

// Ctrl+KK
// 从光标处删除至行尾
```
[
	// 删除当前行
	{ "keys": ["ctrl+d"], "command":"run_macro_file", "args": {"file":"Packages/Default/Delete Line.sublime-macro"} },
	
	// 与上行互换
	{ "keys": ["alt+up"], "command":"swap_line_up" },
	// 与下行互换
	{ "keys": ["alt+down"], "command":"swap_line_down" },

	// 向下复制行
	{ "keys": ["ctrl+alt+down"], "command":"duplicate_line" },
	
	// 自动提示、补全
	{ "keys": ["alt+/"], "command":"auto_complete" },
	{ "keys": ["alt+/"], "command":"replace_completion_with_auto_complete", "context":
	[
	{ "key": "last_command", "operator":"equal", "operand": "insert_best_completion" },
	{ "key": "auto_complete_visible", "operator":"equal", "operand": false },
	{ "key": "setting.tab_completion", "operator":"equal", "operand": true }
	]
	},

	//移动光标到行首或行末
	{ "keys": ["alt+b"], "command":"move_to", "args": {"to": "bol","extend": false} },
	{ "keys": ["alt+e"], "command":"move_to", "args": {"to": "eol","extend": false} },
	//移动光标到行首或行末并选择内容
	{ "keys": ["shift+alt+b"], "command":"move_to", "args": {"to": "bol","extend": true} },
	{ "keys": ["shift+alt+e"], "command":"move_to", "args": {"to": "eol","extend": true} },

]
```
### 配置 ctrl + 鼠标左键 进行函数跳转
点击 Preferences->Browse Packages 进入 Packages 目录，然后打开 User 目录，查看User目录里面有没有`Default (Windows).sublime-mousemap`文件，如果没有则创建一个。这个文件是用来配置 sublime 的鼠标操作的。在文件中输入如下内容：
```
[
{
"button": "button2",
"count": 1,
"modifiers": ["ctrl"],
"command": "jump_back"
},


{
"button": "button1",
"count": 1,
"modifiers": ["ctrl"],
"press_command": "drag_select",
"command": "goto_definition"
}
]
```
点击保存即可。

ctrl+鼠标左键跳转到函数定义处；

ctrl+鼠标右键跳回来。
',
  'groups' => 'Basics',
  'showsel' => '1',
  'showse2' => '1',
  'id' => '208',
)
[ info ] [ SESSION ] INIT array (
  'id' => '',
  'var_session_id' => '',
  'prefix' => 'think',
  'type' => '',
  'auto_start' => true,
)
[ info ] [ RUN ] app\admin\controller\Note->updateNote[ /var/www/html/daily/application/admin/controller/Note.php ]
[ info ] [ DB ] INIT mysql
[ info ] [ CACHE ] INIT File
[ info ] [ LOG ] INIT File
[ sql ] [ DB ] CONNECT:[ UseTime:0.000723s ] mysql:host=74.120.168.12;dbname=diary;charset=utf8
[ sql ] [ SQL ] SHOW COLUMNS FROM `note` [ RunTime:0.001713s ]
[ sql ] [ SQL ] SELECT * FROM `note` WHERE  `id` = 208 LIMIT 1 [ RunTime:0.000505s ]
[ sql ] [ SQL ] SELECT `groups` FROM `note` WHERE  `id` = 208 LIMIT 1 [ RunTime:0.000339s ]
[ sql ] [ SQL ] SHOW COLUMNS FROM `groups` [ RunTime:0.000964s ]
[ sql ] [ SQL ] SELECT `parent_id` FROM `groups` WHERE  `groups` = 'Basics' LIMIT 1 [ RunTime:0.000344s ]
[ sql ] [ SQL ] SELECT `groups` FROM `groups` WHERE  `id` = 2 LIMIT 1 [ RunTime:0.000282s ]
[ sql ] [ SQL ] UPDATE `note`  SET `id`=208,`p_id`=2,`title`='Code 自定义快捷键\r',`content`='# Code 自定义快捷键\r\n[TOC]\r\n## 主流自定义\r\n### 行操作\r\n|含义|按键|\r\n|-|-|\r\n|删除行|Ctrl + d|\r\n|向下复制行|Ctrl + b|\r\n|移动行|Alt + Up/Down|\r\n|上开新行|Ctrl + shift + enter|\r\n|下开新行|Ctrl + enter|\r\n### 注释\r\n>行注释\r\n\r\nCtrl + /\r\n\r\n>块注释\r\n\r\nCtrl + Shift + /\r\n### 其他常用操作\r\n>提示\r\n\r\nalt + /\r\n\r\n>添加getter、setter方法\r\n\r\nalt + insert\r\n\r\n>替换文本\r\n\r\nCtrl + R\r\n\r\n>自动排版\r\n\r\nctrl + alt + l\r\n## Sublime Text 3\r\n### 键盘快捷键\r\nhttps://blog.csdn.net/u010994304/article/details/50866634\r\n\r\n// Ctrl+Enter\r\n// 插入行后\r\n\r\n// Ctrl+Shift Enter\r\n// 插入行前\r\n\r\n// Shift+Tab\r\n// 去除缩进\r\n\r\n// Tab\r\n// 缩进\r\n\r\n// Ctrl+KK\r\n// 从光标处删除至行尾\r\n```\r\n[\r\n	// 删除当前行\r\n	{ \"keys\": [\"ctrl+d\"], \"command\":\"run_macro_file\", \"args\": {\"file\":\"Packages/Default/Delete Line.sublime-macro\"} },\r\n	\r\n	// 与上行互换\r\n	{ \"keys\": [\"alt+up\"], \"command\":\"swap_line_up\" },\r\n	// 与下行互换\r\n	{ \"keys\": [\"alt+down\"], \"command\":\"swap_line_down\" },\r\n\r\n	// 向下复制行\r\n	{ \"keys\": [\"ctrl+alt+down\"], \"command\":\"duplicate_line\" },\r\n	\r\n	// 自动提示、补全\r\n	{ \"keys\": [\"alt+/\"], \"command\":\"auto_complete\" },\r\n	{ \"keys\": [\"alt+/\"], \"command\":\"replace_completion_with_auto_complete\", \"context\":\r\n	[\r\n	{ \"key\": \"last_command\", \"operator\":\"equal\", \"operand\": \"insert_best_completion\" },\r\n	{ \"key\": \"auto_complete_visible\", \"operator\":\"equal\", \"operand\": false },\r\n	{ \"key\": \"setting.tab_completion\", \"operator\":\"equal\", \"operand\": true }\r\n	]\r\n	},\r\n\r\n	//移动光标到行首或行末\r\n	{ \"keys\": [\"alt+b\"], \"command\":\"move_to\", \"args\": {\"to\": \"bol\",\"extend\": false} },\r\n	{ \"keys\": [\"alt+e\"], \"command\":\"move_to\", \"args\": {\"to\": \"eol\",\"extend\": false} },\r\n	//移动光标到行首或行末并选择内容\r\n	{ \"keys\": [\"shift+alt+b\"], \"command\":\"move_to\", \"args\": {\"to\": \"bol\",\"extend\": true} },\r\n	{ \"keys\": [\"shift+alt+e\"], \"command\":\"move_to\", \"args\": {\"to\": \"eol\",\"extend\": true} },\r\n\r\n]\r\n```\r\n### 配置 ctrl + 鼠标左键 进行函数跳转\r\n点击 Preferences->Browse Packages 进入 Packages 目录，然后打开 User 目录，查看User目录里面有没有`Default (Windows).sublime-mousemap`文件，如果没有则创建一个。这个文件是用来配置 sublime 的鼠标操作的。在文件中输入如下内容：\r\n```\r\n[\r\n{\r\n\"button\": \"button2\",\r\n\"count\": 1,\r\n\"modifiers\": [\"ctrl\"],\r\n\"command\": \"jump_back\"\r\n},\r\n\r\n\r\n{\r\n\"button\": \"button1\",\r\n\"count\": 1,\r\n\"modifiers\": [\"ctrl\"],\r\n\"press_command\": \"drag_select\",\r\n\"command\": \"goto_definition\"\r\n}\r\n]\r\n```\r\n点击保存即可。\r\n\r\nctrl+鼠标左键跳转到函数定义处；\r\n\r\nctrl+鼠标右键跳回来。\r\n',`groups`='Basics',`is_show`=1,`publish`=1,`summary`=''  WHERE  `id` = 208 [ RunTime:0.000773s ]
[ sql ] [ SQL ] SELECT COUNT(*) AS tp_count FROM `note` WHERE  `groups` = 'Basics' LIMIT 1 [ RunTime:0.001165s ]
[ sql ] [ SQL ] UPDATE `groups`  SET `g_count`=17  WHERE  `groups` = 'Basics' [ RunTime:0.000316s ]
[ sql ] [ SQL ] SELECT COUNT(*) AS tp_count FROM `note` WHERE  `groups` = 'Basics' LIMIT 1 [ RunTime:0.000907s ]
[ sql ] [ SQL ] UPDATE `groups`  SET `g_count`=17  WHERE  `groups` = 'Basics' [ RunTime:0.000318s ]
---------------------------------------------------------------
[ 2018-10-23T18:35:36+08:00 ] 74.120.168.12 74.120.168.12 GET /daily/admin/note/shownote/id/208.html
[ info ] qingrang.top/daily/admin/note/shownote/id/208.html [运行时间：0.064668s][吞吐率：15.46req/s] [内存消耗：1,982.45kb] [文件加载：55]
[ info ] [ LANG ] /var/www/html/daily/thinkphp/lang/zh-cn.php
[ info ] [ ROUTE ] array (
  'type' => 'module',
  'module' => 
  array (
    0 => 'admin',
    1 => 'note',
    2 => 'shownote',
  ),
)
[ info ] [ HEADER ] array (
  'host' => 'qingrang.top',
  'cache-control' => 'max-age=0',
  'upgrade-insecure-requests' => '1',
  'user-agent' => 'Mozilla/5.0 (Windows NT 10.0; Win64; x64) AppleWebKit/537.36 (KHTML, like Gecko) Chrome/69.0.3497.100 Safari/537.36',
  'accept' => 'text/html,application/xhtml+xml,application/xml;q=0.9,image/webp,image/apng,*/*;q=0.8',
  'referer' => 'http://qingrang.top/daily/admin/note/editnote/id/208.html',
  'accept-encoding' => 'gzip, deflate',
  'accept-language' => 'zh-CN,zh;q=0.9,la;q=0.8,en;q=0.7,lb;q=0.6',
  'cookie' => 'Hm_lvt_1769181352e9adc950166aada465644e=1539846308,1540133692,1540187497; PHPSESSID=q6hedv03ncirmb952n89ad9cd4',
  'connection' => 'close',
)
[ info ] [ PARAM ] array (
  'id' => '208',
)
[ info ] [ SESSION ] INIT array (
  'id' => '',
  'var_session_id' => '',
  'prefix' => 'think',
  'type' => '',
  'auto_start' => true,
)
[ info ] [ RUN ] app\admin\controller\Note->showNote[ /var/www/html/daily/application/admin/controller/Note.php ]
[ info ] [ DB ] INIT mysql
[ info ] [ VIEW ] /var/www/html/daily/application/admin/view/note/shownote.html [ array (
  0 => 'note',
  1 => 'groups',
) ]
[ info ] [ LOG ] INIT File
[ sql ] [ DB ] CONNECT:[ UseTime:0.002148s ] mysql:host=74.120.168.12;dbname=diary;charset=utf8
[ sql ] [ SQL ] SHOW COLUMNS FROM `note` [ RunTime:0.001317s ]
[ sql ] [ SQL ] SELECT * FROM `note` WHERE  `id` = 208 LIMIT 1 [ RunTime:0.000449s ]
[ sql ] [ SQL ] SHOW COLUMNS FROM `groups` [ RunTime:0.000850s ]
[ sql ] [ SQL ] SELECT * FROM `groups` [ RunTime:0.000290s ]
---------------------------------------------------------------
[ 2018-10-23T18:35:57+08:00 ] 74.120.168.12 74.120.168.12 GET /daily/admin/note/editnote/id/208.html
[ info ] qingrang.top/daily/admin/note/editnote/id/208.html [运行时间：0.072215s][吞吐率：13.85req/s] [内存消耗：2,030.53kb] [文件加载：56]
[ info ] [ LANG ] /var/www/html/daily/thinkphp/lang/zh-cn.php
[ info ] [ ROUTE ] array (
  'type' => 'module',
  'module' => 
  array (
    0 => 'admin',
    1 => 'note',
    2 => 'editnote',
  ),
)
[ info ] [ HEADER ] array (
  'host' => 'qingrang.top',
  'purpose' => 'prefetch',
  'upgrade-insecure-requests' => '1',
  'user-agent' => 'Mozilla/5.0 (Windows NT 10.0; Win64; x64) AppleWebKit/537.36 (KHTML, like Gecko) Chrome/69.0.3497.100 Safari/537.36',
  'accept' => 'text/html,application/xhtml+xml,application/xml;q=0.9,image/webp,image/apng,*/*;q=0.8',
  'accept-encoding' => 'gzip, deflate',
  'accept-language' => 'zh-CN,zh;q=0.9,la;q=0.8,en;q=0.7,lb;q=0.6',
  'cookie' => 'Hm_lvt_1769181352e9adc950166aada465644e=1539846308,1540133692,1540187497; PHPSESSID=q6hedv03ncirmb952n89ad9cd4',
  'connection' => 'close',
)
[ info ] [ PARAM ] array (
  'id' => '208',
)
[ info ] [ SESSION ] INIT array (
  'id' => '',
  'var_session_id' => '',
  'prefix' => 'think',
  'type' => '',
  'auto_start' => true,
)
[ info ] [ RUN ] app\admin\controller\Note->editNote[ /var/www/html/daily/application/admin/controller/Note.php ]
[ info ] [ DB ] INIT mysql
[ info ] [ VIEW ] /var/www/html/daily/application/admin/view/note/editnote.html [ array (
  0 => 'note',
  1 => 'groups',
) ]
[ info ] [ LOG ] INIT File
[ sql ] [ DB ] CONNECT:[ UseTime:0.002612s ] mysql:host=74.120.168.12;dbname=diary;charset=utf8
[ sql ] [ SQL ] SHOW COLUMNS FROM `note` [ RunTime:0.001569s ]
[ sql ] [ SQL ] SELECT * FROM `note` WHERE  `id` = 208 LIMIT 1 [ RunTime:0.000423s ]
[ sql ] [ SQL ] SHOW COLUMNS FROM `groups` [ RunTime:0.000887s ]
[ sql ] [ SQL ] SELECT * FROM `groups` [ RunTime:0.000276s ]
---------------------------------------------------------------
[ 2018-10-23T18:35:58+08:00 ] 74.120.168.12 74.120.168.12 GET /daily/admin/note/editnote/id/208.html
[ info ] qingrang.top/daily/admin/note/editnote/id/208.html [运行时间：0.061532s][吞吐率：16.25req/s] [内存消耗：2,029.79kb] [文件加载：56]
[ info ] [ LANG ] /var/www/html/daily/thinkphp/lang/zh-cn.php
[ info ] [ ROUTE ] array (
  'type' => 'module',
  'module' => 
  array (
    0 => 'admin',
    1 => 'note',
    2 => 'editnote',
  ),
)
[ info ] [ HEADER ] array (
  'host' => 'qingrang.top',
  'upgrade-insecure-requests' => '1',
  'user-agent' => 'Mozilla/5.0 (Windows NT 10.0; Win64; x64) AppleWebKit/537.36 (KHTML, like Gecko) Chrome/69.0.3497.100 Safari/537.36',
  'accept' => 'text/html,application/xhtml+xml,application/xml;q=0.9,image/webp,image/apng,*/*;q=0.8',
  'accept-encoding' => 'gzip, deflate',
  'accept-language' => 'zh-CN,zh;q=0.9,la;q=0.8,en;q=0.7,lb;q=0.6',
  'cookie' => 'Hm_lvt_1769181352e9adc950166aada465644e=1539846308,1540133692,1540187497; PHPSESSID=q6hedv03ncirmb952n89ad9cd4',
  'connection' => 'close',
)
[ info ] [ PARAM ] array (
  'id' => '208',
)
[ info ] [ SESSION ] INIT array (
  'id' => '',
  'var_session_id' => '',
  'prefix' => 'think',
  'type' => '',
  'auto_start' => true,
)
[ info ] [ RUN ] app\admin\controller\Note->editNote[ /var/www/html/daily/application/admin/controller/Note.php ]
[ info ] [ DB ] INIT mysql
[ info ] [ VIEW ] /var/www/html/daily/application/admin/view/note/editnote.html [ array (
  0 => 'note',
  1 => 'groups',
) ]
[ info ] [ LOG ] INIT File
[ sql ] [ DB ] CONNECT:[ UseTime:0.000611s ] mysql:host=74.120.168.12;dbname=diary;charset=utf8
[ sql ] [ SQL ] SHOW COLUMNS FROM `note` [ RunTime:0.001452s ]
[ sql ] [ SQL ] SELECT * FROM `note` WHERE  `id` = 208 LIMIT 1 [ RunTime:0.000414s ]
[ sql ] [ SQL ] SHOW COLUMNS FROM `groups` [ RunTime:0.000866s ]
[ sql ] [ SQL ] SELECT * FROM `groups` [ RunTime:0.000285s ]
---------------------------------------------------------------
[ 2018-10-23T18:38:33+08:00 ] 74.120.168.12 74.120.168.12 POST /daily/admin/note/updatenote/id/208.html
[ info ] qingrang.top/daily/admin/note/updatenote/id/208.html [运行时间：0.072978s][吞吐率：13.70req/s] [内存消耗：2,066.27kb] [文件加载：58]
[ info ] [ LANG ] /var/www/html/daily/thinkphp/lang/zh-cn.php
[ info ] [ ROUTE ] array (
  'type' => 'module',
  'module' => 
  array (
    0 => 'admin',
    1 => 'note',
    2 => 'updatenote',
  ),
)
[ info ] [ HEADER ] array (
  'host' => 'qingrang.top',
  'content-length' => '5503',
  'cache-control' => 'max-age=0',
  'origin' => 'http://qingrang.top',
  'upgrade-insecure-requests' => '1',
  'content-type' => 'application/x-www-form-urlencoded',
  'user-agent' => 'Mozilla/5.0 (Windows NT 10.0; Win64; x64) AppleWebKit/537.36 (KHTML, like Gecko) Chrome/69.0.3497.100 Safari/537.36',
  'accept' => 'text/html,application/xhtml+xml,application/xml;q=0.9,image/webp,image/apng,*/*;q=0.8',
  'referer' => 'http://qingrang.top/daily/admin/note/editnote/id/208.html',
  'accept-encoding' => 'gzip, deflate',
  'accept-language' => 'zh-CN,zh;q=0.9,la;q=0.8,en;q=0.7,lb;q=0.6',
  'cookie' => 'Hm_lvt_1769181352e9adc950166aada465644e=1539846308,1540133692,1540187497; PHPSESSID=q6hedv03ncirmb952n89ad9cd4',
  'connection' => 'close',
)
[ info ] [ PARAM ] array (
  'summary' => '',
  'content' => '# Code 自定义快捷键
[TOC]
## 常用
### 删除行 `Ctrl + d`
### 向下复制行 `Ctrl + b`
### 移动行 `Alt + Up/Down`
### 上开新行 `Ctrl + shift + enter`
### 下开新行 `Ctrl + enter`
### 行注释 `Ctrl + /`
### 块注释 `Ctrl + Shift + /`
### 提示 `alt + /`
### 添加 getter、setter 方法 `alt + insert`
### 替换文本 `Ctrl + R`
### 自动排版 `ctrl + alt + l`

## Sublime Text 3
### 键盘快捷键
https://blog.csdn.net/u010994304/article/details/50866634

// Ctrl+Enter
// 插入行后

// Ctrl+Shift Enter
// 插入行前

// Shift+Tab
// 去除缩进

// Tab
// 缩进

// Ctrl+KK
// 从光标处删除至行尾
```
[
	// 删除当前行
	{ "keys": ["ctrl+d"], "command":"run_macro_file", "args": {"file":"Packages/Default/Delete Line.sublime-macro"} },
	
	// 与上行互换
	{ "keys": ["alt+up"], "command":"swap_line_up" },
	// 与下行互换
	{ "keys": ["alt+down"], "command":"swap_line_down" },

	// 向下复制行
	{ "keys": ["ctrl+alt+down"], "command":"duplicate_line" },
	
	// 自动提示、补全
	{ "keys": ["alt+/"], "command":"auto_complete" },
	{ "keys": ["alt+/"], "command":"replace_completion_with_auto_complete", "context":
	[
	{ "key": "last_command", "operator":"equal", "operand": "insert_best_completion" },
	{ "key": "auto_complete_visible", "operator":"equal", "operand": false },
	{ "key": "setting.tab_completion", "operator":"equal", "operand": true }
	]
	},

	//移动光标到行首或行末
	{ "keys": ["alt+b"], "command":"move_to", "args": {"to": "bol","extend": false} },
	{ "keys": ["alt+e"], "command":"move_to", "args": {"to": "eol","extend": false} },
	//移动光标到行首或行末并选择内容
	{ "keys": ["shift+alt+b"], "command":"move_to", "args": {"to": "bol","extend": true} },
	{ "keys": ["shift+alt+e"], "command":"move_to", "args": {"to": "eol","extend": true} },

]
```
### 配置 ctrl + 鼠标左键 进行函数跳转
点击 Preferences->Browse Packages 进入 Packages 目录，然后打开 User 目录，查看User目录里面有没有`Default (Windows).sublime-mousemap`文件，如果没有则创建一个。这个文件是用来配置 sublime 的鼠标操作的。在文件中输入如下内容：
```
[
{
"button": "button2",
"count": 1,
"modifiers": ["ctrl"],
"command": "jump_back"
},


{
"button": "button1",
"count": 1,
"modifiers": ["ctrl"],
"press_command": "drag_select",
"command": "goto_definition"
}
]
```
点击保存即可。

ctrl+鼠标左键跳转到函数定义处；

ctrl+鼠标右键跳回来。
',
  'groups' => 'Basics',
  'showsel' => '1',
  'showse2' => '1',
  'id' => '208',
)
[ info ] [ SESSION ] INIT array (
  'id' => '',
  'var_session_id' => '',
  'prefix' => 'think',
  'type' => '',
  'auto_start' => true,
)
[ info ] [ RUN ] app\admin\controller\Note->updateNote[ /var/www/html/daily/application/admin/controller/Note.php ]
[ info ] [ DB ] INIT mysql
[ info ] [ CACHE ] INIT File
[ info ] [ LOG ] INIT File
[ sql ] [ DB ] CONNECT:[ UseTime:0.000715s ] mysql:host=74.120.168.12;dbname=diary;charset=utf8
[ sql ] [ SQL ] SHOW COLUMNS FROM `note` [ RunTime:0.001495s ]
[ sql ] [ SQL ] SELECT * FROM `note` WHERE  `id` = 208 LIMIT 1 [ RunTime:0.000478s ]
[ sql ] [ SQL ] SELECT `groups` FROM `note` WHERE  `id` = 208 LIMIT 1 [ RunTime:0.000408s ]
[ sql ] [ SQL ] SHOW COLUMNS FROM `groups` [ RunTime:0.001274s ]
[ sql ] [ SQL ] SELECT `parent_id` FROM `groups` WHERE  `groups` = 'Basics' LIMIT 1 [ RunTime:0.000390s ]
[ sql ] [ SQL ] SELECT `groups` FROM `groups` WHERE  `id` = 2 LIMIT 1 [ RunTime:0.000384s ]
[ sql ] [ SQL ] UPDATE `note`  SET `id`=208,`p_id`=2,`title`='Code 自定义快捷键\r',`content`='# Code 自定义快捷键\r\n[TOC]\r\n## 常用\r\n### 删除行 `Ctrl + d`\r\n### 向下复制行 `Ctrl + b`\r\n### 移动行 `Alt + Up/Down`\r\n### 上开新行 `Ctrl + shift + enter`\r\n### 下开新行 `Ctrl + enter`\r\n### 行注释 `Ctrl + /`\r\n### 块注释 `Ctrl + Shift + /`\r\n### 提示 `alt + /`\r\n### 添加 getter、setter 方法 `alt + insert`\r\n### 替换文本 `Ctrl + R`\r\n### 自动排版 `ctrl + alt + l`\r\n\r\n## Sublime Text 3\r\n### 键盘快捷键\r\nhttps://blog.csdn.net/u010994304/article/details/50866634\r\n\r\n// Ctrl+Enter\r\n// 插入行后\r\n\r\n// Ctrl+Shift Enter\r\n// 插入行前\r\n\r\n// Shift+Tab\r\n// 去除缩进\r\n\r\n// Tab\r\n// 缩进\r\n\r\n// Ctrl+KK\r\n// 从光标处删除至行尾\r\n```\r\n[\r\n	// 删除当前行\r\n	{ \"keys\": [\"ctrl+d\"], \"command\":\"run_macro_file\", \"args\": {\"file\":\"Packages/Default/Delete Line.sublime-macro\"} },\r\n	\r\n	// 与上行互换\r\n	{ \"keys\": [\"alt+up\"], \"command\":\"swap_line_up\" },\r\n	// 与下行互换\r\n	{ \"keys\": [\"alt+down\"], \"command\":\"swap_line_down\" },\r\n\r\n	// 向下复制行\r\n	{ \"keys\": [\"ctrl+alt+down\"], \"command\":\"duplicate_line\" },\r\n	\r\n	// 自动提示、补全\r\n	{ \"keys\": [\"alt+/\"], \"command\":\"auto_complete\" },\r\n	{ \"keys\": [\"alt+/\"], \"command\":\"replace_completion_with_auto_complete\", \"context\":\r\n	[\r\n	{ \"key\": \"last_command\", \"operator\":\"equal\", \"operand\": \"insert_best_completion\" },\r\n	{ \"key\": \"auto_complete_visible\", \"operator\":\"equal\", \"operand\": false },\r\n	{ \"key\": \"setting.tab_completion\", \"operator\":\"equal\", \"operand\": true }\r\n	]\r\n	},\r\n\r\n	//移动光标到行首或行末\r\n	{ \"keys\": [\"alt+b\"], \"command\":\"move_to\", \"args\": {\"to\": \"bol\",\"extend\": false} },\r\n	{ \"keys\": [\"alt+e\"], \"command\":\"move_to\", \"args\": {\"to\": \"eol\",\"extend\": false} },\r\n	//移动光标到行首或行末并选择内容\r\n	{ \"keys\": [\"shift+alt+b\"], \"command\":\"move_to\", \"args\": {\"to\": \"bol\",\"extend\": true} },\r\n	{ \"keys\": [\"shift+alt+e\"], \"command\":\"move_to\", \"args\": {\"to\": \"eol\",\"extend\": true} },\r\n\r\n]\r\n```\r\n### 配置 ctrl + 鼠标左键 进行函数跳转\r\n点击 Preferences->Browse Packages 进入 Packages 目录，然后打开 User 目录，查看User目录里面有没有`Default (Windows).sublime-mousemap`文件，如果没有则创建一个。这个文件是用来配置 sublime 的鼠标操作的。在文件中输入如下内容：\r\n```\r\n[\r\n{\r\n\"button\": \"button2\",\r\n\"count\": 1,\r\n\"modifiers\": [\"ctrl\"],\r\n\"command\": \"jump_back\"\r\n},\r\n\r\n\r\n{\r\n\"button\": \"button1\",\r\n\"count\": 1,\r\n\"modifiers\": [\"ctrl\"],\r\n\"press_command\": \"drag_select\",\r\n\"command\": \"goto_definition\"\r\n}\r\n]\r\n```\r\n点击保存即可。\r\n\r\nctrl+鼠标左键跳转到函数定义处；\r\n\r\nctrl+鼠标右键跳回来。\r\n',`groups`='Basics',`is_show`=1,`publish`=1,`summary`=''  WHERE  `id` = 208 [ RunTime:0.000597s ]
[ sql ] [ SQL ] SELECT COUNT(*) AS tp_count FROM `note` WHERE  `groups` = 'Basics' LIMIT 1 [ RunTime:0.001169s ]
[ sql ] [ SQL ] UPDATE `groups`  SET `g_count`=17  WHERE  `groups` = 'Basics' [ RunTime:0.000388s ]
[ sql ] [ SQL ] SELECT COUNT(*) AS tp_count FROM `note` WHERE  `groups` = 'Basics' LIMIT 1 [ RunTime:0.001139s ]
[ sql ] [ SQL ] UPDATE `groups`  SET `g_count`=17  WHERE  `groups` = 'Basics' [ RunTime:0.000428s ]
---------------------------------------------------------------
[ 2018-10-23T18:38:34+08:00 ] 74.120.168.12 74.120.168.12 GET /daily/admin/note/shownote/id/208.html
[ info ] qingrang.top/daily/admin/note/shownote/id/208.html [运行时间：0.053446s][吞吐率：18.71req/s] [内存消耗：1,982.53kb] [文件加载：55]
[ info ] [ LANG ] /var/www/html/daily/thinkphp/lang/zh-cn.php
[ info ] [ ROUTE ] array (
  'type' => 'module',
  'module' => 
  array (
    0 => 'admin',
    1 => 'note',
    2 => 'shownote',
  ),
)
[ info ] [ HEADER ] array (
  'host' => 'qingrang.top',
  'cache-control' => 'max-age=0',
  'upgrade-insecure-requests' => '1',
  'user-agent' => 'Mozilla/5.0 (Windows NT 10.0; Win64; x64) AppleWebKit/537.36 (KHTML, like Gecko) Chrome/69.0.3497.100 Safari/537.36',
  'accept' => 'text/html,application/xhtml+xml,application/xml;q=0.9,image/webp,image/apng,*/*;q=0.8',
  'referer' => 'http://qingrang.top/daily/admin/note/editnote/id/208.html',
  'accept-encoding' => 'gzip, deflate',
  'accept-language' => 'zh-CN,zh;q=0.9,la;q=0.8,en;q=0.7,lb;q=0.6',
  'cookie' => 'Hm_lvt_1769181352e9adc950166aada465644e=1539846308,1540133692,1540187497; PHPSESSID=q6hedv03ncirmb952n89ad9cd4',
  'connection' => 'close',
)
[ info ] [ PARAM ] array (
  'id' => '208',
)
[ info ] [ SESSION ] INIT array (
  'id' => '',
  'var_session_id' => '',
  'prefix' => 'think',
  'type' => '',
  'auto_start' => true,
)
[ info ] [ RUN ] app\admin\controller\Note->showNote[ /var/www/html/daily/application/admin/controller/Note.php ]
[ info ] [ DB ] INIT mysql
[ info ] [ VIEW ] /var/www/html/daily/application/admin/view/note/shownote.html [ array (
  0 => 'note',
  1 => 'groups',
) ]
[ info ] [ LOG ] INIT File
[ sql ] [ DB ] CONNECT:[ UseTime:0.000664s ] mysql:host=74.120.168.12;dbname=diary;charset=utf8
[ sql ] [ SQL ] SHOW COLUMNS FROM `note` [ RunTime:0.001244s ]
[ sql ] [ SQL ] SELECT * FROM `note` WHERE  `id` = 208 LIMIT 1 [ RunTime:0.000424s ]
[ sql ] [ SQL ] SHOW COLUMNS FROM `groups` [ RunTime:0.000883s ]
[ sql ] [ SQL ] SELECT * FROM `groups` [ RunTime:0.000475s ]
---------------------------------------------------------------
[ 2018-10-23T21:44:42+08:00 ] 74.120.168.12 74.120.168.12 GET /daily/admin/login/index.html
[ info ] qingrang.top/daily/admin/login/index.html [运行时间：0.042245s][吞吐率：23.67req/s] [内存消耗：1,339.92kb] [文件加载：47]
[ info ] [ LANG ] /var/www/html/daily/thinkphp/lang/zh-cn.php
[ info ] [ ROUTE ] array (
  'type' => 'module',
  'module' => 
  array (
    0 => 'admin',
    1 => 'login',
    2 => 'index',
  ),
)
[ info ] [ HEADER ] array (
  'host' => 'qingrang.top',
  'upgrade-insecure-requests' => '1',
  'user-agent' => 'Mozilla/5.0 (Windows NT 10.0; Win64; x64) AppleWebKit/537.36 (KHTML, like Gecko) Chrome/69.0.3497.100 Safari/537.36',
  'accept' => 'text/html,application/xhtml+xml,application/xml;q=0.9,image/webp,image/apng,*/*;q=0.8',
  'accept-encoding' => 'gzip, deflate',
  'accept-language' => 'zh-CN,zh;q=0.9,la;q=0.8,en;q=0.7,lb;q=0.6',
  'cookie' => 'Hm_lvt_1769181352e9adc950166aada465644e=1539846308,1540133692,1540187497',
  'connection' => 'close',
)
[ info ] [ PARAM ] array (
)
[ info ] [ RUN ] app\admin\controller\Login->index[ /var/www/html/daily/application/admin/controller/Login.php ]
[ info ] [ VIEW ] /var/www/html/daily/application/admin/view/login/index.html [ array (
) ]
[ info ] [ LOG ] INIT File
