---------------------------------------------------------------
[ 2018-08-02T01:17:04+08:00 ] 74.120.168.12 89.234.68.88 GET /daily/
[ info ] qingrang.top/daily/ [运行时间：0.110524s][吞吐率：9.05req/s] [内存消耗：3,357.71kb] [文件加载：55]
[ info ] [ LANG ] /var/www/html/daily/thinkphp/lang/zh-cn.php
[ info ] [ ROUTE ] array (
  'type' => 'module',
  'module' => 
  array (
    0 => '',
    1 => NULL,
    2 => NULL,
  ),
)
[ info ] [ HEADER ] array (
  'user-agent' => 'Mozilla/5.0 (Windows; U; Windows NT 5.1; en-US; rv:1.9.2.8) Gecko/20100721 Firefox/3.6.8',
  'host' => 'qingrang.top',
  'accept-encoding' => 'identity',
  'referer' => 'http://qingrang.top',
  'accept' => 'text/xml,application/xml,application/xhtml+xml,text/html;q=0.9,text/plain;q=0.8,image/png,*/*;q=0.5',
)
[ info ] [ PARAM ] array (
)
[ info ] [ RUN ] app\admin\controller\Note->notelst[ /var/www/html/daily/application/admin/controller/Note.php ]
[ info ] [ DB ] INIT mysql
[ info ] [ VIEW ] /var/www/html/daily/application/admin/view/note/notelst.html [ array (
  0 => 'autoSave',
  1 => 'phoneSave',
  2 => 'hide',
  3 => 'list',
  4 => 'groups',
  5 => 'groups0',
  6 => 'groups1',
  7 => 'groups2',
  8 => 'count',
  9 => 'year',
  10 => 'default_num',
) ]
[ info ] [ LOG ] INIT File
[ sql ] [ DB ] CONNECT:[ UseTime:0.000521s ] mysql:host=74.120.168.12;dbname=diary;charset=utf8
[ sql ] [ SQL ] SHOW COLUMNS FROM `note` [ RunTime:0.001448s ]
[ sql ] [ SQL ] SELECT * FROM `note` WHERE  `groups` <> 'Essay' ORDER BY id desc [ RunTime:0.003620s ]
[ sql ] [ SQL ] SHOW COLUMNS FROM `config` [ RunTime:0.000947s ]
[ sql ] [ SQL ] SELECT * FROM `config` WHERE  `name` = 'hide' LIMIT 1 [ RunTime:0.000386s ]
[ sql ] [ SQL ] SELECT * FROM `note` WHERE  `id` = 1 LIMIT 1 [ RunTime:0.000457s ]
[ sql ] [ SQL ] SELECT * FROM `note` WHERE  `id` = 2 LIMIT 1 [ RunTime:0.000289s ]
[ sql ] [ SQL ] SHOW COLUMNS FROM `groups` [ RunTime:0.000857s ]
[ sql ] [ SQL ] SELECT * FROM `groups` [ RunTime:0.000287s ]
[ sql ] [ SQL ] SELECT * FROM `groups` WHERE  `parent_id` = 0  AND `id` <> 2 ORDER BY `groups` [ RunTime:0.000471s ]
[ sql ] [ SQL ] SELECT `groups` FROM `groups` WHERE  `parent_id` = 1 [ RunTime:0.000308s ]
[ sql ] [ SQL ] SELECT * FROM `groups` WHERE  `parent_id` = 2 ORDER BY `groups` [ RunTime:0.000337s ]
[ sql ] [ SQL ] SELECT COUNT(*) AS tp_count FROM `note` WHERE  `groups` = 'Default' LIMIT 1 [ RunTime:0.000625s ]
[ sql ] [ SQL ] SELECT COUNT(*) AS tp_count FROM `note` LIMIT 1 [ RunTime:0.000219s ]
[ sql ] [ SQL ] SHOW COLUMNS FROM `yearlist` [ RunTime:0.000944s ]
[ sql ] [ SQL ] SELECT DISTINCT  `year` FROM `yearlist` ORDER BY year desc [ RunTime:0.000620s ]
---------------------------------------------------------------
[ 2018-08-02T01:32:42+08:00 ] 74.120.168.12 120.92.11.205 GET /daily/
[ info ] qingrang.top/daily/ [运行时间：0.114619s][吞吐率：8.72req/s] [内存消耗：3,357.38kb] [文件加载：55]
[ info ] [ LANG ] /var/www/html/daily/thinkphp/lang/zh-cn.php
[ info ] [ ROUTE ] array (
  'type' => 'module',
  'module' => 
  array (
    0 => '',
    1 => NULL,
    2 => NULL,
  ),
)
[ info ] [ HEADER ] array (
  'host' => 'qingrang.top',
  'user-agent' => 'Mozilla/5.0 (Windows NT 10.0; Trident/7.0; rv 11.0) like Gecko',
  'accept-encoding' => 'gzip, deflate',
  'accept' => '*/*',
  'connection' => 'keep-alive',
  'referer' => 'http://qingrang.top/',
)
[ info ] [ PARAM ] array (
)
[ info ] [ RUN ] app\admin\controller\Note->notelst[ /var/www/html/daily/application/admin/controller/Note.php ]
[ info ] [ DB ] INIT mysql
[ info ] [ VIEW ] /var/www/html/daily/application/admin/view/note/notelst.html [ array (
  0 => 'autoSave',
  1 => 'phoneSave',
  2 => 'hide',
  3 => 'list',
  4 => 'groups',
  5 => 'groups0',
  6 => 'groups1',
  7 => 'groups2',
  8 => 'count',
  9 => 'year',
  10 => 'default_num',
) ]
[ info ] [ LOG ] INIT File
[ sql ] [ DB ] CONNECT:[ UseTime:0.000518s ] mysql:host=74.120.168.12;dbname=diary;charset=utf8
[ sql ] [ SQL ] SHOW COLUMNS FROM `note` [ RunTime:0.001498s ]
[ sql ] [ SQL ] SELECT * FROM `note` WHERE  `groups` <> 'Essay' ORDER BY id desc [ RunTime:0.003321s ]
[ sql ] [ SQL ] SHOW COLUMNS FROM `config` [ RunTime:0.001087s ]
[ sql ] [ SQL ] SELECT * FROM `config` WHERE  `name` = 'hide' LIMIT 1 [ RunTime:0.000336s ]
[ sql ] [ SQL ] SELECT * FROM `note` WHERE  `id` = 1 LIMIT 1 [ RunTime:0.000456s ]
[ sql ] [ SQL ] SELECT * FROM `note` WHERE  `id` = 2 LIMIT 1 [ RunTime:0.000300s ]
[ sql ] [ SQL ] SHOW COLUMNS FROM `groups` [ RunTime:0.000928s ]
[ sql ] [ SQL ] SELECT * FROM `groups` [ RunTime:0.000335s ]
[ sql ] [ SQL ] SELECT * FROM `groups` WHERE  `parent_id` = 0  AND `id` <> 2 ORDER BY `groups` [ RunTime:0.000456s ]
[ sql ] [ SQL ] SELECT `groups` FROM `groups` WHERE  `parent_id` = 1 [ RunTime:0.000296s ]
[ sql ] [ SQL ] SELECT * FROM `groups` WHERE  `parent_id` = 2 ORDER BY `groups` [ RunTime:0.000503s ]
[ sql ] [ SQL ] SELECT COUNT(*) AS tp_count FROM `note` WHERE  `groups` = 'Default' LIMIT 1 [ RunTime:0.000635s ]
[ sql ] [ SQL ] SELECT COUNT(*) AS tp_count FROM `note` LIMIT 1 [ RunTime:0.000255s ]
[ sql ] [ SQL ] SHOW COLUMNS FROM `yearlist` [ RunTime:0.000993s ]
[ sql ] [ SQL ] SELECT DISTINCT  `year` FROM `yearlist` ORDER BY year desc [ RunTime:0.000576s ]
---------------------------------------------------------------
[ 2018-08-02T10:29:28+08:00 ] 74.120.168.12 74.120.168.12 GET /daily/
[ info ] qingrang.top/daily/ [运行时间：0.117282s][吞吐率：8.53req/s] [内存消耗：3,358.22kb] [文件加载：55]
[ info ] [ LANG ] /var/www/html/daily/thinkphp/lang/zh-cn.php
[ info ] [ ROUTE ] array (
  'type' => 'module',
  'module' => 
  array (
    0 => '',
    1 => NULL,
    2 => NULL,
  ),
)
[ info ] [ HEADER ] array (
  'host' => 'qingrang.top',
  'upgrade-insecure-requests' => '1',
  'user-agent' => 'Mozilla/5.0 (Windows NT 10.0; Win64; x64) AppleWebKit/537.36 (KHTML, like Gecko) Chrome/67.0.3396.99 Safari/537.36',
  'accept' => 'text/html,application/xhtml+xml,application/xml;q=0.9,image/webp,image/apng,*/*;q=0.8',
  'accept-encoding' => 'gzip, deflate',
  'accept-language' => 'zh-CN,zh;q=0.9',
  'cookie' => 'OUTFOX_SEARCH_USER_ID_NCOO=300956949.4398302',
  'connection' => 'close',
)
[ info ] [ PARAM ] array (
)
[ info ] [ RUN ] app\admin\controller\Note->notelst[ /var/www/html/daily/application/admin/controller/Note.php ]
[ info ] [ DB ] INIT mysql
[ info ] [ VIEW ] /var/www/html/daily/application/admin/view/note/notelst.html [ array (
  0 => 'autoSave',
  1 => 'phoneSave',
  2 => 'hide',
  3 => 'list',
  4 => 'groups',
  5 => 'groups0',
  6 => 'groups1',
  7 => 'groups2',
  8 => 'count',
  9 => 'year',
  10 => 'default_num',
) ]
[ info ] [ LOG ] INIT File
[ sql ] [ DB ] CONNECT:[ UseTime:0.000497s ] mysql:host=74.120.168.12;dbname=diary;charset=utf8
[ sql ] [ SQL ] SHOW COLUMNS FROM `note` [ RunTime:0.002002s ]
[ sql ] [ SQL ] SELECT * FROM `note` WHERE  `groups` <> 'Essay' ORDER BY id desc [ RunTime:0.004243s ]
[ sql ] [ SQL ] SHOW COLUMNS FROM `config` [ RunTime:0.000969s ]
[ sql ] [ SQL ] SELECT * FROM `config` WHERE  `name` = 'hide' LIMIT 1 [ RunTime:0.000343s ]
[ sql ] [ SQL ] SELECT * FROM `note` WHERE  `id` = 1 LIMIT 1 [ RunTime:0.000411s ]
[ sql ] [ SQL ] SELECT * FROM `note` WHERE  `id` = 2 LIMIT 1 [ RunTime:0.000364s ]
[ sql ] [ SQL ] SHOW COLUMNS FROM `groups` [ RunTime:0.000848s ]
[ sql ] [ SQL ] SELECT * FROM `groups` [ RunTime:0.000316s ]
[ sql ] [ SQL ] SELECT * FROM `groups` WHERE  `parent_id` = 0  AND `id` <> 2 ORDER BY `groups` [ RunTime:0.000445s ]
[ sql ] [ SQL ] SELECT `groups` FROM `groups` WHERE  `parent_id` = 1 [ RunTime:0.000281s ]
[ sql ] [ SQL ] SELECT * FROM `groups` WHERE  `parent_id` = 2 ORDER BY `groups` [ RunTime:0.000386s ]
[ sql ] [ SQL ] SELECT COUNT(*) AS tp_count FROM `note` WHERE  `groups` = 'Default' LIMIT 1 [ RunTime:0.000653s ]
[ sql ] [ SQL ] SELECT COUNT(*) AS tp_count FROM `note` LIMIT 1 [ RunTime:0.000217s ]
[ sql ] [ SQL ] SHOW COLUMNS FROM `yearlist` [ RunTime:0.000977s ]
[ sql ] [ SQL ] SELECT DISTINCT  `year` FROM `yearlist` ORDER BY year desc [ RunTime:0.001049s ]
---------------------------------------------------------------
[ 2018-08-02T17:04:33+08:00 ] 74.120.168.12 74.120.168.12 GET /daily/admin/note/newedit.html
[ info ] qingrang.top/daily/admin/note/newedit.html [运行时间：0.055394s][吞吐率：18.05req/s] [内存消耗：2,021.98kb] [文件加载：55]
[ info ] [ LANG ] /var/www/html/daily/thinkphp/lang/zh-cn.php
[ info ] [ ROUTE ] array (
  'type' => 'module',
  'module' => 
  array (
    0 => 'admin',
    1 => 'note',
    2 => 'newedit',
  ),
)
[ info ] [ HEADER ] array (
  'host' => 'qingrang.top',
  'upgrade-insecure-requests' => '1',
  'user-agent' => 'Mozilla/5.0 (Windows NT 10.0; Win64; x64) AppleWebKit/537.36 (KHTML, like Gecko) Chrome/67.0.3396.99 Safari/537.36',
  'accept' => 'text/html,application/xhtml+xml,application/xml;q=0.9,image/webp,image/apng,*/*;q=0.8',
  'referer' => 'http://qingrang.top/daily/',
  'accept-encoding' => 'gzip, deflate',
  'accept-language' => 'zh-CN,zh;q=0.9',
  'cookie' => 'OUTFOX_SEARCH_USER_ID_NCOO=300956949.4398302',
  'connection' => 'close',
)
[ info ] [ PARAM ] array (
)
[ info ] [ RUN ] app\admin\controller\Note->newEdit[ /var/www/html/daily/application/admin/controller/Note.php ]
[ info ] [ DB ] INIT mysql
[ info ] [ VIEW ] /var/www/html/daily/application/admin/view/note/newedit.html [ array (
  0 => 'groups',
) ]
[ info ] [ LOG ] INIT File
[ sql ] [ DB ] CONNECT:[ UseTime:0.000455s ] mysql:host=74.120.168.12;dbname=diary;charset=utf8
[ sql ] [ SQL ] SHOW COLUMNS FROM `groups` [ RunTime:0.001552s ]
[ sql ] [ SQL ] SELECT * FROM `groups` [ RunTime:0.000331s ]
---------------------------------------------------------------
[ 2018-08-02T17:23:51+08:00 ] 74.120.168.12 74.120.168.12 GET /daily/
[ info ] qingrang.top/daily/ [运行时间：0.179552s][吞吐率：5.57req/s] [内存消耗：3,358.22kb] [文件加载：55]
[ info ] [ LANG ] /var/www/html/daily/thinkphp/lang/zh-cn.php
[ info ] [ ROUTE ] array (
  'type' => 'module',
  'module' => 
  array (
    0 => '',
    1 => NULL,
    2 => NULL,
  ),
)
[ info ] [ HEADER ] array (
  'host' => 'qingrang.top',
  'upgrade-insecure-requests' => '1',
  'user-agent' => 'Mozilla/5.0 (Windows NT 10.0; Win64; x64) AppleWebKit/537.36 (KHTML, like Gecko) Chrome/67.0.3396.99 Safari/537.36',
  'accept' => 'text/html,application/xhtml+xml,application/xml;q=0.9,image/webp,image/apng,*/*;q=0.8',
  'accept-encoding' => 'gzip, deflate',
  'accept-language' => 'zh-CN,zh;q=0.9',
  'cookie' => 'OUTFOX_SEARCH_USER_ID_NCOO=300956949.4398302',
  'connection' => 'close',
)
[ info ] [ PARAM ] array (
)
[ info ] [ RUN ] app\admin\controller\Note->notelst[ /var/www/html/daily/application/admin/controller/Note.php ]
[ info ] [ DB ] INIT mysql
[ info ] [ VIEW ] /var/www/html/daily/application/admin/view/note/notelst.html [ array (
  0 => 'autoSave',
  1 => 'phoneSave',
  2 => 'hide',
  3 => 'list',
  4 => 'groups',
  5 => 'groups0',
  6 => 'groups1',
  7 => 'groups2',
  8 => 'count',
  9 => 'year',
  10 => 'default_num',
) ]
[ info ] [ LOG ] INIT File
[ sql ] [ DB ] CONNECT:[ UseTime:0.000476s ] mysql:host=74.120.168.12;dbname=diary;charset=utf8
[ sql ] [ SQL ] SHOW COLUMNS FROM `note` [ RunTime:0.001422s ]
[ sql ] [ SQL ] SELECT * FROM `note` WHERE  `groups` <> 'Essay' ORDER BY id desc [ RunTime:0.004459s ]
[ sql ] [ SQL ] SHOW COLUMNS FROM `config` [ RunTime:0.001248s ]
[ sql ] [ SQL ] SELECT * FROM `config` WHERE  `name` = 'hide' LIMIT 1 [ RunTime:0.000392s ]
[ sql ] [ SQL ] SELECT * FROM `note` WHERE  `id` = 1 LIMIT 1 [ RunTime:0.000525s ]
[ sql ] [ SQL ] SELECT * FROM `note` WHERE  `id` = 2 LIMIT 1 [ RunTime:0.000378s ]
[ sql ] [ SQL ] SHOW COLUMNS FROM `groups` [ RunTime:0.000997s ]
[ sql ] [ SQL ] SELECT * FROM `groups` [ RunTime:0.000354s ]
[ sql ] [ SQL ] SELECT * FROM `groups` WHERE  `parent_id` = 0  AND `id` <> 2 ORDER BY `groups` [ RunTime:0.000519s ]
[ sql ] [ SQL ] SELECT `groups` FROM `groups` WHERE  `parent_id` = 1 [ RunTime:0.000283s ]
[ sql ] [ SQL ] SELECT * FROM `groups` WHERE  `parent_id` = 2 ORDER BY `groups` [ RunTime:0.000410s ]
[ sql ] [ SQL ] SELECT COUNT(*) AS tp_count FROM `note` WHERE  `groups` = 'Default' LIMIT 1 [ RunTime:0.000689s ]
[ sql ] [ SQL ] SELECT COUNT(*) AS tp_count FROM `note` LIMIT 1 [ RunTime:0.000257s ]
[ sql ] [ SQL ] SHOW COLUMNS FROM `yearlist` [ RunTime:0.001035s ]
[ sql ] [ SQL ] SELECT DISTINCT  `year` FROM `yearlist` ORDER BY year desc [ RunTime:0.000680s ]
---------------------------------------------------------------
[ 2018-08-02T17:23:59+08:00 ] 74.120.168.12 74.120.168.12 GET /daily/admin/note/editnote/id/196.html
[ info ] qingrang.top/daily/admin/note/editnote/id/196.html [运行时间：0.054587s][吞吐率：18.32req/s] [内存消耗：2,027.99kb] [文件加载：55]
[ info ] [ LANG ] /var/www/html/daily/thinkphp/lang/zh-cn.php
[ info ] [ ROUTE ] array (
  'type' => 'module',
  'module' => 
  array (
    0 => 'admin',
    1 => 'note',
    2 => 'editnote',
  ),
)
[ info ] [ HEADER ] array (
  'host' => 'qingrang.top',
  'upgrade-insecure-requests' => '1',
  'user-agent' => 'Mozilla/5.0 (Windows NT 10.0; Win64; x64) AppleWebKit/537.36 (KHTML, like Gecko) Chrome/67.0.3396.99 Safari/537.36',
  'accept' => 'text/html,application/xhtml+xml,application/xml;q=0.9,image/webp,image/apng,*/*;q=0.8',
  'referer' => 'http://qingrang.top/daily/',
  'accept-encoding' => 'gzip, deflate',
  'accept-language' => 'zh-CN,zh;q=0.9',
  'cookie' => 'OUTFOX_SEARCH_USER_ID_NCOO=300956949.4398302',
  'connection' => 'close',
)
[ info ] [ PARAM ] array (
  'id' => '196',
)
[ info ] [ RUN ] app\admin\controller\Note->editNote[ /var/www/html/daily/application/admin/controller/Note.php ]
[ info ] [ DB ] INIT mysql
[ info ] [ VIEW ] /var/www/html/daily/application/admin/view/note/editnote.html [ array (
  0 => 'note',
  1 => 'groups',
) ]
[ info ] [ LOG ] INIT File
[ sql ] [ DB ] CONNECT:[ UseTime:0.000538s ] mysql:host=74.120.168.12;dbname=diary;charset=utf8
[ sql ] [ SQL ] SHOW COLUMNS FROM `note` [ RunTime:0.001357s ]
[ sql ] [ SQL ] SELECT * FROM `note` WHERE  `id` = 196 LIMIT 1 [ RunTime:0.000391s ]
[ sql ] [ SQL ] SHOW COLUMNS FROM `groups` [ RunTime:0.000865s ]
[ sql ] [ SQL ] SELECT * FROM `groups` [ RunTime:0.000286s ]
---------------------------------------------------------------
[ 2018-08-02T17:24:49+08:00 ] 74.120.168.12 74.120.168.12 GET /daily/admin/note/newedit.html
[ info ] qingrang.top/daily/admin/note/newedit.html [运行时间：0.052668s][吞吐率：18.99req/s] [内存消耗：2,021.98kb] [文件加载：55]
[ info ] [ LANG ] /var/www/html/daily/thinkphp/lang/zh-cn.php
[ info ] [ ROUTE ] array (
  'type' => 'module',
  'module' => 
  array (
    0 => 'admin',
    1 => 'note',
    2 => 'newedit',
  ),
)
[ info ] [ HEADER ] array (
  'host' => 'qingrang.top',
  'upgrade-insecure-requests' => '1',
  'user-agent' => 'Mozilla/5.0 (Windows NT 10.0; Win64; x64) AppleWebKit/537.36 (KHTML, like Gecko) Chrome/67.0.3396.99 Safari/537.36',
  'accept' => 'text/html,application/xhtml+xml,application/xml;q=0.9,image/webp,image/apng,*/*;q=0.8',
  'referer' => 'http://qingrang.top/daily/',
  'accept-encoding' => 'gzip, deflate',
  'accept-language' => 'zh-CN,zh;q=0.9',
  'cookie' => 'OUTFOX_SEARCH_USER_ID_NCOO=300956949.4398302',
  'connection' => 'close',
)
[ info ] [ PARAM ] array (
)
[ info ] [ RUN ] app\admin\controller\Note->newEdit[ /var/www/html/daily/application/admin/controller/Note.php ]
[ info ] [ DB ] INIT mysql
[ info ] [ VIEW ] /var/www/html/daily/application/admin/view/note/newedit.html [ array (
  0 => 'groups',
) ]
[ info ] [ LOG ] INIT File
[ sql ] [ DB ] CONNECT:[ UseTime:0.000491s ] mysql:host=74.120.168.12;dbname=diary;charset=utf8
[ sql ] [ SQL ] SHOW COLUMNS FROM `groups` [ RunTime:0.001451s ]
[ sql ] [ SQL ] SELECT * FROM `groups` [ RunTime:0.000434s ]
---------------------------------------------------------------
[ 2018-08-02T17:25:29+08:00 ] 74.120.168.12 74.120.168.12 POST /daily/admin/note/addnote.html
[ info ] qingrang.top/daily/admin/note/addnote.html [运行时间：0.057201s][吞吐率：17.48req/s] [内存消耗：1,938.10kb] [文件加载：53]
[ info ] [ LANG ] /var/www/html/daily/thinkphp/lang/zh-cn.php
[ info ] [ ROUTE ] array (
  'type' => 'module',
  'module' => 
  array (
    0 => 'admin',
    1 => 'note',
    2 => 'addnote',
  ),
)
[ info ] [ HEADER ] array (
  'host' => 'qingrang.top',
  'content-length' => '721',
  'cache-control' => 'max-age=0',
  'origin' => 'http://qingrang.top',
  'upgrade-insecure-requests' => '1',
  'content-type' => 'application/x-www-form-urlencoded',
  'user-agent' => 'Mozilla/5.0 (Windows NT 10.0; Win64; x64) AppleWebKit/537.36 (KHTML, like Gecko) Chrome/67.0.3396.99 Safari/537.36',
  'accept' => 'text/html,application/xhtml+xml,application/xml;q=0.9,image/webp,image/apng,*/*;q=0.8',
  'referer' => 'http://qingrang.top/daily/admin/note/newedit.html',
  'accept-encoding' => 'gzip, deflate',
  'accept-language' => 'zh-CN,zh;q=0.9',
  'cookie' => 'OUTFOX_SEARCH_USER_ID_NCOO=300956949.4398302',
  'connection' => 'close',
)
[ info ] [ PARAM ] array (
  'groups' => 'Web Front-end',
  'content' => '# 网站流量监控
>百度统计

https://tongji.baidu.com',
  'test-editormd-html-code' => '<h1 id="h1-u7F51u7AD9u6D41u91CFu76D1u63A7"><a name="网站流量监控" class="reference-link"></a><span class="header-link octicon octicon-link"></span>网站流量监控</h1><blockquote>
<p>百度统计</p>
</blockquote>
<p><a href="https://tongji.baidu.com">https://tongji.baidu.com</a></p>
',
)
[ info ] [ RUN ] app\admin\controller\Note->addNote[ /var/www/html/daily/application/admin/controller/Note.php ]
[ info ] [ DB ] INIT mysql
[ info ] [ LOG ] INIT File
[ sql ] [ DB ] CONNECT:[ UseTime:0.000451s ] mysql:host=74.120.168.12;dbname=diary;charset=utf8
[ sql ] [ SQL ] SHOW COLUMNS FROM `groups` [ RunTime:0.001203s ]
[ sql ] [ SQL ] SELECT `parent_id` FROM `groups` WHERE  `groups` = 'Web Front-end' LIMIT 1 [ RunTime:0.000352s ]
[ sql ] [ SQL ] SELECT `groups` FROM `groups` WHERE  `id` = 2 LIMIT 1 [ RunTime:0.000301s ]
[ sql ] [ SQL ] SHOW COLUMNS FROM `note` [ RunTime:0.000849s ]
[ sql ] [ SQL ] INSERT INTO `note` (`title` , `content` , `groups` , `p_id` , `date`) VALUES ('网站流量监控\r' , '# 网站流量监控\r\n>百度统计\r\n\r\nhttps://tongji.baidu.com' , 'Web Front-end' , 2 , '2018-08-02') [ RunTime:0.001087s ]
[ sql ] [ SQL ] SELECT COUNT(*) AS tp_count FROM `note` WHERE  `groups` = 'Web Front-end' LIMIT 1 [ RunTime:0.000676s ]
[ sql ] [ SQL ] UPDATE `groups`  SET `g_count`=12  WHERE  `groups` = 'Web Front-end' [ RunTime:0.000405s ]
---------------------------------------------------------------
[ 2018-08-02T17:25:30+08:00 ] 74.120.168.12 74.120.168.12 GET /daily/
[ info ] qingrang.top/daily/ [运行时间：0.119715s][吞吐率：8.35req/s] [内存消耗：3,363.60kb] [文件加载：55]
[ info ] [ LANG ] /var/www/html/daily/thinkphp/lang/zh-cn.php
[ info ] [ ROUTE ] array (
  'type' => 'module',
  'module' => 
  array (
    0 => '',
    1 => NULL,
    2 => NULL,
  ),
)
[ info ] [ HEADER ] array (
  'host' => 'qingrang.top',
  'cache-control' => 'max-age=0',
  'upgrade-insecure-requests' => '1',
  'user-agent' => 'Mozilla/5.0 (Windows NT 10.0; Win64; x64) AppleWebKit/537.36 (KHTML, like Gecko) Chrome/67.0.3396.99 Safari/537.36',
  'accept' => 'text/html,application/xhtml+xml,application/xml;q=0.9,image/webp,image/apng,*/*;q=0.8',
  'referer' => 'http://qingrang.top/daily/admin/note/newedit.html',
  'accept-encoding' => 'gzip, deflate',
  'accept-language' => 'zh-CN,zh;q=0.9',
  'cookie' => 'OUTFOX_SEARCH_USER_ID_NCOO=300956949.4398302',
  'connection' => 'close',
)
[ info ] [ PARAM ] array (
)
[ info ] [ RUN ] app\admin\controller\Note->notelst[ /var/www/html/daily/application/admin/controller/Note.php ]
[ info ] [ DB ] INIT mysql
[ info ] [ VIEW ] /var/www/html/daily/application/admin/view/note/notelst.html [ array (
  0 => 'autoSave',
  1 => 'phoneSave',
  2 => 'hide',
  3 => 'list',
  4 => 'groups',
  5 => 'groups0',
  6 => 'groups1',
  7 => 'groups2',
  8 => 'count',
  9 => 'year',
  10 => 'default_num',
) ]
[ info ] [ LOG ] INIT File
[ sql ] [ DB ] CONNECT:[ UseTime:0.000509s ] mysql:host=74.120.168.12;dbname=diary;charset=utf8
[ sql ] [ SQL ] SHOW COLUMNS FROM `note` [ RunTime:0.001310s ]
[ sql ] [ SQL ] SELECT * FROM `note` WHERE  `groups` <> 'Essay' ORDER BY id desc [ RunTime:0.004487s ]
[ sql ] [ SQL ] SHOW COLUMNS FROM `config` [ RunTime:0.001202s ]
[ sql ] [ SQL ] SELECT * FROM `config` WHERE  `name` = 'hide' LIMIT 1 [ RunTime:0.000348s ]
[ sql ] [ SQL ] SELECT * FROM `note` WHERE  `id` = 1 LIMIT 1 [ RunTime:0.000438s ]
[ sql ] [ SQL ] SELECT * FROM `note` WHERE  `id` = 2 LIMIT 1 [ RunTime:0.000295s ]
[ sql ] [ SQL ] SHOW COLUMNS FROM `groups` [ RunTime:0.000998s ]
[ sql ] [ SQL ] SELECT * FROM `groups` [ RunTime:0.000325s ]
[ sql ] [ SQL ] SELECT * FROM `groups` WHERE  `parent_id` = 0  AND `id` <> 2 ORDER BY `groups` [ RunTime:0.000485s ]
[ sql ] [ SQL ] SELECT `groups` FROM `groups` WHERE  `parent_id` = 1 [ RunTime:0.000329s ]
[ sql ] [ SQL ] SELECT * FROM `groups` WHERE  `parent_id` = 2 ORDER BY `groups` [ RunTime:0.000377s ]
[ sql ] [ SQL ] SELECT COUNT(*) AS tp_count FROM `note` WHERE  `groups` = 'Default' LIMIT 1 [ RunTime:0.000745s ]
[ sql ] [ SQL ] SELECT COUNT(*) AS tp_count FROM `note` LIMIT 1 [ RunTime:0.000218s ]
[ sql ] [ SQL ] SHOW COLUMNS FROM `yearlist` [ RunTime:0.001055s ]
[ sql ] [ SQL ] SELECT DISTINCT  `year` FROM `yearlist` ORDER BY year desc [ RunTime:0.000613s ]
---------------------------------------------------------------
[ 2018-08-02T17:25:52+08:00 ] 74.120.168.12 74.120.168.12 GET /daily/admin/note/shownote/id/198.html
[ info ] qingrang.top/daily/admin/note/shownote/id/198.html [运行时间：0.053884s][吞吐率：18.56req/s] [内存消耗：1,979.69kb] [文件加载：54]
[ info ] [ LANG ] /var/www/html/daily/thinkphp/lang/zh-cn.php
[ info ] [ ROUTE ] array (
  'type' => 'module',
  'module' => 
  array (
    0 => 'admin',
    1 => 'note',
    2 => 'shownote',
  ),
)
[ info ] [ HEADER ] array (
  'host' => 'qingrang.top',
  'upgrade-insecure-requests' => '1',
  'user-agent' => 'Mozilla/5.0 (Windows NT 10.0; Win64; x64) AppleWebKit/537.36 (KHTML, like Gecko) Chrome/67.0.3396.99 Safari/537.36',
  'accept' => 'text/html,application/xhtml+xml,application/xml;q=0.9,image/webp,image/apng,*/*;q=0.8',
  'referer' => 'http://qingrang.top/daily/',
  'accept-encoding' => 'gzip, deflate',
  'accept-language' => 'zh-CN,zh;q=0.9',
  'cookie' => 'OUTFOX_SEARCH_USER_ID_NCOO=300956949.4398302',
  'connection' => 'close',
)
[ info ] [ PARAM ] array (
  'id' => '198',
)
[ info ] [ RUN ] app\admin\controller\Note->showNote[ /var/www/html/daily/application/admin/controller/Note.php ]
[ info ] [ DB ] INIT mysql
[ info ] [ VIEW ] /var/www/html/daily/application/admin/view/note/shownote.html [ array (
  0 => 'note',
  1 => 'groups',
) ]
[ info ] [ LOG ] INIT File
[ sql ] [ DB ] CONNECT:[ UseTime:0.000516s ] mysql:host=74.120.168.12;dbname=diary;charset=utf8
[ sql ] [ SQL ] SHOW COLUMNS FROM `note` [ RunTime:0.001411s ]
[ sql ] [ SQL ] SELECT * FROM `note` WHERE  `id` = 198 LIMIT 1 [ RunTime:0.000470s ]
[ sql ] [ SQL ] SHOW COLUMNS FROM `groups` [ RunTime:0.000910s ]
[ sql ] [ SQL ] SELECT * FROM `groups` [ RunTime:0.000296s ]
---------------------------------------------------------------
[ 2018-08-02T17:43:27+08:00 ] 74.120.168.12 74.120.168.12 POST /daily/admin/note/ashownote2.html
[ info ] qingrang.top/daily/admin/note/ashownote2.html [运行时间：0.044731s][吞吐率：22.36req/s] [内存消耗：2,087.48kb] [文件加载：50]
[ info ] [ LANG ] /var/www/html/daily/thinkphp/lang/zh-cn.php
[ info ] [ ROUTE ] array (
  'type' => 'module',
  'module' => 
  array (
    0 => 'admin',
    1 => 'note',
    2 => 'ashownote2',
  ),
)
[ info ] [ HEADER ] array (
  'host' => 'qingrang.top',
  'content-length' => '16',
  'accept' => 'application/json, text/javascript, */*; q=0.01',
  'origin' => 'http://qingrang.top',
  'x-requested-with' => 'XMLHttpRequest',
  'user-agent' => 'Mozilla/5.0 (Windows NT 10.0; Win64; x64) AppleWebKit/537.36 (KHTML, like Gecko) Chrome/67.0.3396.99 Safari/537.36',
  'content-type' => 'application/x-www-form-urlencoded',
  'referer' => 'http://qingrang.top/daily/',
  'accept-encoding' => 'gzip, deflate',
  'accept-language' => 'zh-CN,zh;q=0.9',
  'cookie' => 'OUTFOX_SEARCH_USER_ID_NCOO=300956949.4398302',
  'connection' => 'close',
)
[ info ] [ PARAM ] array (
  'groupname' => 'Python',
)
[ info ] [ RUN ] app\admin\controller\Note->aShowNote2[ /var/www/html/daily/application/admin/controller/Note.php ]
[ info ] [ DB ] INIT mysql
[ info ] [ LOG ] INIT File
[ sql ] [ DB ] CONNECT:[ UseTime:0.000426s ] mysql:host=74.120.168.12;dbname=diary;charset=utf8
[ sql ] [ SQL ] SHOW COLUMNS FROM `note` [ RunTime:0.001268s ]
[ sql ] [ SQL ] SELECT * FROM `note` WHERE  `groups` = 'Python' ORDER BY id desc [ RunTime:0.000810s ]
---------------------------------------------------------------
[ 2018-08-02T17:43:29+08:00 ] 74.120.168.12 74.120.168.12 GET /daily/admin/note/editNote/id/195
[ info ] qingrang.top/daily/admin/note/editNote/id/195 [运行时间：0.049247s][吞吐率：20.31req/s] [内存消耗：2,028.79kb] [文件加载：55]
[ info ] [ LANG ] /var/www/html/daily/thinkphp/lang/zh-cn.php
[ info ] [ ROUTE ] array (
  'type' => 'module',
  'module' => 
  array (
    0 => 'admin',
    1 => 'note',
    2 => 'editNote',
  ),
)
[ info ] [ HEADER ] array (
  'host' => 'qingrang.top',
  'upgrade-insecure-requests' => '1',
  'user-agent' => 'Mozilla/5.0 (Windows NT 10.0; Win64; x64) AppleWebKit/537.36 (KHTML, like Gecko) Chrome/67.0.3396.99 Safari/537.36',
  'accept' => 'text/html,application/xhtml+xml,application/xml;q=0.9,image/webp,image/apng,*/*;q=0.8',
  'referer' => 'http://qingrang.top/daily/',
  'accept-encoding' => 'gzip, deflate',
  'accept-language' => 'zh-CN,zh;q=0.9',
  'cookie' => 'OUTFOX_SEARCH_USER_ID_NCOO=300956949.4398302',
  'connection' => 'close',
)
[ info ] [ PARAM ] array (
  'id' => '195',
)
[ info ] [ RUN ] app\admin\controller\Note->editNote[ /var/www/html/daily/application/admin/controller/Note.php ]
[ info ] [ DB ] INIT mysql
[ info ] [ VIEW ] /var/www/html/daily/application/admin/view/note/editnote.html [ array (
  0 => 'note',
  1 => 'groups',
) ]
[ info ] [ LOG ] INIT File
[ sql ] [ DB ] CONNECT:[ UseTime:0.000457s ] mysql:host=74.120.168.12;dbname=diary;charset=utf8
[ sql ] [ SQL ] SHOW COLUMNS FROM `note` [ RunTime:0.001163s ]
[ sql ] [ SQL ] SELECT * FROM `note` WHERE  `id` = 195 LIMIT 1 [ RunTime:0.000416s ]
[ sql ] [ SQL ] SHOW COLUMNS FROM `groups` [ RunTime:0.000921s ]
[ sql ] [ SQL ] SELECT * FROM `groups` [ RunTime:0.000334s ]
---------------------------------------------------------------
[ 2018-08-02T17:59:06+08:00 ] 74.120.168.12 74.120.168.12 GET /daily/
[ info ] qingrang.top/daily/ [运行时间：0.111715s][吞吐率：8.95req/s] [内存消耗：3,363.60kb] [文件加载：55]
[ info ] [ LANG ] /var/www/html/daily/thinkphp/lang/zh-cn.php
[ info ] [ ROUTE ] array (
  'type' => 'module',
  'module' => 
  array (
    0 => '',
    1 => NULL,
    2 => NULL,
  ),
)
[ info ] [ HEADER ] array (
  'host' => 'qingrang.top',
  'cache-control' => 'max-age=0',
  'upgrade-insecure-requests' => '1',
  'user-agent' => 'Mozilla/5.0 (Windows NT 10.0; Win64; x64) AppleWebKit/537.36 (KHTML, like Gecko) Chrome/67.0.3396.99 Safari/537.36',
  'accept' => 'text/html,application/xhtml+xml,application/xml;q=0.9,image/webp,image/apng,*/*;q=0.8',
  'referer' => 'http://qingrang.top/daily/admin/note/newedit.html',
  'accept-encoding' => 'gzip, deflate',
  'accept-language' => 'zh-CN,zh;q=0.9',
  'cookie' => 'OUTFOX_SEARCH_USER_ID_NCOO=300956949.4398302',
  'connection' => 'close',
)
[ info ] [ PARAM ] array (
)
[ info ] [ RUN ] app\admin\controller\Note->notelst[ /var/www/html/daily/application/admin/controller/Note.php ]
[ info ] [ DB ] INIT mysql
[ info ] [ VIEW ] /var/www/html/daily/application/admin/view/note/notelst.html [ array (
  0 => 'autoSave',
  1 => 'phoneSave',
  2 => 'hide',
  3 => 'list',
  4 => 'groups',
  5 => 'groups0',
  6 => 'groups1',
  7 => 'groups2',
  8 => 'count',
  9 => 'year',
  10 => 'default_num',
) ]
[ info ] [ LOG ] INIT File
[ sql ] [ DB ] CONNECT:[ UseTime:0.000511s ] mysql:host=74.120.168.12;dbname=diary;charset=utf8
[ sql ] [ SQL ] SHOW COLUMNS FROM `note` [ RunTime:0.001788s ]
[ sql ] [ SQL ] SELECT * FROM `note` WHERE  `groups` <> 'Essay' ORDER BY id desc [ RunTime:0.003421s ]
[ sql ] [ SQL ] SHOW COLUMNS FROM `config` [ RunTime:0.001133s ]
[ sql ] [ SQL ] SELECT * FROM `config` WHERE  `name` = 'hide' LIMIT 1 [ RunTime:0.000331s ]
[ sql ] [ SQL ] SELECT * FROM `note` WHERE  `id` = 1 LIMIT 1 [ RunTime:0.000407s ]
[ sql ] [ SQL ] SELECT * FROM `note` WHERE  `id` = 2 LIMIT 1 [ RunTime:0.000374s ]
[ sql ] [ SQL ] SHOW COLUMNS FROM `groups` [ RunTime:0.000846s ]
[ sql ] [ SQL ] SELECT * FROM `groups` [ RunTime:0.000436s ]
[ sql ] [ SQL ] SELECT * FROM `groups` WHERE  `parent_id` = 0  AND `id` <> 2 ORDER BY `groups` [ RunTime:0.000477s ]
[ sql ] [ SQL ] SELECT `groups` FROM `groups` WHERE  `parent_id` = 1 [ RunTime:0.000276s ]
[ sql ] [ SQL ] SELECT * FROM `groups` WHERE  `parent_id` = 2 ORDER BY `groups` [ RunTime:0.000367s ]
[ sql ] [ SQL ] SELECT COUNT(*) AS tp_count FROM `note` WHERE  `groups` = 'Default' LIMIT 1 [ RunTime:0.000680s ]
[ sql ] [ SQL ] SELECT COUNT(*) AS tp_count FROM `note` LIMIT 1 [ RunTime:0.000262s ]
[ sql ] [ SQL ] SHOW COLUMNS FROM `yearlist` [ RunTime:0.000969s ]
[ sql ] [ SQL ] SELECT DISTINCT  `year` FROM `yearlist` ORDER BY year desc [ RunTime:0.000655s ]
---------------------------------------------------------------
[ 2018-08-02T18:32:25+08:00 ] 74.120.168.12 74.120.168.12 GET /daily/
[ info ] qingrang.top/daily/ [运行时间：0.112419s][吞吐率：8.90req/s] [内存消耗：3,363.00kb] [文件加载：55]
[ info ] [ LANG ] /var/www/html/daily/thinkphp/lang/zh-cn.php
[ info ] [ ROUTE ] array (
  'type' => 'module',
  'module' => 
  array (
    0 => '',
    1 => NULL,
    2 => NULL,
  ),
)
[ info ] [ HEADER ] array (
  'host' => 'qingrang.top',
  'upgrade-insecure-requests' => '1',
  'user-agent' => 'Mozilla/5.0 (Windows NT 10.0; Win64; x64) AppleWebKit/537.36 (KHTML, like Gecko) Chrome/67.0.3396.99 Safari/537.36',
  'accept' => 'text/html,application/xhtml+xml,application/xml;q=0.9,image/webp,image/apng,*/*;q=0.8',
  'accept-encoding' => 'gzip, deflate',
  'accept-language' => 'zh-CN,zh;q=0.9',
  'cookie' => 'OUTFOX_SEARCH_USER_ID_NCOO=300956949.4398302',
  'connection' => 'close',
)
[ info ] [ PARAM ] array (
)
[ info ] [ RUN ] app\admin\controller\Note->notelst[ /var/www/html/daily/application/admin/controller/Note.php ]
[ info ] [ DB ] INIT mysql
[ info ] [ VIEW ] /var/www/html/daily/application/admin/view/note/notelst.html [ array (
  0 => 'autoSave',
  1 => 'phoneSave',
  2 => 'hide',
  3 => 'list',
  4 => 'groups',
  5 => 'groups0',
  6 => 'groups1',
  7 => 'groups2',
  8 => 'count',
  9 => 'year',
  10 => 'default_num',
) ]
[ info ] [ LOG ] INIT File
[ sql ] [ DB ] CONNECT:[ UseTime:0.000449s ] mysql:host=74.120.168.12;dbname=diary;charset=utf8
[ sql ] [ SQL ] SHOW COLUMNS FROM `note` [ RunTime:0.001223s ]
[ sql ] [ SQL ] SELECT * FROM `note` WHERE  `groups` <> 'Essay' ORDER BY id desc [ RunTime:0.002848s ]
[ sql ] [ SQL ] SHOW COLUMNS FROM `config` [ RunTime:0.000924s ]
[ sql ] [ SQL ] SELECT * FROM `config` WHERE  `name` = 'hide' LIMIT 1 [ RunTime:0.000315s ]
[ sql ] [ SQL ] SELECT * FROM `note` WHERE  `id` = 1 LIMIT 1 [ RunTime:0.000580s ]
[ sql ] [ SQL ] SELECT * FROM `note` WHERE  `id` = 2 LIMIT 1 [ RunTime:0.000294s ]
[ sql ] [ SQL ] SHOW COLUMNS FROM `groups` [ RunTime:0.002037s ]
[ sql ] [ SQL ] SELECT * FROM `groups` [ RunTime:0.000461s ]
[ sql ] [ SQL ] SELECT * FROM `groups` WHERE  `parent_id` = 0  AND `id` <> 2 ORDER BY `groups` [ RunTime:0.000413s ]
[ sql ] [ SQL ] SELECT `groups` FROM `groups` WHERE  `parent_id` = 1 [ RunTime:0.000289s ]
[ sql ] [ SQL ] SELECT * FROM `groups` WHERE  `parent_id` = 2 ORDER BY `groups` [ RunTime:0.000342s ]
[ sql ] [ SQL ] SELECT COUNT(*) AS tp_count FROM `note` WHERE  `groups` = 'Default' LIMIT 1 [ RunTime:0.000613s ]
[ sql ] [ SQL ] SELECT COUNT(*) AS tp_count FROM `note` LIMIT 1 [ RunTime:0.000235s ]
[ sql ] [ SQL ] SHOW COLUMNS FROM `yearlist` [ RunTime:0.001150s ]
[ sql ] [ SQL ] SELECT DISTINCT  `year` FROM `yearlist` ORDER BY year desc [ RunTime:0.000759s ]
---------------------------------------------------------------
[ 2018-08-02T19:09:32+08:00 ] 74.120.168.12 101.199.112.52 GET /daily/admin/note/shownote/id/191.html
[ info ] qingrang.top/daily/admin/note/shownote/id/191.html [运行时间：0.055202s][吞吐率：18.12req/s] [内存消耗：1,983.00kb] [文件加载：54]
[ info ] [ LANG ] /var/www/html/daily/thinkphp/lang/zh-cn.php
[ info ] [ ROUTE ] array (
  'type' => 'module',
  'module' => 
  array (
    0 => 'admin',
    1 => 'note',
    2 => 'shownote',
  ),
)
[ info ] [ HEADER ] array (
  'host' => 'qingrang.top',
  'connection' => 'keep-alive',
  'accept-language' => 'zh-CN,zh;q=0.8',
  'user-agent' => 'Mozilla/5.0 (Windows NT 6.1) AppleWebKit/537.36 (KHTML, like Gecko) Chrome/36.0.1985.125 Safari/537.36',
  'accept' => 'text/html,application/xhtml+xml,application/xml;q=0.9,*/*;q=0.8',
  'accept-encoding' => 'gzip,deflate',
  'accept-charset' => 'iso-8859-1,*,utf-8',
)
[ info ] [ PARAM ] array (
  'id' => '191',
)
[ info ] [ RUN ] app\admin\controller\Note->showNote[ /var/www/html/daily/application/admin/controller/Note.php ]
[ info ] [ DB ] INIT mysql
[ info ] [ VIEW ] /var/www/html/daily/application/admin/view/note/shownote.html [ array (
  0 => 'note',
  1 => 'groups',
) ]
[ info ] [ LOG ] INIT File
[ sql ] [ DB ] CONNECT:[ UseTime:0.000554s ] mysql:host=74.120.168.12;dbname=diary;charset=utf8
[ sql ] [ SQL ] SHOW COLUMNS FROM `note` [ RunTime:0.001536s ]
[ sql ] [ SQL ] SELECT * FROM `note` WHERE  `id` = 191 LIMIT 1 [ RunTime:0.000429s ]
[ sql ] [ SQL ] SHOW COLUMNS FROM `groups` [ RunTime:0.000886s ]
[ sql ] [ SQL ] SELECT * FROM `groups` [ RunTime:0.000336s ]
---------------------------------------------------------------
[ 2018-08-02T20:33:48+08:00 ] 74.120.168.12 74.120.168.12 GET /daily/
[ info ] qingrang.top/daily/ [运行时间：0.118175s][吞吐率：8.46req/s] [内存消耗：3,363.00kb] [文件加载：55]
[ info ] [ LANG ] /var/www/html/daily/thinkphp/lang/zh-cn.php
[ info ] [ ROUTE ] array (
  'type' => 'module',
  'module' => 
  array (
    0 => '',
    1 => NULL,
    2 => NULL,
  ),
)
[ info ] [ HEADER ] array (
  'host' => 'qingrang.top',
  'upgrade-insecure-requests' => '1',
  'user-agent' => 'Mozilla/5.0 (Windows NT 10.0; Win64; x64) AppleWebKit/537.36 (KHTML, like Gecko) Chrome/67.0.3396.99 Safari/537.36',
  'accept' => 'text/html,application/xhtml+xml,application/xml;q=0.9,image/webp,image/apng,*/*;q=0.8',
  'accept-encoding' => 'gzip, deflate',
  'accept-language' => 'zh-CN,zh;q=0.9',
  'cookie' => 'OUTFOX_SEARCH_USER_ID_NCOO=300956949.4398302',
  'connection' => 'close',
)
[ info ] [ PARAM ] array (
)
[ info ] [ RUN ] app\admin\controller\Note->notelst[ /var/www/html/daily/application/admin/controller/Note.php ]
[ info ] [ DB ] INIT mysql
[ info ] [ VIEW ] /var/www/html/daily/application/admin/view/note/notelst.html [ array (
  0 => 'autoSave',
  1 => 'phoneSave',
  2 => 'hide',
  3 => 'list',
  4 => 'groups',
  5 => 'groups0',
  6 => 'groups1',
  7 => 'groups2',
  8 => 'count',
  9 => 'year',
  10 => 'default_num',
) ]
[ info ] [ LOG ] INIT File
[ sql ] [ DB ] CONNECT:[ UseTime:0.000459s ] mysql:host=74.120.168.12;dbname=diary;charset=utf8
[ sql ] [ SQL ] SHOW COLUMNS FROM `note` [ RunTime:0.001703s ]
[ sql ] [ SQL ] SELECT * FROM `note` WHERE  `groups` <> 'Essay' ORDER BY id desc [ RunTime:0.004303s ]
[ sql ] [ SQL ] SHOW COLUMNS FROM `config` [ RunTime:0.001153s ]
[ sql ] [ SQL ] SELECT * FROM `config` WHERE  `name` = 'hide' LIMIT 1 [ RunTime:0.000391s ]
[ sql ] [ SQL ] SELECT * FROM `note` WHERE  `id` = 1 LIMIT 1 [ RunTime:0.000468s ]
[ sql ] [ SQL ] SELECT * FROM `note` WHERE  `id` = 2 LIMIT 1 [ RunTime:0.000310s ]
[ sql ] [ SQL ] SHOW COLUMNS FROM `groups` [ RunTime:0.000953s ]
[ sql ] [ SQL ] SELECT * FROM `groups` [ RunTime:0.000350s ]
[ sql ] [ SQL ] SELECT * FROM `groups` WHERE  `parent_id` = 0  AND `id` <> 2 ORDER BY `groups` [ RunTime:0.000514s ]
[ sql ] [ SQL ] SELECT `groups` FROM `groups` WHERE  `parent_id` = 1 [ RunTime:0.000302s ]
[ sql ] [ SQL ] SELECT * FROM `groups` WHERE  `parent_id` = 2 ORDER BY `groups` [ RunTime:0.000381s ]
[ sql ] [ SQL ] SELECT COUNT(*) AS tp_count FROM `note` WHERE  `groups` = 'Default' LIMIT 1 [ RunTime:0.000810s ]
[ sql ] [ SQL ] SELECT COUNT(*) AS tp_count FROM `note` LIMIT 1 [ RunTime:0.000218s ]
[ sql ] [ SQL ] SHOW COLUMNS FROM `yearlist` [ RunTime:0.001074s ]
[ sql ] [ SQL ] SELECT DISTINCT  `year` FROM `yearlist` ORDER BY year desc [ RunTime:0.000686s ]
---------------------------------------------------------------
[ 2018-08-02T20:33:55+08:00 ] 74.120.168.12 74.120.168.12 POST /daily/admin/note/asearch.html
[ info ] qingrang.top/daily/admin/note/asearch.html [运行时间：0.057559s][吞吐率：17.37req/s] [内存消耗：2,507.89kb] [文件加载：50]
[ info ] [ LANG ] /var/www/html/daily/thinkphp/lang/zh-cn.php
[ info ] [ ROUTE ] array (
  'type' => 'module',
  'module' => 
  array (
    0 => 'admin',
    1 => 'note',
    2 => 'asearch',
  ),
)
[ info ] [ HEADER ] array (
  'host' => 'qingrang.top',
  'content-length' => '6',
  'accept' => 'application/json, text/javascript, */*; q=0.01',
  'origin' => 'http://qingrang.top',
  'x-requested-with' => 'XMLHttpRequest',
  'user-agent' => 'Mozilla/5.0 (Windows NT 10.0; Win64; x64) AppleWebKit/537.36 (KHTML, like Gecko) Chrome/67.0.3396.99 Safari/537.36',
  'content-type' => 'application/x-www-form-urlencoded',
  'referer' => 'http://qingrang.top/daily/',
  'accept-encoding' => 'gzip, deflate',
  'accept-language' => 'zh-CN,zh;q=0.9',
  'cookie' => 'OUTFOX_SEARCH_USER_ID_NCOO=300956949.4398302',
  'connection' => 'close',
)
[ info ] [ PARAM ] array (
  'key' => 'ps',
)
[ info ] [ RUN ] app\admin\controller\Note->aSearch[ /var/www/html/daily/application/admin/controller/Note.php ]
[ info ] [ DB ] INIT mysql
[ info ] [ LOG ] INIT File
[ sql ] [ DB ] CONNECT:[ UseTime:0.000420s ] mysql:host=74.120.168.12;dbname=diary;charset=utf8
[ sql ] [ SQL ] SHOW COLUMNS FROM `note` [ RunTime:0.001341s ]
[ sql ] [ SQL ] SELECT * FROM `note` WHERE  ( `title` LIKE '%ps%' OR `content` LIKE '%ps%' ) ORDER BY id desc [ RunTime:0.007140s ]
---------------------------------------------------------------
[ 2018-08-02T20:34:00+08:00 ] 74.120.168.12 74.120.168.12 POST /daily/admin/note/ashownote2.html
[ info ] qingrang.top/daily/admin/note/ashownote2.html [运行时间：0.047808s][吞吐率：20.92req/s] [内存消耗：2,164.73kb] [文件加载：50]
[ info ] [ LANG ] /var/www/html/daily/thinkphp/lang/zh-cn.php
[ info ] [ ROUTE ] array (
  'type' => 'module',
  'module' => 
  array (
    0 => 'admin',
    1 => 'note',
    2 => 'ashownote2',
  ),
)
[ info ] [ HEADER ] array (
  'host' => 'qingrang.top',
  'content-length' => '16',
  'accept' => 'application/json, text/javascript, */*; q=0.01',
  'origin' => 'http://qingrang.top',
  'x-requested-with' => 'XMLHttpRequest',
  'user-agent' => 'Mozilla/5.0 (Windows NT 10.0; Win64; x64) AppleWebKit/537.36 (KHTML, like Gecko) Chrome/67.0.3396.99 Safari/537.36',
  'content-type' => 'application/x-www-form-urlencoded',
  'referer' => 'http://qingrang.top/daily/',
  'accept-encoding' => 'gzip, deflate',
  'accept-language' => 'zh-CN,zh;q=0.9',
  'cookie' => 'OUTFOX_SEARCH_USER_ID_NCOO=300956949.4398302',
  'connection' => 'close',
)
[ info ] [ PARAM ] array (
  'groupname' => 'Basics',
)
[ info ] [ RUN ] app\admin\controller\Note->aShowNote2[ /var/www/html/daily/application/admin/controller/Note.php ]
[ info ] [ DB ] INIT mysql
[ info ] [ LOG ] INIT File
[ sql ] [ DB ] CONNECT:[ UseTime:0.000429s ] mysql:host=74.120.168.12;dbname=diary;charset=utf8
[ sql ] [ SQL ] SHOW COLUMNS FROM `note` [ RunTime:0.001216s ]
[ sql ] [ SQL ] SELECT * FROM `note` WHERE  `groups` = 'Basics' ORDER BY id desc [ RunTime:0.000885s ]
---------------------------------------------------------------
[ 2018-08-02T20:34:04+08:00 ] 74.120.168.12 74.120.168.12 GET /daily/admin/note/shownote/id/137
[ info ] qingrang.top/daily/admin/note/shownote/id/137 [运行时间：0.102805s][吞吐率：9.73req/s] [内存消耗：1,979.82kb] [文件加载：54]
[ info ] [ LANG ] /var/www/html/daily/thinkphp/lang/zh-cn.php
[ info ] [ ROUTE ] array (
  'type' => 'module',
  'module' => 
  array (
    0 => 'admin',
    1 => 'note',
    2 => 'shownote',
  ),
)
[ info ] [ HEADER ] array (
  'host' => 'qingrang.top',
  'upgrade-insecure-requests' => '1',
  'user-agent' => 'Mozilla/5.0 (Windows NT 10.0; Win64; x64) AppleWebKit/537.36 (KHTML, like Gecko) Chrome/67.0.3396.99 Safari/537.36',
  'accept' => 'text/html,application/xhtml+xml,application/xml;q=0.9,image/webp,image/apng,*/*;q=0.8',
  'referer' => 'http://qingrang.top/daily/',
  'accept-encoding' => 'gzip, deflate',
  'accept-language' => 'zh-CN,zh;q=0.9',
  'cookie' => 'OUTFOX_SEARCH_USER_ID_NCOO=300956949.4398302',
  'connection' => 'close',
)
[ info ] [ PARAM ] array (
  'id' => '137',
)
[ info ] [ RUN ] app\admin\controller\Note->showNote[ /var/www/html/daily/application/admin/controller/Note.php ]
[ info ] [ DB ] INIT mysql
[ info ] [ VIEW ] /var/www/html/daily/application/admin/view/note/shownote.html [ array (
  0 => 'note',
  1 => 'groups',
) ]
[ info ] [ LOG ] INIT File
[ sql ] [ DB ] CONNECT:[ UseTime:0.006397s ] mysql:host=74.120.168.12;dbname=diary;charset=utf8
[ sql ] [ SQL ] SHOW COLUMNS FROM `note` [ RunTime:0.001278s ]
[ sql ] [ SQL ] SELECT * FROM `note` WHERE  `id` = 137 LIMIT 1 [ RunTime:0.000392s ]
[ sql ] [ SQL ] SHOW COLUMNS FROM `groups` [ RunTime:0.000930s ]
[ sql ] [ SQL ] SELECT * FROM `groups` [ RunTime:0.000272s ]
---------------------------------------------------------------
[ 2018-08-02T22:37:40+08:00 ] 74.120.168.12 74.120.168.12 GET /daily/
[ info ] qingrang.top/daily/ [运行时间：0.132855s][吞吐率：7.53req/s] [内存消耗：3,363.00kb] [文件加载：55]
[ info ] [ LANG ] /var/www/html/daily/thinkphp/lang/zh-cn.php
[ info ] [ ROUTE ] array (
  'type' => 'module',
  'module' => 
  array (
    0 => '',
    1 => NULL,
    2 => NULL,
  ),
)
[ info ] [ HEADER ] array (
  'host' => 'qingrang.top',
  'upgrade-insecure-requests' => '1',
  'user-agent' => 'Mozilla/5.0 (Windows NT 10.0; Win64; x64) AppleWebKit/537.36 (KHTML, like Gecko) Chrome/67.0.3396.99 Safari/537.36',
  'accept' => 'text/html,application/xhtml+xml,application/xml;q=0.9,image/webp,image/apng,*/*;q=0.8',
  'accept-encoding' => 'gzip, deflate',
  'accept-language' => 'zh-CN,zh;q=0.9',
  'cookie' => 'OUTFOX_SEARCH_USER_ID_NCOO=300956949.4398302',
  'connection' => 'close',
)
[ info ] [ PARAM ] array (
)
[ info ] [ RUN ] app\admin\controller\Note->notelst[ /var/www/html/daily/application/admin/controller/Note.php ]
[ info ] [ DB ] INIT mysql
[ info ] [ VIEW ] /var/www/html/daily/application/admin/view/note/notelst.html [ array (
  0 => 'autoSave',
  1 => 'phoneSave',
  2 => 'hide',
  3 => 'list',
  4 => 'groups',
  5 => 'groups0',
  6 => 'groups1',
  7 => 'groups2',
  8 => 'count',
  9 => 'year',
  10 => 'default_num',
) ]
[ info ] [ LOG ] INIT File
[ sql ] [ DB ] CONNECT:[ UseTime:0.000560s ] mysql:host=74.120.168.12;dbname=diary;charset=utf8
[ sql ] [ SQL ] SHOW COLUMNS FROM `note` [ RunTime:0.002588s ]
[ sql ] [ SQL ] SELECT * FROM `note` WHERE  `groups` <> 'Essay' ORDER BY id desc [ RunTime:0.005902s ]
[ sql ] [ SQL ] SHOW COLUMNS FROM `config` [ RunTime:0.001270s ]
[ sql ] [ SQL ] SELECT * FROM `config` WHERE  `name` = 'hide' LIMIT 1 [ RunTime:0.000398s ]
[ sql ] [ SQL ] SELECT * FROM `note` WHERE  `id` = 1 LIMIT 1 [ RunTime:0.000478s ]
[ sql ] [ SQL ] SELECT * FROM `note` WHERE  `id` = 2 LIMIT 1 [ RunTime:0.000338s ]
[ sql ] [ SQL ] SHOW COLUMNS FROM `groups` [ RunTime:0.000972s ]
[ sql ] [ SQL ] SELECT * FROM `groups` [ RunTime:0.000341s ]
[ sql ] [ SQL ] SELECT * FROM `groups` WHERE  `parent_id` = 0  AND `id` <> 2 ORDER BY `groups` [ RunTime:0.000489s ]
[ sql ] [ SQL ] SELECT `groups` FROM `groups` WHERE  `parent_id` = 1 [ RunTime:0.000312s ]
[ sql ] [ SQL ] SELECT * FROM `groups` WHERE  `parent_id` = 2 ORDER BY `groups` [ RunTime:0.000367s ]
[ sql ] [ SQL ] SELECT COUNT(*) AS tp_count FROM `note` WHERE  `groups` = 'Default' LIMIT 1 [ RunTime:0.000720s ]
[ sql ] [ SQL ] SELECT COUNT(*) AS tp_count FROM `note` LIMIT 1 [ RunTime:0.000271s ]
[ sql ] [ SQL ] SHOW COLUMNS FROM `yearlist` [ RunTime:0.001168s ]
[ sql ] [ SQL ] SELECT DISTINCT  `year` FROM `yearlist` ORDER BY year desc [ RunTime:0.000717s ]
---------------------------------------------------------------
[ 2018-08-02T22:46:50+08:00 ] 74.120.168.12 74.120.168.12 GET /daily/
[ info ] qingrang.top/daily/ [运行时间：0.124023s][吞吐率：8.06req/s] [内存消耗：3,363.00kb] [文件加载：55]
[ info ] [ LANG ] /var/www/html/daily/thinkphp/lang/zh-cn.php
[ info ] [ ROUTE ] array (
  'type' => 'module',
  'module' => 
  array (
    0 => '',
    1 => NULL,
    2 => NULL,
  ),
)
[ info ] [ HEADER ] array (
  'host' => 'qingrang.top',
  'upgrade-insecure-requests' => '1',
  'user-agent' => 'Mozilla/5.0 (Windows NT 10.0; Win64; x64) AppleWebKit/537.36 (KHTML, like Gecko) Chrome/67.0.3396.99 Safari/537.36',
  'accept' => 'text/html,application/xhtml+xml,application/xml;q=0.9,image/webp,image/apng,*/*;q=0.8',
  'accept-encoding' => 'gzip, deflate',
  'accept-language' => 'zh-CN,zh;q=0.9',
  'cookie' => 'OUTFOX_SEARCH_USER_ID_NCOO=300956949.4398302',
  'connection' => 'close',
)
[ info ] [ PARAM ] array (
)
[ info ] [ RUN ] app\admin\controller\Note->notelst[ /var/www/html/daily/application/admin/controller/Note.php ]
[ info ] [ DB ] INIT mysql
[ info ] [ VIEW ] /var/www/html/daily/application/admin/view/note/notelst.html [ array (
  0 => 'autoSave',
  1 => 'phoneSave',
  2 => 'hide',
  3 => 'list',
  4 => 'groups',
  5 => 'groups0',
  6 => 'groups1',
  7 => 'groups2',
  8 => 'count',
  9 => 'year',
  10 => 'default_num',
) ]
[ info ] [ LOG ] INIT File
[ sql ] [ DB ] CONNECT:[ UseTime:0.000612s ] mysql:host=74.120.168.12;dbname=diary;charset=utf8
[ sql ] [ SQL ] SHOW COLUMNS FROM `note` [ RunTime:0.001715s ]
[ sql ] [ SQL ] SELECT * FROM `note` WHERE  `groups` <> 'Essay' ORDER BY id desc [ RunTime:0.003200s ]
[ sql ] [ SQL ] SHOW COLUMNS FROM `config` [ RunTime:0.000996s ]
[ sql ] [ SQL ] SELECT * FROM `config` WHERE  `name` = 'hide' LIMIT 1 [ RunTime:0.000322s ]
[ sql ] [ SQL ] SELECT * FROM `note` WHERE  `id` = 1 LIMIT 1 [ RunTime:0.000550s ]
[ sql ] [ SQL ] SELECT * FROM `note` WHERE  `id` = 2 LIMIT 1 [ RunTime:0.000363s ]
[ sql ] [ SQL ] SHOW COLUMNS FROM `groups` [ RunTime:0.000941s ]
[ sql ] [ SQL ] SELECT * FROM `groups` [ RunTime:0.000293s ]
[ sql ] [ SQL ] SELECT * FROM `groups` WHERE  `parent_id` = 0  AND `id` <> 2 ORDER BY `groups` [ RunTime:0.000406s ]
[ sql ] [ SQL ] SELECT `groups` FROM `groups` WHERE  `parent_id` = 1 [ RunTime:0.000290s ]
[ sql ] [ SQL ] SELECT * FROM `groups` WHERE  `parent_id` = 2 ORDER BY `groups` [ RunTime:0.000389s ]
[ sql ] [ SQL ] SELECT COUNT(*) AS tp_count FROM `note` WHERE  `groups` = 'Default' LIMIT 1 [ RunTime:0.000673s ]
[ sql ] [ SQL ] SELECT COUNT(*) AS tp_count FROM `note` LIMIT 1 [ RunTime:0.000240s ]
[ sql ] [ SQL ] SHOW COLUMNS FROM `yearlist` [ RunTime:0.000985s ]
[ sql ] [ SQL ] SELECT DISTINCT  `year` FROM `yearlist` ORDER BY year desc [ RunTime:0.000655s ]
---------------------------------------------------------------
[ 2018-08-02T22:46:57+08:00 ] 74.120.168.12 74.120.168.12 POST /daily/admin/note/ashownote2.html
[ info ] qingrang.top/daily/admin/note/ashownote2.html [运行时间：0.051732s][吞吐率：19.33req/s] [内存消耗：2,116.21kb] [文件加载：50]
[ info ] [ LANG ] /var/www/html/daily/thinkphp/lang/zh-cn.php
[ info ] [ ROUTE ] array (
  'type' => 'module',
  'module' => 
  array (
    0 => 'admin',
    1 => 'note',
    2 => 'ashownote2',
  ),
)
[ info ] [ HEADER ] array (
  'host' => 'qingrang.top',
  'content-length' => '18',
  'accept' => 'application/json, text/javascript, */*; q=0.01',
  'origin' => 'http://qingrang.top',
  'x-requested-with' => 'XMLHttpRequest',
  'user-agent' => 'Mozilla/5.0 (Windows NT 10.0; Win64; x64) AppleWebKit/537.36 (KHTML, like Gecko) Chrome/67.0.3396.99 Safari/537.36',
  'content-type' => 'application/x-www-form-urlencoded',
  'referer' => 'http://qingrang.top/daily/',
  'accept-encoding' => 'gzip, deflate',
  'accept-language' => 'zh-CN,zh;q=0.9',
  'cookie' => 'OUTFOX_SEARCH_USER_ID_NCOO=300956949.4398302',
  'connection' => 'close',
)
[ info ] [ PARAM ] array (
  'groupname' => 'DataBase',
)
[ info ] [ RUN ] app\admin\controller\Note->aShowNote2[ /var/www/html/daily/application/admin/controller/Note.php ]
[ info ] [ DB ] INIT mysql
[ info ] [ LOG ] INIT File
[ sql ] [ DB ] CONNECT:[ UseTime:0.000612s ] mysql:host=74.120.168.12;dbname=diary;charset=utf8
[ sql ] [ SQL ] SHOW COLUMNS FROM `note` [ RunTime:0.001846s ]
[ sql ] [ SQL ] SELECT * FROM `note` WHERE  `groups` = 'DataBase' ORDER BY id desc [ RunTime:0.001197s ]
---------------------------------------------------------------
[ 2018-08-02T22:47:00+08:00 ] 74.120.168.12 74.120.168.12 POST /daily/admin/note/noteview.html
[ info ] qingrang.top/daily/admin/note/noteview.html [运行时间：0.049553s][吞吐率：20.18req/s] [内存消耗：2,086.30kb] [文件加载：50]
[ info ] [ LANG ] /var/www/html/daily/thinkphp/lang/zh-cn.php
[ info ] [ ROUTE ] array (
  'type' => 'module',
  'module' => 
  array (
    0 => 'admin',
    1 => 'note',
    2 => 'noteview',
  ),
)
[ info ] [ HEADER ] array (
  'host' => 'qingrang.top',
  'content-length' => '9',
  'accept' => 'application/json, text/javascript, */*; q=0.01',
  'origin' => 'http://qingrang.top',
  'x-requested-with' => 'XMLHttpRequest',
  'user-agent' => 'Mozilla/5.0 (Windows NT 10.0; Win64; x64) AppleWebKit/537.36 (KHTML, like Gecko) Chrome/67.0.3396.99 Safari/537.36',
  'content-type' => 'application/x-www-form-urlencoded',
  'referer' => 'http://qingrang.top/daily/',
  'accept-encoding' => 'gzip, deflate',
  'accept-language' => 'zh-CN,zh;q=0.9',
  'cookie' => 'OUTFOX_SEARCH_USER_ID_NCOO=300956949.4398302',
  'connection' => 'close',
)
[ info ] [ PARAM ] array (
  'noteid' => '39',
)
[ info ] [ RUN ] app\admin\controller\Note->noteview[ /var/www/html/daily/application/admin/controller/Note.php ]
[ info ] [ DB ] INIT mysql
[ info ] [ LOG ] INIT File
[ sql ] [ DB ] CONNECT:[ UseTime:0.000584s ] mysql:host=74.120.168.12;dbname=diary;charset=utf8
[ sql ] [ SQL ] SHOW COLUMNS FROM `note` [ RunTime:0.001512s ]
[ sql ] [ SQL ] SELECT * FROM `note` WHERE  `id` = 39 LIMIT 1 [ RunTime:0.000503s ]
