---------------------------------------------------------------
[ 2018-11-03T01:06:30+08:00 ] 74.120.168.12 180.149.130.149 GET /daily/
[ info ] qingrang.top/daily/ [运行时间：0.070937s][吞吐率：14.10req/s] [内存消耗：2,119.21kb] [文件加载：58]
[ info ] [ LANG ] /var/www/html/daily/thinkphp/lang/zh-cn.php
[ info ] [ ROUTE ] array (
  'type' => 'module',
  'module' => 
  array (
    0 => '',
    1 => NULL,
    2 => NULL,
  ),
)
[ info ] [ HEADER ] array (
  'accept' => 'text/html,application/xhtml+xml,application/xml;q=0.9,*/*;q=0.8',
  'user-agent' => 'Mozilla/5.0 (Macintosh; Intel Mac OS X 10_11_4) AppleWebKit/537.36 (KHTML, like Gecko) Chrome/49.0.2623.110 Safari/537.36',
  'connection' => 'Keep-Alive',
  'accept-encoding' => 'gzip, deflate',
  'accept-language' => 'en-US,*',
  'host' => 'qingrang.top',
)
[ info ] [ PARAM ] array (
)
[ info ] [ RUN ] app\admin\controller\Show->notelst[ /var/www/html/daily/application/admin/controller/Show.php ]
[ info ] [ DB ] INIT mysql
[ info ] [ VIEW ] /var/www/html/daily/application/admin/view/show/notelst.html [ array (
  0 => 'list_new',
  1 => 'groups',
  2 => 'groups0',
  3 => 'groups1',
  4 => 'groups2',
  5 => 'groupname',
  6 => 'content',
) ]
[ info ] [ LOG ] INIT File
[ sql ] [ DB ] CONNECT:[ UseTime:0.000618s ] mysql:host=74.120.168.12;dbname=diary;charset=utf8
[ sql ] [ SQL ] SHOW COLUMNS FROM `note` [ RunTime:0.001769s ]
[ sql ] [ SQL ] SELECT `content` FROM `note` WHERE  (  id=32 ) LIMIT 1 [ RunTime:0.000712s ]
[ sql ] [ SQL ] SELECT COUNT(*) AS tp_count FROM `note` WHERE  `groups` <> 'Personal'  AND `publish` = 1 LIMIT 1 [ RunTime:0.002788s ]
[ sql ] [ SQL ] SELECT * FROM `note` WHERE  `groups` <> 'Personal'  AND `publish` = 1 ORDER BY id desc LIMIT 0,6 [ RunTime:0.000518s ]
[ sql ] [ SQL ] SHOW COLUMNS FROM `groups` [ RunTime:0.000984s ]
[ sql ] [ SQL ] SELECT * FROM `groups` WHERE  `groups` <> 'Personal' [ RunTime:0.000339s ]
[ sql ] [ SQL ] SELECT * FROM `groups` WHERE  `parent_id` = 0  AND `groups` <> 'Personal'  AND `id` <> 2 ORDER BY `groups` [ RunTime:0.000430s ]
[ sql ] [ SQL ] SELECT `groups` FROM `groups` WHERE  `parent_id` = 1  AND `groups` <> 'Personal' [ RunTime:0.000329s ]
[ sql ] [ SQL ] SELECT * FROM `groups` WHERE  `parent_id` = 2 ORDER BY `groups` [ RunTime:0.000389s ]
---------------------------------------------------------------
[ 2018-11-03T20:46:01+08:00 ] 74.120.168.12 74.120.168.12 GET /daily/admin/login/index.html
[ info ] qingrang.top/daily/admin/login/index.html [运行时间：0.045071s][吞吐率：22.19req/s] [内存消耗：1,339.90kb] [文件加载：47]
[ info ] [ LANG ] /var/www/html/daily/thinkphp/lang/zh-cn.php
[ info ] [ ROUTE ] array (
  'type' => 'module',
  'module' => 
  array (
    0 => 'admin',
    1 => 'login',
    2 => 'index',
  ),
)
[ info ] [ HEADER ] array (
  'host' => 'qingrang.top',
  'upgrade-insecure-requests' => '1',
  'user-agent' => 'Mozilla/5.0 (Windows NT 10.0; Win64; x64) AppleWebKit/537.36 (KHTML, like Gecko) Chrome/70.0.3538.77 Safari/537.36',
  'accept' => 'text/html,application/xhtml+xml,application/xml;q=0.9,image/webp,image/apng,*/*;q=0.8',
  'accept-encoding' => 'gzip, deflate',
  'accept-language' => 'zh-CN,zh;q=0.9,la;q=0.8,en;q=0.7,lb;q=0.6',
  'cookie' => 'Hm_lvt_1769181352e9adc950166aada465644e=1540982738,1541082864,1541122974,1541171416',
  'connection' => 'close',
)
[ info ] [ PARAM ] array (
)
[ info ] [ RUN ] app\admin\controller\Login->index[ /var/www/html/daily/application/admin/controller/Login.php ]
[ info ] [ VIEW ] /var/www/html/daily/application/admin/view/login/index.html [ array (
) ]
[ info ] [ LOG ] INIT File
---------------------------------------------------------------
[ 2018-11-03T20:46:26+08:00 ] 74.120.168.12 74.120.168.12 POST /daily/admin/login/index.html
[ info ] qingrang.top/daily/admin/login/index.html [运行时间：0.063726s][吞吐率：15.69req/s] [内存消耗：1,922.46kb] [文件加载：54]
[ info ] [ LANG ] /var/www/html/daily/thinkphp/lang/zh-cn.php
[ info ] [ ROUTE ] array (
  'type' => 'module',
  'module' => 
  array (
    0 => 'admin',
    1 => 'login',
    2 => 'index',
  ),
)
[ info ] [ HEADER ] array (
  'host' => 'qingrang.top',
  'content-length' => '8',
  'cache-control' => 'max-age=0',
  'origin' => 'http://qingrang.top',
  'upgrade-insecure-requests' => '1',
  'content-type' => 'application/x-www-form-urlencoded',
  'user-agent' => 'Mozilla/5.0 (Windows NT 10.0; Win64; x64) AppleWebKit/537.36 (KHTML, like Gecko) Chrome/70.0.3538.77 Safari/537.36',
  'accept' => 'text/html,application/xhtml+xml,application/xml;q=0.9,image/webp,image/apng,*/*;q=0.8',
  'referer' => 'http://qingrang.top/daily/admin/login/index.html',
  'accept-encoding' => 'gzip, deflate',
  'accept-language' => 'zh-CN,zh;q=0.9,la;q=0.8,en;q=0.7,lb;q=0.6',
  'cookie' => 'Hm_lvt_1769181352e9adc950166aada465644e=1540982738,1541082864,1541122974,1541171416',
  'connection' => 'close',
)
[ info ] [ PARAM ] array (
  'pwd' => 'shao',
)
[ info ] [ RUN ] app\admin\controller\Login->index[ /var/www/html/daily/application/admin/controller/Login.php ]
[ info ] [ DB ] INIT mysql
[ info ] [ SESSION ] INIT array (
  'id' => '',
  'var_session_id' => '',
  'prefix' => 'think',
  'type' => '',
  'auto_start' => true,
)
[ info ] [ LOG ] INIT File
[ sql ] [ DB ] CONNECT:[ UseTime:0.001362s ] mysql:host=74.120.168.12;dbname=diary;charset=utf8
[ sql ] [ SQL ] SHOW COLUMNS FROM `admin` [ RunTime:0.002899s ]
[ sql ] [ SQL ] SELECT * FROM `admin` WHERE  `id` = 1 LIMIT 1 [ RunTime:0.000511s ]
---------------------------------------------------------------
[ 2018-11-03T20:46:27+08:00 ] 74.120.168.12 74.120.168.12 GET /daily/admin/note
[ info ] qingrang.top/daily/admin/note [运行时间：0.090446s][吞吐率：11.06req/s] [内存消耗：2,226.50kb] [文件加载：56]
[ info ] [ LANG ] /var/www/html/daily/thinkphp/lang/zh-cn.php
[ info ] [ ROUTE ] array (
  'type' => 'module',
  'module' => 
  array (
    0 => 'admin',
    1 => 'note',
    2 => NULL,
  ),
)
[ info ] [ HEADER ] array (
  'host' => 'qingrang.top',
  'cache-control' => 'max-age=0',
  'upgrade-insecure-requests' => '1',
  'user-agent' => 'Mozilla/5.0 (Windows NT 10.0; Win64; x64) AppleWebKit/537.36 (KHTML, like Gecko) Chrome/70.0.3538.77 Safari/537.36',
  'accept' => 'text/html,application/xhtml+xml,application/xml;q=0.9,image/webp,image/apng,*/*;q=0.8',
  'referer' => 'http://qingrang.top/daily/admin/login/index.html',
  'accept-encoding' => 'gzip, deflate',
  'accept-language' => 'zh-CN,zh;q=0.9,la;q=0.8,en;q=0.7,lb;q=0.6',
  'cookie' => 'Hm_lvt_1769181352e9adc950166aada465644e=1540982738,1541082864,1541122974,1541171416; PHPSESSID=h4p7tqgsog249t0tpk0rlillj5',
  'connection' => 'close',
)
[ info ] [ PARAM ] array (
)
[ info ] [ SESSION ] INIT array (
  'id' => '',
  'var_session_id' => '',
  'prefix' => 'think',
  'type' => '',
  'auto_start' => true,
)
[ info ] [ RUN ] app\admin\controller\Note->notelst[ /var/www/html/daily/application/admin/controller/Note.php ]
[ info ] [ DB ] INIT mysql
[ info ] [ VIEW ] /var/www/html/daily/application/admin/view/note/notelst.html [ array (
  0 => 'stickList',
  1 => 'hide',
  2 => 'list',
  3 => 'list_new',
  4 => 'groups',
  5 => 'groups0',
  6 => 'groups1',
  7 => 'groups2',
  8 => 'count',
  9 => 'year',
  10 => 'default_num',
) ]
[ info ] [ LOG ] INIT File
[ sql ] [ DB ] CONNECT:[ UseTime:0.000679s ] mysql:host=74.120.168.12;dbname=diary;charset=utf8
[ sql ] [ SQL ] SHOW COLUMNS FROM `note` [ RunTime:0.001580s ]
[ sql ] [ SQL ] SELECT * FROM `note` WHERE  `groups` <> 'Personal'  AND `is_show` = 1 ORDER BY date desc,id desc [ RunTime:0.003566s ]
[ sql ] [ SQL ] SELECT * FROM `note` WHERE  `groups` <> 'Personal' ORDER BY id desc LIMIT 5 [ RunTime:0.000602s ]
[ sql ] [ SQL ] SHOW COLUMNS FROM `config` [ RunTime:0.001602s ]
[ sql ] [ SQL ] SELECT * FROM `config` WHERE  `name` = 'hide' LIMIT 1 [ RunTime:0.000382s ]
[ sql ] [ SQL ] SELECT * FROM `note` WHERE  `id` < 5 [ RunTime:0.000575s ]
[ sql ] [ SQL ] SHOW COLUMNS FROM `groups` [ RunTime:0.001122s ]
[ sql ] [ SQL ] SELECT * FROM `groups` [ RunTime:0.000347s ]
[ sql ] [ SQL ] SELECT * FROM `groups` WHERE  `parent_id` = 0  AND `id` <> 2 ORDER BY `groups` [ RunTime:0.000469s ]
[ sql ] [ SQL ] SELECT `groups` FROM `groups` WHERE  `parent_id` = 1 [ RunTime:0.000418s ]
[ sql ] [ SQL ] SELECT * FROM `groups` WHERE  `parent_id` = 2 ORDER BY `groups` [ RunTime:0.000402s ]
[ sql ] [ SQL ] SELECT COUNT(*) AS tp_count FROM `note` WHERE  `groups` = 'Default' LIMIT 1 [ RunTime:0.001461s ]
[ sql ] [ SQL ] SELECT COUNT(*) AS tp_count FROM `note` LIMIT 1 [ RunTime:0.000271s ]
[ sql ] [ SQL ] SHOW COLUMNS FROM `yearlist` [ RunTime:0.001283s ]
[ sql ] [ SQL ] SELECT DISTINCT  `year` FROM `yearlist` ORDER BY year desc [ RunTime:0.000751s ]
---------------------------------------------------------------
[ 2018-11-03T20:47:47+08:00 ] 74.120.168.12 74.120.168.12 GET /daily/admin/login/index.html
[ info ] qingrang.top/daily/admin/login/index.html [运行时间：0.052230s][吞吐率：19.15req/s] [内存消耗：1,339.90kb] [文件加载：47]
[ info ] [ LANG ] /var/www/html/daily/thinkphp/lang/zh-cn.php
[ info ] [ ROUTE ] array (
  'type' => 'module',
  'module' => 
  array (
    0 => 'admin',
    1 => 'login',
    2 => 'index',
  ),
)
[ info ] [ HEADER ] array (
  'host' => 'qingrang.top',
  'upgrade-insecure-requests' => '1',
  'user-agent' => 'Mozilla/5.0 (Windows NT 10.0; Win64; x64) AppleWebKit/537.36 (KHTML, like Gecko) Chrome/70.0.3538.77 Safari/537.36',
  'accept' => 'text/html,application/xhtml+xml,application/xml;q=0.9,image/webp,image/apng,*/*;q=0.8',
  'accept-encoding' => 'gzip, deflate',
  'accept-language' => 'zh-CN,zh;q=0.9,la;q=0.8,en;q=0.7,lb;q=0.6',
  'cookie' => 'Hm_lvt_1769181352e9adc950166aada465644e=1540982738,1541082864,1541122974,1541171416',
  'connection' => 'close',
)
[ info ] [ PARAM ] array (
)
[ info ] [ RUN ] app\admin\controller\Login->index[ /var/www/html/daily/application/admin/controller/Login.php ]
[ info ] [ VIEW ] /var/www/html/daily/application/admin/view/login/index.html [ array (
) ]
[ info ] [ LOG ] INIT File
---------------------------------------------------------------
[ 2018-11-03T20:47:56+08:00 ] 74.120.168.12 74.120.168.12 POST /daily/admin/login/index.html
[ info ] qingrang.top/daily/admin/login/index.html [运行时间：0.060183s][吞吐率：16.62req/s] [内存消耗：1,922.46kb] [文件加载：54]
[ info ] [ LANG ] /var/www/html/daily/thinkphp/lang/zh-cn.php
[ info ] [ ROUTE ] array (
  'type' => 'module',
  'module' => 
  array (
    0 => 'admin',
    1 => 'login',
    2 => 'index',
  ),
)
[ info ] [ HEADER ] array (
  'host' => 'qingrang.top',
  'content-length' => '8',
  'cache-control' => 'max-age=0',
  'origin' => 'http://qingrang.top',
  'upgrade-insecure-requests' => '1',
  'content-type' => 'application/x-www-form-urlencoded',
  'user-agent' => 'Mozilla/5.0 (Windows NT 10.0; Win64; x64) AppleWebKit/537.36 (KHTML, like Gecko) Chrome/70.0.3538.77 Safari/537.36',
  'accept' => 'text/html,application/xhtml+xml,application/xml;q=0.9,image/webp,image/apng,*/*;q=0.8',
  'referer' => 'http://qingrang.top/daily/admin/login/index.html',
  'accept-encoding' => 'gzip, deflate',
  'accept-language' => 'zh-CN,zh;q=0.9,la;q=0.8,en;q=0.7,lb;q=0.6',
  'cookie' => 'Hm_lvt_1769181352e9adc950166aada465644e=1540982738,1541082864,1541122974,1541171416',
  'connection' => 'close',
)
[ info ] [ PARAM ] array (
  'pwd' => 'shao',
)
[ info ] [ RUN ] app\admin\controller\Login->index[ /var/www/html/daily/application/admin/controller/Login.php ]
[ info ] [ DB ] INIT mysql
[ info ] [ SESSION ] INIT array (
  'id' => '',
  'var_session_id' => '',
  'prefix' => 'think',
  'type' => '',
  'auto_start' => true,
)
[ info ] [ LOG ] INIT File
[ sql ] [ DB ] CONNECT:[ UseTime:0.000715s ] mysql:host=74.120.168.12;dbname=diary;charset=utf8
[ sql ] [ SQL ] SHOW COLUMNS FROM `admin` [ RunTime:0.001551s ]
[ sql ] [ SQL ] SELECT * FROM `admin` WHERE  `id` = 1 LIMIT 1 [ RunTime:0.000437s ]
---------------------------------------------------------------
[ 2018-11-03T20:47:57+08:00 ] 74.120.168.12 74.120.168.12 GET /daily/admin/note
[ info ] qingrang.top/daily/admin/note [运行时间：0.100121s][吞吐率：9.99req/s] [内存消耗：2,226.50kb] [文件加载：56]
[ info ] [ LANG ] /var/www/html/daily/thinkphp/lang/zh-cn.php
[ info ] [ ROUTE ] array (
  'type' => 'module',
  'module' => 
  array (
    0 => 'admin',
    1 => 'note',
    2 => NULL,
  ),
)
[ info ] [ HEADER ] array (
  'host' => 'qingrang.top',
  'cache-control' => 'max-age=0',
  'upgrade-insecure-requests' => '1',
  'user-agent' => 'Mozilla/5.0 (Windows NT 10.0; Win64; x64) AppleWebKit/537.36 (KHTML, like Gecko) Chrome/70.0.3538.77 Safari/537.36',
  'accept' => 'text/html,application/xhtml+xml,application/xml;q=0.9,image/webp,image/apng,*/*;q=0.8',
  'referer' => 'http://qingrang.top/daily/admin/login/index.html',
  'accept-encoding' => 'gzip, deflate',
  'accept-language' => 'zh-CN,zh;q=0.9,la;q=0.8,en;q=0.7,lb;q=0.6',
  'cookie' => 'Hm_lvt_1769181352e9adc950166aada465644e=1540982738,1541082864,1541122974,1541171416; PHPSESSID=peprcbtd5i60vuh9ors7kvcsv7',
  'connection' => 'close',
)
[ info ] [ PARAM ] array (
)
[ info ] [ SESSION ] INIT array (
  'id' => '',
  'var_session_id' => '',
  'prefix' => 'think',
  'type' => '',
  'auto_start' => true,
)
[ info ] [ RUN ] app\admin\controller\Note->notelst[ /var/www/html/daily/application/admin/controller/Note.php ]
[ info ] [ DB ] INIT mysql
[ info ] [ VIEW ] /var/www/html/daily/application/admin/view/note/notelst.html [ array (
  0 => 'stickList',
  1 => 'hide',
  2 => 'list',
  3 => 'list_new',
  4 => 'groups',
  5 => 'groups0',
  6 => 'groups1',
  7 => 'groups2',
  8 => 'count',
  9 => 'year',
  10 => 'default_num',
) ]
[ info ] [ LOG ] INIT File
[ sql ] [ DB ] CONNECT:[ UseTime:0.000834s ] mysql:host=74.120.168.12;dbname=diary;charset=utf8
[ sql ] [ SQL ] SHOW COLUMNS FROM `note` [ RunTime:0.001983s ]
[ sql ] [ SQL ] SELECT * FROM `note` WHERE  `groups` <> 'Personal'  AND `is_show` = 1 ORDER BY date desc,id desc [ RunTime:0.003222s ]
[ sql ] [ SQL ] SELECT * FROM `note` WHERE  `groups` <> 'Personal' ORDER BY id desc LIMIT 5 [ RunTime:0.000719s ]
[ sql ] [ SQL ] SHOW COLUMNS FROM `config` [ RunTime:0.001589s ]
[ sql ] [ SQL ] SELECT * FROM `config` WHERE  `name` = 'hide' LIMIT 1 [ RunTime:0.000522s ]
[ sql ] [ SQL ] SELECT * FROM `note` WHERE  `id` < 5 [ RunTime:0.000631s ]
[ sql ] [ SQL ] SHOW COLUMNS FROM `groups` [ RunTime:0.001467s ]
[ sql ] [ SQL ] SELECT * FROM `groups` [ RunTime:0.000459s ]
[ sql ] [ SQL ] SELECT * FROM `groups` WHERE  `parent_id` = 0  AND `id` <> 2 ORDER BY `groups` [ RunTime:0.000478s ]
[ sql ] [ SQL ] SELECT `groups` FROM `groups` WHERE  `parent_id` = 1 [ RunTime:0.000282s ]
[ sql ] [ SQL ] SELECT * FROM `groups` WHERE  `parent_id` = 2 ORDER BY `groups` [ RunTime:0.000352s ]
[ sql ] [ SQL ] SELECT COUNT(*) AS tp_count FROM `note` WHERE  `groups` = 'Default' LIMIT 1 [ RunTime:0.001356s ]
[ sql ] [ SQL ] SELECT COUNT(*) AS tp_count FROM `note` LIMIT 1 [ RunTime:0.000260s ]
[ sql ] [ SQL ] SHOW COLUMNS FROM `yearlist` [ RunTime:0.001168s ]
[ sql ] [ SQL ] SELECT DISTINCT  `year` FROM `yearlist` ORDER BY year desc [ RunTime:0.000717s ]
