---------------------------------------------------------------
[ 2018-11-08T19:11:59+08:00 ] 74.120.168.12 74.120.168.12 GET /daily/admin/login/index.html
[ info ] qingrang.top/daily/admin/login/index.html [运行时间：0.045157s][吞吐率：22.14req/s] [内存消耗：1,339.89kb] [文件加载：47]
[ info ] [ LANG ] /var/www/html/daily/thinkphp/lang/zh-cn.php
[ info ] [ ROUTE ] array (
  'type' => 'module',
  'module' => 
  array (
    0 => 'admin',
    1 => 'login',
    2 => 'index',
  ),
)
[ info ] [ HEADER ] array (
  'host' => 'qingrang.top',
  'upgrade-insecure-requests' => '1',
  'user-agent' => 'Mozilla/5.0 (Windows NT 10.0; Win64; x64) AppleWebKit/537.36 (KHTML, like Gecko) Chrome/70.0.3538.77 Safari/537.36',
  'accept' => 'text/html,application/xhtml+xml,application/xml;q=0.9,image/webp,image/apng,*/*;q=0.8',
  'accept-encoding' => 'gzip, deflate',
  'accept-language' => 'zh-CN,zh;q=0.9,la;q=0.8,en;q=0.7,lb;q=0.6',
  'cookie' => 'Hm_lvt_1769181352e9adc950166aada465644e=1540982738,1541082864,1541122974,1541171416',
  'connection' => 'close',
)
[ info ] [ PARAM ] array (
)
[ info ] [ RUN ] app\admin\controller\Login->index[ /var/www/html/daily/application/admin/controller/Login.php ]
[ info ] [ VIEW ] /var/www/html/daily/application/admin/view/login/index.html [ array (
) ]
[ info ] [ LOG ] INIT File
---------------------------------------------------------------
[ 2018-11-08T19:12:15+08:00 ] 74.120.168.12 74.120.168.12 POST /daily/admin/login/index.html
[ info ] qingrang.top/daily/admin/login/index.html [运行时间：0.059913s][吞吐率：16.69req/s] [内存消耗：1,922.46kb] [文件加载：54]
[ info ] [ LANG ] /var/www/html/daily/thinkphp/lang/zh-cn.php
[ info ] [ ROUTE ] array (
  'type' => 'module',
  'module' => 
  array (
    0 => 'admin',
    1 => 'login',
    2 => 'index',
  ),
)
[ info ] [ HEADER ] array (
  'host' => 'qingrang.top',
  'content-length' => '8',
  'cache-control' => 'max-age=0',
  'origin' => 'http://qingrang.top',
  'upgrade-insecure-requests' => '1',
  'content-type' => 'application/x-www-form-urlencoded',
  'user-agent' => 'Mozilla/5.0 (Windows NT 10.0; Win64; x64) AppleWebKit/537.36 (KHTML, like Gecko) Chrome/70.0.3538.77 Safari/537.36',
  'accept' => 'text/html,application/xhtml+xml,application/xml;q=0.9,image/webp,image/apng,*/*;q=0.8',
  'referer' => 'http://qingrang.top/daily/admin/login/index.html',
  'accept-encoding' => 'gzip, deflate',
  'accept-language' => 'zh-CN,zh;q=0.9,la;q=0.8,en;q=0.7,lb;q=0.6',
  'cookie' => 'Hm_lvt_1769181352e9adc950166aada465644e=1540982738,1541082864,1541122974,1541171416',
  'connection' => 'close',
)
[ info ] [ PARAM ] array (
  'pwd' => 'shao',
)
[ info ] [ RUN ] app\admin\controller\Login->index[ /var/www/html/daily/application/admin/controller/Login.php ]
[ info ] [ DB ] INIT mysql
[ info ] [ SESSION ] INIT array (
  'id' => '',
  'var_session_id' => '',
  'prefix' => 'think',
  'type' => '',
  'auto_start' => true,
)
[ info ] [ LOG ] INIT File
[ sql ] [ DB ] CONNECT:[ UseTime:0.001374s ] mysql:host=74.120.168.12;dbname=diary;charset=utf8
[ sql ] [ SQL ] SHOW COLUMNS FROM `admin` [ RunTime:0.002254s ]
[ sql ] [ SQL ] SELECT * FROM `admin` WHERE  `id` = 1 LIMIT 1 [ RunTime:0.000574s ]
---------------------------------------------------------------
[ 2018-11-08T19:12:16+08:00 ] 74.120.168.12 74.120.168.12 GET /daily/admin/note
[ info ] qingrang.top/daily/admin/note [运行时间：0.088103s][吞吐率：11.35req/s] [内存消耗：2,228.93kb] [文件加载：56]
[ info ] [ LANG ] /var/www/html/daily/thinkphp/lang/zh-cn.php
[ info ] [ ROUTE ] array (
  'type' => 'module',
  'module' => 
  array (
    0 => 'admin',
    1 => 'note',
    2 => NULL,
  ),
)
[ info ] [ HEADER ] array (
  'host' => 'qingrang.top',
  'cache-control' => 'max-age=0',
  'upgrade-insecure-requests' => '1',
  'user-agent' => 'Mozilla/5.0 (Windows NT 10.0; Win64; x64) AppleWebKit/537.36 (KHTML, like Gecko) Chrome/70.0.3538.77 Safari/537.36',
  'accept' => 'text/html,application/xhtml+xml,application/xml;q=0.9,image/webp,image/apng,*/*;q=0.8',
  'referer' => 'http://qingrang.top/daily/admin/login/index.html',
  'accept-encoding' => 'gzip, deflate',
  'accept-language' => 'zh-CN,zh;q=0.9,la;q=0.8,en;q=0.7,lb;q=0.6',
  'cookie' => 'Hm_lvt_1769181352e9adc950166aada465644e=1540982738,1541082864,1541122974,1541171416; PHPSESSID=kq9ucru3v5huv2rb6ggp4ds5l6',
  'connection' => 'close',
)
[ info ] [ PARAM ] array (
)
[ info ] [ SESSION ] INIT array (
  'id' => '',
  'var_session_id' => '',
  'prefix' => 'think',
  'type' => '',
  'auto_start' => true,
)
[ info ] [ RUN ] app\admin\controller\Note->notelst[ /var/www/html/daily/application/admin/controller/Note.php ]
[ info ] [ DB ] INIT mysql
[ info ] [ VIEW ] /var/www/html/daily/application/admin/view/note/notelst.html [ array (
  0 => 'stickList',
  1 => 'hide',
  2 => 'list',
  3 => 'list_new',
  4 => 'groups',
  5 => 'groups0',
  6 => 'groups1',
  7 => 'groups2',
  8 => 'count',
  9 => 'year',
  10 => 'default_num',
) ]
[ info ] [ LOG ] INIT File
[ sql ] [ DB ] CONNECT:[ UseTime:0.000812s ] mysql:host=74.120.168.12;dbname=diary;charset=utf8
[ sql ] [ SQL ] SHOW COLUMNS FROM `note` [ RunTime:0.001740s ]
[ sql ] [ SQL ] SELECT * FROM `note` WHERE  `groups` <> 'Personal'  AND `is_show` = 1 ORDER BY date desc,id desc [ RunTime:0.003092s ]
[ sql ] [ SQL ] SELECT * FROM `note` WHERE  `groups` <> 'Personal' ORDER BY id desc LIMIT 5 [ RunTime:0.000604s ]
[ sql ] [ SQL ] SHOW COLUMNS FROM `config` [ RunTime:0.001106s ]
[ sql ] [ SQL ] SELECT * FROM `config` WHERE  `name` = 'hide' LIMIT 1 [ RunTime:0.000478s ]
[ sql ] [ SQL ] SELECT * FROM `note` WHERE  `id` < 5 [ RunTime:0.000623s ]
[ sql ] [ SQL ] SHOW COLUMNS FROM `groups` [ RunTime:0.001236s ]
[ sql ] [ SQL ] SELECT * FROM `groups` [ RunTime:0.000341s ]
[ sql ] [ SQL ] SELECT * FROM `groups` WHERE  `parent_id` = 0  AND `id` <> 2 ORDER BY `groups` [ RunTime:0.000502s ]
[ sql ] [ SQL ] SELECT `groups` FROM `groups` WHERE  `parent_id` = 1 [ RunTime:0.000365s ]
[ sql ] [ SQL ] SELECT * FROM `groups` WHERE  `parent_id` = 2 ORDER BY `groups` [ RunTime:0.000426s ]
[ sql ] [ SQL ] SELECT COUNT(*) AS tp_count FROM `note` WHERE  `groups` = 'Default' LIMIT 1 [ RunTime:0.001223s ]
[ sql ] [ SQL ] SELECT COUNT(*) AS tp_count FROM `note` LIMIT 1 [ RunTime:0.000298s ]
[ sql ] [ SQL ] SHOW COLUMNS FROM `yearlist` [ RunTime:0.001264s ]
[ sql ] [ SQL ] SELECT DISTINCT  `year` FROM `yearlist` ORDER BY year desc [ RunTime:0.000757s ]
---------------------------------------------------------------
[ 2018-11-08T19:12:42+08:00 ] 74.120.168.12 74.120.168.12 GET /daily/admin/note/shownote/id/243.html
[ info ] qingrang.top/daily/admin/note/shownote/id/243.html [运行时间：0.061928s][吞吐率：16.15req/s] [内存消耗：1,979.87kb] [文件加载：55]
[ info ] [ LANG ] /var/www/html/daily/thinkphp/lang/zh-cn.php
[ info ] [ ROUTE ] array (
  'type' => 'module',
  'module' => 
  array (
    0 => 'admin',
    1 => 'note',
    2 => 'shownote',
  ),
)
[ info ] [ HEADER ] array (
  'host' => 'qingrang.top',
  'upgrade-insecure-requests' => '1',
  'user-agent' => 'Mozilla/5.0 (Windows NT 10.0; Win64; x64) AppleWebKit/537.36 (KHTML, like Gecko) Chrome/70.0.3538.77 Safari/537.36',
  'accept' => 'text/html,application/xhtml+xml,application/xml;q=0.9,image/webp,image/apng,*/*;q=0.8',
  'referer' => 'http://qingrang.top/daily/admin/note',
  'accept-encoding' => 'gzip, deflate',
  'accept-language' => 'zh-CN,zh;q=0.9,la;q=0.8,en;q=0.7,lb;q=0.6',
  'cookie' => 'Hm_lvt_1769181352e9adc950166aada465644e=1540982738,1541082864,1541122974,1541171416; PHPSESSID=kq9ucru3v5huv2rb6ggp4ds5l6',
  'connection' => 'close',
)
[ info ] [ PARAM ] array (
  'id' => '243',
)
[ info ] [ SESSION ] INIT array (
  'id' => '',
  'var_session_id' => '',
  'prefix' => 'think',
  'type' => '',
  'auto_start' => true,
)
[ info ] [ RUN ] app\admin\controller\Note->showNote[ /var/www/html/daily/application/admin/controller/Note.php ]
[ info ] [ DB ] INIT mysql
[ info ] [ VIEW ] /var/www/html/daily/application/admin/view/note/shownote.html [ array (
  0 => 'note',
  1 => 'groups',
) ]
[ info ] [ LOG ] INIT File
[ sql ] [ DB ] CONNECT:[ UseTime:0.000707s ] mysql:host=74.120.168.12;dbname=diary;charset=utf8
[ sql ] [ SQL ] SHOW COLUMNS FROM `note` [ RunTime:0.001453s ]
[ sql ] [ SQL ] SELECT * FROM `note` WHERE  `id` = 243 LIMIT 1 [ RunTime:0.000439s ]
[ sql ] [ SQL ] SHOW COLUMNS FROM `groups` [ RunTime:0.000869s ]
[ sql ] [ SQL ] SELECT * FROM `groups` [ RunTime:0.000275s ]
---------------------------------------------------------------
[ 2018-11-08T19:48:21+08:00 ] 74.120.168.12 74.120.168.12 POST /daily/admin/note/asearch.html
[ info ] qingrang.top/daily/admin/note/asearch.html [运行时间：0.077529s][吞吐率：12.90req/s] [内存消耗：2,132.49kb] [文件加载：52]
[ info ] [ LANG ] /var/www/html/daily/thinkphp/lang/zh-cn.php
[ info ] [ ROUTE ] array (
  'type' => 'module',
  'module' => 
  array (
    0 => 'admin',
    1 => 'note',
    2 => 'asearch',
  ),
)
[ info ] [ HEADER ] array (
  'host' => 'qingrang.top',
  'content-length' => '22',
  'accept' => 'application/json, text/javascript, */*; q=0.01',
  'origin' => 'http://qingrang.top',
  'x-requested-with' => 'XMLHttpRequest',
  'user-agent' => 'Mozilla/5.0 (Windows NT 10.0; Win64; x64) AppleWebKit/537.36 (KHTML, like Gecko) Chrome/70.0.3538.77 Safari/537.36',
  'content-type' => 'application/x-www-form-urlencoded',
  'referer' => 'http://qingrang.top/daily/admin/note',
  'accept-encoding' => 'gzip, deflate',
  'accept-language' => 'zh-CN,zh;q=0.9,la;q=0.8,en;q=0.7,lb;q=0.6',
  'cookie' => 'Hm_lvt_1769181352e9adc950166aada465644e=1540982738,1541082864,1541122974,1541171416; PHPSESSID=kq9ucru3v5huv2rb6ggp4ds5l6',
  'connection' => 'close',
)
[ info ] [ PARAM ] array (
  'key' => '行首',
)
[ info ] [ SESSION ] INIT array (
  'id' => '',
  'var_session_id' => '',
  'prefix' => 'think',
  'type' => '',
  'auto_start' => true,
)
[ info ] [ RUN ] app\admin\controller\Note->aSearch[ /var/www/html/daily/application/admin/controller/Note.php ]
[ info ] [ DB ] INIT mysql
[ info ] [ LOG ] INIT File
[ sql ] [ DB ] CONNECT:[ UseTime:0.001531s ] mysql:host=74.120.168.12;dbname=diary;charset=utf8
[ sql ] [ SQL ] SHOW COLUMNS FROM `note` [ RunTime:0.003208s ]
[ sql ] [ SQL ] SELECT * FROM `note` WHERE  ( `title` LIKE '%行首%' OR `content` LIKE '%行首%' ) ORDER BY date desc [ RunTime:0.009209s ]
---------------------------------------------------------------
[ 2018-11-08T19:48:24+08:00 ] 74.120.168.12 74.120.168.12 POST /daily/admin/note/noteview.html
[ info ] qingrang.top/daily/admin/note/noteview.html [运行时间：0.068008s][吞吐率：14.70req/s] [内存消耗：2,126.88kb] [文件加载：52]
[ info ] [ LANG ] /var/www/html/daily/thinkphp/lang/zh-cn.php
[ info ] [ ROUTE ] array (
  'type' => 'module',
  'module' => 
  array (
    0 => 'admin',
    1 => 'note',
    2 => 'noteview',
  ),
)
[ info ] [ HEADER ] array (
  'host' => 'qingrang.top',
  'content-length' => '10',
  'accept' => 'application/json, text/javascript, */*; q=0.01',
  'origin' => 'http://qingrang.top',
  'x-requested-with' => 'XMLHttpRequest',
  'user-agent' => 'Mozilla/5.0 (Windows NT 10.0; Win64; x64) AppleWebKit/537.36 (KHTML, like Gecko) Chrome/70.0.3538.77 Safari/537.36',
  'content-type' => 'application/x-www-form-urlencoded',
  'referer' => 'http://qingrang.top/daily/admin/note',
  'accept-encoding' => 'gzip, deflate',
  'accept-language' => 'zh-CN,zh;q=0.9,la;q=0.8,en;q=0.7,lb;q=0.6',
  'cookie' => 'Hm_lvt_1769181352e9adc950166aada465644e=1540982738,1541082864,1541122974,1541171416; PHPSESSID=kq9ucru3v5huv2rb6ggp4ds5l6',
  'connection' => 'close',
)
[ info ] [ PARAM ] array (
  'noteid' => '161',
)
[ info ] [ SESSION ] INIT array (
  'id' => '',
  'var_session_id' => '',
  'prefix' => 'think',
  'type' => '',
  'auto_start' => true,
)
[ info ] [ RUN ] app\admin\controller\Note->noteview[ /var/www/html/daily/application/admin/controller/Note.php ]
[ info ] [ DB ] INIT mysql
[ info ] [ LOG ] INIT File
[ sql ] [ DB ] CONNECT:[ UseTime:0.000611s ] mysql:host=74.120.168.12;dbname=diary;charset=utf8
[ sql ] [ SQL ] SHOW COLUMNS FROM `note` [ RunTime:0.001443s ]
[ sql ] [ SQL ] SELECT * FROM `note` WHERE  `id` = 161 LIMIT 1 [ RunTime:0.000494s ]
---------------------------------------------------------------
[ 2018-11-08T20:38:13+08:00 ] 74.120.168.12 74.120.168.12 GET /daily/admin/note
[ info ] qingrang.top/daily/admin/note [运行时间：0.090058s][吞吐率：11.10req/s] [内存消耗：2,228.08kb] [文件加载：56]
[ info ] [ LANG ] /var/www/html/daily/thinkphp/lang/zh-cn.php
[ info ] [ ROUTE ] array (
  'type' => 'module',
  'module' => 
  array (
    0 => 'admin',
    1 => 'note',
    2 => NULL,
  ),
)
[ info ] [ HEADER ] array (
  'host' => 'qingrang.top',
  'upgrade-insecure-requests' => '1',
  'user-agent' => 'Mozilla/5.0 (Windows NT 10.0; Win64; x64) AppleWebKit/537.36 (KHTML, like Gecko) Chrome/70.0.3538.77 Safari/537.36',
  'accept' => 'text/html,application/xhtml+xml,application/xml;q=0.9,image/webp,image/apng,*/*;q=0.8',
  'accept-encoding' => 'gzip, deflate',
  'accept-language' => 'zh-CN,zh;q=0.9,la;q=0.8,en;q=0.7,lb;q=0.6',
  'cookie' => 'Hm_lvt_1769181352e9adc950166aada465644e=1540982738,1541082864,1541122974,1541171416; PHPSESSID=kq9ucru3v5huv2rb6ggp4ds5l6',
  'connection' => 'close',
)
[ info ] [ PARAM ] array (
)
[ info ] [ SESSION ] INIT array (
  'id' => '',
  'var_session_id' => '',
  'prefix' => 'think',
  'type' => '',
  'auto_start' => true,
)
[ info ] [ RUN ] app\admin\controller\Note->notelst[ /var/www/html/daily/application/admin/controller/Note.php ]
[ info ] [ DB ] INIT mysql
[ info ] [ VIEW ] /var/www/html/daily/application/admin/view/note/notelst.html [ array (
  0 => 'stickList',
  1 => 'hide',
  2 => 'list',
  3 => 'list_new',
  4 => 'groups',
  5 => 'groups0',
  6 => 'groups1',
  7 => 'groups2',
  8 => 'count',
  9 => 'year',
  10 => 'default_num',
) ]
[ info ] [ LOG ] INIT File
[ sql ] [ DB ] CONNECT:[ UseTime:0.000806s ] mysql:host=74.120.168.12;dbname=diary;charset=utf8
[ sql ] [ SQL ] SHOW COLUMNS FROM `note` [ RunTime:0.002778s ]
[ sql ] [ SQL ] SELECT * FROM `note` WHERE  `groups` <> 'Personal'  AND `is_show` = 1 ORDER BY date desc,id desc [ RunTime:0.003403s ]
[ sql ] [ SQL ] SELECT * FROM `note` WHERE  `groups` <> 'Personal' ORDER BY id desc LIMIT 5 [ RunTime:0.000630s ]
[ sql ] [ SQL ] SHOW COLUMNS FROM `config` [ RunTime:0.001287s ]
[ sql ] [ SQL ] SELECT * FROM `config` WHERE  `name` = 'hide' LIMIT 1 [ RunTime:0.000383s ]
[ sql ] [ SQL ] SELECT * FROM `note` WHERE  `id` < 5 [ RunTime:0.000598s ]
[ sql ] [ SQL ] SHOW COLUMNS FROM `groups` [ RunTime:0.001262s ]
[ sql ] [ SQL ] SELECT * FROM `groups` [ RunTime:0.000421s ]
[ sql ] [ SQL ] SELECT * FROM `groups` WHERE  `parent_id` = 0  AND `id` <> 2 ORDER BY `groups` [ RunTime:0.000588s ]
[ sql ] [ SQL ] SELECT `groups` FROM `groups` WHERE  `parent_id` = 1 [ RunTime:0.000400s ]
[ sql ] [ SQL ] SELECT * FROM `groups` WHERE  `parent_id` = 2 ORDER BY `groups` [ RunTime:0.000456s ]
[ sql ] [ SQL ] SELECT COUNT(*) AS tp_count FROM `note` WHERE  `groups` = 'Default' LIMIT 1 [ RunTime:0.001380s ]
[ sql ] [ SQL ] SELECT COUNT(*) AS tp_count FROM `note` LIMIT 1 [ RunTime:0.000294s ]
[ sql ] [ SQL ] SHOW COLUMNS FROM `yearlist` [ RunTime:0.001384s ]
[ sql ] [ SQL ] SELECT DISTINCT  `year` FROM `yearlist` ORDER BY year desc [ RunTime:0.000935s ]
---------------------------------------------------------------
[ 2018-11-08T20:53:36+08:00 ] 74.120.168.12 74.120.168.12 POST /daily/admin/note/asearch.html
[ info ] qingrang.top/daily/admin/note/asearch.html [运行时间：0.067368s][吞吐率：14.84req/s] [内存消耗：2,203.38kb] [文件加载：52]
[ info ] [ LANG ] /var/www/html/daily/thinkphp/lang/zh-cn.php
[ info ] [ ROUTE ] array (
  'type' => 'module',
  'module' => 
  array (
    0 => 'admin',
    1 => 'note',
    2 => 'asearch',
  ),
)
[ info ] [ HEADER ] array (
  'host' => 'qingrang.top',
  'content-length' => '7',
  'accept' => 'application/json, text/javascript, */*; q=0.01',
  'origin' => 'http://qingrang.top',
  'x-requested-with' => 'XMLHttpRequest',
  'user-agent' => 'Mozilla/5.0 (Windows NT 10.0; Win64; x64) AppleWebKit/537.36 (KHTML, like Gecko) Chrome/70.0.3538.77 Safari/537.36',
  'content-type' => 'application/x-www-form-urlencoded',
  'referer' => 'http://qingrang.top/daily/admin/note',
  'accept-encoding' => 'gzip, deflate',
  'accept-language' => 'zh-CN,zh;q=0.9,la;q=0.8,en;q=0.7,lb;q=0.6',
  'cookie' => 'Hm_lvt_1769181352e9adc950166aada465644e=1540982738,1541082864,1541122974,1541171416; PHPSESSID=kq9ucru3v5huv2rb6ggp4ds5l6',
  'connection' => 'close',
)
[ info ] [ PARAM ] array (
  'key' => 'pom',
)
[ info ] [ SESSION ] INIT array (
  'id' => '',
  'var_session_id' => '',
  'prefix' => 'think',
  'type' => '',
  'auto_start' => true,
)
[ info ] [ RUN ] app\admin\controller\Note->aSearch[ /var/www/html/daily/application/admin/controller/Note.php ]
[ info ] [ DB ] INIT mysql
[ info ] [ LOG ] INIT File
[ sql ] [ DB ] CONNECT:[ UseTime:0.000746s ] mysql:host=74.120.168.12;dbname=diary;charset=utf8
[ sql ] [ SQL ] SHOW COLUMNS FROM `note` [ RunTime:0.001761s ]
[ sql ] [ SQL ] SELECT * FROM `note` WHERE  ( `title` LIKE '%pom%' OR `content` LIKE '%pom%' ) ORDER BY date desc [ RunTime:0.009031s ]
---------------------------------------------------------------
[ 2018-11-08T20:53:40+08:00 ] 74.120.168.12 74.120.168.12 GET /daily/admin/note/shownote/id/236
[ info ] qingrang.top/daily/admin/note/shownote/id/236 [运行时间：0.062120s][吞吐率：16.10req/s] [内存消耗：1,986.40kb] [文件加载：55]
[ info ] [ LANG ] /var/www/html/daily/thinkphp/lang/zh-cn.php
[ info ] [ ROUTE ] array (
  'type' => 'module',
  'module' => 
  array (
    0 => 'admin',
    1 => 'note',
    2 => 'shownote',
  ),
)
[ info ] [ HEADER ] array (
  'host' => 'qingrang.top',
  'upgrade-insecure-requests' => '1',
  'user-agent' => 'Mozilla/5.0 (Windows NT 10.0; Win64; x64) AppleWebKit/537.36 (KHTML, like Gecko) Chrome/70.0.3538.77 Safari/537.36',
  'accept' => 'text/html,application/xhtml+xml,application/xml;q=0.9,image/webp,image/apng,*/*;q=0.8',
  'referer' => 'http://qingrang.top/daily/admin/note',
  'accept-encoding' => 'gzip, deflate',
  'accept-language' => 'zh-CN,zh;q=0.9,la;q=0.8,en;q=0.7,lb;q=0.6',
  'cookie' => 'Hm_lvt_1769181352e9adc950166aada465644e=1540982738,1541082864,1541122974,1541171416; PHPSESSID=kq9ucru3v5huv2rb6ggp4ds5l6',
  'connection' => 'close',
)
[ info ] [ PARAM ] array (
  'id' => '236',
)
[ info ] [ SESSION ] INIT array (
  'id' => '',
  'var_session_id' => '',
  'prefix' => 'think',
  'type' => '',
  'auto_start' => true,
)
[ info ] [ RUN ] app\admin\controller\Note->showNote[ /var/www/html/daily/application/admin/controller/Note.php ]
[ info ] [ DB ] INIT mysql
[ info ] [ VIEW ] /var/www/html/daily/application/admin/view/note/shownote.html [ array (
  0 => 'note',
  1 => 'groups',
) ]
[ info ] [ LOG ] INIT File
[ sql ] [ DB ] CONNECT:[ UseTime:0.000642s ] mysql:host=74.120.168.12;dbname=diary;charset=utf8
[ sql ] [ SQL ] SHOW COLUMNS FROM `note` [ RunTime:0.001523s ]
[ sql ] [ SQL ] SELECT * FROM `note` WHERE  `id` = 236 LIMIT 1 [ RunTime:0.000499s ]
[ sql ] [ SQL ] SHOW COLUMNS FROM `groups` [ RunTime:0.001065s ]
[ sql ] [ SQL ] SELECT * FROM `groups` [ RunTime:0.000444s ]
