---------------------------------------------------------------
[ 2018-06-13T10:00:34+08:00 ] 127.0.0.1 127.0.0.1 GET /daily/
[ info ] 127.0.0.1:9096/daily/ [运行时间：7.949140s][吞吐率：0.13req/s] [内存消耗：3,315.07kb] [文件加载：55]
[ info ] [ LANG ] G:\PHP\daily\thinkphp\lang\zh-cn.php
[ info ] [ ROUTE ] array (
  'type' => 'module',
  'module' => 
  array (
    0 => '',
    1 => NULL,
    2 => NULL,
  ),
)
[ info ] [ HEADER ] array (
  'connection' => 'close',
  'cookie' => 'OUTFOX_SEARCH_USER_ID_NCOO=1320009278.460295',
  'accept-language' => 'zh-CN,zh;q=0.9',
  'accept-encoding' => 'gzip, deflate, br',
  'accept' => 'text/html,application/xhtml+xml,application/xml;q=0.9,image/webp,image/apng,*/*;q=0.8',
  'user-agent' => 'Mozilla/5.0 (Windows NT 10.0; Win64; x64) AppleWebKit/537.36 (KHTML, like Gecko) Chrome/66.0.3359.181 Safari/537.36',
  'upgrade-insecure-requests' => '1',
  'host' => '127.0.0.1:9096',
)
[ info ] [ PARAM ] array (
)
[ info ] [ RUN ] app\admin\controller\Note->notelst[ G:\PHP\daily\application\admin\controller\Note.php ]
[ info ] [ DB ] INIT mysql
[ info ] [ VIEW ] G:\PHP\daily/application/admin\view\note\notelst.html [ array (
  0 => 'autoSave',
  1 => 'phoneSave',
  2 => 'hide',
  3 => 'list',
  4 => 'groups',
  5 => 'groups0',
  6 => 'groups1',
  7 => 'groups2',
  8 => 'count',
  9 => 'year',
) ]
[ info ] [ LOG ] INIT File
[ sql ] [ DB ] CONNECT:[ UseTime:0.673905s ] mysql:host=74.120.168.12;dbname=diary;charset=utf8
[ sql ] [ SQL ] SHOW COLUMNS FROM `note` [ RunTime:0.402614s ]
[ sql ] [ SQL ] SELECT * FROM `note` WHERE  `groups` <> 'Essay' ORDER BY id desc [ RunTime:1.779091s ]
[ sql ] [ SQL ] SHOW COLUMNS FROM `config` [ RunTime:0.395218s ]
[ sql ] [ SQL ] SELECT * FROM `config` WHERE  `name` = 'hide' LIMIT 1 [ RunTime:0.393478s ]
[ sql ] [ SQL ] SELECT * FROM `note` WHERE  `id` = 1 LIMIT 1 [ RunTime:0.398265s ]
[ sql ] [ SQL ] SELECT * FROM `note` WHERE  `id` = 2 LIMIT 1 [ RunTime:0.403896s ]
[ sql ] [ SQL ] SHOW COLUMNS FROM `groups` [ RunTime:0.410276s ]
[ sql ] [ SQL ] SELECT * FROM `groups` [ RunTime:0.409675s ]
[ sql ] [ SQL ] SELECT * FROM `groups` WHERE  `parent_id` = 0 [ RunTime:0.406833s ]
[ sql ] [ SQL ] SELECT `groups` FROM `groups` WHERE  `parent_id` = 1 [ RunTime:0.415920s ]
[ sql ] [ SQL ] SELECT * FROM `groups` WHERE  `parent_id` = 2 [ RunTime:0.399879s ]
[ sql ] [ SQL ] SELECT COUNT(*) AS tp_count FROM `note` LIMIT 1 [ RunTime:0.411987s ]
[ sql ] [ SQL ] SHOW COLUMNS FROM `yearlist` [ RunTime:0.405285s ]
[ sql ] [ SQL ] SELECT DISTINCT  `year` FROM `yearlist` ORDER BY year desc [ RunTime:0.407127s ]
---------------------------------------------------------------
[ 2018-06-13T10:00:38+08:00 ] 127.0.0.1 127.0.0.1 GET /daily/
[ info ] 127.0.0.1:9096/daily/ [运行时间：7.921645s][吞吐率：0.13req/s] [内存消耗：3,315.08kb] [文件加载：55]
[ info ] [ LANG ] G:\PHP\daily\thinkphp\lang\zh-cn.php
[ info ] [ ROUTE ] array (
  'type' => 'module',
  'module' => 
  array (
    0 => '',
    1 => NULL,
    2 => NULL,
  ),
)
[ info ] [ HEADER ] array (
  'connection' => 'close',
  'cookie' => 'OUTFOX_SEARCH_USER_ID_NCOO=1320009278.460295',
  'accept-language' => 'zh-CN,zh;q=0.9',
  'accept-encoding' => 'gzip, deflate, br',
  'accept' => 'text/html,application/xhtml+xml,application/xml;q=0.9,image/webp,image/apng,*/*;q=0.8',
  'user-agent' => 'Mozilla/5.0 (Windows NT 10.0; Win64; x64) AppleWebKit/537.36 (KHTML, like Gecko) Chrome/66.0.3359.181 Safari/537.36',
  'upgrade-insecure-requests' => '1',
  'host' => '127.0.0.1:9096',
)
[ info ] [ PARAM ] array (
)
[ info ] [ RUN ] app\admin\controller\Note->notelst[ G:\PHP\daily\application\admin\controller\Note.php ]
[ info ] [ DB ] INIT mysql
[ info ] [ VIEW ] G:\PHP\daily/application/admin\view\note\notelst.html [ array (
  0 => 'autoSave',
  1 => 'phoneSave',
  2 => 'hide',
  3 => 'list',
  4 => 'groups',
  5 => 'groups0',
  6 => 'groups1',
  7 => 'groups2',
  8 => 'count',
  9 => 'year',
) ]
[ info ] [ LOG ] INIT File
[ sql ] [ DB ] CONNECT:[ UseTime:0.650346s ] mysql:host=74.120.168.12;dbname=diary;charset=utf8
[ sql ] [ SQL ] SHOW COLUMNS FROM `note` [ RunTime:0.399035s ]
[ sql ] [ SQL ] SELECT * FROM `note` WHERE  `groups` <> 'Essay' ORDER BY id desc [ RunTime:1.842684s ]
[ sql ] [ SQL ] SHOW COLUMNS FROM `config` [ RunTime:0.401898s ]
[ sql ] [ SQL ] SELECT * FROM `config` WHERE  `name` = 'hide' LIMIT 1 [ RunTime:0.407432s ]
[ sql ] [ SQL ] SELECT * FROM `note` WHERE  `id` = 1 LIMIT 1 [ RunTime:0.408538s ]
[ sql ] [ SQL ] SELECT * FROM `note` WHERE  `id` = 2 LIMIT 1 [ RunTime:0.416437s ]
[ sql ] [ SQL ] SHOW COLUMNS FROM `groups` [ RunTime:0.405574s ]
[ sql ] [ SQL ] SELECT * FROM `groups` [ RunTime:0.413098s ]
[ sql ] [ SQL ] SELECT * FROM `groups` WHERE  `parent_id` = 0 [ RunTime:0.404909s ]
[ sql ] [ SQL ] SELECT `groups` FROM `groups` WHERE  `parent_id` = 1 [ RunTime:0.408031s ]
[ sql ] [ SQL ] SELECT * FROM `groups` WHERE  `parent_id` = 2 [ RunTime:0.411647s ]
[ sql ] [ SQL ] SELECT COUNT(*) AS tp_count FROM `note` LIMIT 1 [ RunTime:0.407522s ]
[ sql ] [ SQL ] SHOW COLUMNS FROM `yearlist` [ RunTime:0.403102s ]
[ sql ] [ SQL ] SELECT DISTINCT  `year` FROM `yearlist` ORDER BY year desc [ RunTime:0.418159s ]
---------------------------------------------------------------
[ 2018-06-13T10:20:27+08:00 ] 127.0.0.1 127.0.0.1 GET /daily/
[ info ] 127.0.0.1:9096/daily/ [运行时间：7.807428s][吞吐率：0.13req/s] [内存消耗：3,315.09kb] [文件加载：55]
[ info ] [ LANG ] G:\PHP\daily\thinkphp\lang\zh-cn.php
[ info ] [ ROUTE ] array (
  'type' => 'module',
  'module' => 
  array (
    0 => '',
    1 => NULL,
    2 => NULL,
  ),
)
[ info ] [ HEADER ] array (
  'connection' => 'close',
  'cookie' => 'OUTFOX_SEARCH_USER_ID_NCOO=1320009278.460295',
  'accept-language' => 'zh-CN,zh;q=0.9',
  'accept-encoding' => 'gzip, deflate, br',
  'accept' => 'text/html,application/xhtml+xml,application/xml;q=0.9,image/webp,image/apng,*/*;q=0.8',
  'user-agent' => 'Mozilla/5.0 (Windows NT 10.0; Win64; x64) AppleWebKit/537.36 (KHTML, like Gecko) Chrome/66.0.3359.181 Safari/537.36',
  'upgrade-insecure-requests' => '1',
  'host' => '127.0.0.1:9096',
)
[ info ] [ PARAM ] array (
)
[ info ] [ RUN ] app\admin\controller\Note->notelst[ G:\PHP\daily\application\admin\controller\Note.php ]
[ info ] [ DB ] INIT mysql
[ info ] [ VIEW ] G:\PHP\daily/application/admin\view\note\notelst.html [ array (
  0 => 'autoSave',
  1 => 'phoneSave',
  2 => 'hide',
  3 => 'list',
  4 => 'groups',
  5 => 'groups0',
  6 => 'groups1',
  7 => 'groups2',
  8 => 'count',
  9 => 'year',
) ]
[ info ] [ LOG ] INIT File
[ sql ] [ DB ] CONNECT:[ UseTime:0.683464s ] mysql:host=74.120.168.12;dbname=diary;charset=utf8
[ sql ] [ SQL ] SHOW COLUMNS FROM `note` [ RunTime:0.400061s ]
[ sql ] [ SQL ] SELECT * FROM `note` WHERE  `groups` <> 'Essay' ORDER BY id desc [ RunTime:1.753317s ]
[ sql ] [ SQL ] SHOW COLUMNS FROM `config` [ RunTime:0.396551s ]
[ sql ] [ SQL ] SELECT * FROM `config` WHERE  `name` = 'hide' LIMIT 1 [ RunTime:0.394197s ]
[ sql ] [ SQL ] SELECT * FROM `note` WHERE  `id` = 1 LIMIT 1 [ RunTime:0.401136s ]
[ sql ] [ SQL ] SELECT * FROM `note` WHERE  `id` = 2 LIMIT 1 [ RunTime:0.394672s ]
[ sql ] [ SQL ] SHOW COLUMNS FROM `groups` [ RunTime:0.401838s ]
[ sql ] [ SQL ] SELECT * FROM `groups` [ RunTime:0.409652s ]
[ sql ] [ SQL ] SELECT * FROM `groups` WHERE  `parent_id` = 0 [ RunTime:0.408301s ]
[ sql ] [ SQL ] SELECT `groups` FROM `groups` WHERE  `parent_id` = 1 [ RunTime:0.412510s ]
[ sql ] [ SQL ] SELECT * FROM `groups` WHERE  `parent_id` = 2 [ RunTime:0.408764s ]
[ sql ] [ SQL ] SELECT COUNT(*) AS tp_count FROM `note` LIMIT 1 [ RunTime:0.408691s ]
[ sql ] [ SQL ] SHOW COLUMNS FROM `yearlist` [ RunTime:0.408159s ]
[ sql ] [ SQL ] SELECT DISTINCT  `year` FROM `yearlist` ORDER BY year desc [ RunTime:0.408590s ]
---------------------------------------------------------------
[ 2018-06-13T10:20:29+08:00 ] 127.0.0.1 127.0.0.1 GET /daily/
[ info ] 127.0.0.1:9096/daily/ [运行时间：8.128080s][吞吐率：0.12req/s] [内存消耗：3,315.34kb] [文件加载：55]
[ info ] [ LANG ] G:\PHP\daily\thinkphp\lang\zh-cn.php
[ info ] [ ROUTE ] array (
  'type' => 'module',
  'module' => 
  array (
    0 => '',
    1 => NULL,
    2 => NULL,
  ),
)
[ info ] [ HEADER ] array (
  'connection' => 'close',
  'cookie' => 'OUTFOX_SEARCH_USER_ID_NCOO=1320009278.460295',
  'accept-language' => 'zh-CN,zh;q=0.9',
  'accept-encoding' => 'gzip, deflate, br',
  'accept' => 'text/html,application/xhtml+xml,application/xml;q=0.9,image/webp,image/apng,*/*;q=0.8',
  'user-agent' => 'Mozilla/5.0 (Windows NT 10.0; Win64; x64) AppleWebKit/537.36 (KHTML, like Gecko) Chrome/66.0.3359.181 Safari/537.36',
  'upgrade-insecure-requests' => '1',
  'cache-control' => 'no-cache',
  'pragma' => 'no-cache',
  'host' => '127.0.0.1:9096',
)
[ info ] [ PARAM ] array (
)
[ info ] [ RUN ] app\admin\controller\Note->notelst[ G:\PHP\daily\application\admin\controller\Note.php ]
[ info ] [ DB ] INIT mysql
[ info ] [ VIEW ] G:\PHP\daily/application/admin\view\note\notelst.html [ array (
  0 => 'autoSave',
  1 => 'phoneSave',
  2 => 'hide',
  3 => 'list',
  4 => 'groups',
  5 => 'groups0',
  6 => 'groups1',
  7 => 'groups2',
  8 => 'count',
  9 => 'year',
) ]
[ info ] [ LOG ] INIT File
[ sql ] [ DB ] CONNECT:[ UseTime:0.656508s ] mysql:host=74.120.168.12;dbname=diary;charset=utf8
[ sql ] [ SQL ] SHOW COLUMNS FROM `note` [ RunTime:0.409154s ]
[ sql ] [ SQL ] SELECT * FROM `note` WHERE  `groups` <> 'Essay' ORDER BY id desc [ RunTime:2.094513s ]
[ sql ] [ SQL ] SHOW COLUMNS FROM `config` [ RunTime:0.388987s ]
[ sql ] [ SQL ] SELECT * FROM `config` WHERE  `name` = 'hide' LIMIT 1 [ RunTime:0.391848s ]
[ sql ] [ SQL ] SELECT * FROM `note` WHERE  `id` = 1 LIMIT 1 [ RunTime:0.391581s ]
[ sql ] [ SQL ] SELECT * FROM `note` WHERE  `id` = 2 LIMIT 1 [ RunTime:0.407370s ]
[ sql ] [ SQL ] SHOW COLUMNS FROM `groups` [ RunTime:0.408378s ]
[ sql ] [ SQL ] SELECT * FROM `groups` [ RunTime:0.411480s ]
[ sql ] [ SQL ] SELECT * FROM `groups` WHERE  `parent_id` = 0 [ RunTime:0.406030s ]
[ sql ] [ SQL ] SELECT `groups` FROM `groups` WHERE  `parent_id` = 1 [ RunTime:0.408769s ]
[ sql ] [ SQL ] SELECT * FROM `groups` WHERE  `parent_id` = 2 [ RunTime:0.410149s ]
[ sql ] [ SQL ] SELECT COUNT(*) AS tp_count FROM `note` LIMIT 1 [ RunTime:0.407497s ]
[ sql ] [ SQL ] SHOW COLUMNS FROM `yearlist` [ RunTime:0.408559s ]
[ sql ] [ SQL ] SELECT DISTINCT  `year` FROM `yearlist` ORDER BY year desc [ RunTime:0.408430s ]
---------------------------------------------------------------
[ 2018-06-13T10:21:17+08:00 ] 127.0.0.1 127.0.0.1 GET /daily/admin/note/shownote/id/178.html
[ info ] 127.0.0.1:9096/daily/admin/note/shownote/id/178.html [运行时间：2.698907s][吞吐率：0.37req/s] [内存消耗：2,121.29kb] [文件加载：56]
[ info ] [ LANG ] G:\PHP\daily\thinkphp\lang\zh-cn.php
[ info ] [ ROUTE ] array (
  'type' => 'module',
  'module' => 
  array (
    0 => 'admin',
    1 => 'note',
    2 => 'shownote',
  ),
)
[ info ] [ HEADER ] array (
  'connection' => 'close',
  'cookie' => 'OUTFOX_SEARCH_USER_ID_NCOO=1320009278.460295',
  'accept-language' => 'zh-CN,zh;q=0.9',
  'accept-encoding' => 'gzip, deflate, br',
  'referer' => 'http://127.0.0.1:9096/daily/',
  'accept' => 'text/html,application/xhtml+xml,application/xml;q=0.9,image/webp,image/apng,*/*;q=0.8',
  'user-agent' => 'Mozilla/5.0 (Windows NT 10.0; Win64; x64) AppleWebKit/537.36 (KHTML, like Gecko) Chrome/66.0.3359.181 Safari/537.36',
  'upgrade-insecure-requests' => '1',
  'host' => '127.0.0.1:9096',
)
[ info ] [ PARAM ] array (
  'id' => '178',
)
[ info ] [ RUN ] app\admin\controller\Note->showNote[ G:\PHP\daily\application\admin\controller\Note.php ]
[ info ] [ DB ] INIT mysql
[ info ] [ VIEW ] G:\PHP\daily/application/admin\view\note\shownote.html [ array (
  0 => 'note',
  1 => 'groups',
) ]
[ info ] [ LOG ] INIT File
[ sql ] [ DB ] CONNECT:[ UseTime:0.685532s ] mysql:host=74.120.168.12;dbname=diary;charset=utf8
[ sql ] [ SQL ] SHOW COLUMNS FROM `note` [ RunTime:0.408203s ]
[ sql ] [ SQL ] SELECT * FROM `note` WHERE  `id` = 178 LIMIT 1 [ RunTime:0.407903s ]
[ sql ] [ SQL ] SHOW COLUMNS FROM `groups` [ RunTime:0.409011s ]
[ sql ] [ SQL ] SELECT * FROM `groups` [ RunTime:0.407097s ]
---------------------------------------------------------------
[ 2018-06-13T10:37:38+08:00 ] 127.0.0.1 127.0.0.1 GET /daily/
[ info ] 127.0.0.1:9096/daily/ [运行时间：7.949969s][吞吐率：0.13req/s] [内存消耗：3,315.09kb] [文件加载：55]
[ info ] [ LANG ] G:\PHP\daily\thinkphp\lang\zh-cn.php
[ info ] [ ROUTE ] array (
  'type' => 'module',
  'module' => 
  array (
    0 => '',
    1 => NULL,
    2 => NULL,
  ),
)
[ info ] [ HEADER ] array (
  'connection' => 'close',
  'cookie' => 'OUTFOX_SEARCH_USER_ID_NCOO=1320009278.460295',
  'accept-language' => 'zh-CN,zh;q=0.9',
  'accept-encoding' => 'gzip, deflate, br',
  'accept' => 'text/html,application/xhtml+xml,application/xml;q=0.9,image/webp,image/apng,*/*;q=0.8',
  'user-agent' => 'Mozilla/5.0 (Windows NT 10.0; Win64; x64) AppleWebKit/537.36 (KHTML, like Gecko) Chrome/66.0.3359.181 Safari/537.36',
  'upgrade-insecure-requests' => '1',
  'host' => '127.0.0.1:9096',
)
[ info ] [ PARAM ] array (
)
[ info ] [ RUN ] app\admin\controller\Note->notelst[ G:\PHP\daily\application\admin\controller\Note.php ]
[ info ] [ DB ] INIT mysql
[ info ] [ VIEW ] G:\PHP\daily/application/admin\view\note\notelst.html [ array (
  0 => 'autoSave',
  1 => 'phoneSave',
  2 => 'hide',
  3 => 'list',
  4 => 'groups',
  5 => 'groups0',
  6 => 'groups1',
  7 => 'groups2',
  8 => 'count',
  9 => 'year',
) ]
[ info ] [ LOG ] INIT File
[ sql ] [ DB ] CONNECT:[ UseTime:0.703802s ] mysql:host=74.120.168.12;dbname=diary;charset=utf8
[ sql ] [ SQL ] SHOW COLUMNS FROM `note` [ RunTime:0.400485s ]
[ sql ] [ SQL ] SELECT * FROM `note` WHERE  `groups` <> 'Essay' ORDER BY id desc [ RunTime:1.728966s ]
[ sql ] [ SQL ] SHOW COLUMNS FROM `config` [ RunTime:0.399446s ]
[ sql ] [ SQL ] SELECT * FROM `config` WHERE  `name` = 'hide' LIMIT 1 [ RunTime:0.425286s ]
[ sql ] [ SQL ] SELECT * FROM `note` WHERE  `id` = 1 LIMIT 1 [ RunTime:0.395223s ]
[ sql ] [ SQL ] SELECT * FROM `note` WHERE  `id` = 2 LIMIT 1 [ RunTime:0.395154s ]
[ sql ] [ SQL ] SHOW COLUMNS FROM `groups` [ RunTime:0.396350s ]
[ sql ] [ SQL ] SELECT * FROM `groups` [ RunTime:0.408565s ]
[ sql ] [ SQL ] SELECT * FROM `groups` WHERE  `parent_id` = 0 [ RunTime:0.409486s ]
[ sql ] [ SQL ] SELECT `groups` FROM `groups` WHERE  `parent_id` = 1 [ RunTime:0.408094s ]
[ sql ] [ SQL ] SELECT * FROM `groups` WHERE  `parent_id` = 2 [ RunTime:0.408454s ]
[ sql ] [ SQL ] SELECT COUNT(*) AS tp_count FROM `note` LIMIT 1 [ RunTime:0.415289s ]
[ sql ] [ SQL ] SHOW COLUMNS FROM `yearlist` [ RunTime:0.402642s ]
[ sql ] [ SQL ] SELECT DISTINCT  `year` FROM `yearlist` ORDER BY year desc [ RunTime:0.516851s ]
---------------------------------------------------------------
[ 2018-06-13T10:37:41+08:00 ] 127.0.0.1 127.0.0.1 GET /daily/admin/note/shownote/id/181.html
[ info ] 127.0.0.1:9096/daily/admin/note/shownote/id/181.html [运行时间：2.913737s][吞吐率：0.34req/s] [内存消耗：2,008.30kb] [文件加载：54]
[ info ] [ LANG ] G:\PHP\daily\thinkphp\lang\zh-cn.php
[ info ] [ ROUTE ] array (
  'type' => 'module',
  'module' => 
  array (
    0 => 'admin',
    1 => 'note',
    2 => 'shownote',
  ),
)
[ info ] [ HEADER ] array (
  'connection' => 'close',
  'cookie' => 'OUTFOX_SEARCH_USER_ID_NCOO=1320009278.460295',
  'accept-language' => 'zh-CN,zh;q=0.9',
  'accept-encoding' => 'gzip, deflate, br',
  'referer' => 'http://127.0.0.1:9096/daily/',
  'accept' => 'text/html,application/xhtml+xml,application/xml;q=0.9,image/webp,image/apng,*/*;q=0.8',
  'user-agent' => 'Mozilla/5.0 (Windows NT 10.0; Win64; x64) AppleWebKit/537.36 (KHTML, like Gecko) Chrome/66.0.3359.181 Safari/537.36',
  'upgrade-insecure-requests' => '1',
  'host' => '127.0.0.1:9096',
)
[ info ] [ PARAM ] array (
  'id' => '181',
)
[ info ] [ RUN ] app\admin\controller\Note->showNote[ G:\PHP\daily\application\admin\controller\Note.php ]
[ info ] [ DB ] INIT mysql
[ info ] [ VIEW ] G:\PHP\daily/application/admin\view\note\shownote.html [ array (
  0 => 'note',
  1 => 'groups',
) ]
[ info ] [ LOG ] INIT File
[ sql ] [ DB ] CONNECT:[ UseTime:0.695818s ] mysql:host=74.120.168.12;dbname=diary;charset=utf8
[ sql ] [ SQL ] SHOW COLUMNS FROM `note` [ RunTime:0.398292s ]
[ sql ] [ SQL ] SELECT * FROM `note` WHERE  `id` = 181 LIMIT 1 [ RunTime:0.395413s ]
[ sql ] [ SQL ] SHOW COLUMNS FROM `groups` [ RunTime:0.955040s ]
[ sql ] [ SQL ] SELECT * FROM `groups` [ RunTime:0.403147s ]
---------------------------------------------------------------
[ 2018-06-13T18:32:06+08:00 ] 127.0.0.1 127.0.0.1 GET /daily/
[ info ] 127.0.0.1:9096/daily/ [运行时间：7.852364s][吞吐率：0.13req/s] [内存消耗：3,320.30kb] [文件加载：55]
[ info ] [ LANG ] G:\PHP\daily\thinkphp\lang\zh-cn.php
[ info ] [ ROUTE ] array (
  'type' => 'module',
  'module' => 
  array (
    0 => '',
    1 => NULL,
    2 => NULL,
  ),
)
[ info ] [ HEADER ] array (
  'connection' => 'close',
  'cookie' => 'OUTFOX_SEARCH_USER_ID_NCOO=1320009278.460295',
  'accept-language' => 'zh-CN,zh;q=0.9',
  'accept-encoding' => 'gzip, deflate, br',
  'accept' => 'text/html,application/xhtml+xml,application/xml;q=0.9,image/webp,image/apng,*/*;q=0.8',
  'user-agent' => 'Mozilla/5.0 (Windows NT 10.0; Win64; x64) AppleWebKit/537.36 (KHTML, like Gecko) Chrome/66.0.3359.181 Safari/537.36',
  'upgrade-insecure-requests' => '1',
  'host' => '127.0.0.1:9096',
)
[ info ] [ PARAM ] array (
)
[ info ] [ RUN ] app\admin\controller\Note->notelst[ G:\PHP\daily\application\admin\controller\Note.php ]
[ info ] [ DB ] INIT mysql
[ info ] [ VIEW ] G:\PHP\daily/application/admin\view\note\notelst.html [ array (
  0 => 'autoSave',
  1 => 'phoneSave',
  2 => 'hide',
  3 => 'list',
  4 => 'groups',
  5 => 'groups0',
  6 => 'groups1',
  7 => 'groups2',
  8 => 'count',
  9 => 'year',
) ]
[ info ] [ LOG ] INIT File
[ sql ] [ DB ] CONNECT:[ UseTime:0.634502s ] mysql:host=74.120.168.12;dbname=diary;charset=utf8
[ sql ] [ SQL ] SHOW COLUMNS FROM `note` [ RunTime:0.447342s ]
[ sql ] [ SQL ] SELECT * FROM `note` WHERE  `groups` <> 'Essay' ORDER BY id desc [ RunTime:1.767777s ]
[ sql ] [ SQL ] SHOW COLUMNS FROM `config` [ RunTime:0.389515s ]
[ sql ] [ SQL ] SELECT * FROM `config` WHERE  `name` = 'hide' LIMIT 1 [ RunTime:0.390535s ]
[ sql ] [ SQL ] SELECT * FROM `note` WHERE  `id` = 1 LIMIT 1 [ RunTime:0.410686s ]
[ sql ] [ SQL ] SELECT * FROM `note` WHERE  `id` = 2 LIMIT 1 [ RunTime:0.413340s ]
[ sql ] [ SQL ] SHOW COLUMNS FROM `groups` [ RunTime:0.407335s ]
[ sql ] [ SQL ] SELECT * FROM `groups` [ RunTime:0.409435s ]
[ sql ] [ SQL ] SELECT * FROM `groups` WHERE  `parent_id` = 0 [ RunTime:0.413058s ]
[ sql ] [ SQL ] SELECT `groups` FROM `groups` WHERE  `parent_id` = 1 [ RunTime:0.408173s ]
[ sql ] [ SQL ] SELECT * FROM `groups` WHERE  `parent_id` = 2 [ RunTime:0.405438s ]
[ sql ] [ SQL ] SELECT COUNT(*) AS tp_count FROM `note` LIMIT 1 [ RunTime:0.407869s ]
[ sql ] [ SQL ] SHOW COLUMNS FROM `yearlist` [ RunTime:0.411037s ]
[ sql ] [ SQL ] SELECT DISTINCT  `year` FROM `yearlist` ORDER BY year desc [ RunTime:0.410171s ]
---------------------------------------------------------------
[ 2018-06-13T18:32:11+08:00 ] 127.0.0.1 127.0.0.1 GET /daily/
[ info ] 127.0.0.1:9096/daily/ [运行时间：7.912175s][吞吐率：0.13req/s] [内存消耗：3,320.30kb] [文件加载：55]
[ info ] [ LANG ] G:\PHP\daily\thinkphp\lang\zh-cn.php
[ info ] [ ROUTE ] array (
  'type' => 'module',
  'module' => 
  array (
    0 => '',
    1 => NULL,
    2 => NULL,
  ),
)
[ info ] [ HEADER ] array (
  'connection' => 'close',
  'cookie' => 'OUTFOX_SEARCH_USER_ID_NCOO=1320009278.460295',
  'accept-language' => 'zh-CN,zh;q=0.9',
  'accept-encoding' => 'gzip, deflate, br',
  'accept' => 'text/html,application/xhtml+xml,application/xml;q=0.9,image/webp,image/apng,*/*;q=0.8',
  'user-agent' => 'Mozilla/5.0 (Windows NT 10.0; Win64; x64) AppleWebKit/537.36 (KHTML, like Gecko) Chrome/66.0.3359.181 Safari/537.36',
  'upgrade-insecure-requests' => '1',
  'host' => '127.0.0.1:9096',
)
[ info ] [ PARAM ] array (
)
[ info ] [ RUN ] app\admin\controller\Note->notelst[ G:\PHP\daily\application\admin\controller\Note.php ]
[ info ] [ DB ] INIT mysql
[ info ] [ VIEW ] G:\PHP\daily/application/admin\view\note\notelst.html [ array (
  0 => 'autoSave',
  1 => 'phoneSave',
  2 => 'hide',
  3 => 'list',
  4 => 'groups',
  5 => 'groups0',
  6 => 'groups1',
  7 => 'groups2',
  8 => 'count',
  9 => 'year',
) ]
[ info ] [ LOG ] INIT File
[ sql ] [ DB ] CONNECT:[ UseTime:0.686991s ] mysql:host=74.120.168.12;dbname=diary;charset=utf8
[ sql ] [ SQL ] SHOW COLUMNS FROM `note` [ RunTime:0.394094s ]
[ sql ] [ SQL ] SELECT * FROM `note` WHERE  `groups` <> 'Essay' ORDER BY id desc [ RunTime:1.824166s ]
[ sql ] [ SQL ] SHOW COLUMNS FROM `config` [ RunTime:0.391339s ]
[ sql ] [ SQL ] SELECT * FROM `config` WHERE  `name` = 'hide' LIMIT 1 [ RunTime:0.414950s ]
[ sql ] [ SQL ] SELECT * FROM `note` WHERE  `id` = 1 LIMIT 1 [ RunTime:0.406654s ]
[ sql ] [ SQL ] SELECT * FROM `note` WHERE  `id` = 2 LIMIT 1 [ RunTime:0.413126s ]
[ sql ] [ SQL ] SHOW COLUMNS FROM `groups` [ RunTime:0.419102s ]
[ sql ] [ SQL ] SELECT * FROM `groups` [ RunTime:0.405201s ]
[ sql ] [ SQL ] SELECT * FROM `groups` WHERE  `parent_id` = 0 [ RunTime:0.405519s ]
[ sql ] [ SQL ] SELECT `groups` FROM `groups` WHERE  `parent_id` = 1 [ RunTime:0.405233s ]
[ sql ] [ SQL ] SELECT * FROM `groups` WHERE  `parent_id` = 2 [ RunTime:0.410851s ]
[ sql ] [ SQL ] SELECT COUNT(*) AS tp_count FROM `note` LIMIT 1 [ RunTime:0.406792s ]
[ sql ] [ SQL ] SHOW COLUMNS FROM `yearlist` [ RunTime:0.408370s ]
[ sql ] [ SQL ] SELECT DISTINCT  `year` FROM `yearlist` ORDER BY year desc [ RunTime:0.413262s ]
---------------------------------------------------------------
[ 2018-06-13T18:32:49+08:00 ] 127.0.0.1 127.0.0.1 GET /daily/
[ info ] 127.0.0.1:9096/daily/ [运行时间：8.526007s][吞吐率：0.12req/s] [内存消耗：3,320.42kb] [文件加载：55]
[ info ] [ LANG ] G:\PHP\daily\thinkphp\lang\zh-cn.php
[ info ] [ ROUTE ] array (
  'type' => 'module',
  'module' => 
  array (
    0 => '',
    1 => NULL,
    2 => NULL,
  ),
)
[ info ] [ HEADER ] array (
  'connection' => 'close',
  'cookie' => 'OUTFOX_SEARCH_USER_ID_NCOO=1320009278.460295',
  'accept-language' => 'zh-CN,zh;q=0.9',
  'accept-encoding' => 'gzip, deflate, br',
  'accept' => 'text/html,application/xhtml+xml,application/xml;q=0.9,image/webp,image/apng,*/*;q=0.8',
  'user-agent' => 'Mozilla/5.0 (Windows NT 10.0; Win64; x64) AppleWebKit/537.36 (KHTML, like Gecko) Chrome/66.0.3359.181 Safari/537.36',
  'upgrade-insecure-requests' => '1',
  'cache-control' => 'max-age=0',
  'host' => '127.0.0.1:9096',
)
[ info ] [ PARAM ] array (
)
[ info ] [ RUN ] app\admin\controller\Note->notelst[ G:\PHP\daily\application\admin\controller\Note.php ]
[ info ] [ DB ] INIT mysql
[ info ] [ VIEW ] G:\PHP\daily/application/admin\view\note\notelst.html [ array (
  0 => 'autoSave',
  1 => 'phoneSave',
  2 => 'hide',
  3 => 'list',
  4 => 'groups',
  5 => 'groups0',
  6 => 'groups1',
  7 => 'groups2',
  8 => 'count',
  9 => 'year',
) ]
[ info ] [ LOG ] INIT File
[ sql ] [ DB ] CONNECT:[ UseTime:0.639848s ] mysql:host=74.120.168.12;dbname=diary;charset=utf8
[ sql ] [ SQL ] SHOW COLUMNS FROM `note` [ RunTime:0.397783s ]
[ sql ] [ SQL ] SELECT * FROM `note` WHERE  `groups` <> 'Essay' ORDER BY id desc [ RunTime:1.901291s ]
[ sql ] [ SQL ] SHOW COLUMNS FROM `config` [ RunTime:0.398214s ]
[ sql ] [ SQL ] SELECT * FROM `config` WHERE  `name` = 'hide' LIMIT 1 [ RunTime:0.415600s ]
[ sql ] [ SQL ] SELECT * FROM `note` WHERE  `id` = 1 LIMIT 1 [ RunTime:0.405276s ]
[ sql ] [ SQL ] SELECT * FROM `note` WHERE  `id` = 2 LIMIT 1 [ RunTime:0.423869s ]
[ sql ] [ SQL ] SHOW COLUMNS FROM `groups` [ RunTime:0.401081s ]
[ sql ] [ SQL ] SELECT * FROM `groups` [ RunTime:0.411251s ]
[ sql ] [ SQL ] SELECT * FROM `groups` WHERE  `parent_id` = 0 [ RunTime:0.407277s ]
[ sql ] [ SQL ] SELECT `groups` FROM `groups` WHERE  `parent_id` = 1 [ RunTime:0.458574s ]
[ sql ] [ SQL ] SELECT * FROM `groups` WHERE  `parent_id` = 2 [ RunTime:0.806195s ]
[ sql ] [ SQL ] SELECT COUNT(*) AS tp_count FROM `note` LIMIT 1 [ RunTime:0.476740s ]
[ sql ] [ SQL ] SHOW COLUMNS FROM `yearlist` [ RunTime:0.408992s ]
[ sql ] [ SQL ] SELECT DISTINCT  `year` FROM `yearlist` ORDER BY year desc [ RunTime:0.406942s ]
---------------------------------------------------------------
[ 2018-06-13T18:34:19+08:00 ] 127.0.0.1 127.0.0.1 GET /daily/admin/note/editnote/id/185.html
[ info ] 127.0.0.1:9096/daily/admin/note/editnote/id/185.html [运行时间：2.784178s][吞吐率：0.36req/s] [内存消耗：2,176.41kb] [文件加载：57]
[ info ] [ LANG ] G:\PHP\daily\thinkphp\lang\zh-cn.php
[ info ] [ ROUTE ] array (
  'type' => 'module',
  'module' => 
  array (
    0 => 'admin',
    1 => 'note',
    2 => 'editnote',
  ),
)
[ info ] [ HEADER ] array (
  'connection' => 'close',
  'cookie' => 'OUTFOX_SEARCH_USER_ID_NCOO=1320009278.460295',
  'accept-language' => 'zh-CN,zh;q=0.9',
  'accept-encoding' => 'gzip, deflate, br',
  'referer' => 'http://127.0.0.1:9096/daily/',
  'accept' => 'text/html,application/xhtml+xml,application/xml;q=0.9,image/webp,image/apng,*/*;q=0.8',
  'user-agent' => 'Mozilla/5.0 (Windows NT 10.0; Win64; x64) AppleWebKit/537.36 (KHTML, like Gecko) Chrome/66.0.3359.181 Safari/537.36',
  'upgrade-insecure-requests' => '1',
  'host' => '127.0.0.1:9096',
)
[ info ] [ PARAM ] array (
  'id' => '185',
)
[ info ] [ RUN ] app\admin\controller\Note->editNote[ G:\PHP\daily\application\admin\controller\Note.php ]
[ info ] [ DB ] INIT mysql
[ info ] [ VIEW ] G:\PHP\daily/application/admin\view\note\editnote.html [ array (
  0 => 'note',
  1 => 'groups',
) ]
[ info ] [ LOG ] INIT File
[ sql ] [ DB ] CONNECT:[ UseTime:0.628275s ] mysql:host=74.120.168.12;dbname=diary;charset=utf8
[ sql ] [ SQL ] SHOW COLUMNS FROM `note` [ RunTime:0.394290s ]
[ sql ] [ SQL ] SELECT * FROM `note` WHERE  `id` = 185 LIMIT 1 [ RunTime:0.406248s ]
[ sql ] [ SQL ] SHOW COLUMNS FROM `groups` [ RunTime:0.836278s ]
[ sql ] [ SQL ] SELECT * FROM `groups` [ RunTime:0.390360s ]
---------------------------------------------------------------
[ 2018-06-13T18:34:35+08:00 ] 127.0.0.1 127.0.0.1 POST /daily/admin/note/updatenote/id/185.html
[ info ] 127.0.0.1:9096/daily/admin/note/updatenote/id/185.html [运行时间：5.102104s][吞吐率：0.20req/s] [内存消耗：2,104.52kb] [文件加载：57]
[ info ] [ LANG ] G:\PHP\daily\thinkphp\lang\zh-cn.php
[ info ] [ ROUTE ] array (
  'type' => 'module',
  'module' => 
  array (
    0 => 'admin',
    1 => 'note',
    2 => 'updatenote',
  ),
)
[ info ] [ HEADER ] array (
  'connection' => 'close',
  'cookie' => 'OUTFOX_SEARCH_USER_ID_NCOO=1320009278.460295',
  'accept-language' => 'zh-CN,zh;q=0.9',
  'accept-encoding' => 'gzip, deflate, br',
  'referer' => 'http://127.0.0.1:9096/daily/admin/note/editnote/id/185.html',
  'accept' => 'text/html,application/xhtml+xml,application/xml;q=0.9,image/webp,image/apng,*/*;q=0.8',
  'user-agent' => 'Mozilla/5.0 (Windows NT 10.0; Win64; x64) AppleWebKit/537.36 (KHTML, like Gecko) Chrome/66.0.3359.181 Safari/537.36',
  'content-type' => 'application/x-www-form-urlencoded',
  'upgrade-insecure-requests' => '1',
  'origin' => 'http://127.0.0.1:9096',
  'cache-control' => 'max-age=0',
  'content-length' => '8325',
  'host' => '127.0.0.1:9096',
)
[ info ] [ PARAM ] array (
  'content' => '# 排版标准

## 1. 多加空格

- 中英文之间需要加空格

eg. 大家可以搜索公众号 AndroidDeveloper 或者 googdev 关注我。

- 中文与数字之间需要加空格

eg. 不知不觉，我都快 30 岁了。

- 数字与单位之间需要加空格

eg. 我有一块 20 TB 的硬盘，鬼知道我是怎么用完的。

- 完整的英文整句时标点与单词之间需要加空格

eg. Stay hungry, stay foolish.

但是也有一些例外。

- 度的标志、百分号不加空格

eg. 今天气温有 30° 的高温。
eg. 据统计，关注公众号 AndroidDeveloper 的读者中有 80% 是长得好看的。

- 全角标点与其他字符之间不加空格

eg. 大家好，我是 stormzhang，请多多关照。

## 2. 标点

说到标点，不得不说下全角和半角，很多人可能不了解全角和半角的概念，这里顺便介绍下。

全角和半角是英文和中文的编码规范不同遗留下的问题，简单来说，全角占两个字节，半角占一个字节，你可以理解成中文汉子是全角，英文字母是半角，不过半角全角主要是针对标点符号来说的，中文标点占两个字节，英文标点占一个字节。体现在排版上的差异就是，全角字符屏幕打印宽度是两个，而半角字符屏幕打印宽度是一个，如中文逗号和英文逗号他们的显示分别是「，」和「,」。

- 使用全角中文标点

中文排版中所有的标点都应该使用中文全角中文标点

eg. 大家好，我是 stormzhang。

- 遇到英文整句、特殊名词时使用半角标点。

eg. 乔布斯说过：「Stay hungry, stay foolish.」
eg. Facebook, Inc.

- 使用直角引号

我国国家标准要求弯引号，但是个人建议在新媒体排版时使用直角引号。

eg. 你竟然不知道「帅比张」？

如果引号再使用引号使用直角双引号。

eg. 我质问他，「你难道忘记『帅比张』了么？」

ps：电脑键盘中没有直接对应的按键，可以利用搜狗输入法进行设置。
设置 -> 自定义短语设置

## 3. 其他

初以上之外，还有一些其他标准推荐大家使用的。

- 英文名词首字母尽量大写

eg. Google、Android、Facebook

- 专有名词使用正确的大小写

eg. GitHub、iOS、iPhone 6S、MacBook Pro

- 首行不要缩进

这点可能有人不同意，但是我要在这里解释下，在说明之前我们必须弄明白「首行缩进」的目的是什么。

「每段之前空两格」是我们从小学写作文就养成的习惯，也是正式文体的格式要求，其目的是为了区分自然段。

但是像我们现在接触的阅读，都是没有固定的格式要求的，如微信公众号、电子文档等，所以大家一般都采用「空出一行」进行自然段与自然段之间的区分，这种写作方式非常省事，而且很整齐。',
  'groups' => 'Think',
  'id' => '185',
)
[ info ] [ RUN ] app\admin\controller\Note->updateNote[ G:\PHP\daily\application\admin\controller\Note.php ]
[ info ] [ DB ] INIT mysql
[ info ] [ CACHE ] INIT File
[ info ] [ LOG ] INIT File
[ sql ] [ DB ] CONNECT:[ UseTime:0.672015s ] mysql:host=74.120.168.12;dbname=diary;charset=utf8
[ sql ] [ SQL ] SHOW COLUMNS FROM `note` [ RunTime:0.396151s ]
[ sql ] [ SQL ] SELECT * FROM `note` WHERE  `id` = 185 LIMIT 1 [ RunTime:1.330475s ]
[ sql ] [ SQL ] SHOW COLUMNS FROM `groups` [ RunTime:0.853450s ]
[ sql ] [ SQL ] SELECT `parent_id` FROM `groups` WHERE  `groups` = 'Think' LIMIT 1 [ RunTime:0.383132s ]
[ sql ] [ SQL ] SELECT `groups` FROM `groups` WHERE  `id` = 0 LIMIT 1 [ RunTime:0.392238s ]
[ sql ] [ SQL ] SELECT `id` FROM `groups` WHERE  `groups` = 'Think' LIMIT 1 [ RunTime:0.407332s ]
[ sql ] [ SQL ] UPDATE `note`  SET `id`=185,`p_id`=3,`title`='排版标准\r',`content`='# 排版标准\r\n\r\n## 1. 多加空格\r\n\r\n- 中英文之间需要加空格\r\n\r\neg. 大家可以搜索公众号 AndroidDeveloper 或者 googdev 关注我。\r\n\r\n- 中文与数字之间需要加空格\r\n\r\neg. 不知不觉，我都快 30 岁了。\r\n\r\n- 数字与单位之间需要加空格\r\n\r\neg. 我有一块 20 TB 的硬盘，鬼知道我是怎么用完的。\r\n\r\n- 完整的英文整句时标点与单词之间需要加空格\r\n\r\neg. Stay hungry, stay foolish.\r\n\r\n但是也有一些例外。\r\n\r\n- 度的标志、百分号不加空格\r\n\r\neg. 今天气温有 30° 的高温。\r\neg. 据统计，关注公众号 AndroidDeveloper 的读者中有 80% 是长得好看的。\r\n\r\n- 全角标点与其他字符之间不加空格\r\n\r\neg. 大家好，我是 stormzhang，请多多关照。\r\n\r\n## 2. 标点\r\n\r\n说到标点，不得不说下全角和半角，很多人可能不了解全角和半角的概念，这里顺便介绍下。\r\n\r\n全角和半角是英文和中文的编码规范不同遗留下的问题，简单来说，全角占两个字节，半角占一个字节，你可以理解成中文汉子是全角，英文字母是半角，不过半角全角主要是针对标点符号来说的，中文标点占两个字节，英文标点占一个字节。体现在排版上的差异就是，全角字符屏幕打印宽度是两个，而半角字符屏幕打印宽度是一个，如中文逗号和英文逗号他们的显示分别是「，」和「,」。\r\n\r\n- 使用全角中文标点\r\n\r\n中文排版中所有的标点都应该使用中文全角中文标点\r\n\r\neg. 大家好，我是 stormzhang。\r\n\r\n- 遇到英文整句、特殊名词时使用半角标点。\r\n\r\neg. 乔布斯说过：「Stay hungry, stay foolish.」\r\neg. Facebook, Inc.\r\n\r\n- 使用直角引号\r\n\r\n我国国家标准要求弯引号，但是个人建议在新媒体排版时使用直角引号。\r\n\r\neg. 你竟然不知道「帅比张」？\r\n\r\n如果引号再使用引号使用直角双引号。\r\n\r\neg. 我质问他，「你难道忘记『帅比张』了么？」\r\n\r\nps：电脑键盘中没有直接对应的按键，可以利用搜狗输入法进行设置。\r\n设置 -> 自定义短语设置\r\n\r\n## 3. 其他\r\n\r\n初以上之外，还有一些其他标准推荐大家使用的。\r\n\r\n- 英文名词首字母尽量大写\r\n\r\neg. Google、Android、Facebook\r\n\r\n- 专有名词使用正确的大小写\r\n\r\neg. GitHub、iOS、iPhone 6S、MacBook Pro\r\n\r\n- 首行不要缩进\r\n\r\n这点可能有人不同意，但是我要在这里解释下，在说明之前我们必须弄明白「首行缩进」的目的是什么。\r\n\r\n「每段之前空两格」是我们从小学写作文就养成的习惯，也是正式文体的格式要求，其目的是为了区分自然段。\r\n\r\n但是像我们现在接触的阅读，都是没有固定的格式要求的，如微信公众号、电子文档等，所以大家一般都采用「空出一行」进行自然段与自然段之间的区分，这种写作方式非常省事，而且很整齐。',`groups`='Think'  WHERE  `id` = 185 [ RunTime:0.409925s ]
---------------------------------------------------------------
[ 2018-06-13T18:34:44+08:00 ] 127.0.0.1 127.0.0.1 GET /daily/admin/note/notelst.html
[ info ] 127.0.0.1:9096/daily/admin/note/notelst.html [运行时间：8.769694s][吞吐率：0.11req/s] [内存消耗：3,324.03kb] [文件加载：55]
[ info ] [ LANG ] G:\PHP\daily\thinkphp\lang\zh-cn.php
[ info ] [ ROUTE ] array (
  'type' => 'module',
  'module' => 
  array (
    0 => 'admin',
    1 => 'note',
    2 => 'notelst',
  ),
)
[ info ] [ HEADER ] array (
  'connection' => 'close',
  'cookie' => 'OUTFOX_SEARCH_USER_ID_NCOO=1320009278.460295',
  'accept-language' => 'zh-CN,zh;q=0.9',
  'accept-encoding' => 'gzip, deflate, br',
  'referer' => 'http://127.0.0.1:9096/daily/admin/note/editnote/id/185.html',
  'accept' => 'text/html,application/xhtml+xml,application/xml;q=0.9,image/webp,image/apng,*/*;q=0.8',
  'user-agent' => 'Mozilla/5.0 (Windows NT 10.0; Win64; x64) AppleWebKit/537.36 (KHTML, like Gecko) Chrome/66.0.3359.181 Safari/537.36',
  'upgrade-insecure-requests' => '1',
  'cache-control' => 'max-age=0',
  'host' => '127.0.0.1:9096',
)
[ info ] [ PARAM ] array (
)
[ info ] [ RUN ] app\admin\controller\Note->notelst[ G:\PHP\daily\application\admin\controller\Note.php ]
[ info ] [ DB ] INIT mysql
[ info ] [ VIEW ] G:\PHP\daily/application/admin\view\note\notelst.html [ array (
  0 => 'autoSave',
  1 => 'phoneSave',
  2 => 'hide',
  3 => 'list',
  4 => 'groups',
  5 => 'groups0',
  6 => 'groups1',
  7 => 'groups2',
  8 => 'count',
  9 => 'year',
) ]
[ info ] [ LOG ] INIT File
[ sql ] [ DB ] CONNECT:[ UseTime:0.679673s ] mysql:host=74.120.168.12;dbname=diary;charset=utf8
[ sql ] [ SQL ] SHOW COLUMNS FROM `note` [ RunTime:0.388998s ]
[ sql ] [ SQL ] SELECT * FROM `note` WHERE  `groups` <> 'Essay' ORDER BY id desc [ RunTime:2.158802s ]
[ sql ] [ SQL ] SHOW COLUMNS FROM `config` [ RunTime:0.394520s ]
[ sql ] [ SQL ] SELECT * FROM `config` WHERE  `name` = 'hide' LIMIT 1 [ RunTime:0.397357s ]
[ sql ] [ SQL ] SELECT * FROM `note` WHERE  `id` = 1 LIMIT 1 [ RunTime:0.407781s ]
[ sql ] [ SQL ] SELECT * FROM `note` WHERE  `id` = 2 LIMIT 1 [ RunTime:0.407373s ]
[ sql ] [ SQL ] SHOW COLUMNS FROM `groups` [ RunTime:0.417107s ]
[ sql ] [ SQL ] SELECT * FROM `groups` [ RunTime:0.424972s ]
[ sql ] [ SQL ] SELECT * FROM `groups` WHERE  `parent_id` = 0 [ RunTime:0.397690s ]
[ sql ] [ SQL ] SELECT `groups` FROM `groups` WHERE  `parent_id` = 1 [ RunTime:0.416653s ]
[ sql ] [ SQL ] SELECT * FROM `groups` WHERE  `parent_id` = 2 [ RunTime:0.420950s ]
[ sql ] [ SQL ] SELECT COUNT(*) AS tp_count FROM `note` LIMIT 1 [ RunTime:0.388365s ]
[ sql ] [ SQL ] SHOW COLUMNS FROM `yearlist` [ RunTime:0.617793s ]
[ sql ] [ SQL ] SELECT DISTINCT  `year` FROM `yearlist` ORDER BY year desc [ RunTime:0.704249s ]
---------------------------------------------------------------
[ 2018-06-13T18:40:49+08:00 ] 127.0.0.1 127.0.0.1 GET /daily/admin/note/editnote/id/185.html
[ info ] 127.0.0.1:9096/daily/admin/note/editnote/id/185.html [运行时间：2.358565s][吞吐率：0.42req/s] [内存消耗：2,050.30kb] [文件加载：55]
[ info ] [ LANG ] G:\PHP\daily\thinkphp\lang\zh-cn.php
[ info ] [ ROUTE ] array (
  'type' => 'module',
  'module' => 
  array (
    0 => 'admin',
    1 => 'note',
    2 => 'editnote',
  ),
)
[ info ] [ HEADER ] array (
  'connection' => 'close',
  'cookie' => 'OUTFOX_SEARCH_USER_ID_NCOO=1320009278.460295',
  'accept-language' => 'zh-CN,zh;q=0.9',
  'accept-encoding' => 'gzip, deflate, br',
  'referer' => 'http://127.0.0.1:9096/daily/admin/note/notelst.html',
  'accept' => 'text/html,application/xhtml+xml,application/xml;q=0.9,image/webp,image/apng,*/*;q=0.8',
  'user-agent' => 'Mozilla/5.0 (Windows NT 10.0; Win64; x64) AppleWebKit/537.36 (KHTML, like Gecko) Chrome/66.0.3359.181 Safari/537.36',
  'upgrade-insecure-requests' => '1',
  'host' => '127.0.0.1:9096',
)
[ info ] [ PARAM ] array (
  'id' => '185',
)
[ info ] [ RUN ] app\admin\controller\Note->editNote[ G:\PHP\daily\application\admin\controller\Note.php ]
[ info ] [ DB ] INIT mysql
[ info ] [ VIEW ] G:\PHP\daily/application/admin\view\note\editnote.html [ array (
  0 => 'note',
  1 => 'groups',
) ]
[ info ] [ LOG ] INIT File
[ sql ] [ DB ] CONNECT:[ UseTime:0.691276s ] mysql:host=74.120.168.12;dbname=diary;charset=utf8
[ sql ] [ SQL ] SHOW COLUMNS FROM `note` [ RunTime:0.406380s ]
[ sql ] [ SQL ] SELECT * FROM `note` WHERE  `id` = 185 LIMIT 1 [ RunTime:0.402733s ]
[ sql ] [ SQL ] SHOW COLUMNS FROM `groups` [ RunTime:0.396517s ]
[ sql ] [ SQL ] SELECT * FROM `groups` [ RunTime:0.397041s ]
---------------------------------------------------------------
[ 2018-06-13T18:40:59+08:00 ] 127.0.0.1 127.0.0.1 POST /daily/admin/note/updatenote/id/185.html
[ info ] 127.0.0.1:9096/daily/admin/note/updatenote/id/185.html [运行时间：3.576517s][吞吐率：0.28req/s] [内存消耗：2,104.48kb] [文件加载：57]
[ info ] [ LANG ] G:\PHP\daily\thinkphp\lang\zh-cn.php
[ info ] [ ROUTE ] array (
  'type' => 'module',
  'module' => 
  array (
    0 => 'admin',
    1 => 'note',
    2 => 'updatenote',
  ),
)
[ info ] [ HEADER ] array (
  'connection' => 'close',
  'cookie' => 'OUTFOX_SEARCH_USER_ID_NCOO=1320009278.460295',
  'accept-language' => 'zh-CN,zh;q=0.9',
  'accept-encoding' => 'gzip, deflate, br',
  'referer' => 'http://127.0.0.1:9096/daily/admin/note/editnote/id/185.html',
  'accept' => 'text/html,application/xhtml+xml,application/xml;q=0.9,image/webp,image/apng,*/*;q=0.8',
  'user-agent' => 'Mozilla/5.0 (Windows NT 10.0; Win64; x64) AppleWebKit/537.36 (KHTML, like Gecko) Chrome/66.0.3359.181 Safari/537.36',
  'content-type' => 'application/x-www-form-urlencoded',
  'upgrade-insecure-requests' => '1',
  'origin' => 'http://127.0.0.1:9096',
  'cache-control' => 'max-age=0',
  'content-length' => '8325',
  'host' => '127.0.0.1:9096',
)
[ info ] [ PARAM ] array (
  'content' => '# 排版标准

## 1. 多加空格

- 中英文之间需要加空格

eg. 大家可以搜索公众号 AndroidDeveloper 或者 googdev 关注我。

- 中文与数字之间需要加空格

eg. 不知不觉，我都快 30 岁了。

- 数字与单位之间需要加空格

eg. 我有一块 20 TB 的硬盘，鬼知道我是怎么用完的。

- 完整的英文整句时标点与单词之间需要加空格

eg. Stay hungry, stay foolish.

但是也有一些例外。

- 度的标志、百分号不加空格

eg. 今天气温有 30° 的高温。
eg. 据统计，关注公众号 AndroidDeveloper 的读者中有 80% 是长得好看的。

- 全角标点与其他字符之间不加空格

eg. 大家好，我是 stormzhang，请多多关照。

## 2. 标点

说到标点，不得不说下全角和半角，很多人可能不了解全角和半角的概念，这里顺便介绍下。

全角和半角是英文和中文的编码规范不同遗留下的问题，简单来说，全角占两个字节，半角占一个字节，你可以理解成中文汉子是全角，英文字母是半角，不过半角全角主要是针对标点符号来说的，中文标点占两个字节，英文标点占一个字节。体现在排版上的差异就是，全角字符屏幕打印宽度是两个，而半角字符屏幕打印宽度是一个，如中文逗号和英文逗号他们的显示分别是「，」和「,」。

- 使用全角中文标点

中文排版中所有的标点都应该使用中文全角中文标点

eg. 大家好，我是 stormzhang。

- 遇到英文整句、特殊名词时使用半角标点。

eg. 乔布斯说过：「Stay hungry, stay foolish.」
eg. Facebook, Inc.

- 使用直角引号

我国国家标准要求弯引号，但是个人建议在新媒体排版时使用直角引号。

eg. 你竟然不知道「帅比张」？

如果引号再使用引号使用直角双引号。

eg. 我质问他，「你难道忘记『帅比张』了么？」

ps：电脑键盘中没有直接对应的按键，可以利用搜狗输入法进行设置。
设置 -> 自定义短语设置

## 3. 其他

初以上之外，还有一些其他标准推荐大家使用的。

- 英文名词首字母尽量大写

eg. Google、Android、Facebook

- 专有名词使用正确的大小写

eg. GitHub、iOS、iPhone 6S、MacBook Pro

- 首行不要缩进

这点可能有人不同意，但是我要在这里解释下，在说明之前我们必须弄明白「首行缩进」的目的是什么。

「每段之前空两格」是我们从小学写作文就养成的习惯，也是正式文体的格式要求，其目的是为了区分自然段。

但是像我们现在接触的阅读，都是没有固定的格式要求的，如微信公众号、电子文档等，所以大家一般都采用「空出一行」进行自然段与自然段之间的区分，这种写作方式非常省事，而且很整齐。',
  'groups' => 'Think',
  'id' => '185',
)
[ info ] [ RUN ] app\admin\controller\Note->updateNote[ G:\PHP\daily\application\admin\controller\Note.php ]
[ info ] [ DB ] INIT mysql
[ info ] [ CACHE ] INIT File
[ info ] [ LOG ] INIT File
[ sql ] [ DB ] CONNECT:[ UseTime:0.660167s ] mysql:host=74.120.168.12;dbname=diary;charset=utf8
[ sql ] [ SQL ] SHOW COLUMNS FROM `note` [ RunTime:0.394649s ]
[ sql ] [ SQL ] SELECT * FROM `note` WHERE  `id` = 185 LIMIT 1 [ RunTime:0.400979s ]
[ sql ] [ SQL ] SHOW COLUMNS FROM `groups` [ RunTime:0.411171s ]
[ sql ] [ SQL ] SELECT `parent_id` FROM `groups` WHERE  `groups` = 'Think' LIMIT 1 [ RunTime:0.426547s ]
[ sql ] [ SQL ] SELECT `groups` FROM `groups` WHERE  `id` = 0 LIMIT 1 [ RunTime:0.409942s ]
[ sql ] [ SQL ] SELECT `id` FROM `groups` WHERE  `groups` = 'Think' LIMIT 1 [ RunTime:0.403348s ]
[ sql ] [ SQL ] UPDATE `note`  SET `id`=185,`p_id`=3,`title`='排版标准\r',`content`='# 排版标准\r\n\r\n## 1. 多加空格\r\n\r\n- 中英文之间需要加空格\r\n\r\neg. 大家可以搜索公众号 AndroidDeveloper 或者 googdev 关注我。\r\n\r\n- 中文与数字之间需要加空格\r\n\r\neg. 不知不觉，我都快 30 岁了。\r\n\r\n- 数字与单位之间需要加空格\r\n\r\neg. 我有一块 20 TB 的硬盘，鬼知道我是怎么用完的。\r\n\r\n- 完整的英文整句时标点与单词之间需要加空格\r\n\r\neg. Stay hungry, stay foolish.\r\n\r\n但是也有一些例外。\r\n\r\n- 度的标志、百分号不加空格\r\n\r\neg. 今天气温有 30° 的高温。\r\neg. 据统计，关注公众号 AndroidDeveloper 的读者中有 80% 是长得好看的。\r\n\r\n- 全角标点与其他字符之间不加空格\r\n\r\neg. 大家好，我是 stormzhang，请多多关照。\r\n\r\n## 2. 标点\r\n\r\n说到标点，不得不说下全角和半角，很多人可能不了解全角和半角的概念，这里顺便介绍下。\r\n\r\n全角和半角是英文和中文的编码规范不同遗留下的问题，简单来说，全角占两个字节，半角占一个字节，你可以理解成中文汉子是全角，英文字母是半角，不过半角全角主要是针对标点符号来说的，中文标点占两个字节，英文标点占一个字节。体现在排版上的差异就是，全角字符屏幕打印宽度是两个，而半角字符屏幕打印宽度是一个，如中文逗号和英文逗号他们的显示分别是「，」和「,」。\r\n\r\n- 使用全角中文标点\r\n\r\n中文排版中所有的标点都应该使用中文全角中文标点\r\n\r\neg. 大家好，我是 stormzhang。\r\n\r\n- 遇到英文整句、特殊名词时使用半角标点。\r\n\r\neg. 乔布斯说过：「Stay hungry, stay foolish.」\r\neg. Facebook, Inc.\r\n\r\n- 使用直角引号\r\n\r\n我国国家标准要求弯引号，但是个人建议在新媒体排版时使用直角引号。\r\n\r\neg. 你竟然不知道「帅比张」？\r\n\r\n如果引号再使用引号使用直角双引号。\r\n\r\neg. 我质问他，「你难道忘记『帅比张』了么？」\r\n\r\nps：电脑键盘中没有直接对应的按键，可以利用搜狗输入法进行设置。\r\n设置 -> 自定义短语设置\r\n\r\n## 3. 其他\r\n\r\n初以上之外，还有一些其他标准推荐大家使用的。\r\n\r\n- 英文名词首字母尽量大写\r\n\r\neg. Google、Android、Facebook\r\n\r\n- 专有名词使用正确的大小写\r\n\r\neg. GitHub、iOS、iPhone 6S、MacBook Pro\r\n\r\n- 首行不要缩进\r\n\r\n这点可能有人不同意，但是我要在这里解释下，在说明之前我们必须弄明白「首行缩进」的目的是什么。\r\n\r\n「每段之前空两格」是我们从小学写作文就养成的习惯，也是正式文体的格式要求，其目的是为了区分自然段。\r\n\r\n但是像我们现在接触的阅读，都是没有固定的格式要求的，如微信公众号、电子文档等，所以大家一般都采用「空出一行」进行自然段与自然段之间的区分，这种写作方式非常省事，而且很整齐。',`groups`='Think'  WHERE  `id` = 185 [ RunTime:0.401825s ]
---------------------------------------------------------------
[ 2018-06-13T18:40:59+08:00 ] 127.0.0.1 127.0.0.1 GET /daily/admin/note/index.html
[ info ] 127.0.0.1:9096/daily/admin/note/index.html [运行时间：0.067779s][吞吐率：14.75req/s] [内存消耗：1,405.61kb] [文件加载：48]
[ info ] [ LANG ] G:\PHP\daily\thinkphp\lang\zh-cn.php
[ info ] [ ROUTE ] array (
  'type' => 'module',
  'module' => 
  array (
    0 => 'admin',
    1 => 'note',
    2 => 'index',
  ),
)
[ info ] [ HEADER ] array (
  'connection' => 'close',
  'cookie' => 'OUTFOX_SEARCH_USER_ID_NCOO=1320009278.460295',
  'accept-language' => 'zh-CN,zh;q=0.9',
  'accept-encoding' => 'gzip, deflate, br',
  'referer' => 'http://127.0.0.1:9096/daily/admin/note/editnote/id/185.html',
  'accept' => 'text/html,application/xhtml+xml,application/xml;q=0.9,image/webp,image/apng,*/*;q=0.8',
  'user-agent' => 'Mozilla/5.0 (Windows NT 10.0; Win64; x64) AppleWebKit/537.36 (KHTML, like Gecko) Chrome/66.0.3359.181 Safari/537.36',
  'upgrade-insecure-requests' => '1',
  'cache-control' => 'max-age=0',
  'host' => '127.0.0.1:9096',
)
[ info ] [ PARAM ] array (
)
[ info ] [ LOG ] INIT File
---------------------------------------------------------------
[ 2018-06-13T18:41:50+08:00 ] 127.0.0.1 127.0.0.1 GET /daily/admin/note/index.html
[ info ] 127.0.0.1:9096/daily/admin/note/index.html [运行时间：0.048958s][吞吐率：20.43req/s] [内存消耗：1,405.61kb] [文件加载：48]
[ info ] [ LANG ] G:\PHP\daily\thinkphp\lang\zh-cn.php
[ info ] [ ROUTE ] array (
  'type' => 'module',
  'module' => 
  array (
    0 => 'admin',
    1 => 'note',
    2 => 'index',
  ),
)
[ info ] [ HEADER ] array (
  'connection' => 'close',
  'cookie' => 'OUTFOX_SEARCH_USER_ID_NCOO=1320009278.460295',
  'accept-language' => 'zh-CN,zh;q=0.9',
  'accept-encoding' => 'gzip, deflate, br',
  'referer' => 'http://127.0.0.1:9096/daily/admin/note/editnote/id/185.html',
  'accept' => 'text/html,application/xhtml+xml,application/xml;q=0.9,image/webp,image/apng,*/*;q=0.8',
  'user-agent' => 'Mozilla/5.0 (Windows NT 10.0; Win64; x64) AppleWebKit/537.36 (KHTML, like Gecko) Chrome/66.0.3359.181 Safari/537.36',
  'upgrade-insecure-requests' => '1',
  'cache-control' => 'max-age=0',
  'host' => '127.0.0.1:9096',
)
[ info ] [ PARAM ] array (
)
[ info ] [ LOG ] INIT File
---------------------------------------------------------------
[ 2018-06-13T18:41:53+08:00 ] 127.0.0.1 127.0.0.1 GET /daily/admin/note/index.html
[ info ] 127.0.0.1:9096/daily/admin/note/index.html [运行时间：0.032561s][吞吐率：30.71req/s] [内存消耗：1,405.61kb] [文件加载：48]
[ info ] [ LANG ] G:\PHP\daily\thinkphp\lang\zh-cn.php
[ info ] [ ROUTE ] array (
  'type' => 'module',
  'module' => 
  array (
    0 => 'admin',
    1 => 'note',
    2 => 'index',
  ),
)
[ info ] [ HEADER ] array (
  'connection' => 'close',
  'cookie' => 'OUTFOX_SEARCH_USER_ID_NCOO=1320009278.460295',
  'accept-language' => 'zh-CN,zh;q=0.9',
  'accept-encoding' => 'gzip, deflate, br',
  'referer' => 'http://127.0.0.1:9096/daily/admin/note/editnote/id/185.html',
  'accept' => 'text/html,application/xhtml+xml,application/xml;q=0.9,image/webp,image/apng,*/*;q=0.8',
  'user-agent' => 'Mozilla/5.0 (Windows NT 10.0; Win64; x64) AppleWebKit/537.36 (KHTML, like Gecko) Chrome/66.0.3359.181 Safari/537.36',
  'upgrade-insecure-requests' => '1',
  'cache-control' => 'max-age=0',
  'host' => '127.0.0.1:9096',
)
[ info ] [ PARAM ] array (
)
[ info ] [ LOG ] INIT File
---------------------------------------------------------------
[ 2018-06-13T18:42:02+08:00 ] 127.0.0.1 127.0.0.1 POST /daily/admin/note/updatenote/id/185.html
[ info ] 127.0.0.1:9096/daily/admin/note/updatenote/id/185.html [运行时间：3.580149s][吞吐率：0.28req/s] [内存消耗：2,201.14kb] [文件加载：59]
[ info ] [ LANG ] G:\PHP\daily\thinkphp\lang\zh-cn.php
[ info ] [ ROUTE ] array (
  'type' => 'module',
  'module' => 
  array (
    0 => 'admin',
    1 => 'note',
    2 => 'updatenote',
  ),
)
[ info ] [ HEADER ] array (
  'connection' => 'close',
  'cookie' => 'OUTFOX_SEARCH_USER_ID_NCOO=1320009278.460295',
  'accept-language' => 'zh-CN,zh;q=0.9',
  'accept-encoding' => 'gzip, deflate, br',
  'referer' => 'http://127.0.0.1:9096/daily/admin/note/editnote/id/185.html',
  'accept' => 'text/html,application/xhtml+xml,application/xml;q=0.9,image/webp,image/apng,*/*;q=0.8',
  'user-agent' => 'Mozilla/5.0 (Windows NT 10.0; Win64; x64) AppleWebKit/537.36 (KHTML, like Gecko) Chrome/66.0.3359.181 Safari/537.36',
  'content-type' => 'application/x-www-form-urlencoded',
  'upgrade-insecure-requests' => '1',
  'origin' => 'http://127.0.0.1:9096',
  'cache-control' => 'max-age=0',
  'content-length' => '8325',
  'host' => '127.0.0.1:9096',
)
[ info ] [ PARAM ] array (
  'content' => '# 排版标准

## 1. 多加空格

- 中英文之间需要加空格

eg. 大家可以搜索公众号 AndroidDeveloper 或者 googdev 关注我。

- 中文与数字之间需要加空格

eg. 不知不觉，我都快 30 岁了。

- 数字与单位之间需要加空格

eg. 我有一块 20 TB 的硬盘，鬼知道我是怎么用完的。

- 完整的英文整句时标点与单词之间需要加空格

eg. Stay hungry, stay foolish.

但是也有一些例外。

- 度的标志、百分号不加空格

eg. 今天气温有 30° 的高温。
eg. 据统计，关注公众号 AndroidDeveloper 的读者中有 80% 是长得好看的。

- 全角标点与其他字符之间不加空格

eg. 大家好，我是 stormzhang，请多多关照。

## 2. 标点

说到标点，不得不说下全角和半角，很多人可能不了解全角和半角的概念，这里顺便介绍下。

全角和半角是英文和中文的编码规范不同遗留下的问题，简单来说，全角占两个字节，半角占一个字节，你可以理解成中文汉子是全角，英文字母是半角，不过半角全角主要是针对标点符号来说的，中文标点占两个字节，英文标点占一个字节。体现在排版上的差异就是，全角字符屏幕打印宽度是两个，而半角字符屏幕打印宽度是一个，如中文逗号和英文逗号他们的显示分别是「，」和「,」。

- 使用全角中文标点

中文排版中所有的标点都应该使用中文全角中文标点

eg. 大家好，我是 stormzhang。

- 遇到英文整句、特殊名词时使用半角标点。

eg. 乔布斯说过：「Stay hungry, stay foolish.」
eg. Facebook, Inc.

- 使用直角引号

我国国家标准要求弯引号，但是个人建议在新媒体排版时使用直角引号。

eg. 你竟然不知道「帅比张」？

如果引号再使用引号使用直角双引号。

eg. 我质问他，「你难道忘记『帅比张』了么？」

ps：电脑键盘中没有直接对应的按键，可以利用搜狗输入法进行设置。
设置 -> 自定义短语设置

## 3. 其他

初以上之外，还有一些其他标准推荐大家使用的。

- 英文名词首字母尽量大写

eg. Google、Android、Facebook

- 专有名词使用正确的大小写

eg. GitHub、iOS、iPhone 6S、MacBook Pro

- 首行不要缩进

这点可能有人不同意，但是我要在这里解释下，在说明之前我们必须弄明白「首行缩进」的目的是什么。

「每段之前空两格」是我们从小学写作文就养成的习惯，也是正式文体的格式要求，其目的是为了区分自然段。

但是像我们现在接触的阅读，都是没有固定的格式要求的，如微信公众号、电子文档等，所以大家一般都采用「空出一行」进行自然段与自然段之间的区分，这种写作方式非常省事，而且很整齐。',
  'groups' => 'Think',
  'id' => '185',
)
[ info ] [ RUN ] app\admin\controller\Note->updateNote[ G:\PHP\daily\application\admin\controller\Note.php ]
[ info ] [ DB ] INIT mysql
[ info ] [ CACHE ] INIT File
[ info ] [ VIEW ] G:\PHP\daily\thinkphp\tpl\dispatch_jump.tpl [ array (
  0 => 'code',
  1 => 'msg',
  2 => 'data',
  3 => 'url',
  4 => 'wait',
) ]
[ info ] [ LOG ] INIT File
[ sql ] [ DB ] CONNECT:[ UseTime:0.636765s ] mysql:host=74.120.168.12;dbname=diary;charset=utf8
[ sql ] [ SQL ] SHOW COLUMNS FROM `note` [ RunTime:0.385852s ]
[ sql ] [ SQL ] SELECT * FROM `note` WHERE  `id` = 185 LIMIT 1 [ RunTime:0.412575s ]
[ sql ] [ SQL ] SHOW COLUMNS FROM `groups` [ RunTime:0.411365s ]
[ sql ] [ SQL ] SELECT `parent_id` FROM `groups` WHERE  `groups` = 'Think' LIMIT 1 [ RunTime:0.402488s ]
[ sql ] [ SQL ] SELECT `groups` FROM `groups` WHERE  `id` = 0 LIMIT 1 [ RunTime:0.410048s ]
[ sql ] [ SQL ] SELECT `id` FROM `groups` WHERE  `groups` = 'Think' LIMIT 1 [ RunTime:0.408998s ]
[ sql ] [ SQL ] UPDATE `note`  SET `id`=185,`p_id`=3,`title`='排版标准\r',`content`='# 排版标准\r\n\r\n## 1. 多加空格\r\n\r\n- 中英文之间需要加空格\r\n\r\neg. 大家可以搜索公众号 AndroidDeveloper 或者 googdev 关注我。\r\n\r\n- 中文与数字之间需要加空格\r\n\r\neg. 不知不觉，我都快 30 岁了。\r\n\r\n- 数字与单位之间需要加空格\r\n\r\neg. 我有一块 20 TB 的硬盘，鬼知道我是怎么用完的。\r\n\r\n- 完整的英文整句时标点与单词之间需要加空格\r\n\r\neg. Stay hungry, stay foolish.\r\n\r\n但是也有一些例外。\r\n\r\n- 度的标志、百分号不加空格\r\n\r\neg. 今天气温有 30° 的高温。\r\neg. 据统计，关注公众号 AndroidDeveloper 的读者中有 80% 是长得好看的。\r\n\r\n- 全角标点与其他字符之间不加空格\r\n\r\neg. 大家好，我是 stormzhang，请多多关照。\r\n\r\n## 2. 标点\r\n\r\n说到标点，不得不说下全角和半角，很多人可能不了解全角和半角的概念，这里顺便介绍下。\r\n\r\n全角和半角是英文和中文的编码规范不同遗留下的问题，简单来说，全角占两个字节，半角占一个字节，你可以理解成中文汉子是全角，英文字母是半角，不过半角全角主要是针对标点符号来说的，中文标点占两个字节，英文标点占一个字节。体现在排版上的差异就是，全角字符屏幕打印宽度是两个，而半角字符屏幕打印宽度是一个，如中文逗号和英文逗号他们的显示分别是「，」和「,」。\r\n\r\n- 使用全角中文标点\r\n\r\n中文排版中所有的标点都应该使用中文全角中文标点\r\n\r\neg. 大家好，我是 stormzhang。\r\n\r\n- 遇到英文整句、特殊名词时使用半角标点。\r\n\r\neg. 乔布斯说过：「Stay hungry, stay foolish.」\r\neg. Facebook, Inc.\r\n\r\n- 使用直角引号\r\n\r\n我国国家标准要求弯引号，但是个人建议在新媒体排版时使用直角引号。\r\n\r\neg. 你竟然不知道「帅比张」？\r\n\r\n如果引号再使用引号使用直角双引号。\r\n\r\neg. 我质问他，「你难道忘记『帅比张』了么？」\r\n\r\nps：电脑键盘中没有直接对应的按键，可以利用搜狗输入法进行设置。\r\n设置 -> 自定义短语设置\r\n\r\n## 3. 其他\r\n\r\n初以上之外，还有一些其他标准推荐大家使用的。\r\n\r\n- 英文名词首字母尽量大写\r\n\r\neg. Google、Android、Facebook\r\n\r\n- 专有名词使用正确的大小写\r\n\r\neg. GitHub、iOS、iPhone 6S、MacBook Pro\r\n\r\n- 首行不要缩进\r\n\r\n这点可能有人不同意，但是我要在这里解释下，在说明之前我们必须弄明白「首行缩进」的目的是什么。\r\n\r\n「每段之前空两格」是我们从小学写作文就养成的习惯，也是正式文体的格式要求，其目的是为了区分自然段。\r\n\r\n但是像我们现在接触的阅读，都是没有固定的格式要求的，如微信公众号、电子文档等，所以大家一般都采用「空出一行」进行自然段与自然段之间的区分，这种写作方式非常省事，而且很整齐。',`groups`='Think'  WHERE  `id` = 185 [ RunTime:0.405853s ]
---------------------------------------------------------------
[ 2018-06-13T18:42:11+08:00 ] 127.0.0.1 127.0.0.1 POST /daily/admin/note/updatenote/id/185.html
[ info ] 127.0.0.1:9096/daily/admin/note/updatenote/id/185.html [运行时间：3.505995s][吞吐率：0.29req/s] [内存消耗：2,103.67kb] [文件加载：57]
[ info ] [ LANG ] G:\PHP\daily\thinkphp\lang\zh-cn.php
[ info ] [ ROUTE ] array (
  'type' => 'module',
  'module' => 
  array (
    0 => 'admin',
    1 => 'note',
    2 => 'updatenote',
  ),
)
[ info ] [ HEADER ] array (
  'connection' => 'close',
  'cookie' => 'OUTFOX_SEARCH_USER_ID_NCOO=1320009278.460295',
  'accept-language' => 'zh-CN,zh;q=0.9',
  'accept-encoding' => 'gzip, deflate, br',
  'referer' => 'http://127.0.0.1:9096/daily/admin/note/editnote/id/185.html',
  'accept' => 'text/html,application/xhtml+xml,application/xml;q=0.9,image/webp,image/apng,*/*;q=0.8',
  'user-agent' => 'Mozilla/5.0 (Windows NT 10.0; Win64; x64) AppleWebKit/537.36 (KHTML, like Gecko) Chrome/66.0.3359.181 Safari/537.36',
  'content-type' => 'application/x-www-form-urlencoded',
  'upgrade-insecure-requests' => '1',
  'origin' => 'http://127.0.0.1:9096',
  'cache-control' => 'max-age=0',
  'content-length' => '8327',
  'host' => '127.0.0.1:9096',
)
[ info ] [ PARAM ] array (
  'content' => '# 排版标准

## 1. 多加空格

- 中英文之间需要加空格

eg. 大家可以搜索公众号 AndroidDeveloper 或者 googdev 关注我。

- 中文与数字之间需要加空格

eg. 不知不觉，我都快 30 岁了。

- 数字与单位之间需要加空格

eg. 我有一块 20 TB 的硬盘，鬼知道我是怎么用完的。

- 完整的英文整句时标点与单词之间需要加空格

eg. Stay hungry, stay foolish.

但是也有一些例外。

- 度的标志、百分号不加空格

eg. 今天气温有 30° 的高温。
eg. 据统计，关注公众号 AndroidDeveloper 的读者中有 80% 是长得好看的。

- 全角标点与其他字符之间不加空格

eg. 大家好，我是 stormzhang，请多多关照。

## 2. 标点

说到标点，不得不说下全角和半角，很多人可能不了解全角和半角的概念，这里顺便介绍下。

全角和半角是英文和中文的编码规范不同遗留下的问题，简单来说，全角占两个字节，半角占一个字节，你可以理解成中文汉子是全角，英文字母是半角，不过半角全角主要是针对标点符号来说的，中文标点占两个字节，英文标点占一个字节。体现在排版上的差异就是，全角字符屏幕打印宽度是两个，而半角字符屏幕打印宽度是一个，如中文逗号和英文逗号他们的显示分别是「，」和「,」。

- 使用全角中文标点

中文排版中所有的标点都应该使用中文全角中文标点

eg. 大家好，我是 stormzhang。

- 遇到英文整句、特殊名词时使用半角标点。

eg. 乔布斯说过：「Stay hungry, stay foolish.」
eg. Facebook, Inc.

- 使用直角引号

我国国家标准要求弯引号，但是个人建议在新媒体排版时使用直角引号。

eg. 你竟然不知道「帅比张」？

如果引号再使用引号使用直角双引号。

eg. 我质问他，「你难道忘记『帅比张』了么？」

ps：电脑键盘中没有直接对应的按键，可以利用搜狗输入法进行设置。
设置 -> 自定义短语设置

## 3. 其他

初以上之外，还有一些其他标准推荐大家使用的。

- 英文名词首字母尽量大写

eg. Google、Android、Facebook

- 专有名词使用正确的大小写

eg. GitHub、iOS、iPhone 6S、MacBook Pro

- 首行不要缩进

这点可能有人不同意，但是我要在这里解释下，在说明之前我们必须弄明白「首行缩进」的目的是什么。

「每段之前空两格」是我们从小学写作文就养成的习惯，也是正式文体的格式要求，其目的是为了区分自然段。

但是像我们现在接触的阅读，都是没有固定的格式要求的，如微信公众号、电子文档等，所以大家一般都采用「空出一行」进行自然段与自然段之间的区分，这种写作方式非常省事，而且很整齐。',
  'groups' => 'Android',
  'id' => '185',
)
[ info ] [ RUN ] app\admin\controller\Note->updateNote[ G:\PHP\daily\application\admin\controller\Note.php ]
[ info ] [ DB ] INIT mysql
[ info ] [ CACHE ] INIT File
[ info ] [ LOG ] INIT File
[ sql ] [ DB ] CONNECT:[ UseTime:0.606097s ] mysql:host=74.120.168.12;dbname=diary;charset=utf8
[ sql ] [ SQL ] SHOW COLUMNS FROM `note` [ RunTime:0.372860s ]
[ sql ] [ SQL ] SELECT * FROM `note` WHERE  `id` = 185 LIMIT 1 [ RunTime:0.869298s ]
[ sql ] [ SQL ] SHOW COLUMNS FROM `groups` [ RunTime:0.371289s ]
[ sql ] [ SQL ] SELECT `parent_id` FROM `groups` WHERE  `groups` = 'Android' LIMIT 1 [ RunTime:0.393626s ]
[ sql ] [ SQL ] SELECT `groups` FROM `groups` WHERE  `id` = 2 LIMIT 1 [ RunTime:0.406020s ]
[ sql ] [ SQL ] UPDATE `note`  SET `id`=185,`p_id`=2,`title`='排版标准\r',`content`='# 排版标准\r\n\r\n## 1. 多加空格\r\n\r\n- 中英文之间需要加空格\r\n\r\neg. 大家可以搜索公众号 AndroidDeveloper 或者 googdev 关注我。\r\n\r\n- 中文与数字之间需要加空格\r\n\r\neg. 不知不觉，我都快 30 岁了。\r\n\r\n- 数字与单位之间需要加空格\r\n\r\neg. 我有一块 20 TB 的硬盘，鬼知道我是怎么用完的。\r\n\r\n- 完整的英文整句时标点与单词之间需要加空格\r\n\r\neg. Stay hungry, stay foolish.\r\n\r\n但是也有一些例外。\r\n\r\n- 度的标志、百分号不加空格\r\n\r\neg. 今天气温有 30° 的高温。\r\neg. 据统计，关注公众号 AndroidDeveloper 的读者中有 80% 是长得好看的。\r\n\r\n- 全角标点与其他字符之间不加空格\r\n\r\neg. 大家好，我是 stormzhang，请多多关照。\r\n\r\n## 2. 标点\r\n\r\n说到标点，不得不说下全角和半角，很多人可能不了解全角和半角的概念，这里顺便介绍下。\r\n\r\n全角和半角是英文和中文的编码规范不同遗留下的问题，简单来说，全角占两个字节，半角占一个字节，你可以理解成中文汉子是全角，英文字母是半角，不过半角全角主要是针对标点符号来说的，中文标点占两个字节，英文标点占一个字节。体现在排版上的差异就是，全角字符屏幕打印宽度是两个，而半角字符屏幕打印宽度是一个，如中文逗号和英文逗号他们的显示分别是「，」和「,」。\r\n\r\n- 使用全角中文标点\r\n\r\n中文排版中所有的标点都应该使用中文全角中文标点\r\n\r\neg. 大家好，我是 stormzhang。\r\n\r\n- 遇到英文整句、特殊名词时使用半角标点。\r\n\r\neg. 乔布斯说过：「Stay hungry, stay foolish.」\r\neg. Facebook, Inc.\r\n\r\n- 使用直角引号\r\n\r\n我国国家标准要求弯引号，但是个人建议在新媒体排版时使用直角引号。\r\n\r\neg. 你竟然不知道「帅比张」？\r\n\r\n如果引号再使用引号使用直角双引号。\r\n\r\neg. 我质问他，「你难道忘记『帅比张』了么？」\r\n\r\nps：电脑键盘中没有直接对应的按键，可以利用搜狗输入法进行设置。\r\n设置 -> 自定义短语设置\r\n\r\n## 3. 其他\r\n\r\n初以上之外，还有一些其他标准推荐大家使用的。\r\n\r\n- 英文名词首字母尽量大写\r\n\r\neg. Google、Android、Facebook\r\n\r\n- 专有名词使用正确的大小写\r\n\r\neg. GitHub、iOS、iPhone 6S、MacBook Pro\r\n\r\n- 首行不要缩进\r\n\r\n这点可能有人不同意，但是我要在这里解释下，在说明之前我们必须弄明白「首行缩进」的目的是什么。\r\n\r\n「每段之前空两格」是我们从小学写作文就养成的习惯，也是正式文体的格式要求，其目的是为了区分自然段。\r\n\r\n但是像我们现在接触的阅读，都是没有固定的格式要求的，如微信公众号、电子文档等，所以大家一般都采用「空出一行」进行自然段与自然段之间的区分，这种写作方式非常省事，而且很整齐。',`groups`='Android'  WHERE  `id` = 185 [ RunTime:0.405463s ]
---------------------------------------------------------------
[ 2018-06-13T18:42:11+08:00 ] 127.0.0.1 127.0.0.1 GET /daily/admin/admin/index.html
[ info ] 127.0.0.1:9096/daily/admin/admin/index.html [运行时间：0.052088s][吞吐率：19.20req/s] [内存消耗：1,405.21kb] [文件加载：48]
[ info ] [ LANG ] G:\PHP\daily\thinkphp\lang\zh-cn.php
[ info ] [ ROUTE ] array (
  'type' => 'module',
  'module' => 
  array (
    0 => 'admin',
    1 => 'admin',
    2 => 'index',
  ),
)
[ info ] [ HEADER ] array (
  'connection' => 'close',
  'cookie' => 'OUTFOX_SEARCH_USER_ID_NCOO=1320009278.460295',
  'accept-language' => 'zh-CN,zh;q=0.9',
  'accept-encoding' => 'gzip, deflate, br',
  'referer' => 'http://127.0.0.1:9096/daily/admin/note/editnote/id/185.html',
  'accept' => 'text/html,application/xhtml+xml,application/xml;q=0.9,image/webp,image/apng,*/*;q=0.8',
  'user-agent' => 'Mozilla/5.0 (Windows NT 10.0; Win64; x64) AppleWebKit/537.36 (KHTML, like Gecko) Chrome/66.0.3359.181 Safari/537.36',
  'upgrade-insecure-requests' => '1',
  'cache-control' => 'max-age=0',
  'host' => '127.0.0.1:9096',
)
[ info ] [ PARAM ] array (
)
[ info ] [ LOG ] INIT File
---------------------------------------------------------------
[ 2018-06-13T18:43:05+08:00 ] 127.0.0.1 127.0.0.1 POST /daily/admin/note/updatenote/id/185.html
[ info ] 127.0.0.1:9096/daily/admin/note/updatenote/id/185.html [运行时间：3.669578s][吞吐率：0.27req/s] [内存消耗：2,103.70kb] [文件加载：57]
[ info ] [ LANG ] G:\PHP\daily\thinkphp\lang\zh-cn.php
[ info ] [ ROUTE ] array (
  'type' => 'module',
  'module' => 
  array (
    0 => 'admin',
    1 => 'note',
    2 => 'updatenote',
  ),
)
[ info ] [ HEADER ] array (
  'connection' => 'close',
  'cookie' => 'OUTFOX_SEARCH_USER_ID_NCOO=1320009278.460295',
  'accept-language' => 'zh-CN,zh;q=0.9',
  'accept-encoding' => 'gzip, deflate, br',
  'referer' => 'http://127.0.0.1:9096/daily/admin/note/editnote/id/185.html',
  'accept' => 'text/html,application/xhtml+xml,application/xml;q=0.9,image/webp,image/apng,*/*;q=0.8',
  'user-agent' => 'Mozilla/5.0 (Windows NT 10.0; Win64; x64) AppleWebKit/537.36 (KHTML, like Gecko) Chrome/66.0.3359.181 Safari/537.36',
  'content-type' => 'application/x-www-form-urlencoded',
  'upgrade-insecure-requests' => '1',
  'origin' => 'http://127.0.0.1:9096',
  'cache-control' => 'max-age=0',
  'content-length' => '8323',
  'host' => '127.0.0.1:9096',
)
[ info ] [ PARAM ] array (
  'content' => '# 排版标准

## 1. 多加空格

- 中英文之间需要加空格

eg. 大家可以搜索公众号 AndroidDeveloper 或者 googdev 关注我。

- 中文与数字之间需要加空格

eg. 不知不觉，我都快 30 岁了。

- 数字与单位之间需要加空格

eg. 我有一块 20 TB 的硬盘，鬼知道我是怎么用完的。

- 完整的英文整句时标点与单词之间需要加空格

eg. Stay hungry, stay foolish.

但是也有一些例外。

- 度的标志、百分号不加空格

eg. 今天气温有 30° 的高温。
eg. 据统计，关注公众号 AndroidDeveloper 的读者中有 80% 是长得好看的。

- 全角标点与其他字符之间不加空格

eg. 大家好，我是 stormzhang，请多多关照。

## 2. 标点

说到标点，不得不说下全角和半角，很多人可能不了解全角和半角的概念，这里顺便介绍下。

全角和半角是英文和中文的编码规范不同遗留下的问题，简单来说，全角占两个字节，半角占一个字节，你可以理解成中文汉子是全角，英文字母是半角，不过半角全角主要是针对标点符号来说的，中文标点占两个字节，英文标点占一个字节。体现在排版上的差异就是，全角字符屏幕打印宽度是两个，而半角字符屏幕打印宽度是一个，如中文逗号和英文逗号他们的显示分别是「，」和「,」。

- 使用全角中文标点

中文排版中所有的标点都应该使用中文全角中文标点

eg. 大家好，我是 stormzhang。

- 遇到英文整句、特殊名词时使用半角标点。

eg. 乔布斯说过：「Stay hungry, stay foolish.」
eg. Facebook, Inc.

- 使用直角引号

我国国家标准要求弯引号，但是个人建议在新媒体排版时使用直角引号。

eg. 你竟然不知道「帅比张」？

如果引号再使用引号使用直角双引号。

eg. 我质问他，「你难道忘记『帅比张』了么？」

ps：电脑键盘中没有直接对应的按键，可以利用搜狗输入法进行设置。
设置 -> 自定义短语设置

## 3. 其他

初以上之外，还有一些其他标准推荐大家使用的。

- 英文名词首字母尽量大写

eg. Google、Android、Facebook

- 专有名词使用正确的大小写

eg. GitHub、iOS、iPhone 6S、MacBook Pro

- 首行不要缩进

这点可能有人不同意，但是我要在这里解释下，在说明之前我们必须弄明白「首行缩进」的目的是什么。

「每段之前空两格」是我们从小学写作文就养成的习惯，也是正式文体的格式要求，其目的是为了区分自然段。

但是像我们现在接触的阅读，都是没有固定的格式要求的，如微信公众号、电子文档等，所以大家一般都采用「空出一行」进行自然段与自然段之间的区分，这种写作方式非常省事，而且很整齐。',
  'groups' => 'PHP',
  'id' => '185',
)
[ info ] [ RUN ] app\admin\controller\Note->updateNote[ G:\PHP\daily\application\admin\controller\Note.php ]
[ info ] [ DB ] INIT mysql
[ info ] [ CACHE ] INIT File
[ info ] [ LOG ] INIT File
[ sql ] [ DB ] CONNECT:[ UseTime:0.672316s ] mysql:host=74.120.168.12;dbname=diary;charset=utf8
[ sql ] [ SQL ] SHOW COLUMNS FROM `note` [ RunTime:0.396816s ]
[ sql ] [ SQL ] SELECT * FROM `note` WHERE  `id` = 185 LIMIT 1 [ RunTime:0.912400s ]
[ sql ] [ SQL ] SHOW COLUMNS FROM `groups` [ RunTime:0.409433s ]
[ sql ] [ SQL ] SELECT `parent_id` FROM `groups` WHERE  `groups` = 'PHP' LIMIT 1 [ RunTime:0.406333s ]
[ sql ] [ SQL ] SELECT `groups` FROM `groups` WHERE  `id` = 2 LIMIT 1 [ RunTime:0.413140s ]
[ sql ] [ SQL ] UPDATE `note`  SET `id`=185,`p_id`=2,`title`='排版标准\r',`content`='# 排版标准\r\n\r\n## 1. 多加空格\r\n\r\n- 中英文之间需要加空格\r\n\r\neg. 大家可以搜索公众号 AndroidDeveloper 或者 googdev 关注我。\r\n\r\n- 中文与数字之间需要加空格\r\n\r\neg. 不知不觉，我都快 30 岁了。\r\n\r\n- 数字与单位之间需要加空格\r\n\r\neg. 我有一块 20 TB 的硬盘，鬼知道我是怎么用完的。\r\n\r\n- 完整的英文整句时标点与单词之间需要加空格\r\n\r\neg. Stay hungry, stay foolish.\r\n\r\n但是也有一些例外。\r\n\r\n- 度的标志、百分号不加空格\r\n\r\neg. 今天气温有 30° 的高温。\r\neg. 据统计，关注公众号 AndroidDeveloper 的读者中有 80% 是长得好看的。\r\n\r\n- 全角标点与其他字符之间不加空格\r\n\r\neg. 大家好，我是 stormzhang，请多多关照。\r\n\r\n## 2. 标点\r\n\r\n说到标点，不得不说下全角和半角，很多人可能不了解全角和半角的概念，这里顺便介绍下。\r\n\r\n全角和半角是英文和中文的编码规范不同遗留下的问题，简单来说，全角占两个字节，半角占一个字节，你可以理解成中文汉子是全角，英文字母是半角，不过半角全角主要是针对标点符号来说的，中文标点占两个字节，英文标点占一个字节。体现在排版上的差异就是，全角字符屏幕打印宽度是两个，而半角字符屏幕打印宽度是一个，如中文逗号和英文逗号他们的显示分别是「，」和「,」。\r\n\r\n- 使用全角中文标点\r\n\r\n中文排版中所有的标点都应该使用中文全角中文标点\r\n\r\neg. 大家好，我是 stormzhang。\r\n\r\n- 遇到英文整句、特殊名词时使用半角标点。\r\n\r\neg. 乔布斯说过：「Stay hungry, stay foolish.」\r\neg. Facebook, Inc.\r\n\r\n- 使用直角引号\r\n\r\n我国国家标准要求弯引号，但是个人建议在新媒体排版时使用直角引号。\r\n\r\neg. 你竟然不知道「帅比张」？\r\n\r\n如果引号再使用引号使用直角双引号。\r\n\r\neg. 我质问他，「你难道忘记『帅比张』了么？」\r\n\r\nps：电脑键盘中没有直接对应的按键，可以利用搜狗输入法进行设置。\r\n设置 -> 自定义短语设置\r\n\r\n## 3. 其他\r\n\r\n初以上之外，还有一些其他标准推荐大家使用的。\r\n\r\n- 英文名词首字母尽量大写\r\n\r\neg. Google、Android、Facebook\r\n\r\n- 专有名词使用正确的大小写\r\n\r\neg. GitHub、iOS、iPhone 6S、MacBook Pro\r\n\r\n- 首行不要缩进\r\n\r\n这点可能有人不同意，但是我要在这里解释下，在说明之前我们必须弄明白「首行缩进」的目的是什么。\r\n\r\n「每段之前空两格」是我们从小学写作文就养成的习惯，也是正式文体的格式要求，其目的是为了区分自然段。\r\n\r\n但是像我们现在接触的阅读，都是没有固定的格式要求的，如微信公众号、电子文档等，所以大家一般都采用「空出一行」进行自然段与自然段之间的区分，这种写作方式非常省事，而且很整齐。',`groups`='PHP'  WHERE  `id` = 185 [ RunTime:0.402420s ]
---------------------------------------------------------------
[ 2018-06-13T18:43:07+08:00 ] 127.0.0.1 127.0.0.1 POST /daily/admin/note/updatenote/id/185.html
[ info ] 127.0.0.1:9096/daily/admin/note/updatenote/id/185.html [运行时间：3.931656s][吞吐率：0.25req/s] [内存消耗：2,084.55kb] [文件加载：57]
[ info ] [ LANG ] G:\PHP\daily\thinkphp\lang\zh-cn.php
[ info ] [ ROUTE ] array (
  'type' => 'module',
  'module' => 
  array (
    0 => 'admin',
    1 => 'note',
    2 => 'updatenote',
  ),
)
[ info ] [ HEADER ] array (
  'connection' => 'close',
  'cookie' => 'OUTFOX_SEARCH_USER_ID_NCOO=1320009278.460295',
  'accept-language' => 'zh-CN,zh;q=0.9',
  'accept-encoding' => 'gzip, deflate, br',
  'referer' => 'http://127.0.0.1:9096/daily/admin/note/editnote/id/185.html',
  'accept' => 'text/html,application/xhtml+xml,application/xml;q=0.9,image/webp,image/apng,*/*;q=0.8',
  'user-agent' => 'Mozilla/5.0 (Windows NT 10.0; Win64; x64) AppleWebKit/537.36 (KHTML, like Gecko) Chrome/66.0.3359.181 Safari/537.36',
  'content-type' => 'application/x-www-form-urlencoded',
  'upgrade-insecure-requests' => '1',
  'origin' => 'http://127.0.0.1:9096',
  'cache-control' => 'max-age=0',
  'content-length' => '8323',
  'host' => '127.0.0.1:9096',
)
[ info ] [ PARAM ] array (
  'content' => '# 排版标准

## 1. 多加空格

- 中英文之间需要加空格

eg. 大家可以搜索公众号 AndroidDeveloper 或者 googdev 关注我。

- 中文与数字之间需要加空格

eg. 不知不觉，我都快 30 岁了。

- 数字与单位之间需要加空格

eg. 我有一块 20 TB 的硬盘，鬼知道我是怎么用完的。

- 完整的英文整句时标点与单词之间需要加空格

eg. Stay hungry, stay foolish.

但是也有一些例外。

- 度的标志、百分号不加空格

eg. 今天气温有 30° 的高温。
eg. 据统计，关注公众号 AndroidDeveloper 的读者中有 80% 是长得好看的。

- 全角标点与其他字符之间不加空格

eg. 大家好，我是 stormzhang，请多多关照。

## 2. 标点

说到标点，不得不说下全角和半角，很多人可能不了解全角和半角的概念，这里顺便介绍下。

全角和半角是英文和中文的编码规范不同遗留下的问题，简单来说，全角占两个字节，半角占一个字节，你可以理解成中文汉子是全角，英文字母是半角，不过半角全角主要是针对标点符号来说的，中文标点占两个字节，英文标点占一个字节。体现在排版上的差异就是，全角字符屏幕打印宽度是两个，而半角字符屏幕打印宽度是一个，如中文逗号和英文逗号他们的显示分别是「，」和「,」。

- 使用全角中文标点

中文排版中所有的标点都应该使用中文全角中文标点

eg. 大家好，我是 stormzhang。

- 遇到英文整句、特殊名词时使用半角标点。

eg. 乔布斯说过：「Stay hungry, stay foolish.」
eg. Facebook, Inc.

- 使用直角引号

我国国家标准要求弯引号，但是个人建议在新媒体排版时使用直角引号。

eg. 你竟然不知道「帅比张」？

如果引号再使用引号使用直角双引号。

eg. 我质问他，「你难道忘记『帅比张』了么？」

ps：电脑键盘中没有直接对应的按键，可以利用搜狗输入法进行设置。
设置 -> 自定义短语设置

## 3. 其他

初以上之外，还有一些其他标准推荐大家使用的。

- 英文名词首字母尽量大写

eg. Google、Android、Facebook

- 专有名词使用正确的大小写

eg. GitHub、iOS、iPhone 6S、MacBook Pro

- 首行不要缩进

这点可能有人不同意，但是我要在这里解释下，在说明之前我们必须弄明白「首行缩进」的目的是什么。

「每段之前空两格」是我们从小学写作文就养成的习惯，也是正式文体的格式要求，其目的是为了区分自然段。

但是像我们现在接触的阅读，都是没有固定的格式要求的，如微信公众号、电子文档等，所以大家一般都采用「空出一行」进行自然段与自然段之间的区分，这种写作方式非常省事，而且很整齐。',
  'groups' => 'PHP',
  'id' => '185',
)
[ info ] [ RUN ] app\admin\controller\Note->updateNote[ G:\PHP\daily\application\admin\controller\Note.php ]
[ info ] [ DB ] INIT mysql
[ info ] [ CACHE ] INIT File
[ info ] [ VIEW ] G:\PHP\daily\thinkphp\tpl\dispatch_jump.tpl [ array (
  0 => 'code',
  1 => 'msg',
  2 => 'data',
  3 => 'url',
  4 => 'wait',
) ]
[ info ] [ LOG ] INIT File
[ sql ] [ DB ] CONNECT:[ UseTime:0.656660s ] mysql:host=74.120.168.12;dbname=diary;charset=utf8
[ sql ] [ SQL ] SHOW COLUMNS FROM `note` [ RunTime:0.448617s ]
[ sql ] [ SQL ] SELECT * FROM `note` WHERE  `id` = 185 LIMIT 1 [ RunTime:1.174140s ]
[ sql ] [ SQL ] SHOW COLUMNS FROM `groups` [ RunTime:0.390921s ]
[ sql ] [ SQL ] SELECT `parent_id` FROM `groups` WHERE  `groups` = 'PHP' LIMIT 1 [ RunTime:0.389587s ]
[ sql ] [ SQL ] SELECT `groups` FROM `groups` WHERE  `id` = 2 LIMIT 1 [ RunTime:0.397011s ]
[ sql ] [ SQL ] UPDATE `note`  SET `id`=185,`p_id`=2,`title`='排版标准\r',`content`='# 排版标准\r\n\r\n## 1. 多加空格\r\n\r\n- 中英文之间需要加空格\r\n\r\neg. 大家可以搜索公众号 AndroidDeveloper 或者 googdev 关注我。\r\n\r\n- 中文与数字之间需要加空格\r\n\r\neg. 不知不觉，我都快 30 岁了。\r\n\r\n- 数字与单位之间需要加空格\r\n\r\neg. 我有一块 20 TB 的硬盘，鬼知道我是怎么用完的。\r\n\r\n- 完整的英文整句时标点与单词之间需要加空格\r\n\r\neg. Stay hungry, stay foolish.\r\n\r\n但是也有一些例外。\r\n\r\n- 度的标志、百分号不加空格\r\n\r\neg. 今天气温有 30° 的高温。\r\neg. 据统计，关注公众号 AndroidDeveloper 的读者中有 80% 是长得好看的。\r\n\r\n- 全角标点与其他字符之间不加空格\r\n\r\neg. 大家好，我是 stormzhang，请多多关照。\r\n\r\n## 2. 标点\r\n\r\n说到标点，不得不说下全角和半角，很多人可能不了解全角和半角的概念，这里顺便介绍下。\r\n\r\n全角和半角是英文和中文的编码规范不同遗留下的问题，简单来说，全角占两个字节，半角占一个字节，你可以理解成中文汉子是全角，英文字母是半角，不过半角全角主要是针对标点符号来说的，中文标点占两个字节，英文标点占一个字节。体现在排版上的差异就是，全角字符屏幕打印宽度是两个，而半角字符屏幕打印宽度是一个，如中文逗号和英文逗号他们的显示分别是「，」和「,」。\r\n\r\n- 使用全角中文标点\r\n\r\n中文排版中所有的标点都应该使用中文全角中文标点\r\n\r\neg. 大家好，我是 stormzhang。\r\n\r\n- 遇到英文整句、特殊名词时使用半角标点。\r\n\r\neg. 乔布斯说过：「Stay hungry, stay foolish.」\r\neg. Facebook, Inc.\r\n\r\n- 使用直角引号\r\n\r\n我国国家标准要求弯引号，但是个人建议在新媒体排版时使用直角引号。\r\n\r\neg. 你竟然不知道「帅比张」？\r\n\r\n如果引号再使用引号使用直角双引号。\r\n\r\neg. 我质问他，「你难道忘记『帅比张』了么？」\r\n\r\nps：电脑键盘中没有直接对应的按键，可以利用搜狗输入法进行设置。\r\n设置 -> 自定义短语设置\r\n\r\n## 3. 其他\r\n\r\n初以上之外，还有一些其他标准推荐大家使用的。\r\n\r\n- 英文名词首字母尽量大写\r\n\r\neg. Google、Android、Facebook\r\n\r\n- 专有名词使用正确的大小写\r\n\r\neg. GitHub、iOS、iPhone 6S、MacBook Pro\r\n\r\n- 首行不要缩进\r\n\r\n这点可能有人不同意，但是我要在这里解释下，在说明之前我们必须弄明白「首行缩进」的目的是什么。\r\n\r\n「每段之前空两格」是我们从小学写作文就养成的习惯，也是正式文体的格式要求，其目的是为了区分自然段。\r\n\r\n但是像我们现在接触的阅读，都是没有固定的格式要求的，如微信公众号、电子文档等，所以大家一般都采用「空出一行」进行自然段与自然段之间的区分，这种写作方式非常省事，而且很整齐。',`groups`='PHP'  WHERE  `id` = 185 [ RunTime:0.409220s ]
---------------------------------------------------------------
[ 2018-06-13T18:43:16+08:00 ] 127.0.0.1 127.0.0.1 POST /daily/admin/note/updatenote/id/185.html
[ info ] 127.0.0.1:9096/daily/admin/note/updatenote/id/185.html [运行时间：3.491211s][吞吐率：0.29req/s] [内存消耗：2,103.67kb] [文件加载：57]
[ info ] [ LANG ] G:\PHP\daily\thinkphp\lang\zh-cn.php
[ info ] [ ROUTE ] array (
  'type' => 'module',
  'module' => 
  array (
    0 => 'admin',
    1 => 'note',
    2 => 'updatenote',
  ),
)
[ info ] [ HEADER ] array (
  'connection' => 'close',
  'cookie' => 'OUTFOX_SEARCH_USER_ID_NCOO=1320009278.460295',
  'accept-language' => 'zh-CN,zh;q=0.9',
  'accept-encoding' => 'gzip, deflate, br',
  'referer' => 'http://127.0.0.1:9096/daily/admin/note/editnote/id/185.html',
  'accept' => 'text/html,application/xhtml+xml,application/xml;q=0.9,image/webp,image/apng,*/*;q=0.8',
  'user-agent' => 'Mozilla/5.0 (Windows NT 10.0; Win64; x64) AppleWebKit/537.36 (KHTML, like Gecko) Chrome/66.0.3359.181 Safari/537.36',
  'content-type' => 'application/x-www-form-urlencoded',
  'upgrade-insecure-requests' => '1',
  'origin' => 'http://127.0.0.1:9096',
  'cache-control' => 'max-age=0',
  'content-length' => '8325',
  'host' => '127.0.0.1:9096',
)
[ info ] [ PARAM ] array (
  'content' => '# 排版标准

## 1. 多加空格

- 中英文之间需要加空格

eg. 大家可以搜索公众号 AndroidDeveloper 或者 googdev 关注我。

- 中文与数字之间需要加空格

eg. 不知不觉，我都快 30 岁了。

- 数字与单位之间需要加空格

eg. 我有一块 20 TB 的硬盘，鬼知道我是怎么用完的。

- 完整的英文整句时标点与单词之间需要加空格

eg. Stay hungry, stay foolish.

但是也有一些例外。

- 度的标志、百分号不加空格

eg. 今天气温有 30° 的高温。
eg. 据统计，关注公众号 AndroidDeveloper 的读者中有 80% 是长得好看的。

- 全角标点与其他字符之间不加空格

eg. 大家好，我是 stormzhang，请多多关照。

## 2. 标点

说到标点，不得不说下全角和半角，很多人可能不了解全角和半角的概念，这里顺便介绍下。

全角和半角是英文和中文的编码规范不同遗留下的问题，简单来说，全角占两个字节，半角占一个字节，你可以理解成中文汉子是全角，英文字母是半角，不过半角全角主要是针对标点符号来说的，中文标点占两个字节，英文标点占一个字节。体现在排版上的差异就是，全角字符屏幕打印宽度是两个，而半角字符屏幕打印宽度是一个，如中文逗号和英文逗号他们的显示分别是「，」和「,」。

- 使用全角中文标点

中文排版中所有的标点都应该使用中文全角中文标点

eg. 大家好，我是 stormzhang。

- 遇到英文整句、特殊名词时使用半角标点。

eg. 乔布斯说过：「Stay hungry, stay foolish.」
eg. Facebook, Inc.

- 使用直角引号

我国国家标准要求弯引号，但是个人建议在新媒体排版时使用直角引号。

eg. 你竟然不知道「帅比张」？

如果引号再使用引号使用直角双引号。

eg. 我质问他，「你难道忘记『帅比张』了么？」

ps：电脑键盘中没有直接对应的按键，可以利用搜狗输入法进行设置。
设置 -> 自定义短语设置

## 3. 其他

初以上之外，还有一些其他标准推荐大家使用的。

- 英文名词首字母尽量大写

eg. Google、Android、Facebook

- 专有名词使用正确的大小写

eg. GitHub、iOS、iPhone 6S、MacBook Pro

- 首行不要缩进

这点可能有人不同意，但是我要在这里解释下，在说明之前我们必须弄明白「首行缩进」的目的是什么。

「每段之前空两格」是我们从小学写作文就养成的习惯，也是正式文体的格式要求，其目的是为了区分自然段。

但是像我们现在接触的阅读，都是没有固定的格式要求的，如微信公众号、电子文档等，所以大家一般都采用「空出一行」进行自然段与自然段之间的区分，这种写作方式非常省事，而且很整齐。',
  'groups' => 'Linux',
  'id' => '185',
)
[ info ] [ RUN ] app\admin\controller\Note->updateNote[ G:\PHP\daily\application\admin\controller\Note.php ]
[ info ] [ DB ] INIT mysql
[ info ] [ CACHE ] INIT File
[ info ] [ LOG ] INIT File
[ sql ] [ DB ] CONNECT:[ UseTime:0.619497s ] mysql:host=74.120.168.12;dbname=diary;charset=utf8
[ sql ] [ SQL ] SHOW COLUMNS FROM `note` [ RunTime:0.382759s ]
[ sql ] [ SQL ] SELECT * FROM `note` WHERE  `id` = 185 LIMIT 1 [ RunTime:0.388582s ]
[ sql ] [ SQL ] SHOW COLUMNS FROM `groups` [ RunTime:0.416269s ]
[ sql ] [ SQL ] SELECT `parent_id` FROM `groups` WHERE  `groups` = 'Linux' LIMIT 1 [ RunTime:0.829698s ]
[ sql ] [ SQL ] SELECT `groups` FROM `groups` WHERE  `id` = 2 LIMIT 1 [ RunTime:0.393427s ]
[ sql ] [ SQL ] UPDATE `note`  SET `id`=185,`p_id`=2,`title`='排版标准\r',`content`='# 排版标准\r\n\r\n## 1. 多加空格\r\n\r\n- 中英文之间需要加空格\r\n\r\neg. 大家可以搜索公众号 AndroidDeveloper 或者 googdev 关注我。\r\n\r\n- 中文与数字之间需要加空格\r\n\r\neg. 不知不觉，我都快 30 岁了。\r\n\r\n- 数字与单位之间需要加空格\r\n\r\neg. 我有一块 20 TB 的硬盘，鬼知道我是怎么用完的。\r\n\r\n- 完整的英文整句时标点与单词之间需要加空格\r\n\r\neg. Stay hungry, stay foolish.\r\n\r\n但是也有一些例外。\r\n\r\n- 度的标志、百分号不加空格\r\n\r\neg. 今天气温有 30° 的高温。\r\neg. 据统计，关注公众号 AndroidDeveloper 的读者中有 80% 是长得好看的。\r\n\r\n- 全角标点与其他字符之间不加空格\r\n\r\neg. 大家好，我是 stormzhang，请多多关照。\r\n\r\n## 2. 标点\r\n\r\n说到标点，不得不说下全角和半角，很多人可能不了解全角和半角的概念，这里顺便介绍下。\r\n\r\n全角和半角是英文和中文的编码规范不同遗留下的问题，简单来说，全角占两个字节，半角占一个字节，你可以理解成中文汉子是全角，英文字母是半角，不过半角全角主要是针对标点符号来说的，中文标点占两个字节，英文标点占一个字节。体现在排版上的差异就是，全角字符屏幕打印宽度是两个，而半角字符屏幕打印宽度是一个，如中文逗号和英文逗号他们的显示分别是「，」和「,」。\r\n\r\n- 使用全角中文标点\r\n\r\n中文排版中所有的标点都应该使用中文全角中文标点\r\n\r\neg. 大家好，我是 stormzhang。\r\n\r\n- 遇到英文整句、特殊名词时使用半角标点。\r\n\r\neg. 乔布斯说过：「Stay hungry, stay foolish.」\r\neg. Facebook, Inc.\r\n\r\n- 使用直角引号\r\n\r\n我国国家标准要求弯引号，但是个人建议在新媒体排版时使用直角引号。\r\n\r\neg. 你竟然不知道「帅比张」？\r\n\r\n如果引号再使用引号使用直角双引号。\r\n\r\neg. 我质问他，「你难道忘记『帅比张』了么？」\r\n\r\nps：电脑键盘中没有直接对应的按键，可以利用搜狗输入法进行设置。\r\n设置 -> 自定义短语设置\r\n\r\n## 3. 其他\r\n\r\n初以上之外，还有一些其他标准推荐大家使用的。\r\n\r\n- 英文名词首字母尽量大写\r\n\r\neg. Google、Android、Facebook\r\n\r\n- 专有名词使用正确的大小写\r\n\r\neg. GitHub、iOS、iPhone 6S、MacBook Pro\r\n\r\n- 首行不要缩进\r\n\r\n这点可能有人不同意，但是我要在这里解释下，在说明之前我们必须弄明白「首行缩进」的目的是什么。\r\n\r\n「每段之前空两格」是我们从小学写作文就养成的习惯，也是正式文体的格式要求，其目的是为了区分自然段。\r\n\r\n但是像我们现在接触的阅读，都是没有固定的格式要求的，如微信公众号、电子文档等，所以大家一般都采用「空出一行」进行自然段与自然段之间的区分，这种写作方式非常省事，而且很整齐。',`groups`='Linux'  WHERE  `id` = 185 [ RunTime:0.405922s ]
---------------------------------------------------------------
[ 2018-06-13T18:43:16+08:00 ] 127.0.0.1 127.0.0.1 GET /daily/admin/note/index.html
[ info ] 127.0.0.1:9096/daily/admin/note/index.html [运行时间：0.042723s][吞吐率：23.41req/s] [内存消耗：1,405.61kb] [文件加载：48]
[ info ] [ LANG ] G:\PHP\daily\thinkphp\lang\zh-cn.php
[ info ] [ ROUTE ] array (
  'type' => 'module',
  'module' => 
  array (
    0 => 'admin',
    1 => 'note',
    2 => 'index',
  ),
)
[ info ] [ HEADER ] array (
  'connection' => 'close',
  'cookie' => 'OUTFOX_SEARCH_USER_ID_NCOO=1320009278.460295',
  'accept-language' => 'zh-CN,zh;q=0.9',
  'accept-encoding' => 'gzip, deflate, br',
  'referer' => 'http://127.0.0.1:9096/daily/admin/note/editnote/id/185.html',
  'accept' => 'text/html,application/xhtml+xml,application/xml;q=0.9,image/webp,image/apng,*/*;q=0.8',
  'user-agent' => 'Mozilla/5.0 (Windows NT 10.0; Win64; x64) AppleWebKit/537.36 (KHTML, like Gecko) Chrome/66.0.3359.181 Safari/537.36',
  'upgrade-insecure-requests' => '1',
  'cache-control' => 'max-age=0',
  'host' => '127.0.0.1:9096',
)
[ info ] [ PARAM ] array (
)
[ info ] [ LOG ] INIT File
---------------------------------------------------------------
[ 2018-06-13T18:43:57+08:00 ] 127.0.0.1 127.0.0.1 POST /daily/admin/note/updatenote/id/185.html
[ info ] 127.0.0.1:9096/daily/admin/note/updatenote/id/185.html [运行时间：3.577922s][吞吐率：0.28req/s] [内存消耗：2,056.16kb] [文件加载：56]
[ info ] [ LANG ] G:\PHP\daily\thinkphp\lang\zh-cn.php
[ info ] [ ROUTE ] array (
  'type' => 'module',
  'module' => 
  array (
    0 => 'admin',
    1 => 'note',
    2 => 'updatenote',
  ),
)
[ info ] [ HEADER ] array (
  'connection' => 'close',
  'cookie' => 'OUTFOX_SEARCH_USER_ID_NCOO=1320009278.460295',
  'accept-language' => 'zh-CN,zh;q=0.9',
  'accept-encoding' => 'gzip, deflate, br',
  'referer' => 'http://127.0.0.1:9096/daily/admin/note/editnote/id/185.html',
  'accept' => 'text/html,application/xhtml+xml,application/xml;q=0.9,image/webp,image/apng,*/*;q=0.8',
  'user-agent' => 'Mozilla/5.0 (Windows NT 10.0; Win64; x64) AppleWebKit/537.36 (KHTML, like Gecko) Chrome/66.0.3359.181 Safari/537.36',
  'content-type' => 'application/x-www-form-urlencoded',
  'upgrade-insecure-requests' => '1',
  'origin' => 'http://127.0.0.1:9096',
  'cache-control' => 'max-age=0',
  'content-length' => '8327',
  'host' => '127.0.0.1:9096',
)
[ info ] [ PARAM ] array (
  'content' => '# 排版标准

## 1. 多加空格

- 中英文之间需要加空格

eg. 大家可以搜索公众号 AndroidDeveloper 或者 googdev 关注我。

- 中文与数字之间需要加空格

eg. 不知不觉，我都快 30 岁了。

- 数字与单位之间需要加空格

eg. 我有一块 20 TB 的硬盘，鬼知道我是怎么用完的。

- 完整的英文整句时标点与单词之间需要加空格

eg. Stay hungry, stay foolish.

但是也有一些例外。

- 度的标志、百分号不加空格

eg. 今天气温有 30° 的高温。
eg. 据统计，关注公众号 AndroidDeveloper 的读者中有 80% 是长得好看的。

- 全角标点与其他字符之间不加空格

eg. 大家好，我是 stormzhang，请多多关照。

## 2. 标点

说到标点，不得不说下全角和半角，很多人可能不了解全角和半角的概念，这里顺便介绍下。

全角和半角是英文和中文的编码规范不同遗留下的问题，简单来说，全角占两个字节，半角占一个字节，你可以理解成中文汉子是全角，英文字母是半角，不过半角全角主要是针对标点符号来说的，中文标点占两个字节，英文标点占一个字节。体现在排版上的差异就是，全角字符屏幕打印宽度是两个，而半角字符屏幕打印宽度是一个，如中文逗号和英文逗号他们的显示分别是「，」和「,」。

- 使用全角中文标点

中文排版中所有的标点都应该使用中文全角中文标点

eg. 大家好，我是 stormzhang。

- 遇到英文整句、特殊名词时使用半角标点。

eg. 乔布斯说过：「Stay hungry, stay foolish.」
eg. Facebook, Inc.

- 使用直角引号

我国国家标准要求弯引号，但是个人建议在新媒体排版时使用直角引号。

eg. 你竟然不知道「帅比张」？

如果引号再使用引号使用直角双引号。

eg. 我质问他，「你难道忘记『帅比张』了么？」

ps：电脑键盘中没有直接对应的按键，可以利用搜狗输入法进行设置。
设置 -> 自定义短语设置

## 3. 其他

初以上之外，还有一些其他标准推荐大家使用的。

- 英文名词首字母尽量大写

eg. Google、Android、Facebook

- 专有名词使用正确的大小写

eg. GitHub、iOS、iPhone 6S、MacBook Pro

- 首行不要缩进

这点可能有人不同意，但是我要在这里解释下，在说明之前我们必须弄明白「首行缩进」的目的是什么。

「每段之前空两格」是我们从小学写作文就养成的习惯，也是正式文体的格式要求，其目的是为了区分自然段。

但是像我们现在接触的阅读，都是没有固定的格式要求的，如微信公众号、电子文档等，所以大家一般都采用「空出一行」进行自然段与自然段之间的区分，这种写作方式非常省事，而且很整齐。',
  'groups' => 'Default',
  'id' => '185',
)
[ info ] [ RUN ] app\admin\controller\Note->updateNote[ G:\PHP\daily\application\admin\controller\Note.php ]
[ info ] [ DB ] INIT mysql
[ info ] [ CACHE ] INIT File
[ info ] [ LOG ] INIT File
[ sql ] [ DB ] CONNECT:[ UseTime:0.644945s ] mysql:host=74.120.168.12;dbname=diary;charset=utf8
[ sql ] [ SQL ] SHOW COLUMNS FROM `note` [ RunTime:0.387714s ]
[ sql ] [ SQL ] SELECT * FROM `note` WHERE  `id` = 185 LIMIT 1 [ RunTime:0.394078s ]
[ sql ] [ SQL ] SHOW COLUMNS FROM `groups` [ RunTime:0.406094s ]
[ sql ] [ SQL ] SELECT `parent_id` FROM `groups` WHERE  `groups` = 'Default' LIMIT 1 [ RunTime:0.410527s ]
[ sql ] [ SQL ] SELECT `groups` FROM `groups` WHERE  `id` = 0 LIMIT 1 [ RunTime:0.408592s ]
[ sql ] [ SQL ] SELECT `id` FROM `groups` WHERE  `groups` = 'Default' LIMIT 1 [ RunTime:0.408596s ]
[ sql ] [ SQL ] UPDATE `note`  SET `id`=185,`p_id`=1,`title`='排版标准\r',`content`='# 排版标准\r\n\r\n## 1. 多加空格\r\n\r\n- 中英文之间需要加空格\r\n\r\neg. 大家可以搜索公众号 AndroidDeveloper 或者 googdev 关注我。\r\n\r\n- 中文与数字之间需要加空格\r\n\r\neg. 不知不觉，我都快 30 岁了。\r\n\r\n- 数字与单位之间需要加空格\r\n\r\neg. 我有一块 20 TB 的硬盘，鬼知道我是怎么用完的。\r\n\r\n- 完整的英文整句时标点与单词之间需要加空格\r\n\r\neg. Stay hungry, stay foolish.\r\n\r\n但是也有一些例外。\r\n\r\n- 度的标志、百分号不加空格\r\n\r\neg. 今天气温有 30° 的高温。\r\neg. 据统计，关注公众号 AndroidDeveloper 的读者中有 80% 是长得好看的。\r\n\r\n- 全角标点与其他字符之间不加空格\r\n\r\neg. 大家好，我是 stormzhang，请多多关照。\r\n\r\n## 2. 标点\r\n\r\n说到标点，不得不说下全角和半角，很多人可能不了解全角和半角的概念，这里顺便介绍下。\r\n\r\n全角和半角是英文和中文的编码规范不同遗留下的问题，简单来说，全角占两个字节，半角占一个字节，你可以理解成中文汉子是全角，英文字母是半角，不过半角全角主要是针对标点符号来说的，中文标点占两个字节，英文标点占一个字节。体现在排版上的差异就是，全角字符屏幕打印宽度是两个，而半角字符屏幕打印宽度是一个，如中文逗号和英文逗号他们的显示分别是「，」和「,」。\r\n\r\n- 使用全角中文标点\r\n\r\n中文排版中所有的标点都应该使用中文全角中文标点\r\n\r\neg. 大家好，我是 stormzhang。\r\n\r\n- 遇到英文整句、特殊名词时使用半角标点。\r\n\r\neg. 乔布斯说过：「Stay hungry, stay foolish.」\r\neg. Facebook, Inc.\r\n\r\n- 使用直角引号\r\n\r\n我国国家标准要求弯引号，但是个人建议在新媒体排版时使用直角引号。\r\n\r\neg. 你竟然不知道「帅比张」？\r\n\r\n如果引号再使用引号使用直角双引号。\r\n\r\neg. 我质问他，「你难道忘记『帅比张』了么？」\r\n\r\nps：电脑键盘中没有直接对应的按键，可以利用搜狗输入法进行设置。\r\n设置 -> 自定义短语设置\r\n\r\n## 3. 其他\r\n\r\n初以上之外，还有一些其他标准推荐大家使用的。\r\n\r\n- 英文名词首字母尽量大写\r\n\r\neg. Google、Android、Facebook\r\n\r\n- 专有名词使用正确的大小写\r\n\r\neg. GitHub、iOS、iPhone 6S、MacBook Pro\r\n\r\n- 首行不要缩进\r\n\r\n这点可能有人不同意，但是我要在这里解释下，在说明之前我们必须弄明白「首行缩进」的目的是什么。\r\n\r\n「每段之前空两格」是我们从小学写作文就养成的习惯，也是正式文体的格式要求，其目的是为了区分自然段。\r\n\r\n但是像我们现在接触的阅读，都是没有固定的格式要求的，如微信公众号、电子文档等，所以大家一般都采用「空出一行」进行自然段与自然段之间的区分，这种写作方式非常省事，而且很整齐。',`groups`='Default'  WHERE  `id` = 185 [ RunTime:0.461914s ]
---------------------------------------------------------------
[ 2018-06-13T18:44:34+08:00 ] 127.0.0.1 127.0.0.1 GET /daily/
[ info ] 127.0.0.1:9096/daily/ [运行时间：8.175124s][吞吐率：0.12req/s] [内存消耗：3,320.31kb] [文件加载：55]
[ info ] [ LANG ] G:\PHP\daily\thinkphp\lang\zh-cn.php
[ info ] [ ROUTE ] array (
  'type' => 'module',
  'module' => 
  array (
    0 => '',
    1 => NULL,
    2 => NULL,
  ),
)
[ info ] [ HEADER ] array (
  'connection' => 'close',
  'cookie' => 'OUTFOX_SEARCH_USER_ID_NCOO=1320009278.460295',
  'accept-language' => 'zh-CN,zh;q=0.9',
  'accept-encoding' => 'gzip, deflate, br',
  'accept' => 'text/html,application/xhtml+xml,application/xml;q=0.9,image/webp,image/apng,*/*;q=0.8',
  'user-agent' => 'Mozilla/5.0 (Windows NT 10.0; Win64; x64) AppleWebKit/537.36 (KHTML, like Gecko) Chrome/66.0.3359.181 Safari/537.36',
  'upgrade-insecure-requests' => '1',
  'host' => '127.0.0.1:9096',
)
[ info ] [ PARAM ] array (
)
[ info ] [ RUN ] app\admin\controller\Note->notelst[ G:\PHP\daily\application\admin\controller\Note.php ]
[ info ] [ DB ] INIT mysql
[ info ] [ VIEW ] G:\PHP\daily/application/admin\view\note\notelst.html [ array (
  0 => 'autoSave',
  1 => 'phoneSave',
  2 => 'hide',
  3 => 'list',
  4 => 'groups',
  5 => 'groups0',
  6 => 'groups1',
  7 => 'groups2',
  8 => 'count',
  9 => 'year',
) ]
[ info ] [ LOG ] INIT File
[ sql ] [ DB ] CONNECT:[ UseTime:0.696803s ] mysql:host=74.120.168.12;dbname=diary;charset=utf8
[ sql ] [ SQL ] SHOW COLUMNS FROM `note` [ RunTime:0.417137s ]
[ sql ] [ SQL ] SELECT * FROM `note` WHERE  `groups` <> 'Essay' ORDER BY id desc [ RunTime:1.865916s ]
[ sql ] [ SQL ] SHOW COLUMNS FROM `config` [ RunTime:0.409972s ]
[ sql ] [ SQL ] SELECT * FROM `config` WHERE  `name` = 'hide' LIMIT 1 [ RunTime:0.410109s ]
[ sql ] [ SQL ] SELECT * FROM `note` WHERE  `id` = 1 LIMIT 1 [ RunTime:0.419258s ]
[ sql ] [ SQL ] SELECT * FROM `note` WHERE  `id` = 2 LIMIT 1 [ RunTime:0.449947s ]
[ sql ] [ SQL ] SHOW COLUMNS FROM `groups` [ RunTime:0.414912s ]
[ sql ] [ SQL ] SELECT * FROM `groups` [ RunTime:0.411352s ]
[ sql ] [ SQL ] SELECT * FROM `groups` WHERE  `parent_id` = 0 [ RunTime:0.416078s ]
[ sql ] [ SQL ] SELECT `groups` FROM `groups` WHERE  `parent_id` = 1 [ RunTime:0.417399s ]
[ sql ] [ SQL ] SELECT * FROM `groups` WHERE  `parent_id` = 2 [ RunTime:0.409707s ]
[ sql ] [ SQL ] SELECT COUNT(*) AS tp_count FROM `note` LIMIT 1 [ RunTime:0.409749s ]
[ sql ] [ SQL ] SHOW COLUMNS FROM `yearlist` [ RunTime:0.448145s ]
[ sql ] [ SQL ] SELECT DISTINCT  `year` FROM `yearlist` ORDER BY year desc [ RunTime:0.444925s ]
---------------------------------------------------------------
[ 2018-06-13T18:44:38+08:00 ] 127.0.0.1 127.0.0.1 GET /daily/
[ info ] 127.0.0.1:9096/daily/ [运行时间：8.795307s][吞吐率：0.11req/s] [内存消耗：3,320.31kb] [文件加载：55]
[ info ] [ LANG ] G:\PHP\daily\thinkphp\lang\zh-cn.php
[ info ] [ ROUTE ] array (
  'type' => 'module',
  'module' => 
  array (
    0 => '',
    1 => NULL,
    2 => NULL,
  ),
)
[ info ] [ HEADER ] array (
  'connection' => 'close',
  'cookie' => 'OUTFOX_SEARCH_USER_ID_NCOO=1320009278.460295',
  'accept-language' => 'zh-CN,zh;q=0.9',
  'accept-encoding' => 'gzip, deflate, br',
  'accept' => 'text/html,application/xhtml+xml,application/xml;q=0.9,image/webp,image/apng,*/*;q=0.8',
  'user-agent' => 'Mozilla/5.0 (Windows NT 10.0; Win64; x64) AppleWebKit/537.36 (KHTML, like Gecko) Chrome/66.0.3359.181 Safari/537.36',
  'upgrade-insecure-requests' => '1',
  'host' => '127.0.0.1:9096',
)
[ info ] [ PARAM ] array (
)
[ info ] [ RUN ] app\admin\controller\Note->notelst[ G:\PHP\daily\application\admin\controller\Note.php ]
[ info ] [ DB ] INIT mysql
[ info ] [ VIEW ] G:\PHP\daily/application/admin\view\note\notelst.html [ array (
  0 => 'autoSave',
  1 => 'phoneSave',
  2 => 'hide',
  3 => 'list',
  4 => 'groups',
  5 => 'groups0',
  6 => 'groups1',
  7 => 'groups2',
  8 => 'count',
  9 => 'year',
) ]
[ info ] [ LOG ] INIT File
[ sql ] [ DB ] CONNECT:[ UseTime:1.691415s ] mysql:host=74.120.168.12;dbname=diary;charset=utf8
[ sql ] [ SQL ] SHOW COLUMNS FROM `note` [ RunTime:0.392271s ]
[ sql ] [ SQL ] SELECT * FROM `note` WHERE  `groups` <> 'Essay' ORDER BY id desc [ RunTime:1.639369s ]
[ sql ] [ SQL ] SHOW COLUMNS FROM `config` [ RunTime:0.401688s ]
[ sql ] [ SQL ] SELECT * FROM `config` WHERE  `name` = 'hide' LIMIT 1 [ RunTime:0.397129s ]
[ sql ] [ SQL ] SELECT * FROM `note` WHERE  `id` = 1 LIMIT 1 [ RunTime:0.501226s ]
[ sql ] [ SQL ] SELECT * FROM `note` WHERE  `id` = 2 LIMIT 1 [ RunTime:0.423805s ]
[ sql ] [ SQL ] SHOW COLUMNS FROM `groups` [ RunTime:0.405458s ]
[ sql ] [ SQL ] SELECT * FROM `groups` [ RunTime:0.399860s ]
[ sql ] [ SQL ] SELECT * FROM `groups` WHERE  `parent_id` = 0 [ RunTime:0.419708s ]
[ sql ] [ SQL ] SELECT `groups` FROM `groups` WHERE  `parent_id` = 1 [ RunTime:0.410819s ]
[ sql ] [ SQL ] SELECT * FROM `groups` WHERE  `parent_id` = 2 [ RunTime:0.407755s ]
[ sql ] [ SQL ] SELECT COUNT(*) AS tp_count FROM `note` LIMIT 1 [ RunTime:0.418433s ]
[ sql ] [ SQL ] SHOW COLUMNS FROM `yearlist` [ RunTime:0.408055s ]
[ sql ] [ SQL ] SELECT DISTINCT  `year` FROM `yearlist` ORDER BY year desc [ RunTime:0.391924s ]
---------------------------------------------------------------
[ 2018-06-13T18:46:05+08:00 ] 127.0.0.1 127.0.0.1 GET /daily/admin/note/editnote/id/185.html
[ info ] 127.0.0.1:9096/daily/admin/note/editnote/id/185.html [运行时间：2.287593s][吞吐率：0.44req/s] [内存消耗：2,050.22kb] [文件加载：55]
[ info ] [ LANG ] G:\PHP\daily\thinkphp\lang\zh-cn.php
[ info ] [ ROUTE ] array (
  'type' => 'module',
  'module' => 
  array (
    0 => 'admin',
    1 => 'note',
    2 => 'editnote',
  ),
)
[ info ] [ HEADER ] array (
  'connection' => 'close',
  'cookie' => 'OUTFOX_SEARCH_USER_ID_NCOO=1320009278.460295',
  'accept-language' => 'zh-CN,zh;q=0.9',
  'accept-encoding' => 'gzip, deflate, br',
  'referer' => 'http://127.0.0.1:9096/daily/',
  'accept' => 'text/html,application/xhtml+xml,application/xml;q=0.9,image/webp,image/apng,*/*;q=0.8',
  'user-agent' => 'Mozilla/5.0 (Windows NT 10.0; Win64; x64) AppleWebKit/537.36 (KHTML, like Gecko) Chrome/66.0.3359.181 Safari/537.36',
  'upgrade-insecure-requests' => '1',
  'host' => '127.0.0.1:9096',
)
[ info ] [ PARAM ] array (
  'id' => '185',
)
[ info ] [ RUN ] app\admin\controller\Note->editNote[ G:\PHP\daily\application\admin\controller\Note.php ]
[ info ] [ DB ] INIT mysql
[ info ] [ VIEW ] G:\PHP\daily/application/admin\view\note\editnote.html [ array (
  0 => 'note',
  1 => 'groups',
) ]
[ info ] [ LOG ] INIT File
[ sql ] [ DB ] CONNECT:[ UseTime:0.646383s ] mysql:host=74.120.168.12;dbname=diary;charset=utf8
[ sql ] [ SQL ] SHOW COLUMNS FROM `note` [ RunTime:0.389364s ]
[ sql ] [ SQL ] SELECT * FROM `note` WHERE  `id` = 185 LIMIT 1 [ RunTime:0.390934s ]
[ sql ] [ SQL ] SHOW COLUMNS FROM `groups` [ RunTime:0.414782s ]
[ sql ] [ SQL ] SELECT * FROM `groups` [ RunTime:0.390110s ]
---------------------------------------------------------------
[ 2018-06-13T18:46:15+08:00 ] 127.0.0.1 127.0.0.1 POST /daily/admin/note/updatenote/id/185.html
[ info ] 127.0.0.1:9096/daily/admin/note/updatenote/id/185.html [运行时间：3.111255s][吞吐率：0.32req/s] [内存消耗：2,055.37kb] [文件加载：56]
[ info ] [ LANG ] G:\PHP\daily\thinkphp\lang\zh-cn.php
[ info ] [ ROUTE ] array (
  'type' => 'module',
  'module' => 
  array (
    0 => 'admin',
    1 => 'note',
    2 => 'updatenote',
  ),
)
[ info ] [ HEADER ] array (
  'connection' => 'close',
  'cookie' => 'OUTFOX_SEARCH_USER_ID_NCOO=1320009278.460295',
  'accept-language' => 'zh-CN,zh;q=0.9',
  'accept-encoding' => 'gzip, deflate, br',
  'referer' => 'http://127.0.0.1:9096/daily/admin/note/editnote/id/185.html',
  'accept' => 'text/html,application/xhtml+xml,application/xml;q=0.9,image/webp,image/apng,*/*;q=0.8',
  'user-agent' => 'Mozilla/5.0 (Windows NT 10.0; Win64; x64) AppleWebKit/537.36 (KHTML, like Gecko) Chrome/66.0.3359.181 Safari/537.36',
  'content-type' => 'application/x-www-form-urlencoded',
  'upgrade-insecure-requests' => '1',
  'origin' => 'http://127.0.0.1:9096',
  'cache-control' => 'max-age=0',
  'content-length' => '8327',
  'host' => '127.0.0.1:9096',
)
[ info ] [ PARAM ] array (
  'content' => '# 排版标准

## 1. 多加空格

- 中英文之间需要加空格

eg. 大家可以搜索公众号 AndroidDeveloper 或者 googdev 关注我。

- 中文与数字之间需要加空格

eg. 不知不觉，我都快 30 岁了。

- 数字与单位之间需要加空格

eg. 我有一块 20 TB 的硬盘，鬼知道我是怎么用完的。

- 完整的英文整句时标点与单词之间需要加空格

eg. Stay hungry, stay foolish.

但是也有一些例外。

- 度的标志、百分号不加空格

eg. 今天气温有 30° 的高温。
eg. 据统计，关注公众号 AndroidDeveloper 的读者中有 80% 是长得好看的。

- 全角标点与其他字符之间不加空格

eg. 大家好，我是 stormzhang，请多多关照。

## 2. 标点

说到标点，不得不说下全角和半角，很多人可能不了解全角和半角的概念，这里顺便介绍下。

全角和半角是英文和中文的编码规范不同遗留下的问题，简单来说，全角占两个字节，半角占一个字节，你可以理解成中文汉子是全角，英文字母是半角，不过半角全角主要是针对标点符号来说的，中文标点占两个字节，英文标点占一个字节。体现在排版上的差异就是，全角字符屏幕打印宽度是两个，而半角字符屏幕打印宽度是一个，如中文逗号和英文逗号他们的显示分别是「，」和「,」。

- 使用全角中文标点

中文排版中所有的标点都应该使用中文全角中文标点

eg. 大家好，我是 stormzhang。

- 遇到英文整句、特殊名词时使用半角标点。

eg. 乔布斯说过：「Stay hungry, stay foolish.」
eg. Facebook, Inc.

- 使用直角引号

我国国家标准要求弯引号，但是个人建议在新媒体排版时使用直角引号。

eg. 你竟然不知道「帅比张」？

如果引号再使用引号使用直角双引号。

eg. 我质问他，「你难道忘记『帅比张』了么？」

ps：电脑键盘中没有直接对应的按键，可以利用搜狗输入法进行设置。
设置 -> 自定义短语设置

## 3. 其他

初以上之外，还有一些其他标准推荐大家使用的。

- 英文名词首字母尽量大写

eg. Google、Android、Facebook

- 专有名词使用正确的大小写

eg. GitHub、iOS、iPhone 6S、MacBook Pro

- 首行不要缩进

这点可能有人不同意，但是我要在这里解释下，在说明之前我们必须弄明白「首行缩进」的目的是什么。

「每段之前空两格」是我们从小学写作文就养成的习惯，也是正式文体的格式要求，其目的是为了区分自然段。

但是像我们现在接触的阅读，都是没有固定的格式要求的，如微信公众号、电子文档等，所以大家一般都采用「空出一行」进行自然段与自然段之间的区分，这种写作方式非常省事，而且很整齐。',
  'groups' => 'Android',
  'id' => '185',
)
[ info ] [ RUN ] app\admin\controller\Note->updateNote[ G:\PHP\daily\application\admin\controller\Note.php ]
[ info ] [ DB ] INIT mysql
[ info ] [ CACHE ] INIT File
[ info ] [ LOG ] INIT File
[ sql ] [ DB ] CONNECT:[ UseTime:0.632340s ] mysql:host=74.120.168.12;dbname=diary;charset=utf8
[ sql ] [ SQL ] SHOW COLUMNS FROM `note` [ RunTime:0.390091s ]
[ sql ] [ SQL ] SELECT * FROM `note` WHERE  `id` = 185 LIMIT 1 [ RunTime:0.390383s ]
[ sql ] [ SQL ] SHOW COLUMNS FROM `groups` [ RunTime:0.403179s ]
[ sql ] [ SQL ] SELECT `parent_id` FROM `groups` WHERE  `groups` = 'Android' LIMIT 1 [ RunTime:0.407062s ]
[ sql ] [ SQL ] SELECT `groups` FROM `groups` WHERE  `id` = 2 LIMIT 1 [ RunTime:0.409099s ]
[ sql ] [ SQL ] UPDATE `note`  SET `id`=185,`p_id`=2,`title`='排版标准\r',`content`='# 排版标准\r\n\r\n## 1. 多加空格\r\n\r\n- 中英文之间需要加空格\r\n\r\neg. 大家可以搜索公众号 AndroidDeveloper 或者 googdev 关注我。\r\n\r\n- 中文与数字之间需要加空格\r\n\r\neg. 不知不觉，我都快 30 岁了。\r\n\r\n- 数字与单位之间需要加空格\r\n\r\neg. 我有一块 20 TB 的硬盘，鬼知道我是怎么用完的。\r\n\r\n- 完整的英文整句时标点与单词之间需要加空格\r\n\r\neg. Stay hungry, stay foolish.\r\n\r\n但是也有一些例外。\r\n\r\n- 度的标志、百分号不加空格\r\n\r\neg. 今天气温有 30° 的高温。\r\neg. 据统计，关注公众号 AndroidDeveloper 的读者中有 80% 是长得好看的。\r\n\r\n- 全角标点与其他字符之间不加空格\r\n\r\neg. 大家好，我是 stormzhang，请多多关照。\r\n\r\n## 2. 标点\r\n\r\n说到标点，不得不说下全角和半角，很多人可能不了解全角和半角的概念，这里顺便介绍下。\r\n\r\n全角和半角是英文和中文的编码规范不同遗留下的问题，简单来说，全角占两个字节，半角占一个字节，你可以理解成中文汉子是全角，英文字母是半角，不过半角全角主要是针对标点符号来说的，中文标点占两个字节，英文标点占一个字节。体现在排版上的差异就是，全角字符屏幕打印宽度是两个，而半角字符屏幕打印宽度是一个，如中文逗号和英文逗号他们的显示分别是「，」和「,」。\r\n\r\n- 使用全角中文标点\r\n\r\n中文排版中所有的标点都应该使用中文全角中文标点\r\n\r\neg. 大家好，我是 stormzhang。\r\n\r\n- 遇到英文整句、特殊名词时使用半角标点。\r\n\r\neg. 乔布斯说过：「Stay hungry, stay foolish.」\r\neg. Facebook, Inc.\r\n\r\n- 使用直角引号\r\n\r\n我国国家标准要求弯引号，但是个人建议在新媒体排版时使用直角引号。\r\n\r\neg. 你竟然不知道「帅比张」？\r\n\r\n如果引号再使用引号使用直角双引号。\r\n\r\neg. 我质问他，「你难道忘记『帅比张』了么？」\r\n\r\nps：电脑键盘中没有直接对应的按键，可以利用搜狗输入法进行设置。\r\n设置 -> 自定义短语设置\r\n\r\n## 3. 其他\r\n\r\n初以上之外，还有一些其他标准推荐大家使用的。\r\n\r\n- 英文名词首字母尽量大写\r\n\r\neg. Google、Android、Facebook\r\n\r\n- 专有名词使用正确的大小写\r\n\r\neg. GitHub、iOS、iPhone 6S、MacBook Pro\r\n\r\n- 首行不要缩进\r\n\r\n这点可能有人不同意，但是我要在这里解释下，在说明之前我们必须弄明白「首行缩进」的目的是什么。\r\n\r\n「每段之前空两格」是我们从小学写作文就养成的习惯，也是正式文体的格式要求，其目的是为了区分自然段。\r\n\r\n但是像我们现在接触的阅读，都是没有固定的格式要求的，如微信公众号、电子文档等，所以大家一般都采用「空出一行」进行自然段与自然段之间的区分，这种写作方式非常省事，而且很整齐。',`groups`='Android'  WHERE  `id` = 185 [ RunTime:0.402813s ]
---------------------------------------------------------------
[ 2018-06-13T18:46:23+08:00 ] 127.0.0.1 127.0.0.1 GET /daily/
[ info ] 127.0.0.1:9096/daily/ [运行时间：7.907282s][吞吐率：0.13req/s] [内存消耗：3,320.63kb] [文件加载：55]
[ info ] [ LANG ] G:\PHP\daily\thinkphp\lang\zh-cn.php
[ info ] [ ROUTE ] array (
  'type' => 'module',
  'module' => 
  array (
    0 => '',
    1 => NULL,
    2 => NULL,
  ),
)
[ info ] [ HEADER ] array (
  'connection' => 'close',
  'cookie' => 'OUTFOX_SEARCH_USER_ID_NCOO=1320009278.460295',
  'accept-language' => 'zh-CN,zh;q=0.9',
  'accept-encoding' => 'gzip, deflate, br',
  'referer' => 'http://127.0.0.1:9096/daily/admin/note/editnote/id/185.html',
  'accept' => 'text/html,application/xhtml+xml,application/xml;q=0.9,image/webp,image/apng,*/*;q=0.8',
  'user-agent' => 'Mozilla/5.0 (Windows NT 10.0; Win64; x64) AppleWebKit/537.36 (KHTML, like Gecko) Chrome/66.0.3359.181 Safari/537.36',
  'upgrade-insecure-requests' => '1',
  'cache-control' => 'max-age=0',
  'host' => '127.0.0.1:9096',
)
[ info ] [ PARAM ] array (
)
[ info ] [ RUN ] app\admin\controller\Note->notelst[ G:\PHP\daily\application\admin\controller\Note.php ]
[ info ] [ DB ] INIT mysql
[ info ] [ VIEW ] G:\PHP\daily/application/admin\view\note\notelst.html [ array (
  0 => 'autoSave',
  1 => 'phoneSave',
  2 => 'hide',
  3 => 'list',
  4 => 'groups',
  5 => 'groups0',
  6 => 'groups1',
  7 => 'groups2',
  8 => 'count',
  9 => 'year',
) ]
[ info ] [ LOG ] INIT File
[ sql ] [ DB ] CONNECT:[ UseTime:0.679293s ] mysql:host=74.120.168.12;dbname=diary;charset=utf8
[ sql ] [ SQL ] SHOW COLUMNS FROM `note` [ RunTime:0.392633s ]
[ sql ] [ SQL ] SELECT * FROM `note` WHERE  `groups` <> 'Essay' ORDER BY id desc [ RunTime:1.845798s ]
[ sql ] [ SQL ] SHOW COLUMNS FROM `config` [ RunTime:0.402577s ]
[ sql ] [ SQL ] SELECT * FROM `config` WHERE  `name` = 'hide' LIMIT 1 [ RunTime:0.404556s ]
[ sql ] [ SQL ] SELECT * FROM `note` WHERE  `id` = 1 LIMIT 1 [ RunTime:0.409882s ]
[ sql ] [ SQL ] SELECT * FROM `note` WHERE  `id` = 2 LIMIT 1 [ RunTime:0.409024s ]
[ sql ] [ SQL ] SHOW COLUMNS FROM `groups` [ RunTime:0.406257s ]
[ sql ] [ SQL ] SELECT * FROM `groups` [ RunTime:0.410265s ]
[ sql ] [ SQL ] SELECT * FROM `groups` WHERE  `parent_id` = 0 [ RunTime:0.412857s ]
[ sql ] [ SQL ] SELECT `groups` FROM `groups` WHERE  `parent_id` = 1 [ RunTime:0.408976s ]
[ sql ] [ SQL ] SELECT * FROM `groups` WHERE  `parent_id` = 2 [ RunTime:0.408266s ]
[ sql ] [ SQL ] SELECT COUNT(*) AS tp_count FROM `note` LIMIT 1 [ RunTime:0.406813s ]
[ sql ] [ SQL ] SHOW COLUMNS FROM `yearlist` [ RunTime:0.405752s ]
[ sql ] [ SQL ] SELECT DISTINCT  `year` FROM `yearlist` ORDER BY year desc [ RunTime:0.407314s ]
---------------------------------------------------------------
[ 2018-06-13T18:46:30+08:00 ] 127.0.0.1 127.0.0.1 POST /daily/admin/note/ashownote1.html
[ info ] 127.0.0.1:9096/daily/admin/note/ashownote1.html [运行时间：1.814913s][吞吐率：0.55req/s] [内存消耗：2,117.50kb] [文件加载：52]
[ info ] [ LANG ] G:\PHP\daily\thinkphp\lang\zh-cn.php
[ info ] [ ROUTE ] array (
  'type' => 'module',
  'module' => 
  array (
    0 => 'admin',
    1 => 'note',
    2 => 'ashownote1',
  ),
)
[ info ] [ HEADER ] array (
  'connection' => 'close',
  'cookie' => 'OUTFOX_SEARCH_USER_ID_NCOO=1320009278.460295',
  'accept-language' => 'zh-CN,zh;q=0.9',
  'accept-encoding' => 'gzip, deflate, br',
  'referer' => 'http://127.0.0.1:9096/daily/',
  'content-type' => 'application/x-www-form-urlencoded',
  'user-agent' => 'Mozilla/5.0 (Windows NT 10.0; Win64; x64) AppleWebKit/537.36 (KHTML, like Gecko) Chrome/66.0.3359.181 Safari/537.36',
  'x-requested-with' => 'XMLHttpRequest',
  'origin' => 'http://127.0.0.1:9096',
  'accept' => 'application/json, text/javascript, */*; q=0.01',
  'content-length' => '10',
  'host' => '127.0.0.1:9096',
)
[ info ] [ PARAM ] array (
  'groupsID' => '1',
)
[ info ] [ RUN ] app\admin\controller\Note->aShowNote1[ G:\PHP\daily\application\admin\controller\Note.php ]
[ info ] [ DB ] INIT mysql
[ info ] [ LOG ] INIT File
[ sql ] [ DB ] CONNECT:[ UseTime:0.609735s ] mysql:host=74.120.168.12;dbname=diary;charset=utf8
[ sql ] [ SQL ] SHOW COLUMNS FROM `note` [ RunTime:0.399214s ]
[ sql ] [ SQL ] SELECT * FROM `note` WHERE  `p_id` = 1  AND `id` > 2 ORDER BY id desc [ RunTime:0.714859s ]
---------------------------------------------------------------
[ 2018-06-13T18:46:33+08:00 ] 127.0.0.1 127.0.0.1 GET /daily/admin/note/shownote/id/170
[ info ] 127.0.0.1:9096/daily/admin/note/shownote/id/170 [运行时间：2.278241s][吞吐率：0.44req/s] [内存消耗：2,001.66kb] [文件加载：54]
[ info ] [ LANG ] G:\PHP\daily\thinkphp\lang\zh-cn.php
[ info ] [ ROUTE ] array (
  'type' => 'module',
  'module' => 
  array (
    0 => 'admin',
    1 => 'note',
    2 => 'shownote',
  ),
)
[ info ] [ HEADER ] array (
  'connection' => 'close',
  'cookie' => 'OUTFOX_SEARCH_USER_ID_NCOO=1320009278.460295',
  'accept-language' => 'zh-CN,zh;q=0.9',
  'accept-encoding' => 'gzip, deflate, br',
  'referer' => 'http://127.0.0.1:9096/daily/',
  'accept' => 'text/html,application/xhtml+xml,application/xml;q=0.9,image/webp,image/apng,*/*;q=0.8',
  'user-agent' => 'Mozilla/5.0 (Windows NT 10.0; Win64; x64) AppleWebKit/537.36 (KHTML, like Gecko) Chrome/66.0.3359.181 Safari/537.36',
  'upgrade-insecure-requests' => '1',
  'host' => '127.0.0.1:9096',
)
[ info ] [ PARAM ] array (
  'id' => '170',
)
[ info ] [ RUN ] app\admin\controller\Note->showNote[ G:\PHP\daily\application\admin\controller\Note.php ]
[ info ] [ DB ] INIT mysql
[ info ] [ VIEW ] G:\PHP\daily/application/admin\view\note\shownote.html [ array (
  0 => 'note',
  1 => 'groups',
) ]
[ info ] [ LOG ] INIT File
[ sql ] [ DB ] CONNECT:[ UseTime:0.608611s ] mysql:host=74.120.168.12;dbname=diary;charset=utf8
[ sql ] [ SQL ] SHOW COLUMNS FROM `note` [ RunTime:0.371186s ]
[ sql ] [ SQL ] SELECT * FROM `note` WHERE  `id` = 170 LIMIT 1 [ RunTime:0.393180s ]
[ sql ] [ SQL ] SHOW COLUMNS FROM `groups` [ RunTime:0.412100s ]
[ sql ] [ SQL ] SELECT * FROM `groups` [ RunTime:0.409203s ]
---------------------------------------------------------------
[ 2018-06-13T18:47:50+08:00 ] 127.0.0.1 127.0.0.1 POST /daily/admin/note/asearch.html
[ info ] 127.0.0.1:9096/daily/admin/note/asearch.html [运行时间：2.834964s][吞吐率：0.35req/s] [内存消耗：3,382.47kb] [文件加载：50]
[ info ] [ LANG ] G:\PHP\daily\thinkphp\lang\zh-cn.php
[ info ] [ ROUTE ] array (
  'type' => 'module',
  'module' => 
  array (
    0 => 'admin',
    1 => 'note',
    2 => 'asearch',
  ),
)
[ info ] [ HEADER ] array (
  'connection' => 'close',
  'cookie' => 'OUTFOX_SEARCH_USER_ID_NCOO=1320009278.460295',
  'accept-language' => 'zh-CN,zh;q=0.9',
  'accept-encoding' => 'gzip, deflate, br',
  'referer' => 'http://127.0.0.1:9096/daily/',
  'content-type' => 'application/x-www-form-urlencoded',
  'user-agent' => 'Mozilla/5.0 (Windows NT 10.0; Win64; x64) AppleWebKit/537.36 (KHTML, like Gecko) Chrome/66.0.3359.181 Safari/537.36',
  'x-requested-with' => 'XMLHttpRequest',
  'origin' => 'http://127.0.0.1:9096',
  'accept' => 'application/json, text/javascript, */*; q=0.01',
  'content-length' => '5',
  'host' => '127.0.0.1:9096',
)
[ info ] [ PARAM ] array (
  'key' => 'l',
)
[ info ] [ RUN ] app\admin\controller\Note->aSearch[ G:\PHP\daily\application\admin\controller\Note.php ]
[ info ] [ DB ] INIT mysql
[ info ] [ LOG ] INIT File
[ sql ] [ DB ] CONNECT:[ UseTime:0.688671s ] mysql:host=74.120.168.12;dbname=diary;charset=utf8
[ sql ] [ SQL ] SHOW COLUMNS FROM `note` [ RunTime:0.410559s ]
[ sql ] [ SQL ] SELECT * FROM `note` WHERE  ( `title` LIKE '%l%' OR `content` LIKE '%l%' ) ORDER BY id desc [ RunTime:1.678759s ]
---------------------------------------------------------------
[ 2018-06-13T18:47:55+08:00 ] 127.0.0.1 127.0.0.1 GET /daily/admin/note/shownote/id/183
[ info ] 127.0.0.1:9096/daily/admin/note/shownote/id/183 [运行时间：2.300233s][吞吐率：0.43req/s] [内存消耗：2,001.39kb] [文件加载：54]
[ info ] [ LANG ] G:\PHP\daily\thinkphp\lang\zh-cn.php
[ info ] [ ROUTE ] array (
  'type' => 'module',
  'module' => 
  array (
    0 => 'admin',
    1 => 'note',
    2 => 'shownote',
  ),
)
[ info ] [ HEADER ] array (
  'connection' => 'close',
  'cookie' => 'OUTFOX_SEARCH_USER_ID_NCOO=1320009278.460295',
  'accept-language' => 'zh-CN,zh;q=0.9',
  'accept-encoding' => 'gzip, deflate, br',
  'referer' => 'http://127.0.0.1:9096/daily/',
  'accept' => 'text/html,application/xhtml+xml,application/xml;q=0.9,image/webp,image/apng,*/*;q=0.8',
  'user-agent' => 'Mozilla/5.0 (Windows NT 10.0; Win64; x64) AppleWebKit/537.36 (KHTML, like Gecko) Chrome/66.0.3359.181 Safari/537.36',
  'upgrade-insecure-requests' => '1',
  'host' => '127.0.0.1:9096',
)
[ info ] [ PARAM ] array (
  'id' => '183',
)
[ info ] [ RUN ] app\admin\controller\Note->showNote[ G:\PHP\daily\application\admin\controller\Note.php ]
[ info ] [ DB ] INIT mysql
[ info ] [ VIEW ] G:\PHP\daily/application/admin\view\note\shownote.html [ array (
  0 => 'note',
  1 => 'groups',
) ]
[ info ] [ LOG ] INIT File
[ sql ] [ DB ] CONNECT:[ UseTime:0.610767s ] mysql:host=74.120.168.12;dbname=diary;charset=utf8
[ sql ] [ SQL ] SHOW COLUMNS FROM `note` [ RunTime:0.388119s ]
[ sql ] [ SQL ] SELECT * FROM `note` WHERE  `id` = 183 LIMIT 1 [ RunTime:0.409545s ]
[ sql ] [ SQL ] SHOW COLUMNS FROM `groups` [ RunTime:0.414915s ]
[ sql ] [ SQL ] SELECT * FROM `groups` [ RunTime:0.401603s ]
---------------------------------------------------------------
[ 2018-06-13T21:33:20+08:00 ] 127.0.0.1 127.0.0.1 GET /daily/
[ info ] 127.0.0.1:9096/daily/ [运行时间：10.673944s][吞吐率：0.09req/s] [内存消耗：3,320.30kb] [文件加载：55]
[ info ] [ LANG ] G:\PHP\daily\thinkphp\lang\zh-cn.php
[ info ] [ ROUTE ] array (
  'type' => 'module',
  'module' => 
  array (
    0 => '',
    1 => NULL,
    2 => NULL,
  ),
)
[ info ] [ HEADER ] array (
  'connection' => 'close',
  'cookie' => 'OUTFOX_SEARCH_USER_ID_NCOO=1320009278.460295',
  'accept-language' => 'zh-CN,zh;q=0.9',
  'accept-encoding' => 'gzip, deflate, br',
  'accept' => 'text/html,application/xhtml+xml,application/xml;q=0.9,image/webp,image/apng,*/*;q=0.8',
  'user-agent' => 'Mozilla/5.0 (Windows NT 10.0; Win64; x64) AppleWebKit/537.36 (KHTML, like Gecko) Chrome/66.0.3359.181 Safari/537.36',
  'upgrade-insecure-requests' => '1',
  'host' => '127.0.0.1:9096',
)
[ info ] [ PARAM ] array (
)
[ info ] [ RUN ] app\admin\controller\Note->notelst[ G:\PHP\daily\application\admin\controller\Note.php ]
[ info ] [ DB ] INIT mysql
[ info ] [ VIEW ] G:\PHP\daily/application/admin\view\note\notelst.html [ array (
  0 => 'autoSave',
  1 => 'phoneSave',
  2 => 'hide',
  3 => 'list',
  4 => 'groups',
  5 => 'groups0',
  6 => 'groups1',
  7 => 'groups2',
  8 => 'count',
  9 => 'year',
) ]
[ info ] [ LOG ] INIT File
[ sql ] [ DB ] CONNECT:[ UseTime:0.937438s ] mysql:host=74.120.168.12;dbname=diary;charset=utf8
[ sql ] [ SQL ] SHOW COLUMNS FROM `note` [ RunTime:0.609126s ]
[ sql ] [ SQL ] SELECT * FROM `note` WHERE  `groups` <> 'Essay' ORDER BY id desc [ RunTime:2.560294s ]
[ sql ] [ SQL ] SHOW COLUMNS FROM `config` [ RunTime:0.501930s ]
[ sql ] [ SQL ] SELECT * FROM `config` WHERE  `name` = 'hide' LIMIT 1 [ RunTime:0.464996s ]
[ sql ] [ SQL ] SELECT * FROM `note` WHERE  `id` = 1 LIMIT 1 [ RunTime:0.502652s ]
[ sql ] [ SQL ] SELECT * FROM `note` WHERE  `id` = 2 LIMIT 1 [ RunTime:0.522481s ]
[ sql ] [ SQL ] SHOW COLUMNS FROM `groups` [ RunTime:0.561210s ]
[ sql ] [ SQL ] SELECT * FROM `groups` [ RunTime:0.529382s ]
[ sql ] [ SQL ] SELECT * FROM `groups` WHERE  `parent_id` = 0 [ RunTime:0.593091s ]
[ sql ] [ SQL ] SELECT `groups` FROM `groups` WHERE  `parent_id` = 1 [ RunTime:0.613938s ]
[ sql ] [ SQL ] SELECT * FROM `groups` WHERE  `parent_id` = 2 [ RunTime:0.565203s ]
[ sql ] [ SQL ] SELECT COUNT(*) AS tp_count FROM `note` LIMIT 1 [ RunTime:0.507537s ]
[ sql ] [ SQL ] SHOW COLUMNS FROM `yearlist` [ RunTime:0.508166s ]
[ sql ] [ SQL ] SELECT DISTINCT  `year` FROM `yearlist` ORDER BY year desc [ RunTime:0.565852s ]
