---------------------------------------------------------------
[ 2018-06-14T15:25:12+08:00 ] 127.0.0.1 127.0.0.1 GET /daily/
[ info ] 127.0.0.1:9096/daily/ [运行时间：10.118179s][吞吐率：0.10req/s] [内存消耗：3,320.25kb] [文件加载：55]
[ info ] [ LANG ] G:\PHP\daily\thinkphp\lang\zh-cn.php
[ info ] [ ROUTE ] array (
  'type' => 'module',
  'module' => 
  array (
    0 => '',
    1 => NULL,
    2 => NULL,
  ),
)
[ info ] [ HEADER ] array (
  'connection' => 'close',
  'cookie' => 'OUTFOX_SEARCH_USER_ID_NCOO=1320009278.460295',
  'accept-language' => 'zh-CN,zh;q=0.9',
  'accept-encoding' => 'gzip, deflate, br',
  'accept' => 'text/html,application/xhtml+xml,application/xml;q=0.9,image/webp,image/apng,*/*;q=0.8',
  'user-agent' => 'Mozilla/5.0 (Windows NT 10.0; Win64; x64) AppleWebKit/537.36 (KHTML, like Gecko) Chrome/66.0.3359.181 Safari/537.36',
  'upgrade-insecure-requests' => '1',
  'host' => '127.0.0.1:9096',
)
[ info ] [ PARAM ] array (
)
[ info ] [ RUN ] app\admin\controller\Note->notelst[ G:\PHP\daily\application\admin\controller\Note.php ]
[ info ] [ DB ] INIT mysql
[ info ] [ VIEW ] G:\PHP\daily/application/admin\view\note\notelst.html [ array (
  0 => 'autoSave',
  1 => 'phoneSave',
  2 => 'hide',
  3 => 'list',
  4 => 'groups',
  5 => 'groups0',
  6 => 'groups1',
  7 => 'groups2',
  8 => 'count',
  9 => 'year',
) ]
[ info ] [ LOG ] INIT File
[ sql ] [ DB ] CONNECT:[ UseTime:0.719254s ] mysql:host=74.120.168.12;dbname=diary;charset=utf8
[ sql ] [ SQL ] SHOW COLUMNS FROM `note` [ RunTime:0.546375s ]
[ sql ] [ SQL ] SELECT * FROM `note` WHERE  `groups` <> 'Essay' ORDER BY id desc [ RunTime:2.800253s ]
[ sql ] [ SQL ] SHOW COLUMNS FROM `config` [ RunTime:0.387259s ]
[ sql ] [ SQL ] SELECT * FROM `config` WHERE  `name` = 'hide' LIMIT 1 [ RunTime:0.390777s ]
[ sql ] [ SQL ] SELECT * FROM `note` WHERE  `id` = 1 LIMIT 1 [ RunTime:0.409689s ]
[ sql ] [ SQL ] SELECT * FROM `note` WHERE  `id` = 2 LIMIT 1 [ RunTime:0.408416s ]
[ sql ] [ SQL ] SHOW COLUMNS FROM `groups` [ RunTime:0.415274s ]
[ sql ] [ SQL ] SELECT * FROM `groups` [ RunTime:0.413968s ]
[ sql ] [ SQL ] SELECT * FROM `groups` WHERE  `parent_id` = 0 [ RunTime:0.409533s ]
[ sql ] [ SQL ] SELECT `groups` FROM `groups` WHERE  `parent_id` = 1 [ RunTime:0.408910s ]
[ sql ] [ SQL ] SELECT * FROM `groups` WHERE  `parent_id` = 2 [ RunTime:0.811768s ]
[ sql ] [ SQL ] SELECT COUNT(*) AS tp_count FROM `note` LIMIT 1 [ RunTime:0.400148s ]
[ sql ] [ SQL ] SHOW COLUMNS FROM `yearlist` [ RunTime:0.406554s ]
[ sql ] [ SQL ] SELECT DISTINCT  `year` FROM `yearlist` ORDER BY year desc [ RunTime:0.415643s ]
---------------------------------------------------------------
[ 2018-06-14T15:34:23+08:00 ] 127.0.0.1 127.0.0.1 GET /daily/
[ info ] 127.0.0.1:9096/daily/ [运行时间：9.530706s][吞吐率：0.10req/s] [内存消耗：3,320.26kb] [文件加载：55]
[ info ] [ LANG ] G:\PHP\daily\thinkphp\lang\zh-cn.php
[ info ] [ ROUTE ] array (
  'type' => 'module',
  'module' => 
  array (
    0 => '',
    1 => NULL,
    2 => NULL,
  ),
)
[ info ] [ HEADER ] array (
  'connection' => 'close',
  'cookie' => 'OUTFOX_SEARCH_USER_ID_NCOO=1320009278.460295',
  'accept-language' => 'zh-CN,zh;q=0.9',
  'accept-encoding' => 'gzip, deflate, br',
  'accept' => 'text/html,application/xhtml+xml,application/xml;q=0.9,image/webp,image/apng,*/*;q=0.8',
  'user-agent' => 'Mozilla/5.0 (Windows NT 10.0; Win64; x64) AppleWebKit/537.36 (KHTML, like Gecko) Chrome/66.0.3359.181 Safari/537.36',
  'upgrade-insecure-requests' => '1',
  'host' => '127.0.0.1:9096',
)
[ info ] [ PARAM ] array (
)
[ info ] [ RUN ] app\admin\controller\Note->notelst[ G:\PHP\daily\application\admin\controller\Note.php ]
[ info ] [ DB ] INIT mysql
[ info ] [ VIEW ] G:\PHP\daily/application/admin\view\note\notelst.html [ array (
  0 => 'autoSave',
  1 => 'phoneSave',
  2 => 'hide',
  3 => 'list',
  4 => 'groups',
  5 => 'groups0',
  6 => 'groups1',
  7 => 'groups2',
  8 => 'count',
  9 => 'year',
) ]
[ info ] [ LOG ] INIT File
[ sql ] [ DB ] CONNECT:[ UseTime:0.614256s ] mysql:host=74.120.168.12;dbname=diary;charset=utf8
[ sql ] [ SQL ] SHOW COLUMNS FROM `note` [ RunTime:0.391152s ]
[ sql ] [ SQL ] SELECT * FROM `note` WHERE  `groups` <> 'Essay' ORDER BY id desc [ RunTime:2.812773s ]
[ sql ] [ SQL ] SHOW COLUMNS FROM `config` [ RunTime:0.388410s ]
[ sql ] [ SQL ] SELECT * FROM `config` WHERE  `name` = 'hide' LIMIT 1 [ RunTime:0.409936s ]
[ sql ] [ SQL ] SELECT * FROM `note` WHERE  `id` = 1 LIMIT 1 [ RunTime:0.388094s ]
[ sql ] [ SQL ] SELECT * FROM `note` WHERE  `id` = 2 LIMIT 1 [ RunTime:0.404461s ]
[ sql ] [ SQL ] SHOW COLUMNS FROM `groups` [ RunTime:0.415063s ]
[ sql ] [ SQL ] SELECT * FROM `groups` [ RunTime:0.411314s ]
[ sql ] [ SQL ] SELECT * FROM `groups` WHERE  `parent_id` = 0 [ RunTime:0.403726s ]
[ sql ] [ SQL ] SELECT `groups` FROM `groups` WHERE  `parent_id` = 1 [ RunTime:0.409506s ]
[ sql ] [ SQL ] SELECT * FROM `groups` WHERE  `parent_id` = 2 [ RunTime:0.821142s ]
[ sql ] [ SQL ] SELECT COUNT(*) AS tp_count FROM `note` LIMIT 1 [ RunTime:0.406945s ]
[ sql ] [ SQL ] SHOW COLUMNS FROM `yearlist` [ RunTime:0.411333s ]
[ sql ] [ SQL ] SELECT DISTINCT  `year` FROM `yearlist` ORDER BY year desc [ RunTime:0.716284s ]
