---------------------------------------------------------------
[ 2018-06-24T03:24:03+08:00 ] 74.120.168.12 74.120.168.12 GET /daily/
[ info ] qingrang.top/daily/ [运行时间：0.111909s][吞吐率：8.94req/s] [内存消耗：3,236.86kb] [文件加载：55]
[ info ] [ LANG ] /var/www/html/daily/thinkphp/lang/zh-cn.php
[ info ] [ ROUTE ] array (
  'type' => 'module',
  'module' => 
  array (
    0 => '',
    1 => NULL,
    2 => NULL,
  ),
)
[ info ] [ HEADER ] array (
  'host' => 'qingrang.top',
  'upgrade-insecure-requests' => '1',
  'user-agent' => 'Mozilla/5.0 (Windows NT 10.0; Win64; x64) AppleWebKit/537.36 (KHTML, like Gecko) Chrome/67.0.3396.87 Safari/537.36',
  'accept' => 'text/html,application/xhtml+xml,application/xml;q=0.9,image/webp,image/apng,*/*;q=0.8',
  'accept-encoding' => 'gzip, deflate',
  'accept-language' => 'zh-CN,zh;q=0.9',
  'cookie' => 'OUTFOX_SEARCH_USER_ID_NCOO=300956949.4398302',
  'connection' => 'close',
)
[ info ] [ PARAM ] array (
)
[ info ] [ RUN ] app\admin\controller\Note->notelst[ /var/www/html/daily/application/admin/controller/Note.php ]
[ info ] [ DB ] INIT mysql
[ info ] [ VIEW ] /var/www/html/daily/application/admin/view/note/notelst.html [ array (
  0 => 'autoSave',
  1 => 'phoneSave',
  2 => 'hide',
  3 => 'list',
  4 => 'groups',
  5 => 'groups0',
  6 => 'groups1',
  7 => 'groups2',
  8 => 'count',
  9 => 'year',
) ]
[ info ] [ LOG ] INIT File
[ sql ] [ DB ] CONNECT:[ UseTime:0.001233s ] mysql:host=74.120.168.12;dbname=diary;charset=utf8
[ sql ] [ SQL ] SHOW COLUMNS FROM `note` [ RunTime:0.002197s ]
[ sql ] [ SQL ] SELECT * FROM `note` WHERE  `groups` <> 'Essay' ORDER BY id desc [ RunTime:0.003432s ]
[ sql ] [ SQL ] SHOW COLUMNS FROM `config` [ RunTime:0.000923s ]
[ sql ] [ SQL ] SELECT * FROM `config` WHERE  `name` = 'hide' LIMIT 1 [ RunTime:0.000344s ]
[ sql ] [ SQL ] SELECT * FROM `note` WHERE  `id` = 1 LIMIT 1 [ RunTime:0.000360s ]
[ sql ] [ SQL ] SELECT * FROM `note` WHERE  `id` = 2 LIMIT 1 [ RunTime:0.000311s ]
[ sql ] [ SQL ] SHOW COLUMNS FROM `groups` [ RunTime:0.000774s ]
[ sql ] [ SQL ] SELECT * FROM `groups` [ RunTime:0.000256s ]
[ sql ] [ SQL ] SELECT * FROM `groups` WHERE  `parent_id` = 0 [ RunTime:0.000263s ]
[ sql ] [ SQL ] SELECT `groups` FROM `groups` WHERE  `parent_id` = 1 [ RunTime:0.000258s ]
[ sql ] [ SQL ] SELECT * FROM `groups` WHERE  `parent_id` = 2 [ RunTime:0.000330s ]
[ sql ] [ SQL ] SELECT COUNT(*) AS tp_count FROM `note` LIMIT 1 [ RunTime:0.000287s ]
[ sql ] [ SQL ] SHOW COLUMNS FROM `yearlist` [ RunTime:0.000967s ]
[ sql ] [ SQL ] SELECT DISTINCT  `year` FROM `yearlist` ORDER BY year desc [ RunTime:0.000615s ]
