---------------------------------------------------------------
[ 2018-06-28T04:31:55+08:00 ] 74.120.168.12 74.120.168.12 POST /daily/admin/note/savenote.html
[ info ] qingrang.top/daily/admin/note/savenote.html [运行时间：0.073147s][吞吐率：13.67req/s] [内存消耗：2,015.65kb] [文件加载：55]
[ info ] [ LANG ] /var/www/html/daily/thinkphp/lang/zh-cn.php
[ info ] [ ROUTE ] array (
  'type' => 'module',
  'module' => 
  array (
    0 => 'admin',
    1 => 'note',
    2 => 'savenote',
  ),
)
[ info ] [ HEADER ] array (
  'host' => 'qingrang.top',
  'content-length' => '422',
  'accept' => 'text/plain, */*; q=0.01',
  'origin' => 'http://qingrang.top',
  'x-requested-with' => 'XMLHttpRequest',
  'user-agent' => 'Mozilla/5.0 (Windows NT 10.0; Win64; x64) AppleWebKit/537.36 (KHTML, like Gecko) Chrome/67.0.3396.99 Safari/537.36',
  'content-type' => 'application/x-www-form-urlencoded; charset=UTF-8',
  'referer' => 'http://qingrang.top/daily/admin/note/newedit.html',
  'accept-encoding' => 'gzip, deflate',
  'accept-language' => 'zh-CN,zh;q=0.9',
  'cookie' => 'OUTFOX_SEARCH_USER_ID_NCOO=300956949.4398302',
  'connection' => 'close',
)
[ info ] [ PARAM ] array (
  'ogroup' => 'Default',
  'context' => '# 骑行路书(广元 - 德阳)
广元市美俊天下
- 养马峡风景区（138）
- 绵阳市江油窦圌山风景区（140）
- 德阳（118）
',
)
[ info ] [ RUN ] app\admin\controller\Note->saveNote[ /var/www/html/daily/application/admin/controller/Note.php ]
[ info ] [ DB ] INIT mysql
[ info ] [ CACHE ] INIT File
[ info ] [ LOG ] INIT File
[ sql ] [ DB ] CONNECT:[ UseTime:0.001567s ] mysql:host=74.120.168.12;dbname=diary;charset=utf8
[ sql ] [ SQL ] SHOW COLUMNS FROM `note` [ RunTime:0.003175s ]
[ sql ] [ SQL ] UPDATE `note`  SET `title`='骑行路书(广元 - 德阳)',`content`='# 骑行路书(广元 - 德阳)\n广元市美俊天下\n- 养马峡风景区（138）\n- 绵阳市江油窦圌山风景区（140）\n- 德阳（118）\n',`groups`='Default',`p_id`=1  WHERE  `id` = 1 [ RunTime:0.001063s ]
---------------------------------------------------------------
[ 2018-06-28T04:34:54+08:00 ] 74.120.168.12 74.120.168.12 POST /daily/admin/note/savenote.html
[ info ] qingrang.top/daily/admin/note/savenote.html [运行时间：0.049328s][吞吐率：20.27req/s] [内存消耗：2,015.74kb] [文件加载：55]
[ info ] [ LANG ] /var/www/html/daily/thinkphp/lang/zh-cn.php
[ info ] [ ROUTE ] array (
  'type' => 'module',
  'module' => 
  array (
    0 => 'admin',
    1 => 'note',
    2 => 'savenote',
  ),
)
[ info ] [ HEADER ] array (
  'host' => 'qingrang.top',
  'content-length' => '398',
  'accept' => 'text/plain, */*; q=0.01',
  'origin' => 'http://qingrang.top',
  'x-requested-with' => 'XMLHttpRequest',
  'user-agent' => 'Mozilla/5.0 (Windows NT 10.0; Win64; x64) AppleWebKit/537.36 (KHTML, like Gecko) Chrome/67.0.3396.99 Safari/537.36',
  'content-type' => 'application/x-www-form-urlencoded; charset=UTF-8',
  'referer' => 'http://qingrang.top/daily/admin/note/newedit.html',
  'accept-encoding' => 'gzip, deflate',
  'accept-language' => 'zh-CN,zh;q=0.9',
  'cookie' => 'OUTFOX_SEARCH_USER_ID_NCOO=300956949.4398302',
  'connection' => 'close',
)
[ info ] [ PARAM ] array (
  'ogroup' => 'Default',
  'context' => '# 骑行路书(广元 - 德阳)
广元市美俊天下 -140- 绵阳市江油窦圌山风景区 -118- 德阳

- 养马峡风景区
- 药王谷
',
)
[ info ] [ RUN ] app\admin\controller\Note->saveNote[ /var/www/html/daily/application/admin/controller/Note.php ]
[ info ] [ DB ] INIT mysql
[ info ] [ CACHE ] INIT File
[ info ] [ LOG ] INIT File
[ sql ] [ DB ] CONNECT:[ UseTime:0.000671s ] mysql:host=74.120.168.12;dbname=diary;charset=utf8
[ sql ] [ SQL ] SHOW COLUMNS FROM `note` [ RunTime:0.001297s ]
[ sql ] [ SQL ] UPDATE `note`  SET `title`='骑行路书(广元 - 德阳)',`content`='# 骑行路书(广元 - 德阳)\n广元市美俊天下 -140- 绵阳市江油窦圌山风景区 -118- 德阳\n\n- 养马峡风景区\n- 药王谷\n',`groups`='Default',`p_id`=1  WHERE  `id` = 1 [ RunTime:0.000454s ]
---------------------------------------------------------------
[ 2018-06-28T05:30:29+08:00 ] 74.120.168.12 74.120.168.12 GET /daily/
[ info ] qingrang.top/daily/ [运行时间：0.123022s][吞吐率：8.13req/s] [内存消耗：3,232.62kb] [文件加载：55]
[ info ] [ LANG ] /var/www/html/daily/thinkphp/lang/zh-cn.php
[ info ] [ ROUTE ] array (
  'type' => 'module',
  'module' => 
  array (
    0 => '',
    1 => NULL,
    2 => NULL,
  ),
)
[ info ] [ HEADER ] array (
  'host' => 'qingrang.top',
  'upgrade-insecure-requests' => '1',
  'user-agent' => 'Mozilla/5.0 (Windows NT 10.0; Win64; x64) AppleWebKit/537.36 (KHTML, like Gecko) Chrome/67.0.3396.99 Safari/537.36',
  'accept' => 'text/html,application/xhtml+xml,application/xml;q=0.9,image/webp,image/apng,*/*;q=0.8',
  'accept-encoding' => 'gzip, deflate',
  'accept-language' => 'zh-CN,zh;q=0.9',
  'cookie' => 'OUTFOX_SEARCH_USER_ID_NCOO=300956949.4398302',
  'connection' => 'close',
)
[ info ] [ PARAM ] array (
)
[ info ] [ RUN ] app\admin\controller\Note->notelst[ /var/www/html/daily/application/admin/controller/Note.php ]
[ info ] [ DB ] INIT mysql
[ info ] [ VIEW ] /var/www/html/daily/application/admin/view/note/notelst.html [ array (
  0 => 'autoSave',
  1 => 'phoneSave',
  2 => 'hide',
  3 => 'list',
  4 => 'groups',
  5 => 'groups0',
  6 => 'groups1',
  7 => 'groups2',
  8 => 'count',
  9 => 'year',
) ]
[ info ] [ LOG ] INIT File
[ sql ] [ DB ] CONNECT:[ UseTime:0.000685s ] mysql:host=74.120.168.12;dbname=diary;charset=utf8
[ sql ] [ SQL ] SHOW COLUMNS FROM `note` [ RunTime:0.001309s ]
[ sql ] [ SQL ] SELECT * FROM `note` WHERE  `groups` <> 'Essay' ORDER BY id desc [ RunTime:0.003753s ]
[ sql ] [ SQL ] SHOW COLUMNS FROM `config` [ RunTime:0.001243s ]
[ sql ] [ SQL ] SELECT * FROM `config` WHERE  `name` = 'hide' LIMIT 1 [ RunTime:0.000315s ]
[ sql ] [ SQL ] SELECT * FROM `note` WHERE  `id` = 1 LIMIT 1 [ RunTime:0.000318s ]
[ sql ] [ SQL ] SELECT * FROM `note` WHERE  `id` = 2 LIMIT 1 [ RunTime:0.000418s ]
[ sql ] [ SQL ] SHOW COLUMNS FROM `groups` [ RunTime:0.000814s ]
[ sql ] [ SQL ] SELECT * FROM `groups` [ RunTime:0.000393s ]
[ sql ] [ SQL ] SELECT * FROM `groups` WHERE  `parent_id` = 0 ORDER BY `g_order` [ RunTime:0.000278s ]
[ sql ] [ SQL ] SELECT `groups` FROM `groups` WHERE  `parent_id` = 1 [ RunTime:0.000279s ]
[ sql ] [ SQL ] SELECT * FROM `groups` WHERE  `parent_id` = 2 ORDER BY `g_order` [ RunTime:0.000286s ]
[ sql ] [ SQL ] SELECT COUNT(*) AS tp_count FROM `note` LIMIT 1 [ RunTime:0.000265s ]
[ sql ] [ SQL ] SHOW COLUMNS FROM `yearlist` [ RunTime:0.000937s ]
[ sql ] [ SQL ] SELECT DISTINCT  `year` FROM `yearlist` ORDER BY year desc [ RunTime:0.000596s ]
---------------------------------------------------------------
[ 2018-06-28T06:37:58+08:00 ] 74.120.168.12 74.120.168.12 GET /daily/
[ info ] qingrang.top/daily/ [运行时间：0.104418s][吞吐率：9.58req/s] [内存消耗：3,232.62kb] [文件加载：55]
[ info ] [ LANG ] /var/www/html/daily/thinkphp/lang/zh-cn.php
[ info ] [ ROUTE ] array (
  'type' => 'module',
  'module' => 
  array (
    0 => '',
    1 => NULL,
    2 => NULL,
  ),
)
[ info ] [ HEADER ] array (
  'host' => 'qingrang.top',
  'upgrade-insecure-requests' => '1',
  'user-agent' => 'Mozilla/5.0 (Windows NT 10.0; Win64; x64) AppleWebKit/537.36 (KHTML, like Gecko) Chrome/67.0.3396.99 Safari/537.36',
  'accept' => 'text/html,application/xhtml+xml,application/xml;q=0.9,image/webp,image/apng,*/*;q=0.8',
  'accept-encoding' => 'gzip, deflate',
  'accept-language' => 'zh-CN,zh;q=0.9',
  'cookie' => 'OUTFOX_SEARCH_USER_ID_NCOO=300956949.4398302',
  'connection' => 'close',
)
[ info ] [ PARAM ] array (
)
[ info ] [ RUN ] app\admin\controller\Note->notelst[ /var/www/html/daily/application/admin/controller/Note.php ]
[ info ] [ DB ] INIT mysql
[ info ] [ VIEW ] /var/www/html/daily/application/admin/view/note/notelst.html [ array (
  0 => 'autoSave',
  1 => 'phoneSave',
  2 => 'hide',
  3 => 'list',
  4 => 'groups',
  5 => 'groups0',
  6 => 'groups1',
  7 => 'groups2',
  8 => 'count',
  9 => 'year',
) ]
[ info ] [ LOG ] INIT File
[ sql ] [ DB ] CONNECT:[ UseTime:0.000916s ] mysql:host=74.120.168.12;dbname=diary;charset=utf8
[ sql ] [ SQL ] SHOW COLUMNS FROM `note` [ RunTime:0.001764s ]
[ sql ] [ SQL ] SELECT * FROM `note` WHERE  `groups` <> 'Essay' ORDER BY id desc [ RunTime:0.003792s ]
[ sql ] [ SQL ] SHOW COLUMNS FROM `config` [ RunTime:0.000949s ]
[ sql ] [ SQL ] SELECT * FROM `config` WHERE  `name` = 'hide' LIMIT 1 [ RunTime:0.000293s ]
[ sql ] [ SQL ] SELECT * FROM `note` WHERE  `id` = 1 LIMIT 1 [ RunTime:0.000352s ]
[ sql ] [ SQL ] SELECT * FROM `note` WHERE  `id` = 2 LIMIT 1 [ RunTime:0.000264s ]
[ sql ] [ SQL ] SHOW COLUMNS FROM `groups` [ RunTime:0.000749s ]
[ sql ] [ SQL ] SELECT * FROM `groups` [ RunTime:0.000281s ]
[ sql ] [ SQL ] SELECT * FROM `groups` WHERE  `parent_id` = 0 ORDER BY `g_order` [ RunTime:0.000313s ]
[ sql ] [ SQL ] SELECT `groups` FROM `groups` WHERE  `parent_id` = 1 [ RunTime:0.000251s ]
[ sql ] [ SQL ] SELECT * FROM `groups` WHERE  `parent_id` = 2 ORDER BY `g_order` [ RunTime:0.000315s ]
[ sql ] [ SQL ] SELECT COUNT(*) AS tp_count FROM `note` LIMIT 1 [ RunTime:0.000235s ]
[ sql ] [ SQL ] SHOW COLUMNS FROM `yearlist` [ RunTime:0.000905s ]
[ sql ] [ SQL ] SELECT DISTINCT  `year` FROM `yearlist` ORDER BY year desc [ RunTime:0.000567s ]
---------------------------------------------------------------
[ 2018-06-28T11:12:22+08:00 ] 74.120.168.12 74.120.168.12 GET /daily/admin/note/shownote/id/1.html
[ info ] qingrang.top/daily/admin/note/shownote/id/1.html [运行时间：0.056188s][吞吐率：17.80req/s] [内存消耗：1,972.89kb] [文件加载：54]
[ info ] [ LANG ] /var/www/html/daily/thinkphp/lang/zh-cn.php
[ info ] [ ROUTE ] array (
  'type' => 'module',
  'module' => 
  array (
    0 => 'admin',
    1 => 'note',
    2 => 'shownote',
  ),
)
[ info ] [ HEADER ] array (
  'host' => 'qingrang.top',
  'upgrade-insecure-requests' => '1',
  'user-agent' => 'Mozilla/5.0 (Windows NT 10.0; Win64; x64) AppleWebKit/537.36 (KHTML, like Gecko) Chrome/67.0.3396.99 Safari/537.36',
  'accept' => 'text/html,application/xhtml+xml,application/xml;q=0.9,image/webp,image/apng,*/*;q=0.8',
  'referer' => 'http://qingrang.top/daily/',
  'accept-encoding' => 'gzip, deflate',
  'accept-language' => 'zh-CN,zh;q=0.9',
  'cookie' => 'OUTFOX_SEARCH_USER_ID_NCOO=300956949.4398302',
  'connection' => 'close',
)
[ info ] [ PARAM ] array (
  'id' => '1',
)
[ info ] [ RUN ] app\admin\controller\Note->showNote[ /var/www/html/daily/application/admin/controller/Note.php ]
[ info ] [ DB ] INIT mysql
[ info ] [ VIEW ] /var/www/html/daily/application/admin/view/note/shownote.html [ array (
  0 => 'note',
  1 => 'groups',
) ]
[ info ] [ LOG ] INIT File
[ sql ] [ DB ] CONNECT:[ UseTime:0.001021s ] mysql:host=74.120.168.12;dbname=diary;charset=utf8
[ sql ] [ SQL ] SHOW COLUMNS FROM `note` [ RunTime:0.002267s ]
[ sql ] [ SQL ] SELECT * FROM `note` WHERE  `id` = 1 LIMIT 1 [ RunTime:0.000541s ]
[ sql ] [ SQL ] SHOW COLUMNS FROM `groups` [ RunTime:0.000803s ]
[ sql ] [ SQL ] SELECT * FROM `groups` [ RunTime:0.000262s ]
---------------------------------------------------------------
[ 2018-06-28T11:14:28+08:00 ] 74.120.168.12 74.120.168.12 GET /daily/admin/note/editnote/id/1.html
[ info ] qingrang.top/daily/admin/note/editnote/id/1.html [运行时间：0.076203s][吞吐率：13.12req/s] [内存消耗：2,020.78kb] [文件加载：55]
[ info ] [ LANG ] /var/www/html/daily/thinkphp/lang/zh-cn.php
[ info ] [ ROUTE ] array (
  'type' => 'module',
  'module' => 
  array (
    0 => 'admin',
    1 => 'note',
    2 => 'editnote',
  ),
)
[ info ] [ HEADER ] array (
  'host' => 'qingrang.top',
  'upgrade-insecure-requests' => '1',
  'user-agent' => 'Mozilla/5.0 (Windows NT 10.0; Win64; x64) AppleWebKit/537.36 (KHTML, like Gecko) Chrome/67.0.3396.99 Safari/537.36',
  'accept' => 'text/html,application/xhtml+xml,application/xml;q=0.9,image/webp,image/apng,*/*;q=0.8',
  'accept-encoding' => 'gzip, deflate',
  'accept-language' => 'zh-CN,zh;q=0.9',
  'cookie' => 'OUTFOX_SEARCH_USER_ID_NCOO=300956949.4398302',
  'connection' => 'close',
)
[ info ] [ PARAM ] array (
  'id' => '1',
)
[ info ] [ RUN ] app\admin\controller\Note->editNote[ /var/www/html/daily/application/admin/controller/Note.php ]
[ info ] [ DB ] INIT mysql
[ info ] [ VIEW ] /var/www/html/daily/application/admin/view/note/editnote.html [ array (
  0 => 'note',
  1 => 'groups',
) ]
[ info ] [ LOG ] INIT File
[ sql ] [ DB ] CONNECT:[ UseTime:0.000665s ] mysql:host=74.120.168.12;dbname=diary;charset=utf8
[ sql ] [ SQL ] SHOW COLUMNS FROM `note` [ RunTime:0.001392s ]
[ sql ] [ SQL ] SELECT * FROM `note` WHERE  `id` = 1 LIMIT 1 [ RunTime:0.000391s ]
[ sql ] [ SQL ] SHOW COLUMNS FROM `groups` [ RunTime:0.000812s ]
[ sql ] [ SQL ] SELECT * FROM `groups` [ RunTime:0.000256s ]
