---------------------------------------------------------------
[ 2018-07-07T16:52:37+08:00 ] 74.120.168.12 74.120.168.12 GET /daily/
[ info ] qingrang.top/daily/ [运行时间：0.102233s][吞吐率：9.78req/s] [内存消耗：1,931.71kb] [文件加载：53]
[ info ] [ LANG ] /var/www/html/daily/thinkphp/lang/zh-cn.php
[ info ] [ ROUTE ] array (
  'type' => 'module',
  'module' => 
  array (
    0 => '',
    1 => NULL,
    2 => NULL,
  ),
)
[ info ] [ HEADER ] array (
  'host' => 'qingrang.top',
  'upgrade-insecure-requests' => '1',
  'user-agent' => 'Mozilla/5.0 (Windows NT 10.0; Win64; x64) AppleWebKit/537.36 (KHTML, like Gecko) Chrome/67.0.3396.99 Safari/537.36',
  'accept' => 'text/html,application/xhtml+xml,application/xml;q=0.9,image/webp,image/apng,*/*;q=0.8',
  'accept-encoding' => 'gzip, deflate',
  'accept-language' => 'zh-CN,zh;q=0.9',
  'cookie' => 'OUTFOX_SEARCH_USER_ID_NCOO=300956949.4398302',
  'connection' => 'close',
)
[ info ] [ PARAM ] array (
)
[ info ] [ RUN ] app\admin\controller\Note->notelst[ /var/www/html/daily/application/admin/controller/Note.php ]
[ info ] [ DB ] INIT mysql
[ info ] [ LOG ] INIT File
[ error ] [2013]SQLSTATE[HY000] [2013] Lost connection to MySQL server at 'reading initial communication packet', system error: 111[/var/www/html/daily/thinkphp/library/think/db/Connection.php:293]
---------------------------------------------------------------
[ 2018-07-07T16:52:38+08:00 ] 74.120.168.12 74.120.168.12 GET /daily/
[ info ] qingrang.top/daily/ [运行时间：0.044952s][吞吐率：22.25req/s] [内存消耗：1,931.72kb] [文件加载：53]
[ info ] [ LANG ] /var/www/html/daily/thinkphp/lang/zh-cn.php
[ info ] [ ROUTE ] array (
  'type' => 'module',
  'module' => 
  array (
    0 => '',
    1 => NULL,
    2 => NULL,
  ),
)
[ info ] [ HEADER ] array (
  'host' => 'qingrang.top',
  'upgrade-insecure-requests' => '1',
  'user-agent' => 'Mozilla/5.0 (Windows NT 10.0; Win64; x64) AppleWebKit/537.36 (KHTML, like Gecko) Chrome/67.0.3396.99 Safari/537.36',
  'accept' => 'text/html,application/xhtml+xml,application/xml;q=0.9,image/webp,image/apng,*/*;q=0.8',
  'accept-encoding' => 'gzip, deflate',
  'accept-language' => 'zh-CN,zh;q=0.9',
  'cookie' => 'OUTFOX_SEARCH_USER_ID_NCOO=300956949.4398302',
  'connection' => 'close',
)
[ info ] [ PARAM ] array (
)
[ info ] [ RUN ] app\admin\controller\Note->notelst[ /var/www/html/daily/application/admin/controller/Note.php ]
[ info ] [ DB ] INIT mysql
[ info ] [ LOG ] INIT File
[ error ] [2013]SQLSTATE[HY000] [2013] Lost connection to MySQL server at 'reading initial communication packet', system error: 111[/var/www/html/daily/thinkphp/library/think/db/Connection.php:293]
---------------------------------------------------------------
[ 2018-07-07T16:53:08+08:00 ] 74.120.168.12 74.120.168.12 GET /daily/
[ info ] qingrang.top/daily/ [运行时间：0.050913s][吞吐率：19.64req/s] [内存消耗：1,932.02kb] [文件加载：53]
[ info ] [ LANG ] /var/www/html/daily/thinkphp/lang/zh-cn.php
[ info ] [ ROUTE ] array (
  'type' => 'module',
  'module' => 
  array (
    0 => '',
    1 => NULL,
    2 => NULL,
  ),
)
[ info ] [ HEADER ] array (
  'host' => 'qingrang.top',
  'cache-control' => 'max-age=0',
  'upgrade-insecure-requests' => '1',
  'user-agent' => 'Mozilla/5.0 (Windows NT 10.0; Win64; x64) AppleWebKit/537.36 (KHTML, like Gecko) Chrome/67.0.3396.99 Safari/537.36',
  'accept' => 'text/html,application/xhtml+xml,application/xml;q=0.9,image/webp,image/apng,*/*;q=0.8',
  'accept-encoding' => 'gzip, deflate',
  'accept-language' => 'zh-CN,zh;q=0.9',
  'cookie' => 'OUTFOX_SEARCH_USER_ID_NCOO=300956949.4398302',
  'connection' => 'close',
)
[ info ] [ PARAM ] array (
)
[ info ] [ RUN ] app\admin\controller\Note->notelst[ /var/www/html/daily/application/admin/controller/Note.php ]
[ info ] [ DB ] INIT mysql
[ info ] [ LOG ] INIT File
[ error ] [2013]SQLSTATE[HY000] [2013] Lost connection to MySQL server at 'reading initial communication packet', system error: 111[/var/www/html/daily/thinkphp/library/think/db/Connection.php:293]
---------------------------------------------------------------
[ 2018-07-07T16:53:26+08:00 ] 74.120.168.12 74.120.168.12 GET /daily/
[ info ] qingrang.top/daily/ [运行时间：0.298719s][吞吐率：3.35req/s] [内存消耗：3,257.62kb] [文件加载：55]
[ info ] [ LANG ] /var/www/html/daily/thinkphp/lang/zh-cn.php
[ info ] [ ROUTE ] array (
  'type' => 'module',
  'module' => 
  array (
    0 => '',
    1 => NULL,
    2 => NULL,
  ),
)
[ info ] [ HEADER ] array (
  'host' => 'qingrang.top',
  'cache-control' => 'max-age=0',
  'upgrade-insecure-requests' => '1',
  'user-agent' => 'Mozilla/5.0 (Windows NT 10.0; Win64; x64) AppleWebKit/537.36 (KHTML, like Gecko) Chrome/67.0.3396.99 Safari/537.36',
  'accept' => 'text/html,application/xhtml+xml,application/xml;q=0.9,image/webp,image/apng,*/*;q=0.8',
  'accept-encoding' => 'gzip, deflate',
  'accept-language' => 'zh-CN,zh;q=0.9',
  'cookie' => 'OUTFOX_SEARCH_USER_ID_NCOO=300956949.4398302',
  'connection' => 'close',
)
[ info ] [ PARAM ] array (
)
[ info ] [ RUN ] app\admin\controller\Note->notelst[ /var/www/html/daily/application/admin/controller/Note.php ]
[ info ] [ DB ] INIT mysql
[ info ] [ VIEW ] /var/www/html/daily/application/admin/view/note/notelst.html [ array (
  0 => 'autoSave',
  1 => 'phoneSave',
  2 => 'hide',
  3 => 'list',
  4 => 'groups',
  5 => 'groups0',
  6 => 'groups1',
  7 => 'groups2',
  8 => 'count',
  9 => 'year',
) ]
[ info ] [ LOG ] INIT File
[ sql ] [ DB ] CONNECT:[ UseTime:0.183382s ] mysql:host=74.120.168.12;dbname=diary;charset=utf8
[ sql ] [ SQL ] SHOW COLUMNS FROM `note` [ RunTime:0.003738s ]
[ sql ] [ SQL ] SELECT * FROM `note` WHERE  `groups` <> 'Essay' ORDER BY id desc [ RunTime:0.006832s ]
[ sql ] [ SQL ] SHOW COLUMNS FROM `config` [ RunTime:0.002058s ]
[ sql ] [ SQL ] SELECT * FROM `config` WHERE  `name` = 'hide' LIMIT 1 [ RunTime:0.000738s ]
[ sql ] [ SQL ] SELECT * FROM `note` WHERE  `id` = 1 LIMIT 1 [ RunTime:0.000357s ]
[ sql ] [ SQL ] SELECT * FROM `note` WHERE  `id` = 2 LIMIT 1 [ RunTime:0.000230s ]
[ sql ] [ SQL ] SHOW COLUMNS FROM `groups` [ RunTime:0.001866s ]
[ sql ] [ SQL ] SELECT * FROM `groups` [ RunTime:0.000940s ]
[ sql ] [ SQL ] SELECT * FROM `groups` WHERE  `parent_id` = 0 ORDER BY `g_order` [ RunTime:0.000360s ]
[ sql ] [ SQL ] SELECT `groups` FROM `groups` WHERE  `parent_id` = 1 [ RunTime:0.000250s ]
[ sql ] [ SQL ] SELECT * FROM `groups` WHERE  `parent_id` = 2 ORDER BY `g_order` [ RunTime:0.000337s ]
[ sql ] [ SQL ] SELECT COUNT(*) AS tp_count FROM `note` LIMIT 1 [ RunTime:0.000215s ]
[ sql ] [ SQL ] SHOW COLUMNS FROM `yearlist` [ RunTime:0.001736s ]
[ sql ] [ SQL ] SELECT DISTINCT  `year` FROM `yearlist` ORDER BY year desc [ RunTime:0.001106s ]
---------------------------------------------------------------
[ 2018-07-07T16:54:06+08:00 ] 74.120.168.12 74.120.168.12 GET /daily/admin/note/shownote/id/189.html
[ info ] qingrang.top/daily/admin/note/shownote/id/189.html [运行时间：0.049812s][吞吐率：20.08req/s] [内存消耗：1,973.65kb] [文件加载：54]
[ info ] [ LANG ] /var/www/html/daily/thinkphp/lang/zh-cn.php
[ info ] [ ROUTE ] array (
  'type' => 'module',
  'module' => 
  array (
    0 => 'admin',
    1 => 'note',
    2 => 'shownote',
  ),
)
[ info ] [ HEADER ] array (
  'host' => 'qingrang.top',
  'upgrade-insecure-requests' => '1',
  'user-agent' => 'Mozilla/5.0 (Windows NT 10.0; Win64; x64) AppleWebKit/537.36 (KHTML, like Gecko) Chrome/67.0.3396.99 Safari/537.36',
  'accept' => 'text/html,application/xhtml+xml,application/xml;q=0.9,image/webp,image/apng,*/*;q=0.8',
  'referer' => 'http://qingrang.top/daily/',
  'accept-encoding' => 'gzip, deflate',
  'accept-language' => 'zh-CN,zh;q=0.9',
  'cookie' => 'OUTFOX_SEARCH_USER_ID_NCOO=300956949.4398302',
  'connection' => 'close',
)
[ info ] [ PARAM ] array (
  'id' => '189',
)
[ info ] [ RUN ] app\admin\controller\Note->showNote[ /var/www/html/daily/application/admin/controller/Note.php ]
[ info ] [ DB ] INIT mysql
[ info ] [ VIEW ] /var/www/html/daily/application/admin/view/note/shownote.html [ array (
  0 => 'note',
  1 => 'groups',
) ]
[ info ] [ LOG ] INIT File
[ sql ] [ DB ] CONNECT:[ UseTime:0.001579s ] mysql:host=74.120.168.12;dbname=diary;charset=utf8
[ sql ] [ SQL ] SHOW COLUMNS FROM `note` [ RunTime:0.000914s ]
[ sql ] [ SQL ] SELECT * FROM `note` WHERE  `id` = 189 LIMIT 1 [ RunTime:0.000305s ]
[ sql ] [ SQL ] SHOW COLUMNS FROM `groups` [ RunTime:0.000637s ]
[ sql ] [ SQL ] SELECT * FROM `groups` [ RunTime:0.000248s ]
---------------------------------------------------------------
[ 2018-07-07T16:55:48+08:00 ] 74.120.168.12 74.120.168.12 GET /daily/
[ info ] qingrang.top/daily/ [运行时间：0.098197s][吞吐率：10.18req/s] [内存消耗：3,257.62kb] [文件加载：55]
[ info ] [ LANG ] /var/www/html/daily/thinkphp/lang/zh-cn.php
[ info ] [ ROUTE ] array (
  'type' => 'module',
  'module' => 
  array (
    0 => '',
    1 => NULL,
    2 => NULL,
  ),
)
[ info ] [ HEADER ] array (
  'host' => 'qingrang.top',
  'cache-control' => 'max-age=0',
  'upgrade-insecure-requests' => '1',
  'user-agent' => 'Mozilla/5.0 (Windows NT 10.0; Win64; x64) AppleWebKit/537.36 (KHTML, like Gecko) Chrome/67.0.3396.99 Safari/537.36',
  'accept' => 'text/html,application/xhtml+xml,application/xml;q=0.9,image/webp,image/apng,*/*;q=0.8',
  'accept-encoding' => 'gzip, deflate',
  'accept-language' => 'zh-CN,zh;q=0.9',
  'cookie' => 'OUTFOX_SEARCH_USER_ID_NCOO=300956949.4398302',
  'connection' => 'close',
)
[ info ] [ PARAM ] array (
)
[ info ] [ RUN ] app\admin\controller\Note->notelst[ /var/www/html/daily/application/admin/controller/Note.php ]
[ info ] [ DB ] INIT mysql
[ info ] [ VIEW ] /var/www/html/daily/application/admin/view/note/notelst.html [ array (
  0 => 'autoSave',
  1 => 'phoneSave',
  2 => 'hide',
  3 => 'list',
  4 => 'groups',
  5 => 'groups0',
  6 => 'groups1',
  7 => 'groups2',
  8 => 'count',
  9 => 'year',
) ]
[ info ] [ LOG ] INIT File
[ sql ] [ DB ] CONNECT:[ UseTime:0.001534s ] mysql:host=74.120.168.12;dbname=diary;charset=utf8
[ sql ] [ SQL ] SHOW COLUMNS FROM `note` [ RunTime:0.001630s ]
[ sql ] [ SQL ] SELECT * FROM `note` WHERE  `groups` <> 'Essay' ORDER BY id desc [ RunTime:0.002294s ]
[ sql ] [ SQL ] SHOW COLUMNS FROM `config` [ RunTime:0.000855s ]
[ sql ] [ SQL ] SELECT * FROM `config` WHERE  `name` = 'hide' LIMIT 1 [ RunTime:0.000275s ]
[ sql ] [ SQL ] SELECT * FROM `note` WHERE  `id` = 1 LIMIT 1 [ RunTime:0.000255s ]
[ sql ] [ SQL ] SELECT * FROM `note` WHERE  `id` = 2 LIMIT 1 [ RunTime:0.000256s ]
[ sql ] [ SQL ] SHOW COLUMNS FROM `groups` [ RunTime:0.000679s ]
[ sql ] [ SQL ] SELECT * FROM `groups` [ RunTime:0.000233s ]
[ sql ] [ SQL ] SELECT * FROM `groups` WHERE  `parent_id` = 0 ORDER BY `g_order` [ RunTime:0.000278s ]
[ sql ] [ SQL ] SELECT `groups` FROM `groups` WHERE  `parent_id` = 1 [ RunTime:0.000212s ]
[ sql ] [ SQL ] SELECT * FROM `groups` WHERE  `parent_id` = 2 ORDER BY `g_order` [ RunTime:0.000279s ]
[ sql ] [ SQL ] SELECT COUNT(*) AS tp_count FROM `note` LIMIT 1 [ RunTime:0.000194s ]
[ sql ] [ SQL ] SHOW COLUMNS FROM `yearlist` [ RunTime:0.000770s ]
[ sql ] [ SQL ] SELECT DISTINCT  `year` FROM `yearlist` ORDER BY year desc [ RunTime:0.000526s ]
---------------------------------------------------------------
[ 2018-07-07T16:56:08+08:00 ] 74.120.168.12 74.120.168.12 GET /daily/admin/note/shownote/id/2.html
[ info ] qingrang.top/daily/admin/note/shownote/id/2.html [运行时间：0.047396s][吞吐率：21.10req/s] [内存消耗：1,972.82kb] [文件加载：54]
[ info ] [ LANG ] /var/www/html/daily/thinkphp/lang/zh-cn.php
[ info ] [ ROUTE ] array (
  'type' => 'module',
  'module' => 
  array (
    0 => 'admin',
    1 => 'note',
    2 => 'shownote',
  ),
)
[ info ] [ HEADER ] array (
  'host' => 'qingrang.top',
  'upgrade-insecure-requests' => '1',
  'user-agent' => 'Mozilla/5.0 (Windows NT 10.0; Win64; x64) AppleWebKit/537.36 (KHTML, like Gecko) Chrome/67.0.3396.99 Safari/537.36',
  'accept' => 'text/html,application/xhtml+xml,application/xml;q=0.9,image/webp,image/apng,*/*;q=0.8',
  'referer' => 'http://qingrang.top/daily/',
  'accept-encoding' => 'gzip, deflate',
  'accept-language' => 'zh-CN,zh;q=0.9',
  'cookie' => 'OUTFOX_SEARCH_USER_ID_NCOO=300956949.4398302',
  'connection' => 'close',
)
[ info ] [ PARAM ] array (
  'id' => '2',
)
[ info ] [ RUN ] app\admin\controller\Note->showNote[ /var/www/html/daily/application/admin/controller/Note.php ]
[ info ] [ DB ] INIT mysql
[ info ] [ VIEW ] /var/www/html/daily/application/admin/view/note/shownote.html [ array (
  0 => 'note',
  1 => 'groups',
) ]
[ info ] [ LOG ] INIT File
[ sql ] [ DB ] CONNECT:[ UseTime:0.001655s ] mysql:host=74.120.168.12;dbname=diary;charset=utf8
[ sql ] [ SQL ] SHOW COLUMNS FROM `note` [ RunTime:0.000925s ]
[ sql ] [ SQL ] SELECT * FROM `note` WHERE  `id` = 2 LIMIT 1 [ RunTime:0.000297s ]
[ sql ] [ SQL ] SHOW COLUMNS FROM `groups` [ RunTime:0.000623s ]
[ sql ] [ SQL ] SELECT * FROM `groups` [ RunTime:0.000237s ]
---------------------------------------------------------------
[ 2018-07-07T18:40:34+08:00 ] 74.120.168.12 74.120.168.12 GET /daily/admin/note/delnote/id/189.html
[ info ] qingrang.top/daily/admin/note/delnote/id/189.html [运行时间：0.059288s][吞吐率：16.87req/s] [内存消耗：1,997.05kb] [文件加载：56]
[ info ] [ LANG ] /var/www/html/daily/thinkphp/lang/zh-cn.php
[ info ] [ ROUTE ] array (
  'type' => 'module',
  'module' => 
  array (
    0 => 'admin',
    1 => 'note',
    2 => 'delnote',
  ),
)
[ info ] [ HEADER ] array (
  'host' => 'qingrang.top',
  'upgrade-insecure-requests' => '1',
  'user-agent' => 'Mozilla/5.0 (Windows NT 10.0; Win64; x64) AppleWebKit/537.36 (KHTML, like Gecko) Chrome/67.0.3396.99 Safari/537.36',
  'accept' => 'text/html,application/xhtml+xml,application/xml;q=0.9,image/webp,image/apng,*/*;q=0.8',
  'referer' => 'http://qingrang.top/daily/',
  'accept-encoding' => 'gzip, deflate',
  'accept-language' => 'zh-CN,zh;q=0.9',
  'cookie' => 'OUTFOX_SEARCH_USER_ID_NCOO=300956949.4398302',
  'connection' => 'close',
)
[ info ] [ PARAM ] array (
  'id' => '189',
)
[ info ] [ RUN ] app\admin\controller\Note->delNote[ /var/www/html/daily/application/admin/controller/Note.php ]
[ info ] [ DB ] INIT mysql
[ info ] [ CACHE ] INIT File
[ info ] [ LOG ] INIT File
[ sql ] [ DB ] CONNECT:[ UseTime:0.001688s ] mysql:host=74.120.168.12;dbname=diary;charset=utf8
[ sql ] [ SQL ] SHOW COLUMNS FROM `note` [ RunTime:0.001833s ]
[ sql ] [ SQL ] SELECT * FROM `note` WHERE  `id` = 189 LIMIT 1 [ RunTime:0.000413s ]
[ sql ] [ SQL ] SHOW COLUMNS FROM `note_del` [ RunTime:0.000801s ]
[ sql ] [ SQL ] INSERT INTO `note_del` (`id` , `title` , `content` , `date` , `groups` , `p_id`) VALUES (189 , 'Linux 自动删除 N 天前的文件\r' , '# Linux 自动删除 N 天前的文件\r\n[TOC]\r\n## 1. 新建一个可执行文件 del.sh\r\n```\r\n#!/bin/bash\r\nfind /home/backup -mtime +10 -name \"*.sql*\" -exec rm -rf {} /;\r\n-------------------------------------------------------------------\r\nfind：linux 的查找命令，用户查找指定条件的文件\r\n/u01/backups：想要进行清理的任意目录\r\n-mtime：标准语句写法\r\n＋10：查找 10 天前的文件，这里用数字代表天数，＋30 表示查找 30 天前的文件\r\n\"*.*\"：希望查找的数据类型，\"*.jpg\" 表示查找扩展名为jpg的所有文件，\"*\" 表示查找所有文件\r\n-exec：固定写法\r\nrm -rf：强制删除文件，包括目录\r\n{} /; ：固定写法，一对大括号 + 空格 + / + ;\r\n```\r\n添加可执行权限：\r\n```\r\nchmod u+x del.sh\r\n```\r\n## 2. 将 del.sh 文件加入到系统计划任务\r\n```\r\n#crontab -e\r\n\r\n59 23 * * * /home/backup/del.sh\r\n```' , '2018-06-23' , 'Linux' , 2) [ RunTime:0.000331s ]
[ sql ] [ SQL ] DELETE FROM `note`    WHERE  `id` = 189 [ RunTime:0.000413s ]
---------------------------------------------------------------
[ 2018-07-07T18:40:35+08:00 ] 74.120.168.12 74.120.168.12 GET /daily/
[ info ] qingrang.top/daily/ [运行时间：0.096362s][吞吐率：10.38req/s] [内存消耗：3,252.11kb] [文件加载：55]
[ info ] [ LANG ] /var/www/html/daily/thinkphp/lang/zh-cn.php
[ info ] [ ROUTE ] array (
  'type' => 'module',
  'module' => 
  array (
    0 => '',
    1 => NULL,
    2 => NULL,
  ),
)
[ info ] [ HEADER ] array (
  'host' => 'qingrang.top',
  'upgrade-insecure-requests' => '1',
  'user-agent' => 'Mozilla/5.0 (Windows NT 10.0; Win64; x64) AppleWebKit/537.36 (KHTML, like Gecko) Chrome/67.0.3396.99 Safari/537.36',
  'accept' => 'text/html,application/xhtml+xml,application/xml;q=0.9,image/webp,image/apng,*/*;q=0.8',
  'referer' => 'http://qingrang.top/daily/',
  'accept-encoding' => 'gzip, deflate',
  'accept-language' => 'zh-CN,zh;q=0.9',
  'cookie' => 'OUTFOX_SEARCH_USER_ID_NCOO=300956949.4398302',
  'connection' => 'close',
)
[ info ] [ PARAM ] array (
)
[ info ] [ RUN ] app\admin\controller\Note->notelst[ /var/www/html/daily/application/admin/controller/Note.php ]
[ info ] [ DB ] INIT mysql
[ info ] [ VIEW ] /var/www/html/daily/application/admin/view/note/notelst.html [ array (
  0 => 'autoSave',
  1 => 'phoneSave',
  2 => 'hide',
  3 => 'list',
  4 => 'groups',
  5 => 'groups0',
  6 => 'groups1',
  7 => 'groups2',
  8 => 'count',
  9 => 'year',
) ]
[ info ] [ LOG ] INIT File
[ sql ] [ DB ] CONNECT:[ UseTime:0.001510s ] mysql:host=74.120.168.12;dbname=diary;charset=utf8
[ sql ] [ SQL ] SHOW COLUMNS FROM `note` [ RunTime:0.000987s ]
[ sql ] [ SQL ] SELECT * FROM `note` WHERE  `groups` <> 'Essay' ORDER BY id desc [ RunTime:0.003050s ]
[ sql ] [ SQL ] SHOW COLUMNS FROM `config` [ RunTime:0.000744s ]
[ sql ] [ SQL ] SELECT * FROM `config` WHERE  `name` = 'hide' LIMIT 1 [ RunTime:0.000240s ]
[ sql ] [ SQL ] SELECT * FROM `note` WHERE  `id` = 1 LIMIT 1 [ RunTime:0.000253s ]
[ sql ] [ SQL ] SELECT * FROM `note` WHERE  `id` = 2 LIMIT 1 [ RunTime:0.000254s ]
[ sql ] [ SQL ] SHOW COLUMNS FROM `groups` [ RunTime:0.000620s ]
[ sql ] [ SQL ] SELECT * FROM `groups` [ RunTime:0.000203s ]
[ sql ] [ SQL ] SELECT * FROM `groups` WHERE  `parent_id` = 0 ORDER BY `g_order` [ RunTime:0.000240s ]
[ sql ] [ SQL ] SELECT `groups` FROM `groups` WHERE  `parent_id` = 1 [ RunTime:0.000208s ]
[ sql ] [ SQL ] SELECT * FROM `groups` WHERE  `parent_id` = 2 ORDER BY `g_order` [ RunTime:0.000237s ]
[ sql ] [ SQL ] SELECT COUNT(*) AS tp_count FROM `note` LIMIT 1 [ RunTime:0.000166s ]
[ sql ] [ SQL ] SHOW COLUMNS FROM `yearlist` [ RunTime:0.000850s ]
[ sql ] [ SQL ] SELECT DISTINCT  `year` FROM `yearlist` ORDER BY year desc [ RunTime:0.000531s ]
---------------------------------------------------------------
[ 2018-07-07T18:41:04+08:00 ] 74.120.168.12 74.120.168.12 GET /daily/
[ info ] qingrang.top/daily/ [运行时间：0.094680s][吞吐率：10.56req/s] [内存消耗：3,257.80kb] [文件加载：55]
[ info ] [ LANG ] /var/www/html/daily/thinkphp/lang/zh-cn.php
[ info ] [ ROUTE ] array (
  'type' => 'module',
  'module' => 
  array (
    0 => '',
    1 => NULL,
    2 => NULL,
  ),
)
[ info ] [ HEADER ] array (
  'host' => 'qingrang.top',
  'cache-control' => 'max-age=0',
  'upgrade-insecure-requests' => '1',
  'user-agent' => 'Mozilla/5.0 (Windows NT 10.0; Win64; x64) AppleWebKit/537.36 (KHTML, like Gecko) Chrome/67.0.3396.99 Safari/537.36',
  'accept' => 'text/html,application/xhtml+xml,application/xml;q=0.9,image/webp,image/apng,*/*;q=0.8',
  'referer' => 'http://qingrang.top/daily/',
  'accept-encoding' => 'gzip, deflate',
  'accept-language' => 'zh-CN,zh;q=0.9',
  'cookie' => 'OUTFOX_SEARCH_USER_ID_NCOO=300956949.4398302',
  'connection' => 'close',
)
[ info ] [ PARAM ] array (
)
[ info ] [ RUN ] app\admin\controller\Note->notelst[ /var/www/html/daily/application/admin/controller/Note.php ]
[ info ] [ DB ] INIT mysql
[ info ] [ VIEW ] /var/www/html/daily/application/admin/view/note/notelst.html [ array (
  0 => 'autoSave',
  1 => 'phoneSave',
  2 => 'hide',
  3 => 'list',
  4 => 'groups',
  5 => 'groups0',
  6 => 'groups1',
  7 => 'groups2',
  8 => 'count',
  9 => 'year',
) ]
[ info ] [ LOG ] INIT File
[ sql ] [ DB ] CONNECT:[ UseTime:0.001460s ] mysql:host=74.120.168.12;dbname=diary;charset=utf8
[ sql ] [ SQL ] SHOW COLUMNS FROM `note` [ RunTime:0.001013s ]
[ sql ] [ SQL ] SELECT * FROM `note` WHERE  `groups` <> 'Essay' ORDER BY id desc [ RunTime:0.002196s ]
[ sql ] [ SQL ] SHOW COLUMNS FROM `config` [ RunTime:0.000789s ]
[ sql ] [ SQL ] SELECT * FROM `config` WHERE  `name` = 'hide' LIMIT 1 [ RunTime:0.000245s ]
[ sql ] [ SQL ] SELECT * FROM `note` WHERE  `id` = 1 LIMIT 1 [ RunTime:0.000275s ]
[ sql ] [ SQL ] SELECT * FROM `note` WHERE  `id` = 2 LIMIT 1 [ RunTime:0.000228s ]
[ sql ] [ SQL ] SHOW COLUMNS FROM `groups` [ RunTime:0.000676s ]
[ sql ] [ SQL ] SELECT * FROM `groups` [ RunTime:0.000256s ]
[ sql ] [ SQL ] SELECT * FROM `groups` WHERE  `parent_id` = 0 ORDER BY `g_order` [ RunTime:0.000249s ]
[ sql ] [ SQL ] SELECT `groups` FROM `groups` WHERE  `parent_id` = 1 [ RunTime:0.000238s ]
[ sql ] [ SQL ] SELECT * FROM `groups` WHERE  `parent_id` = 2 ORDER BY `g_order` [ RunTime:0.000262s ]
[ sql ] [ SQL ] SELECT COUNT(*) AS tp_count FROM `note` LIMIT 1 [ RunTime:0.000169s ]
[ sql ] [ SQL ] SHOW COLUMNS FROM `yearlist` [ RunTime:0.000800s ]
[ sql ] [ SQL ] SELECT DISTINCT  `year` FROM `yearlist` ORDER BY year desc [ RunTime:0.000461s ]
