---------------------------------------------------------------
[ 2018-07-12T11:21:10+08:00 ] 74.120.168.12 74.120.168.12 GET /daily/
[ info ] qingrang.top/daily/ [运行时间：0.106045s][吞吐率：9.43req/s] [内存消耗：3,275.61kb] [文件加载：55]
[ info ] [ LANG ] /var/www/html/daily/thinkphp/lang/zh-cn.php
[ info ] [ ROUTE ] array (
  'type' => 'module',
  'module' => 
  array (
    0 => '',
    1 => NULL,
    2 => NULL,
  ),
)
[ info ] [ HEADER ] array (
  'host' => 'qingrang.top',
  'upgrade-insecure-requests' => '1',
  'user-agent' => 'Mozilla/5.0 (Windows NT 10.0; Win64; x64) AppleWebKit/537.36 (KHTML, like Gecko) Chrome/67.0.3396.99 Safari/537.36',
  'accept' => 'text/html,application/xhtml+xml,application/xml;q=0.9,image/webp,image/apng,*/*;q=0.8',
  'accept-encoding' => 'gzip, deflate',
  'accept-language' => 'zh-CN,zh;q=0.9',
  'cookie' => 'OUTFOX_SEARCH_USER_ID_NCOO=300956949.4398302',
  'connection' => 'close',
)
[ info ] [ PARAM ] array (
)
[ info ] [ RUN ] app\admin\controller\Note->notelst[ /var/www/html/daily/application/admin/controller/Note.php ]
[ info ] [ DB ] INIT mysql
[ info ] [ VIEW ] /var/www/html/daily/application/admin/view/note/notelst.html [ array (
  0 => 'autoSave',
  1 => 'phoneSave',
  2 => 'hide',
  3 => 'list',
  4 => 'groups',
  5 => 'groups0',
  6 => 'groups1',
  7 => 'groups2',
  8 => 'count',
  9 => 'year',
) ]
[ info ] [ LOG ] INIT File
[ sql ] [ DB ] CONNECT:[ UseTime:0.000717s ] mysql:host=74.120.168.12;dbname=diary;charset=utf8
[ sql ] [ SQL ] SHOW COLUMNS FROM `note` [ RunTime:0.001362s ]
[ sql ] [ SQL ] SELECT * FROM `note` WHERE  `groups` <> 'Essay' ORDER BY id desc [ RunTime:0.004057s ]
[ sql ] [ SQL ] SHOW COLUMNS FROM `config` [ RunTime:0.001062s ]
[ sql ] [ SQL ] SELECT * FROM `config` WHERE  `name` = 'hide' LIMIT 1 [ RunTime:0.000335s ]
[ sql ] [ SQL ] SELECT * FROM `note` WHERE  `id` = 1 LIMIT 1 [ RunTime:0.000375s ]
[ sql ] [ SQL ] SELECT * FROM `note` WHERE  `id` = 2 LIMIT 1 [ RunTime:0.000530s ]
[ sql ] [ SQL ] SHOW COLUMNS FROM `groups` [ RunTime:0.000733s ]
[ sql ] [ SQL ] SELECT * FROM `groups` [ RunTime:0.000273s ]
[ sql ] [ SQL ] SELECT * FROM `groups` WHERE  `parent_id` = 0 ORDER BY `g_order` [ RunTime:0.000358s ]
[ sql ] [ SQL ] SELECT `groups` FROM `groups` WHERE  `parent_id` = 1 [ RunTime:0.000242s ]
[ sql ] [ SQL ] SELECT * FROM `groups` WHERE  `parent_id` = 2 ORDER BY `g_order` [ RunTime:0.000342s ]
[ sql ] [ SQL ] SELECT COUNT(*) AS tp_count FROM `note` LIMIT 1 [ RunTime:0.000227s ]
[ sql ] [ SQL ] SHOW COLUMNS FROM `yearlist` [ RunTime:0.000976s ]
[ sql ] [ SQL ] SELECT DISTINCT  `year` FROM `yearlist` ORDER BY year desc [ RunTime:0.000610s ]
---------------------------------------------------------------
[ 2018-07-12T11:27:02+08:00 ] 74.120.168.12 74.120.168.12 GET /daily/
[ info ] qingrang.top/daily/ [运行时间：0.102015s][吞吐率：9.80req/s] [内存消耗：3,275.80kb] [文件加载：55]
[ info ] [ LANG ] /var/www/html/daily/thinkphp/lang/zh-cn.php
[ info ] [ ROUTE ] array (
  'type' => 'module',
  'module' => 
  array (
    0 => '',
    1 => NULL,
    2 => NULL,
  ),
)
[ info ] [ HEADER ] array (
  'host' => 'qingrang.top',
  'cache-control' => 'max-age=0',
  'upgrade-insecure-requests' => '1',
  'user-agent' => 'Mozilla/5.0 (Windows NT 10.0; Win64; x64) AppleWebKit/537.36 (KHTML, like Gecko) Chrome/67.0.3396.99 Safari/537.36',
  'accept' => 'text/html,application/xhtml+xml,application/xml;q=0.9,image/webp,image/apng,*/*;q=0.8',
  'accept-encoding' => 'gzip, deflate',
  'accept-language' => 'zh-CN,zh;q=0.9',
  'cookie' => 'OUTFOX_SEARCH_USER_ID_NCOO=300956949.4398302',
  'connection' => 'close',
)
[ info ] [ PARAM ] array (
)
[ info ] [ RUN ] app\admin\controller\Note->notelst[ /var/www/html/daily/application/admin/controller/Note.php ]
[ info ] [ DB ] INIT mysql
[ info ] [ VIEW ] /var/www/html/daily/application/admin/view/note/notelst.html [ array (
  0 => 'autoSave',
  1 => 'phoneSave',
  2 => 'hide',
  3 => 'list',
  4 => 'groups',
  5 => 'groups0',
  6 => 'groups1',
  7 => 'groups2',
  8 => 'count',
  9 => 'year',
) ]
[ info ] [ LOG ] INIT File
[ sql ] [ DB ] CONNECT:[ UseTime:0.000615s ] mysql:host=74.120.168.12;dbname=diary;charset=utf8
[ sql ] [ SQL ] SHOW COLUMNS FROM `note` [ RunTime:0.001128s ]
[ sql ] [ SQL ] SELECT * FROM `note` WHERE  `groups` <> 'Essay' ORDER BY id desc [ RunTime:0.002717s ]
[ sql ] [ SQL ] SHOW COLUMNS FROM `config` [ RunTime:0.001005s ]
[ sql ] [ SQL ] SELECT * FROM `config` WHERE  `name` = 'hide' LIMIT 1 [ RunTime:0.000270s ]
[ sql ] [ SQL ] SELECT * FROM `note` WHERE  `id` = 1 LIMIT 1 [ RunTime:0.000317s ]
[ sql ] [ SQL ] SELECT * FROM `note` WHERE  `id` = 2 LIMIT 1 [ RunTime:0.000276s ]
[ sql ] [ SQL ] SHOW COLUMNS FROM `groups` [ RunTime:0.000766s ]
[ sql ] [ SQL ] SELECT * FROM `groups` [ RunTime:0.000298s ]
[ sql ] [ SQL ] SELECT * FROM `groups` WHERE  `parent_id` = 0 ORDER BY `g_order` [ RunTime:0.000318s ]
[ sql ] [ SQL ] SELECT `groups` FROM `groups` WHERE  `parent_id` = 1 [ RunTime:0.000251s ]
[ sql ] [ SQL ] SELECT * FROM `groups` WHERE  `parent_id` = 2 ORDER BY `g_order` [ RunTime:0.000347s ]
[ sql ] [ SQL ] SELECT COUNT(*) AS tp_count FROM `note` LIMIT 1 [ RunTime:0.000213s ]
[ sql ] [ SQL ] SHOW COLUMNS FROM `yearlist` [ RunTime:0.000953s ]
[ sql ] [ SQL ] SELECT DISTINCT  `year` FROM `yearlist` ORDER BY year desc [ RunTime:0.000525s ]
---------------------------------------------------------------
[ 2018-07-12T11:27:16+08:00 ] 74.120.168.12 74.120.168.12 POST /daily/admin/note/getcount.html
[ info ] qingrang.top/daily/admin/note/getcount.html [运行时间：0.047289s][吞吐率：21.15req/s] [内存消耗：1,941.82kb] [文件加载：52]
[ info ] [ LANG ] /var/www/html/daily/thinkphp/lang/zh-cn.php
[ info ] [ ROUTE ] array (
  'type' => 'module',
  'module' => 
  array (
    0 => 'admin',
    1 => 'note',
    2 => 'getcount',
  ),
)
[ info ] [ HEADER ] array (
  'host' => 'qingrang.top',
  'content-length' => '0',
  'accept' => 'text/plain, */*; q=0.01',
  'origin' => 'http://qingrang.top',
  'x-requested-with' => 'XMLHttpRequest',
  'user-agent' => 'Mozilla/5.0 (Windows NT 10.0; Win64; x64) AppleWebKit/537.36 (KHTML, like Gecko) Chrome/67.0.3396.99 Safari/537.36',
  'referer' => 'http://qingrang.top/daily/',
  'accept-encoding' => 'gzip, deflate',
  'accept-language' => 'zh-CN,zh;q=0.9',
  'cookie' => 'OUTFOX_SEARCH_USER_ID_NCOO=300956949.4398302',
  'connection' => 'close',
)
[ info ] [ PARAM ] array (
)
[ info ] [ RUN ] app\admin\controller\Note->getCount[ /var/www/html/daily/application/admin/controller/Note.php ]
[ info ] [ DB ] INIT mysql
[ info ] [ LOG ] INIT File
[ sql ] [ DB ] CONNECT:[ UseTime:0.000553s ] mysql:host=74.120.168.12;dbname=diary;charset=utf8
[ sql ] [ SQL ] SHOW COLUMNS FROM `note` [ RunTime:0.001191s ]
[ sql ] [ SQL ] SELECT COUNT(*) AS tp_count FROM `note` LIMIT 1 [ RunTime:0.000249s ]
---------------------------------------------------------------
[ 2018-07-12T11:27:17+08:00 ] 74.120.168.12 74.120.168.12 POST /daily/admin/note/getcount.html
[ info ] qingrang.top/daily/admin/note/getcount.html [运行时间：0.044079s][吞吐率：22.69req/s] [内存消耗：1,941.82kb] [文件加载：52]
[ info ] [ LANG ] /var/www/html/daily/thinkphp/lang/zh-cn.php
[ info ] [ ROUTE ] array (
  'type' => 'module',
  'module' => 
  array (
    0 => 'admin',
    1 => 'note',
    2 => 'getcount',
  ),
)
[ info ] [ HEADER ] array (
  'host' => 'qingrang.top',
  'content-length' => '0',
  'accept' => 'text/plain, */*; q=0.01',
  'origin' => 'http://qingrang.top',
  'x-requested-with' => 'XMLHttpRequest',
  'user-agent' => 'Mozilla/5.0 (Windows NT 10.0; Win64; x64) AppleWebKit/537.36 (KHTML, like Gecko) Chrome/67.0.3396.99 Safari/537.36',
  'referer' => 'http://qingrang.top/daily/',
  'accept-encoding' => 'gzip, deflate',
  'accept-language' => 'zh-CN,zh;q=0.9',
  'cookie' => 'OUTFOX_SEARCH_USER_ID_NCOO=300956949.4398302',
  'connection' => 'close',
)
[ info ] [ PARAM ] array (
)
[ info ] [ RUN ] app\admin\controller\Note->getCount[ /var/www/html/daily/application/admin/controller/Note.php ]
[ info ] [ DB ] INIT mysql
[ info ] [ LOG ] INIT File
[ sql ] [ DB ] CONNECT:[ UseTime:0.000524s ] mysql:host=74.120.168.12;dbname=diary;charset=utf8
[ sql ] [ SQL ] SHOW COLUMNS FROM `note` [ RunTime:0.001025s ]
[ sql ] [ SQL ] SELECT COUNT(*) AS tp_count FROM `note` LIMIT 1 [ RunTime:0.000228s ]
---------------------------------------------------------------
[ 2018-07-12T11:27:17+08:00 ] 74.120.168.12 74.120.168.12 POST /daily/admin/note/getcount.html
[ info ] qingrang.top/daily/admin/note/getcount.html [运行时间：0.045009s][吞吐率：22.22req/s] [内存消耗：1,941.82kb] [文件加载：52]
[ info ] [ LANG ] /var/www/html/daily/thinkphp/lang/zh-cn.php
[ info ] [ ROUTE ] array (
  'type' => 'module',
  'module' => 
  array (
    0 => 'admin',
    1 => 'note',
    2 => 'getcount',
  ),
)
[ info ] [ HEADER ] array (
  'host' => 'qingrang.top',
  'content-length' => '0',
  'accept' => 'text/plain, */*; q=0.01',
  'origin' => 'http://qingrang.top',
  'x-requested-with' => 'XMLHttpRequest',
  'user-agent' => 'Mozilla/5.0 (Windows NT 10.0; Win64; x64) AppleWebKit/537.36 (KHTML, like Gecko) Chrome/67.0.3396.99 Safari/537.36',
  'referer' => 'http://qingrang.top/daily/',
  'accept-encoding' => 'gzip, deflate',
  'accept-language' => 'zh-CN,zh;q=0.9',
  'cookie' => 'OUTFOX_SEARCH_USER_ID_NCOO=300956949.4398302',
  'connection' => 'close',
)
[ info ] [ PARAM ] array (
)
[ info ] [ RUN ] app\admin\controller\Note->getCount[ /var/www/html/daily/application/admin/controller/Note.php ]
[ info ] [ DB ] INIT mysql
[ info ] [ LOG ] INIT File
[ sql ] [ DB ] CONNECT:[ UseTime:0.000502s ] mysql:host=74.120.168.12;dbname=diary;charset=utf8
[ sql ] [ SQL ] SHOW COLUMNS FROM `note` [ RunTime:0.001086s ]
[ sql ] [ SQL ] SELECT COUNT(*) AS tp_count FROM `note` LIMIT 1 [ RunTime:0.000248s ]
---------------------------------------------------------------
[ 2018-07-12T11:27:17+08:00 ] 74.120.168.12 74.120.168.12 POST /daily/admin/note/getcount.html
[ info ] qingrang.top/daily/admin/note/getcount.html [运行时间：0.049252s][吞吐率：20.30req/s] [内存消耗：1,941.82kb] [文件加载：52]
[ info ] [ LANG ] /var/www/html/daily/thinkphp/lang/zh-cn.php
[ info ] [ ROUTE ] array (
  'type' => 'module',
  'module' => 
  array (
    0 => 'admin',
    1 => 'note',
    2 => 'getcount',
  ),
)
[ info ] [ HEADER ] array (
  'host' => 'qingrang.top',
  'content-length' => '0',
  'accept' => 'text/plain, */*; q=0.01',
  'origin' => 'http://qingrang.top',
  'x-requested-with' => 'XMLHttpRequest',
  'user-agent' => 'Mozilla/5.0 (Windows NT 10.0; Win64; x64) AppleWebKit/537.36 (KHTML, like Gecko) Chrome/67.0.3396.99 Safari/537.36',
  'referer' => 'http://qingrang.top/daily/',
  'accept-encoding' => 'gzip, deflate',
  'accept-language' => 'zh-CN,zh;q=0.9',
  'cookie' => 'OUTFOX_SEARCH_USER_ID_NCOO=300956949.4398302',
  'connection' => 'close',
)
[ info ] [ PARAM ] array (
)
[ info ] [ RUN ] app\admin\controller\Note->getCount[ /var/www/html/daily/application/admin/controller/Note.php ]
[ info ] [ DB ] INIT mysql
[ info ] [ LOG ] INIT File
[ sql ] [ DB ] CONNECT:[ UseTime:0.000598s ] mysql:host=74.120.168.12;dbname=diary;charset=utf8
[ sql ] [ SQL ] SHOW COLUMNS FROM `note` [ RunTime:0.001160s ]
[ sql ] [ SQL ] SELECT COUNT(*) AS tp_count FROM `note` LIMIT 1 [ RunTime:0.000254s ]
---------------------------------------------------------------
[ 2018-07-12T11:27:18+08:00 ] 74.120.168.12 74.120.168.12 POST /daily/admin/note/getcount.html
[ info ] qingrang.top/daily/admin/note/getcount.html [运行时间：0.043777s][吞吐率：22.84req/s] [内存消耗：1,941.82kb] [文件加载：52]
[ info ] [ LANG ] /var/www/html/daily/thinkphp/lang/zh-cn.php
[ info ] [ ROUTE ] array (
  'type' => 'module',
  'module' => 
  array (
    0 => 'admin',
    1 => 'note',
    2 => 'getcount',
  ),
)
[ info ] [ HEADER ] array (
  'host' => 'qingrang.top',
  'content-length' => '0',
  'accept' => 'text/plain, */*; q=0.01',
  'origin' => 'http://qingrang.top',
  'x-requested-with' => 'XMLHttpRequest',
  'user-agent' => 'Mozilla/5.0 (Windows NT 10.0; Win64; x64) AppleWebKit/537.36 (KHTML, like Gecko) Chrome/67.0.3396.99 Safari/537.36',
  'referer' => 'http://qingrang.top/daily/',
  'accept-encoding' => 'gzip, deflate',
  'accept-language' => 'zh-CN,zh;q=0.9',
  'cookie' => 'OUTFOX_SEARCH_USER_ID_NCOO=300956949.4398302',
  'connection' => 'close',
)
[ info ] [ PARAM ] array (
)
[ info ] [ RUN ] app\admin\controller\Note->getCount[ /var/www/html/daily/application/admin/controller/Note.php ]
[ info ] [ DB ] INIT mysql
[ info ] [ LOG ] INIT File
[ sql ] [ DB ] CONNECT:[ UseTime:0.000683s ] mysql:host=74.120.168.12;dbname=diary;charset=utf8
[ sql ] [ SQL ] SHOW COLUMNS FROM `note` [ RunTime:0.001206s ]
[ sql ] [ SQL ] SELECT COUNT(*) AS tp_count FROM `note` LIMIT 1 [ RunTime:0.000321s ]
---------------------------------------------------------------
[ 2018-07-12T11:27:18+08:00 ] 74.120.168.12 74.120.168.12 POST /daily/admin/note/getcount.html
[ info ] qingrang.top/daily/admin/note/getcount.html [运行时间：0.041744s][吞吐率：23.96req/s] [内存消耗：1,941.82kb] [文件加载：52]
[ info ] [ LANG ] /var/www/html/daily/thinkphp/lang/zh-cn.php
[ info ] [ ROUTE ] array (
  'type' => 'module',
  'module' => 
  array (
    0 => 'admin',
    1 => 'note',
    2 => 'getcount',
  ),
)
[ info ] [ HEADER ] array (
  'host' => 'qingrang.top',
  'content-length' => '0',
  'accept' => 'text/plain, */*; q=0.01',
  'origin' => 'http://qingrang.top',
  'x-requested-with' => 'XMLHttpRequest',
  'user-agent' => 'Mozilla/5.0 (Windows NT 10.0; Win64; x64) AppleWebKit/537.36 (KHTML, like Gecko) Chrome/67.0.3396.99 Safari/537.36',
  'referer' => 'http://qingrang.top/daily/',
  'accept-encoding' => 'gzip, deflate',
  'accept-language' => 'zh-CN,zh;q=0.9',
  'cookie' => 'OUTFOX_SEARCH_USER_ID_NCOO=300956949.4398302',
  'connection' => 'close',
)
[ info ] [ PARAM ] array (
)
[ info ] [ RUN ] app\admin\controller\Note->getCount[ /var/www/html/daily/application/admin/controller/Note.php ]
[ info ] [ DB ] INIT mysql
[ info ] [ LOG ] INIT File
[ sql ] [ DB ] CONNECT:[ UseTime:0.000527s ] mysql:host=74.120.168.12;dbname=diary;charset=utf8
[ sql ] [ SQL ] SHOW COLUMNS FROM `note` [ RunTime:0.001046s ]
[ sql ] [ SQL ] SELECT COUNT(*) AS tp_count FROM `note` LIMIT 1 [ RunTime:0.000226s ]
---------------------------------------------------------------
[ 2018-07-12T11:27:20+08:00 ] 74.120.168.12 74.120.168.12 POST /daily/admin/note/getcount.html
[ info ] qingrang.top/daily/admin/note/getcount.html [运行时间：0.053340s][吞吐率：18.75req/s] [内存消耗：1,941.82kb] [文件加载：52]
[ info ] [ LANG ] /var/www/html/daily/thinkphp/lang/zh-cn.php
[ info ] [ ROUTE ] array (
  'type' => 'module',
  'module' => 
  array (
    0 => 'admin',
    1 => 'note',
    2 => 'getcount',
  ),
)
[ info ] [ HEADER ] array (
  'host' => 'qingrang.top',
  'content-length' => '0',
  'accept' => 'text/plain, */*; q=0.01',
  'origin' => 'http://qingrang.top',
  'x-requested-with' => 'XMLHttpRequest',
  'user-agent' => 'Mozilla/5.0 (Windows NT 10.0; Win64; x64) AppleWebKit/537.36 (KHTML, like Gecko) Chrome/67.0.3396.99 Safari/537.36',
  'referer' => 'http://qingrang.top/daily/',
  'accept-encoding' => 'gzip, deflate',
  'accept-language' => 'zh-CN,zh;q=0.9',
  'cookie' => 'OUTFOX_SEARCH_USER_ID_NCOO=300956949.4398302',
  'connection' => 'close',
)
[ info ] [ PARAM ] array (
)
[ info ] [ RUN ] app\admin\controller\Note->getCount[ /var/www/html/daily/application/admin/controller/Note.php ]
[ info ] [ DB ] INIT mysql
[ info ] [ LOG ] INIT File
[ sql ] [ DB ] CONNECT:[ UseTime:0.000540s ] mysql:host=74.120.168.12;dbname=diary;charset=utf8
[ sql ] [ SQL ] SHOW COLUMNS FROM `note` [ RunTime:0.001050s ]
[ sql ] [ SQL ] SELECT COUNT(*) AS tp_count FROM `note` LIMIT 1 [ RunTime:0.000246s ]
---------------------------------------------------------------
[ 2018-07-12T11:38:30+08:00 ] 74.120.168.12 74.120.168.12 POST /daily/admin/note/asearch.html
[ info ] qingrang.top/daily/admin/note/asearch.html [运行时间：0.045914s][吞吐率：21.78req/s] [内存消耗：2,182.50kb] [文件加载：50]
[ info ] [ LANG ] /var/www/html/daily/thinkphp/lang/zh-cn.php
[ info ] [ ROUTE ] array (
  'type' => 'module',
  'module' => 
  array (
    0 => 'admin',
    1 => 'note',
    2 => 'asearch',
  ),
)
[ info ] [ HEADER ] array (
  'host' => 'qingrang.top',
  'content-length' => '7',
  'accept' => 'application/json, text/javascript, */*; q=0.01',
  'origin' => 'http://qingrang.top',
  'x-requested-with' => 'XMLHttpRequest',
  'user-agent' => 'Mozilla/5.0 (Windows NT 10.0; Win64; x64) AppleWebKit/537.36 (KHTML, like Gecko) Chrome/67.0.3396.99 Safari/537.36',
  'content-type' => 'application/x-www-form-urlencoded',
  'referer' => 'http://qingrang.top/daily/',
  'accept-encoding' => 'gzip, deflate',
  'accept-language' => 'zh-CN,zh;q=0.9',
  'cookie' => 'OUTFOX_SEARCH_USER_ID_NCOO=300956949.4398302',
  'connection' => 'close',
)
[ info ] [ PARAM ] array (
  'key' => 'url',
)
[ info ] [ RUN ] app\admin\controller\Note->aSearch[ /var/www/html/daily/application/admin/controller/Note.php ]
[ info ] [ DB ] INIT mysql
[ info ] [ LOG ] INIT File
[ sql ] [ DB ] CONNECT:[ UseTime:0.000466s ] mysql:host=74.120.168.12;dbname=diary;charset=utf8
[ sql ] [ SQL ] SHOW COLUMNS FROM `note` [ RunTime:0.001065s ]
[ sql ] [ SQL ] SELECT * FROM `note` WHERE  ( `title` LIKE '%url%' OR `content` LIKE '%url%' ) ORDER BY id desc [ RunTime:0.004960s ]
---------------------------------------------------------------
[ 2018-07-12T11:38:38+08:00 ] 74.120.168.12 74.120.168.12 POST /daily/admin/note/noteview.html
[ info ] qingrang.top/daily/admin/note/noteview.html [运行时间：0.043536s][吞吐率：22.97req/s] [内存消耗：2,079.71kb] [文件加载：50]
[ info ] [ LANG ] /var/www/html/daily/thinkphp/lang/zh-cn.php
[ info ] [ ROUTE ] array (
  'type' => 'module',
  'module' => 
  array (
    0 => 'admin',
    1 => 'note',
    2 => 'noteview',
  ),
)
[ info ] [ HEADER ] array (
  'host' => 'qingrang.top',
  'content-length' => '10',
  'accept' => 'application/json, text/javascript, */*; q=0.01',
  'origin' => 'http://qingrang.top',
  'x-requested-with' => 'XMLHttpRequest',
  'user-agent' => 'Mozilla/5.0 (Windows NT 10.0; Win64; x64) AppleWebKit/537.36 (KHTML, like Gecko) Chrome/67.0.3396.99 Safari/537.36',
  'content-type' => 'application/x-www-form-urlencoded',
  'referer' => 'http://qingrang.top/daily/',
  'accept-encoding' => 'gzip, deflate',
  'accept-language' => 'zh-CN,zh;q=0.9',
  'cookie' => 'OUTFOX_SEARCH_USER_ID_NCOO=300956949.4398302',
  'connection' => 'close',
)
[ info ] [ PARAM ] array (
  'noteid' => '121',
)
[ info ] [ RUN ] app\admin\controller\Note->noteview[ /var/www/html/daily/application/admin/controller/Note.php ]
[ info ] [ DB ] INIT mysql
[ info ] [ LOG ] INIT File
[ sql ] [ DB ] CONNECT:[ UseTime:0.000436s ] mysql:host=74.120.168.12;dbname=diary;charset=utf8
[ sql ] [ SQL ] SHOW COLUMNS FROM `note` [ RunTime:0.001137s ]
[ sql ] [ SQL ] SELECT * FROM `note` WHERE  `id` = 121 LIMIT 1 [ RunTime:0.000421s ]
---------------------------------------------------------------
[ 2018-07-12T11:39:12+08:00 ] 74.120.168.12 74.120.168.12 POST /daily/admin/note/asearch.html
[ info ] qingrang.top/daily/admin/note/asearch.html [运行时间：0.044148s][吞吐率：22.65req/s] [内存消耗：2,079.87kb] [文件加载：50]
[ info ] [ LANG ] /var/www/html/daily/thinkphp/lang/zh-cn.php
[ info ] [ ROUTE ] array (
  'type' => 'module',
  'module' => 
  array (
    0 => 'admin',
    1 => 'note',
    2 => 'asearch',
  ),
)
[ info ] [ HEADER ] array (
  'host' => 'qingrang.top',
  'content-length' => '43',
  'accept' => 'application/json, text/javascript, */*; q=0.01',
  'origin' => 'http://qingrang.top',
  'x-requested-with' => 'XMLHttpRequest',
  'user-agent' => 'Mozilla/5.0 (Windows NT 10.0; Win64; x64) AppleWebKit/537.36 (KHTML, like Gecko) Chrome/67.0.3396.99 Safari/537.36',
  'content-type' => 'application/x-www-form-urlencoded',
  'referer' => 'http://qingrang.top/daily/',
  'accept-encoding' => 'gzip, deflate',
  'accept-language' => 'zh-CN,zh;q=0.9',
  'cookie' => 'OUTFOX_SEARCH_USER_ID_NCOO=300956949.4398302',
  'connection' => 'close',
)
[ info ] [ PARAM ] array (
  'key' => 'url特殊字符',
)
[ info ] [ RUN ] app\admin\controller\Note->aSearch[ /var/www/html/daily/application/admin/controller/Note.php ]
[ info ] [ DB ] INIT mysql
[ info ] [ LOG ] INIT File
[ sql ] [ DB ] CONNECT:[ UseTime:0.000493s ] mysql:host=74.120.168.12;dbname=diary;charset=utf8
[ sql ] [ SQL ] SHOW COLUMNS FROM `note` [ RunTime:0.001007s ]
[ sql ] [ SQL ] SELECT * FROM `note` WHERE  ( `title` LIKE '%url特殊字符%' OR `content` LIKE '%url特殊字符%' ) ORDER BY id desc [ RunTime:0.005141s ]
---------------------------------------------------------------
[ 2018-07-12T11:39:16+08:00 ] 74.120.168.12 74.120.168.12 POST /daily/admin/note/asearch.html
[ info ] qingrang.top/daily/admin/note/asearch.html [运行时间：0.043641s][吞吐率：22.91req/s] [内存消耗：2,079.79kb] [文件加载：50]
[ info ] [ LANG ] /var/www/html/daily/thinkphp/lang/zh-cn.php
[ info ] [ ROUTE ] array (
  'type' => 'module',
  'module' => 
  array (
    0 => 'admin',
    1 => 'note',
    2 => 'asearch',
  ),
)
[ info ] [ HEADER ] array (
  'host' => 'qingrang.top',
  'content-length' => '40',
  'accept' => 'application/json, text/javascript, */*; q=0.01',
  'origin' => 'http://qingrang.top',
  'x-requested-with' => 'XMLHttpRequest',
  'user-agent' => 'Mozilla/5.0 (Windows NT 10.0; Win64; x64) AppleWebKit/537.36 (KHTML, like Gecko) Chrome/67.0.3396.99 Safari/537.36',
  'content-type' => 'application/x-www-form-urlencoded',
  'referer' => 'http://qingrang.top/daily/',
  'accept-encoding' => 'gzip, deflate',
  'accept-language' => 'zh-CN,zh;q=0.9',
  'cookie' => 'OUTFOX_SEARCH_USER_ID_NCOO=300956949.4398302',
  'connection' => 'close',
)
[ info ] [ PARAM ] array (
  'key' => '特殊字符',
)
[ info ] [ RUN ] app\admin\controller\Note->aSearch[ /var/www/html/daily/application/admin/controller/Note.php ]
[ info ] [ DB ] INIT mysql
[ info ] [ LOG ] INIT File
[ sql ] [ DB ] CONNECT:[ UseTime:0.000419s ] mysql:host=74.120.168.12;dbname=diary;charset=utf8
[ sql ] [ SQL ] SHOW COLUMNS FROM `note` [ RunTime:0.001065s ]
[ sql ] [ SQL ] SELECT * FROM `note` WHERE  ( `title` LIKE '%特殊字符%' OR `content` LIKE '%特殊字符%' ) ORDER BY id desc [ RunTime:0.004858s ]
---------------------------------------------------------------
[ 2018-07-12T11:39:18+08:00 ] 74.120.168.12 74.120.168.12 POST /daily/admin/note/asearch.html
[ info ] qingrang.top/daily/admin/note/asearch.html [运行时间：0.044830s][吞吐率：22.31req/s] [内存消耗：2,079.79kb] [文件加载：50]
[ info ] [ LANG ] /var/www/html/daily/thinkphp/lang/zh-cn.php
[ info ] [ ROUTE ] array (
  'type' => 'module',
  'module' => 
  array (
    0 => 'admin',
    1 => 'note',
    2 => 'asearch',
  ),
)
[ info ] [ HEADER ] array (
  'host' => 'qingrang.top',
  'content-length' => '40',
  'accept' => 'application/json, text/javascript, */*; q=0.01',
  'origin' => 'http://qingrang.top',
  'x-requested-with' => 'XMLHttpRequest',
  'user-agent' => 'Mozilla/5.0 (Windows NT 10.0; Win64; x64) AppleWebKit/537.36 (KHTML, like Gecko) Chrome/67.0.3396.99 Safari/537.36',
  'content-type' => 'application/x-www-form-urlencoded',
  'referer' => 'http://qingrang.top/daily/',
  'accept-encoding' => 'gzip, deflate',
  'accept-language' => 'zh-CN,zh;q=0.9',
  'cookie' => 'OUTFOX_SEARCH_USER_ID_NCOO=300956949.4398302',
  'connection' => 'close',
)
[ info ] [ PARAM ] array (
  'key' => '特殊字符',
)
[ info ] [ RUN ] app\admin\controller\Note->aSearch[ /var/www/html/daily/application/admin/controller/Note.php ]
[ info ] [ DB ] INIT mysql
[ info ] [ LOG ] INIT File
[ sql ] [ DB ] CONNECT:[ UseTime:0.000462s ] mysql:host=74.120.168.12;dbname=diary;charset=utf8
[ sql ] [ SQL ] SHOW COLUMNS FROM `note` [ RunTime:0.001693s ]
[ sql ] [ SQL ] SELECT * FROM `note` WHERE  ( `title` LIKE '%特殊字符%' OR `content` LIKE '%特殊字符%' ) ORDER BY id desc [ RunTime:0.004834s ]
---------------------------------------------------------------
[ 2018-07-12T11:39:21+08:00 ] 74.120.168.12 74.120.168.12 POST /daily/admin/note/ashownote2.html
[ info ] qingrang.top/daily/admin/note/ashownote2.html [运行时间：0.044116s][吞吐率：22.67req/s] [内存消耗：2,478.76kb] [文件加载：50]
[ info ] [ LANG ] /var/www/html/daily/thinkphp/lang/zh-cn.php
[ info ] [ ROUTE ] array (
  'type' => 'module',
  'module' => 
  array (
    0 => 'admin',
    1 => 'note',
    2 => 'ashownote2',
  ),
)
[ info ] [ HEADER ] array (
  'host' => 'qingrang.top',
  'content-length' => '17',
  'accept' => 'application/json, text/javascript, */*; q=0.01',
  'origin' => 'http://qingrang.top',
  'x-requested-with' => 'XMLHttpRequest',
  'user-agent' => 'Mozilla/5.0 (Windows NT 10.0; Win64; x64) AppleWebKit/537.36 (KHTML, like Gecko) Chrome/67.0.3396.99 Safari/537.36',
  'content-type' => 'application/x-www-form-urlencoded',
  'referer' => 'http://qingrang.top/daily/',
  'accept-encoding' => 'gzip, deflate',
  'accept-language' => 'zh-CN,zh;q=0.9',
  'cookie' => 'OUTFOX_SEARCH_USER_ID_NCOO=300956949.4398302',
  'connection' => 'close',
)
[ info ] [ PARAM ] array (
  'groupname' => 'Android',
)
[ info ] [ RUN ] app\admin\controller\Note->aShowNote2[ /var/www/html/daily/application/admin/controller/Note.php ]
[ info ] [ DB ] INIT mysql
[ info ] [ LOG ] INIT File
[ sql ] [ DB ] CONNECT:[ UseTime:0.000420s ] mysql:host=74.120.168.12;dbname=diary;charset=utf8
[ sql ] [ SQL ] SHOW COLUMNS FROM `note` [ RunTime:0.001041s ]
[ sql ] [ SQL ] SELECT * FROM `note` WHERE  `groups` = 'Android' ORDER BY id desc [ RunTime:0.001205s ]
---------------------------------------------------------------
[ 2018-07-12T11:40:41+08:00 ] 74.120.168.12 74.120.168.12 GET /daily/
[ info ] qingrang.top/daily/ [运行时间：0.096318s][吞吐率：10.38req/s] [内存消耗：3,275.80kb] [文件加载：55]
[ info ] [ LANG ] /var/www/html/daily/thinkphp/lang/zh-cn.php
[ info ] [ ROUTE ] array (
  'type' => 'module',
  'module' => 
  array (
    0 => '',
    1 => NULL,
    2 => NULL,
  ),
)
[ info ] [ HEADER ] array (
  'host' => 'qingrang.top',
  'cache-control' => 'max-age=0',
  'upgrade-insecure-requests' => '1',
  'user-agent' => 'Mozilla/5.0 (Windows NT 10.0; Win64; x64) AppleWebKit/537.36 (KHTML, like Gecko) Chrome/67.0.3396.99 Safari/537.36',
  'accept' => 'text/html,application/xhtml+xml,application/xml;q=0.9,image/webp,image/apng,*/*;q=0.8',
  'accept-encoding' => 'gzip, deflate',
  'accept-language' => 'zh-CN,zh;q=0.9',
  'cookie' => 'OUTFOX_SEARCH_USER_ID_NCOO=300956949.4398302',
  'connection' => 'close',
)
[ info ] [ PARAM ] array (
)
[ info ] [ RUN ] app\admin\controller\Note->notelst[ /var/www/html/daily/application/admin/controller/Note.php ]
[ info ] [ DB ] INIT mysql
[ info ] [ VIEW ] /var/www/html/daily/application/admin/view/note/notelst.html [ array (
  0 => 'autoSave',
  1 => 'phoneSave',
  2 => 'hide',
  3 => 'list',
  4 => 'groups',
  5 => 'groups0',
  6 => 'groups1',
  7 => 'groups2',
  8 => 'count',
  9 => 'year',
) ]
[ info ] [ LOG ] INIT File
[ sql ] [ DB ] CONNECT:[ UseTime:0.000494s ] mysql:host=74.120.168.12;dbname=diary;charset=utf8
[ sql ] [ SQL ] SHOW COLUMNS FROM `note` [ RunTime:0.001081s ]
[ sql ] [ SQL ] SELECT * FROM `note` WHERE  `groups` <> 'Essay' ORDER BY id desc [ RunTime:0.002676s ]
[ sql ] [ SQL ] SHOW COLUMNS FROM `config` [ RunTime:0.000937s ]
[ sql ] [ SQL ] SELECT * FROM `config` WHERE  `name` = 'hide' LIMIT 1 [ RunTime:0.000309s ]
[ sql ] [ SQL ] SELECT * FROM `note` WHERE  `id` = 1 LIMIT 1 [ RunTime:0.000299s ]
[ sql ] [ SQL ] SELECT * FROM `note` WHERE  `id` = 2 LIMIT 1 [ RunTime:0.000271s ]
[ sql ] [ SQL ] SHOW COLUMNS FROM `groups` [ RunTime:0.000794s ]
[ sql ] [ SQL ] SELECT * FROM `groups` [ RunTime:0.000244s ]
[ sql ] [ SQL ] SELECT * FROM `groups` WHERE  `parent_id` = 0 ORDER BY `g_order` [ RunTime:0.000294s ]
[ sql ] [ SQL ] SELECT `groups` FROM `groups` WHERE  `parent_id` = 1 [ RunTime:0.000267s ]
[ sql ] [ SQL ] SELECT * FROM `groups` WHERE  `parent_id` = 2 ORDER BY `g_order` [ RunTime:0.000274s ]
[ sql ] [ SQL ] SELECT COUNT(*) AS tp_count FROM `note` LIMIT 1 [ RunTime:0.000215s ]
[ sql ] [ SQL ] SHOW COLUMNS FROM `yearlist` [ RunTime:0.000932s ]
[ sql ] [ SQL ] SELECT DISTINCT  `year` FROM `yearlist` ORDER BY year desc [ RunTime:0.000529s ]
---------------------------------------------------------------
[ 2018-07-12T11:40:49+08:00 ] 74.120.168.12 74.120.168.12 POST /daily/admin/note/asearch.html
[ info ] qingrang.top/daily/admin/note/asearch.html [运行时间：0.047188s][吞吐率：21.19req/s] [内存消耗：2,182.50kb] [文件加载：50]
[ info ] [ LANG ] /var/www/html/daily/thinkphp/lang/zh-cn.php
[ info ] [ ROUTE ] array (
  'type' => 'module',
  'module' => 
  array (
    0 => 'admin',
    1 => 'note',
    2 => 'asearch',
  ),
)
[ info ] [ HEADER ] array (
  'host' => 'qingrang.top',
  'content-length' => '7',
  'accept' => 'application/json, text/javascript, */*; q=0.01',
  'origin' => 'http://qingrang.top',
  'x-requested-with' => 'XMLHttpRequest',
  'user-agent' => 'Mozilla/5.0 (Windows NT 10.0; Win64; x64) AppleWebKit/537.36 (KHTML, like Gecko) Chrome/67.0.3396.99 Safari/537.36',
  'content-type' => 'application/x-www-form-urlencoded',
  'referer' => 'http://qingrang.top/daily/',
  'accept-encoding' => 'gzip, deflate',
  'accept-language' => 'zh-CN,zh;q=0.9',
  'cookie' => 'OUTFOX_SEARCH_USER_ID_NCOO=300956949.4398302',
  'connection' => 'close',
)
[ info ] [ PARAM ] array (
  'key' => 'url',
)
[ info ] [ RUN ] app\admin\controller\Note->aSearch[ /var/www/html/daily/application/admin/controller/Note.php ]
[ info ] [ DB ] INIT mysql
[ info ] [ LOG ] INIT File
[ sql ] [ DB ] CONNECT:[ UseTime:0.000426s ] mysql:host=74.120.168.12;dbname=diary;charset=utf8
[ sql ] [ SQL ] SHOW COLUMNS FROM `note` [ RunTime:0.001070s ]
[ sql ] [ SQL ] SELECT * FROM `note` WHERE  ( `title` LIKE '%url%' OR `content` LIKE '%url%' ) ORDER BY id desc [ RunTime:0.004990s ]
---------------------------------------------------------------
[ 2018-07-12T11:40:57+08:00 ] 74.120.168.12 74.120.168.12 GET /daily/admin/note/editNote/id/121
[ info ] qingrang.top/daily/admin/note/editNote/id/121 [运行时间：0.047671s][吞吐率：20.98req/s] [内存消耗：2,021.64kb] [文件加载：55]
[ info ] [ LANG ] /var/www/html/daily/thinkphp/lang/zh-cn.php
[ info ] [ ROUTE ] array (
  'type' => 'module',
  'module' => 
  array (
    0 => 'admin',
    1 => 'note',
    2 => 'editNote',
  ),
)
[ info ] [ HEADER ] array (
  'host' => 'qingrang.top',
  'upgrade-insecure-requests' => '1',
  'user-agent' => 'Mozilla/5.0 (Windows NT 10.0; Win64; x64) AppleWebKit/537.36 (KHTML, like Gecko) Chrome/67.0.3396.99 Safari/537.36',
  'accept' => 'text/html,application/xhtml+xml,application/xml;q=0.9,image/webp,image/apng,*/*;q=0.8',
  'referer' => 'http://qingrang.top/daily/',
  'accept-encoding' => 'gzip, deflate',
  'accept-language' => 'zh-CN,zh;q=0.9',
  'cookie' => 'OUTFOX_SEARCH_USER_ID_NCOO=300956949.4398302',
  'connection' => 'close',
)
[ info ] [ PARAM ] array (
  'id' => '121',
)
[ info ] [ RUN ] app\admin\controller\Note->editNote[ /var/www/html/daily/application/admin/controller/Note.php ]
[ info ] [ DB ] INIT mysql
[ info ] [ VIEW ] /var/www/html/daily/application/admin/view/note/editnote.html [ array (
  0 => 'note',
  1 => 'groups',
) ]
[ info ] [ LOG ] INIT File
[ sql ] [ DB ] CONNECT:[ UseTime:0.000464s ] mysql:host=74.120.168.12;dbname=diary;charset=utf8
[ sql ] [ SQL ] SHOW COLUMNS FROM `note` [ RunTime:0.001159s ]
[ sql ] [ SQL ] SELECT * FROM `note` WHERE  `id` = 121 LIMIT 1 [ RunTime:0.000372s ]
[ sql ] [ SQL ] SHOW COLUMNS FROM `groups` [ RunTime:0.000890s ]
[ sql ] [ SQL ] SELECT * FROM `groups` [ RunTime:0.000251s ]
---------------------------------------------------------------
[ 2018-07-12T11:52:08+08:00 ] 74.120.168.12 74.120.168.12 POST /daily/admin/note/savenote.html
[ info ] qingrang.top/daily/admin/note/savenote.html [运行时间：0.045256s][吞吐率：22.10req/s] [内存消耗：2,028.30kb] [文件加载：55]
[ info ] [ LANG ] /var/www/html/daily/thinkphp/lang/zh-cn.php
[ info ] [ ROUTE ] array (
  'type' => 'module',
  'module' => 
  array (
    0 => 'admin',
    1 => 'note',
    2 => 'savenote',
  ),
)
[ info ] [ HEADER ] array (
  'host' => 'qingrang.top',
  'content-length' => '4244',
  'accept' => 'text/plain, */*; q=0.01',
  'origin' => 'http://qingrang.top',
  'x-requested-with' => 'XMLHttpRequest',
  'user-agent' => 'Mozilla/5.0 (Windows NT 10.0; Win64; x64) AppleWebKit/537.36 (KHTML, like Gecko) Chrome/67.0.3396.99 Safari/537.36',
  'content-type' => 'application/x-www-form-urlencoded; charset=UTF-8',
  'referer' => 'http://qingrang.top/daily/admin/note/editNote/id/121',
  'accept-encoding' => 'gzip, deflate',
  'accept-language' => 'zh-CN,zh;q=0.9',
  'cookie' => 'OUTFOX_SEARCH_USER_ID_NCOO=300956949.4398302',
  'connection' => 'close',
)
[ info ] [ PARAM ] array (
  'ogroup' => 'Default',
  'context' => '# URL 传参遇到的相关问题
[TOC]
## URL 提交内容太多报错
>HTTP 414 “Request URI too long”

php提交表单的时候，浏览器显示错误"Request-URI Too Long"

>原因

这是因为提交的表单东西太多，URL太长了，超出服务器的限制。对于http协议本身，url是没有长度限制的，但是对于浏览器和web服务器来说，鉴于性能等方面的考虑，对url进行了限制。

>解决方法：

在Apache的 httpd.conf 配置文件中添加（注意位置问题）
```
#Listen 12.34.56.78:80
Listen 9096

//在端口设置下面加
LimitRequestLine 40940
LimitRequestFieldSize 40940
```
## URL 传参，特殊字符截断
>问题重现：

利用 url 传递参数时，若在参数中存在某些特殊字符，在下一个页面获取参数时，从特殊字符处截断，之后的数据全都接收不到。
>解决思路：

就像特殊字符需要转义一样，在利用 url 传递特殊字符时也有一个转义的过程，表示方式为：%特殊字符的 ASCII 表中的十六进制数。然后直接用 replace 方法直接替换即可，比如：

`string = string.replace(/\\#/g,"%23").replace(/\\&/g,"%26");`

下面给出一些特殊字符的对应得十六进制数，或者直接查 ASCII 就可以:

| 特殊字符  | 转义  | 备注|
| ------------ | ------------ |------------|
|  + |  %2B | URL 中 + 号表示空格|
| 空格  | %20  |也可用 + 号|
| /  | %2F  |分隔目录和子目录|
| ?  |  %3F |分隔实际的 URL 和参数|
| %  |  %25 |指定特殊字符|
| #  |  %23 |表示书签|
| &  |  %26 |URL 中指定的参数间的分隔符|
| = | %3D | URL 中指定参数的值 |',
)
[ info ] [ RUN ] app\admin\controller\Note->saveNote[ /var/www/html/daily/application/admin/controller/Note.php ]
[ info ] [ DB ] INIT mysql
[ info ] [ CACHE ] INIT File
[ info ] [ LOG ] INIT File
[ sql ] [ DB ] CONNECT:[ UseTime:0.000488s ] mysql:host=74.120.168.12;dbname=diary;charset=utf8
[ sql ] [ SQL ] SHOW COLUMNS FROM `note` [ RunTime:0.001211s ]
[ sql ] [ SQL ] UPDATE `note`  SET `title`='URL 传参遇到的相关问题',`content`='# URL 传参遇到的相关问题\n[TOC]\n## URL 提交内容太多报错\n>HTTP 414 “Request URI too long”\n\nphp提交表单的时候，浏览器显示错误\"Request-URI Too Long\"\n\n>原因\n\n这是因为提交的表单东西太多，URL太长了，超出服务器的限制。对于http协议本身，url是没有长度限制的，但是对于浏览器和web服务器来说，鉴于性能等方面的考虑，对url进行了限制。\n\n>解决方法：\n\n在Apache的 httpd.conf 配置文件中添加（注意位置问题）\n```\n#Listen 12.34.56.78:80\nListen 9096\n\n//在端口设置下面加\nLimitRequestLine 40940\nLimitRequestFieldSize 40940\n```\n## URL 传参，特殊字符截断\n>问题重现：\n\n利用 url 传递参数时，若在参数中存在某些特殊字符，在下一个页面获取参数时，从特殊字符处截断，之后的数据全都接收不到。\n>解决思路：\n\n就像特殊字符需要转义一样，在利用 url 传递特殊字符时也有一个转义的过程，表示方式为：%特殊字符的 ASCII 表中的十六进制数。然后直接用 replace 方法直接替换即可，比如：\n\n`string = string.replace(/\\#/g,\"%23\").replace(/\\&/g,\"%26\");`\n\n下面给出一些特殊字符的对应得十六进制数，或者直接查 ASCII 就可以:\n\n| 特殊字符  | 转义  | 备注|\n| ------------ | ------------ |------------|\n|  + |  %2B | URL 中 + 号表示空格|\n| 空格  | %20  |也可用 + 号|\n| /  | %2F  |分隔目录和子目录|\n| ?  |  %3F |分隔实际的 URL 和参数|\n| %  |  %25 |指定特殊字符|\n| #  |  %23 |表示书签|\n| &  |  %26 |URL 中指定的参数间的分隔符|\n| = | %3D | URL 中指定参数的值 |',`groups`='Default',`p_id`=1  WHERE  `id` = 1 [ RunTime:0.000597s ]
---------------------------------------------------------------
[ 2018-07-12T11:52:33+08:00 ] 74.120.168.12 74.120.168.12 POST /daily/admin/note/savenote.html
[ info ] qingrang.top/daily/admin/note/savenote.html [运行时间：0.042606s][吞吐率：23.47req/s] [内存消耗：2,028.27kb] [文件加载：55]
[ info ] [ LANG ] /var/www/html/daily/thinkphp/lang/zh-cn.php
[ info ] [ ROUTE ] array (
  'type' => 'module',
  'module' => 
  array (
    0 => 'admin',
    1 => 'note',
    2 => 'savenote',
  ),
)
[ info ] [ HEADER ] array (
  'host' => 'qingrang.top',
  'content-length' => '4244',
  'accept' => 'text/plain, */*; q=0.01',
  'origin' => 'http://qingrang.top',
  'x-requested-with' => 'XMLHttpRequest',
  'user-agent' => 'Mozilla/5.0 (Windows NT 10.0; Win64; x64) AppleWebKit/537.36 (KHTML, like Gecko) Chrome/67.0.3396.99 Safari/537.36',
  'content-type' => 'application/x-www-form-urlencoded; charset=UTF-8',
  'referer' => 'http://qingrang.top/daily/admin/note/editNote/id/121',
  'accept-encoding' => 'gzip, deflate',
  'accept-language' => 'zh-CN,zh;q=0.9',
  'cookie' => 'OUTFOX_SEARCH_USER_ID_NCOO=300956949.4398302',
  'connection' => 'close',
)
[ info ] [ PARAM ] array (
  'ogroup' => 'Default',
  'context' => '# URL 传参遇到的相关问题
[TOC]
## URL 提交内容太多报错
>HTTP 414 “Request URI too long”

php提交表单的时候，浏览器显示错误"Request-URI Too Long"

>原因

这是因为提交的表单东西太多，URL太长了，超出服务器的限制。对于http协议本身，url是没有长度限制的，但是对于浏览器和web服务器来说，鉴于性能等方面的考虑，对url进行了限制。

>解决方法：

在Apache的 httpd.conf 配置文件中添加（注意位置问题）
```
#Listen 12.34.56.78:80
Listen 9096

//在端口设置下面加
LimitRequestLine 40940
LimitRequestFieldSize 40940
```
## URL 传参，特殊字符截断
>问题重现：

利用 url 传递参数时，若在参数中存在某些特殊字符，在下一个页面获取参数时，从特殊字符处截断，之后的数据全都接收不到。
>解决思路：

就像特殊字符需要转义一样，在利用 url 传递特殊字符时也有一个转义的过程，表示方式为：%特殊字符的 ASCII 表中的十六进制数。然后直接用 replace 方法直接替换即可，比如：

`string = string.replace(/\\#/g,"%23").replace(/\\&/g,"%26");`

下面给出一些特殊字符的对应得十六进制数，或者直接查 ASCII 就可以:

| 特殊字符  | 转义  | 备注|
| ------------ | ------------ |------------|
|  + |  %2B | URL 中 + 号表示空格|
| 空格  | %20  |也可用 + 号|
| /  | %2F  |分隔目录和子目录|
| ?  |  %3F |分隔实际的 URL 和参数|
| %  |  %25 |指定特殊字符|
| #  |  %23 |表示书签|
| &  |  %26 |URL 中指定的参数间的分隔符|
| = | %3D | URL 中指定参数的值 |',
)
[ info ] [ RUN ] app\admin\controller\Note->saveNote[ /var/www/html/daily/application/admin/controller/Note.php ]
[ info ] [ DB ] INIT mysql
[ info ] [ CACHE ] INIT File
[ info ] [ LOG ] INIT File
[ sql ] [ DB ] CONNECT:[ UseTime:0.000507s ] mysql:host=74.120.168.12;dbname=diary;charset=utf8
[ sql ] [ SQL ] SHOW COLUMNS FROM `note` [ RunTime:0.001027s ]
[ sql ] [ SQL ] UPDATE `note`  SET `title`='URL 传参遇到的相关问题',`content`='# URL 传参遇到的相关问题\n[TOC]\n## URL 提交内容太多报错\n>HTTP 414 “Request URI too long”\n\nphp提交表单的时候，浏览器显示错误\"Request-URI Too Long\"\n\n>原因\n\n这是因为提交的表单东西太多，URL太长了，超出服务器的限制。对于http协议本身，url是没有长度限制的，但是对于浏览器和web服务器来说，鉴于性能等方面的考虑，对url进行了限制。\n\n>解决方法：\n\n在Apache的 httpd.conf 配置文件中添加（注意位置问题）\n```\n#Listen 12.34.56.78:80\nListen 9096\n\n//在端口设置下面加\nLimitRequestLine 40940\nLimitRequestFieldSize 40940\n```\n## URL 传参，特殊字符截断\n>问题重现：\n\n利用 url 传递参数时，若在参数中存在某些特殊字符，在下一个页面获取参数时，从特殊字符处截断，之后的数据全都接收不到。\n>解决思路：\n\n就像特殊字符需要转义一样，在利用 url 传递特殊字符时也有一个转义的过程，表示方式为：%特殊字符的 ASCII 表中的十六进制数。然后直接用 replace 方法直接替换即可，比如：\n\n`string = string.replace(/\\#/g,\"%23\").replace(/\\&/g,\"%26\");`\n\n下面给出一些特殊字符的对应得十六进制数，或者直接查 ASCII 就可以:\n\n| 特殊字符  | 转义  | 备注|\n| ------------ | ------------ |------------|\n|  + |  %2B | URL 中 + 号表示空格|\n| 空格  | %20  |也可用 + 号|\n| /  | %2F  |分隔目录和子目录|\n| ?  |  %3F |分隔实际的 URL 和参数|\n| %  |  %25 |指定特殊字符|\n| #  |  %23 |表示书签|\n| &  |  %26 |URL 中指定的参数间的分隔符|\n| = | %3D | URL 中指定参数的值 |',`groups`='Default',`p_id`=1  WHERE  `id` = 1 [ RunTime:0.000392s ]
---------------------------------------------------------------
[ 2018-07-12T11:52:35+08:00 ] 74.120.168.12 74.120.168.12 POST /daily/admin/note/savenote.html
[ info ] qingrang.top/daily/admin/note/savenote.html [运行时间：0.043090s][吞吐率：23.21req/s] [内存消耗：2,028.27kb] [文件加载：55]
[ info ] [ LANG ] /var/www/html/daily/thinkphp/lang/zh-cn.php
[ info ] [ ROUTE ] array (
  'type' => 'module',
  'module' => 
  array (
    0 => 'admin',
    1 => 'note',
    2 => 'savenote',
  ),
)
[ info ] [ HEADER ] array (
  'host' => 'qingrang.top',
  'content-length' => '4244',
  'accept' => 'text/plain, */*; q=0.01',
  'origin' => 'http://qingrang.top',
  'x-requested-with' => 'XMLHttpRequest',
  'user-agent' => 'Mozilla/5.0 (Windows NT 10.0; Win64; x64) AppleWebKit/537.36 (KHTML, like Gecko) Chrome/67.0.3396.99 Safari/537.36',
  'content-type' => 'application/x-www-form-urlencoded; charset=UTF-8',
  'referer' => 'http://qingrang.top/daily/admin/note/editNote/id/121',
  'accept-encoding' => 'gzip, deflate',
  'accept-language' => 'zh-CN,zh;q=0.9',
  'cookie' => 'OUTFOX_SEARCH_USER_ID_NCOO=300956949.4398302',
  'connection' => 'close',
)
[ info ] [ PARAM ] array (
  'ogroup' => 'Default',
  'context' => '# URL 传参遇到的相关问题
[TOC]
## URL 提交内容太多报错
>HTTP 414 “Request URI too long”

php提交表单的时候，浏览器显示错误"Request-URI Too Long"

>原因

这是因为提交的表单东西太多，URL太长了，超出服务器的限制。对于http协议本身，url是没有长度限制的，但是对于浏览器和web服务器来说，鉴于性能等方面的考虑，对url进行了限制。

>解决方法：

在Apache的 httpd.conf 配置文件中添加（注意位置问题）
```
#Listen 12.34.56.78:80
Listen 9096

//在端口设置下面加
LimitRequestLine 40940
LimitRequestFieldSize 40940
```
## URL 传参，特殊字符截断
>问题重现：

利用 url 传递参数时，若在参数中存在某些特殊字符，在下一个页面获取参数时，从特殊字符处截断，之后的数据全都接收不到。
>解决思路：

就像特殊字符需要转义一样，在利用 url 传递特殊字符时也有一个转义的过程，表示方式为：%特殊字符的 ASCII 表中的十六进制数。然后直接用 replace 方法直接替换即可，比如：

`string = string.replace(/\\#/g,"%23").replace(/\\&/g,"%26");`

下面给出一些特殊字符的对应得十六进制数，或者直接查 ASCII 就可以:

| 特殊字符  | 转义  | 备注|
| ------------ | ------------ |------------|
|  + |  %2B | URL 中 + 号表示空格|
| 空格  | %20  |也可用 + 号|
| /  | %2F  |分隔目录和子目录|
| ?  |  %3F |分隔实际的 URL 和参数|
| %  |  %25 |指定特殊字符|
| #  |  %23 |表示书签|
| &  |  %26 |URL 中指定的参数间的分隔符|
| = | %3D | URL 中指定参数的值 |',
)
[ info ] [ RUN ] app\admin\controller\Note->saveNote[ /var/www/html/daily/application/admin/controller/Note.php ]
[ info ] [ DB ] INIT mysql
[ info ] [ CACHE ] INIT File
[ info ] [ LOG ] INIT File
[ sql ] [ DB ] CONNECT:[ UseTime:0.000413s ] mysql:host=74.120.168.12;dbname=diary;charset=utf8
[ sql ] [ SQL ] SHOW COLUMNS FROM `note` [ RunTime:0.001023s ]
[ sql ] [ SQL ] UPDATE `note`  SET `title`='URL 传参遇到的相关问题',`content`='# URL 传参遇到的相关问题\n[TOC]\n## URL 提交内容太多报错\n>HTTP 414 “Request URI too long”\n\nphp提交表单的时候，浏览器显示错误\"Request-URI Too Long\"\n\n>原因\n\n这是因为提交的表单东西太多，URL太长了，超出服务器的限制。对于http协议本身，url是没有长度限制的，但是对于浏览器和web服务器来说，鉴于性能等方面的考虑，对url进行了限制。\n\n>解决方法：\n\n在Apache的 httpd.conf 配置文件中添加（注意位置问题）\n```\n#Listen 12.34.56.78:80\nListen 9096\n\n//在端口设置下面加\nLimitRequestLine 40940\nLimitRequestFieldSize 40940\n```\n## URL 传参，特殊字符截断\n>问题重现：\n\n利用 url 传递参数时，若在参数中存在某些特殊字符，在下一个页面获取参数时，从特殊字符处截断，之后的数据全都接收不到。\n>解决思路：\n\n就像特殊字符需要转义一样，在利用 url 传递特殊字符时也有一个转义的过程，表示方式为：%特殊字符的 ASCII 表中的十六进制数。然后直接用 replace 方法直接替换即可，比如：\n\n`string = string.replace(/\\#/g,\"%23\").replace(/\\&/g,\"%26\");`\n\n下面给出一些特殊字符的对应得十六进制数，或者直接查 ASCII 就可以:\n\n| 特殊字符  | 转义  | 备注|\n| ------------ | ------------ |------------|\n|  + |  %2B | URL 中 + 号表示空格|\n| 空格  | %20  |也可用 + 号|\n| /  | %2F  |分隔目录和子目录|\n| ?  |  %3F |分隔实际的 URL 和参数|\n| %  |  %25 |指定特殊字符|\n| #  |  %23 |表示书签|\n| &  |  %26 |URL 中指定的参数间的分隔符|\n| = | %3D | URL 中指定参数的值 |',`groups`='Default',`p_id`=1  WHERE  `id` = 1 [ RunTime:0.000363s ]
---------------------------------------------------------------
[ 2018-07-12T11:52:47+08:00 ] 74.120.168.12 74.120.168.12 POST /daily/admin/note/updatenote/id/121.html
[ info ] qingrang.top/daily/admin/note/updatenote/id/121.html [运行时间：0.049070s][吞吐率：20.38req/s] [内存消耗：2,015.64kb] [文件加载：56]
[ info ] [ LANG ] /var/www/html/daily/thinkphp/lang/zh-cn.php
[ info ] [ ROUTE ] array (
  'type' => 'module',
  'module' => 
  array (
    0 => 'admin',
    1 => 'note',
    2 => 'updatenote',
  ),
)
[ info ] [ HEADER ] array (
  'host' => 'qingrang.top',
  'content-length' => '4401',
  'cache-control' => 'max-age=0',
  'origin' => 'http://qingrang.top',
  'upgrade-insecure-requests' => '1',
  'content-type' => 'application/x-www-form-urlencoded',
  'user-agent' => 'Mozilla/5.0 (Windows NT 10.0; Win64; x64) AppleWebKit/537.36 (KHTML, like Gecko) Chrome/67.0.3396.99 Safari/537.36',
  'accept' => 'text/html,application/xhtml+xml,application/xml;q=0.9,image/webp,image/apng,*/*;q=0.8',
  'referer' => 'http://qingrang.top/daily/admin/note/editNote/id/121',
  'accept-encoding' => 'gzip, deflate',
  'accept-language' => 'zh-CN,zh;q=0.9',
  'cookie' => 'OUTFOX_SEARCH_USER_ID_NCOO=300956949.4398302',
  'connection' => 'close',
)
[ info ] [ PARAM ] array (
  'content' => '# URL 传参遇到的相关问题
[TOC]
## URL 提交内容太多报错
>HTTP 414 “Request URI too long”

php提交表单的时候，浏览器显示错误"Request-URI Too Long"

>原因

这是因为提交的表单东西太多，URL太长了，超出服务器的限制。对于http协议本身，url是没有长度限制的，但是对于浏览器和web服务器来说，鉴于性能等方面的考虑，对url进行了限制。

>解决方法：

在Apache的 httpd.conf 配置文件中添加（注意位置问题）
```
#Listen 12.34.56.78:80
Listen 9096

//在端口设置下面加
LimitRequestLine 40940
LimitRequestFieldSize 40940
```
## URL 传参，特殊字符截断
>问题重现：

利用 url 传递参数时，若在参数中存在某些特殊字符，在下一个页面获取参数时，从特殊字符处截断，之后的数据全都接收不到。
>解决思路：

就像特殊字符需要转义一样，在利用 url 传递特殊字符时也有一个转义的过程，表示方式为：%特殊字符的 ASCII 表中的十六进制数。然后直接用 replace 方法直接替换即可，比如：

`string = string.replace(/\\#/g,"%23").replace(/\\&/g,"%26");`

下面给出一些特殊字符的对应得十六进制数，或者直接查 ASCII 就可以:

| 特殊字符  | 转义  | 备注|
| ------------ | ------------ |------------|
|  + |  %2B | URL 中 + 号表示空格|
| 空格  | %20  |也可用 + 号|
| /  | %2F  |分隔目录和子目录|
| ?  |  %3F |分隔实际的 URL 和参数|
| %  |  %25 |指定特殊字符|
| #  |  %23 |表示书签|
| &  |  %26 |URL 中指定的参数间的分隔符|
| = | %3D | URL 中指定参数的值 |',
  'table-align' => '_default',
  'groups' => 'Basics',
  'id' => '121',
)
[ info ] [ RUN ] app\admin\controller\Note->updateNote[ /var/www/html/daily/application/admin/controller/Note.php ]
[ info ] [ DB ] INIT mysql
[ info ] [ CACHE ] INIT File
[ info ] [ LOG ] INIT File
[ sql ] [ DB ] CONNECT:[ UseTime:0.000472s ] mysql:host=74.120.168.12;dbname=diary;charset=utf8
[ sql ] [ SQL ] SHOW COLUMNS FROM `note` [ RunTime:0.001184s ]
[ sql ] [ SQL ] SELECT * FROM `note` WHERE  `id` = 121 LIMIT 1 [ RunTime:0.000340s ]
[ sql ] [ SQL ] SHOW COLUMNS FROM `groups` [ RunTime:0.000786s ]
[ sql ] [ SQL ] SELECT `parent_id` FROM `groups` WHERE  `groups` = 'Basics' LIMIT 1 [ RunTime:0.000306s ]
[ sql ] [ SQL ] SELECT `groups` FROM `groups` WHERE  `id` = 2 LIMIT 1 [ RunTime:0.000249s ]
[ sql ] [ SQL ] UPDATE `note`  SET `id`=121,`p_id`=2,`title`='URL 传参遇到的相关问题\r',`content`='# URL 传参遇到的相关问题\r\n[TOC]\r\n## URL 提交内容太多报错\r\n>HTTP 414 “Request URI too long”\r\n\r\nphp提交表单的时候，浏览器显示错误\"Request-URI Too Long\"\r\n\r\n>原因\r\n\r\n这是因为提交的表单东西太多，URL太长了，超出服务器的限制。对于http协议本身，url是没有长度限制的，但是对于浏览器和web服务器来说，鉴于性能等方面的考虑，对url进行了限制。\r\n\r\n>解决方法：\r\n\r\n在Apache的 httpd.conf 配置文件中添加（注意位置问题）\r\n```\r\n#Listen 12.34.56.78:80\r\nListen 9096\r\n\r\n//在端口设置下面加\r\nLimitRequestLine 40940\r\nLimitRequestFieldSize 40940\r\n```\r\n## URL 传参，特殊字符截断\r\n>问题重现：\r\n\r\n利用 url 传递参数时，若在参数中存在某些特殊字符，在下一个页面获取参数时，从特殊字符处截断，之后的数据全都接收不到。\r\n>解决思路：\r\n\r\n就像特殊字符需要转义一样，在利用 url 传递特殊字符时也有一个转义的过程，表示方式为：%特殊字符的 ASCII 表中的十六进制数。然后直接用 replace 方法直接替换即可，比如：\r\n\r\n`string = string.replace(/\\#/g,\"%23\").replace(/\\&/g,\"%26\");`\r\n\r\n下面给出一些特殊字符的对应得十六进制数，或者直接查 ASCII 就可以:\r\n\r\n| 特殊字符  | 转义  | 备注|\r\n| ------------ | ------------ |------------|\r\n|  + |  %2B | URL 中 + 号表示空格|\r\n| 空格  | %20  |也可用 + 号|\r\n| /  | %2F  |分隔目录和子目录|\r\n| ?  |  %3F |分隔实际的 URL 和参数|\r\n| %  |  %25 |指定特殊字符|\r\n| #  |  %23 |表示书签|\r\n| &  |  %26 |URL 中指定的参数间的分隔符|\r\n| = | %3D | URL 中指定参数的值 |',`groups`='Basics'  WHERE  `id` = 121 [ RunTime:0.000435s ]
---------------------------------------------------------------
[ 2018-07-12T11:52:47+08:00 ] 74.120.168.12 74.120.168.12 GET /daily/admin/note/shownote/id/121.html
[ info ] qingrang.top/daily/admin/note/shownote/id/121.html [运行时间：0.044349s][吞吐率：22.55req/s] [内存消耗：1,974.77kb] [文件加载：54]
[ info ] [ LANG ] /var/www/html/daily/thinkphp/lang/zh-cn.php
[ info ] [ ROUTE ] array (
  'type' => 'module',
  'module' => 
  array (
    0 => 'admin',
    1 => 'note',
    2 => 'shownote',
  ),
)
[ info ] [ HEADER ] array (
  'host' => 'qingrang.top',
  'cache-control' => 'max-age=0',
  'upgrade-insecure-requests' => '1',
  'user-agent' => 'Mozilla/5.0 (Windows NT 10.0; Win64; x64) AppleWebKit/537.36 (KHTML, like Gecko) Chrome/67.0.3396.99 Safari/537.36',
  'accept' => 'text/html,application/xhtml+xml,application/xml;q=0.9,image/webp,image/apng,*/*;q=0.8',
  'referer' => 'http://qingrang.top/daily/admin/note/editNote/id/121',
  'accept-encoding' => 'gzip, deflate',
  'accept-language' => 'zh-CN,zh;q=0.9',
  'cookie' => 'OUTFOX_SEARCH_USER_ID_NCOO=300956949.4398302',
  'connection' => 'close',
)
[ info ] [ PARAM ] array (
  'id' => '121',
)
[ info ] [ RUN ] app\admin\controller\Note->showNote[ /var/www/html/daily/application/admin/controller/Note.php ]
[ info ] [ DB ] INIT mysql
[ info ] [ VIEW ] /var/www/html/daily/application/admin/view/note/shownote.html [ array (
  0 => 'note',
  1 => 'groups',
) ]
[ info ] [ LOG ] INIT File
[ sql ] [ DB ] CONNECT:[ UseTime:0.000434s ] mysql:host=74.120.168.12;dbname=diary;charset=utf8
[ sql ] [ SQL ] SHOW COLUMNS FROM `note` [ RunTime:0.001109s ]
[ sql ] [ SQL ] SELECT * FROM `note` WHERE  `id` = 121 LIMIT 1 [ RunTime:0.000383s ]
[ sql ] [ SQL ] SHOW COLUMNS FROM `groups` [ RunTime:0.000826s ]
[ sql ] [ SQL ] SELECT * FROM `groups` [ RunTime:0.000273s ]
---------------------------------------------------------------
[ 2018-07-12T13:50:20+08:00 ] 74.120.168.12 74.120.168.12 GET /daily/
[ info ] qingrang.top/daily/ [运行时间：0.098801s][吞吐率：10.12req/s] [内存消耗：3,262.77kb] [文件加载：55]
[ info ] [ LANG ] /var/www/html/daily/thinkphp/lang/zh-cn.php
[ info ] [ ROUTE ] array (
  'type' => 'module',
  'module' => 
  array (
    0 => '',
    1 => NULL,
    2 => NULL,
  ),
)
[ info ] [ HEADER ] array (
  'host' => 'qingrang.top',
  'cache-control' => 'max-age=0',
  'upgrade-insecure-requests' => '1',
  'user-agent' => 'Mozilla/5.0 (Windows NT 10.0; Win64; x64) AppleWebKit/537.36 (KHTML, like Gecko) Chrome/67.0.3396.99 Safari/537.36',
  'accept' => 'text/html,application/xhtml+xml,application/xml;q=0.9,image/webp,image/apng,*/*;q=0.8',
  'accept-encoding' => 'gzip, deflate',
  'accept-language' => 'zh-CN,zh;q=0.9',
  'cookie' => 'OUTFOX_SEARCH_USER_ID_NCOO=300956949.4398302',
  'connection' => 'close',
)
[ info ] [ PARAM ] array (
)
[ info ] [ RUN ] app\admin\controller\Note->notelst[ /var/www/html/daily/application/admin/controller/Note.php ]
[ info ] [ DB ] INIT mysql
[ info ] [ VIEW ] /var/www/html/daily/application/admin/view/note/notelst.html [ array (
  0 => 'autoSave',
  1 => 'phoneSave',
  2 => 'hide',
  3 => 'list',
  4 => 'groups',
  5 => 'groups0',
  6 => 'groups1',
  7 => 'groups2',
  8 => 'count',
  9 => 'year',
) ]
[ info ] [ LOG ] INIT File
[ sql ] [ DB ] CONNECT:[ UseTime:0.000542s ] mysql:host=74.120.168.12;dbname=diary;charset=utf8
[ sql ] [ SQL ] SHOW COLUMNS FROM `note` [ RunTime:0.001158s ]
[ sql ] [ SQL ] SELECT * FROM `note` WHERE  `groups` <> 'Essay' ORDER BY id desc [ RunTime:0.002690s ]
[ sql ] [ SQL ] SHOW COLUMNS FROM `config` [ RunTime:0.000895s ]
[ sql ] [ SQL ] SELECT * FROM `config` WHERE  `name` = 'hide' LIMIT 1 [ RunTime:0.000414s ]
[ sql ] [ SQL ] SELECT * FROM `note` WHERE  `id` = 1 LIMIT 1 [ RunTime:0.000315s ]
[ sql ] [ SQL ] SELECT * FROM `note` WHERE  `id` = 2 LIMIT 1 [ RunTime:0.000312s ]
[ sql ] [ SQL ] SHOW COLUMNS FROM `groups` [ RunTime:0.000788s ]
[ sql ] [ SQL ] SELECT * FROM `groups` [ RunTime:0.000315s ]
[ sql ] [ SQL ] SELECT * FROM `groups` WHERE  `parent_id` = 0 ORDER BY `g_order` [ RunTime:0.000307s ]
[ sql ] [ SQL ] SELECT `groups` FROM `groups` WHERE  `parent_id` = 1 [ RunTime:0.000240s ]
[ sql ] [ SQL ] SELECT * FROM `groups` WHERE  `parent_id` = 2 ORDER BY `g_order` [ RunTime:0.000300s ]
[ sql ] [ SQL ] SELECT COUNT(*) AS tp_count FROM `note` LIMIT 1 [ RunTime:0.000193s ]
[ sql ] [ SQL ] SHOW COLUMNS FROM `yearlist` [ RunTime:0.000903s ]
[ sql ] [ SQL ] SELECT DISTINCT  `year` FROM `yearlist` ORDER BY year desc [ RunTime:0.000581s ]
---------------------------------------------------------------
[ 2018-07-12T13:50:27+08:00 ] 74.120.168.12 74.120.168.12 POST /daily/admin/note/asearch.html
[ info ] qingrang.top/daily/admin/note/asearch.html [运行时间：0.053440s][吞吐率：18.71req/s] [内存消耗：2,193.93kb] [文件加载：50]
[ info ] [ LANG ] /var/www/html/daily/thinkphp/lang/zh-cn.php
[ info ] [ ROUTE ] array (
  'type' => 'module',
  'module' => 
  array (
    0 => 'admin',
    1 => 'note',
    2 => 'asearch',
  ),
)
[ info ] [ HEADER ] array (
  'host' => 'qingrang.top',
  'content-length' => '7',
  'accept' => 'application/json, text/javascript, */*; q=0.01',
  'origin' => 'http://qingrang.top',
  'x-requested-with' => 'XMLHttpRequest',
  'user-agent' => 'Mozilla/5.0 (Windows NT 10.0; Win64; x64) AppleWebKit/537.36 (KHTML, like Gecko) Chrome/67.0.3396.99 Safari/537.36',
  'content-type' => 'application/x-www-form-urlencoded',
  'referer' => 'http://qingrang.top/daily/',
  'accept-encoding' => 'gzip, deflate',
  'accept-language' => 'zh-CN,zh;q=0.9',
  'cookie' => 'OUTFOX_SEARCH_USER_ID_NCOO=300956949.4398302',
  'connection' => 'close',
)
[ info ] [ PARAM ] array (
  'key' => 'url',
)
[ info ] [ RUN ] app\admin\controller\Note->aSearch[ /var/www/html/daily/application/admin/controller/Note.php ]
[ info ] [ DB ] INIT mysql
[ info ] [ LOG ] INIT File
[ sql ] [ DB ] CONNECT:[ UseTime:0.000484s ] mysql:host=74.120.168.12;dbname=diary;charset=utf8
[ sql ] [ SQL ] SHOW COLUMNS FROM `note` [ RunTime:0.001071s ]
[ sql ] [ SQL ] SELECT * FROM `note` WHERE  ( `title` LIKE '%url%' OR `content` LIKE '%url%' ) ORDER BY id desc [ RunTime:0.005394s ]
---------------------------------------------------------------
[ 2018-07-12T15:17:29+08:00 ] 74.120.168.12 74.120.168.12 POST /daily/admin/note/asearch.html
[ info ] qingrang.top/daily/admin/note/asearch.html [运行时间：0.050163s][吞吐率：19.93req/s] [内存消耗：2,188.37kb] [文件加载：50]
[ info ] [ LANG ] /var/www/html/daily/thinkphp/lang/zh-cn.php
[ info ] [ ROUTE ] array (
  'type' => 'module',
  'module' => 
  array (
    0 => 'admin',
    1 => 'note',
    2 => 'asearch',
  ),
)
[ info ] [ HEADER ] array (
  'host' => 'qingrang.top',
  'content-length' => '22',
  'accept' => 'application/json, text/javascript, */*; q=0.01',
  'origin' => 'http://qingrang.top',
  'x-requested-with' => 'XMLHttpRequest',
  'user-agent' => 'Mozilla/5.0 (Windows NT 10.0; Win64; x64) AppleWebKit/537.36 (KHTML, like Gecko) Chrome/67.0.3396.99 Safari/537.36',
  'content-type' => 'application/x-www-form-urlencoded',
  'referer' => 'http://qingrang.top/daily/',
  'accept-encoding' => 'gzip, deflate',
  'accept-language' => 'zh-CN,zh;q=0.9',
  'cookie' => 'OUTFOX_SEARCH_USER_ID_NCOO=300956949.4398302',
  'connection' => 'close',
)
[ info ] [ PARAM ] array (
  'key' => '工具',
)
[ info ] [ RUN ] app\admin\controller\Note->aSearch[ /var/www/html/daily/application/admin/controller/Note.php ]
[ info ] [ DB ] INIT mysql
[ info ] [ LOG ] INIT File
[ sql ] [ DB ] CONNECT:[ UseTime:0.000810s ] mysql:host=74.120.168.12;dbname=diary;charset=utf8
[ sql ] [ SQL ] SHOW COLUMNS FROM `note` [ RunTime:0.001777s ]
[ sql ] [ SQL ] SELECT * FROM `note` WHERE  ( `title` LIKE '%工具%' OR `content` LIKE '%工具%' ) ORDER BY id desc [ RunTime:0.005085s ]
---------------------------------------------------------------
[ 2018-07-12T15:17:33+08:00 ] 74.120.168.12 74.120.168.12 GET /daily/admin/note/editNote/id/173
[ info ] qingrang.top/daily/admin/note/editNote/id/173 [运行时间：0.050662s][吞吐率：19.74req/s] [内存消耗：2,021.55kb] [文件加载：55]
[ info ] [ LANG ] /var/www/html/daily/thinkphp/lang/zh-cn.php
[ info ] [ ROUTE ] array (
  'type' => 'module',
  'module' => 
  array (
    0 => 'admin',
    1 => 'note',
    2 => 'editNote',
  ),
)
[ info ] [ HEADER ] array (
  'host' => 'qingrang.top',
  'upgrade-insecure-requests' => '1',
  'user-agent' => 'Mozilla/5.0 (Windows NT 10.0; Win64; x64) AppleWebKit/537.36 (KHTML, like Gecko) Chrome/67.0.3396.99 Safari/537.36',
  'accept' => 'text/html,application/xhtml+xml,application/xml;q=0.9,image/webp,image/apng,*/*;q=0.8',
  'referer' => 'http://qingrang.top/daily/',
  'accept-encoding' => 'gzip, deflate',
  'accept-language' => 'zh-CN,zh;q=0.9',
  'cookie' => 'OUTFOX_SEARCH_USER_ID_NCOO=300956949.4398302',
  'connection' => 'close',
)
[ info ] [ PARAM ] array (
  'id' => '173',
)
[ info ] [ RUN ] app\admin\controller\Note->editNote[ /var/www/html/daily/application/admin/controller/Note.php ]
[ info ] [ DB ] INIT mysql
[ info ] [ VIEW ] /var/www/html/daily/application/admin/view/note/editnote.html [ array (
  0 => 'note',
  1 => 'groups',
) ]
[ info ] [ LOG ] INIT File
[ sql ] [ DB ] CONNECT:[ UseTime:0.000558s ] mysql:host=74.120.168.12;dbname=diary;charset=utf8
[ sql ] [ SQL ] SHOW COLUMNS FROM `note` [ RunTime:0.001234s ]
[ sql ] [ SQL ] SELECT * FROM `note` WHERE  `id` = 173 LIMIT 1 [ RunTime:0.000415s ]
[ sql ] [ SQL ] SHOW COLUMNS FROM `groups` [ RunTime:0.000728s ]
[ sql ] [ SQL ] SELECT * FROM `groups` [ RunTime:0.000246s ]
---------------------------------------------------------------
[ 2018-07-12T15:19:01+08:00 ] 74.120.168.12 74.120.168.12 POST /daily/admin/note/updatenote/id/173.html
[ info ] qingrang.top/daily/admin/note/updatenote/id/173.html [运行时间：0.054742s][吞吐率：18.27req/s] [内存消耗：2,003.69kb] [文件加载：56]
[ info ] [ LANG ] /var/www/html/daily/thinkphp/lang/zh-cn.php
[ info ] [ ROUTE ] array (
  'type' => 'module',
  'module' => 
  array (
    0 => 'admin',
    1 => 'note',
    2 => 'updatenote',
  ),
)
[ info ] [ HEADER ] array (
  'host' => 'qingrang.top',
  'content-length' => '1065',
  'cache-control' => 'max-age=0',
  'origin' => 'http://qingrang.top',
  'upgrade-insecure-requests' => '1',
  'content-type' => 'application/x-www-form-urlencoded',
  'user-agent' => 'Mozilla/5.0 (Windows NT 10.0; Win64; x64) AppleWebKit/537.36 (KHTML, like Gecko) Chrome/67.0.3396.99 Safari/537.36',
  'accept' => 'text/html,application/xhtml+xml,application/xml;q=0.9,image/webp,image/apng,*/*;q=0.8',
  'referer' => 'http://qingrang.top/daily/admin/note/editNote/id/173',
  'accept-encoding' => 'gzip, deflate',
  'accept-language' => 'zh-CN,zh;q=0.9',
  'cookie' => 'OUTFOX_SEARCH_USER_ID_NCOO=300956949.4398302',
  'connection' => 'close',
)
[ info ] [ PARAM ] array (
  'content' => '# 实用工具/网址
`工具` `软件` `常用网址`

[TOC]
## 破解资源
1. 八号站
http://www.ssdtop.com/

## 实用软件
### Windows
1. Windows 绝赞应用
https://amazing-apps.gitbooks.io/windows-apps-that-amaze-us/content/zh-CN/

1. windows 窗口标签化管理
- clover：在 win10 可能会出现卡顿现象
- qttabbar
https://www.xia1ge.com/qttabbar.html

### Android
1. 应用限制：防沉迷应用锁
## 翻墙
1. 镜像
https://github.com/aploium/zmirror',
  'groups' => 'Basics',
  'id' => '173',
)
[ info ] [ RUN ] app\admin\controller\Note->updateNote[ /var/www/html/daily/application/admin/controller/Note.php ]
[ info ] [ DB ] INIT mysql
[ info ] [ CACHE ] INIT File
[ info ] [ LOG ] INIT File
[ sql ] [ DB ] CONNECT:[ UseTime:0.000538s ] mysql:host=74.120.168.12;dbname=diary;charset=utf8
[ sql ] [ SQL ] SHOW COLUMNS FROM `note` [ RunTime:0.001209s ]
[ sql ] [ SQL ] SELECT * FROM `note` WHERE  `id` = 173 LIMIT 1 [ RunTime:0.000434s ]
[ sql ] [ SQL ] SHOW COLUMNS FROM `groups` [ RunTime:0.001159s ]
[ sql ] [ SQL ] SELECT `parent_id` FROM `groups` WHERE  `groups` = 'Basics' LIMIT 1 [ RunTime:0.000391s ]
[ sql ] [ SQL ] SELECT `groups` FROM `groups` WHERE  `id` = 2 LIMIT 1 [ RunTime:0.000252s ]
[ sql ] [ SQL ] UPDATE `note`  SET `id`=173,`p_id`=2,`title`='实用工具/网址\r',`content`='# 实用工具/网址\r\n`工具` `软件` `常用网址`\r\n\r\n[TOC]\r\n## 破解资源\r\n1. 八号站\r\nhttp://www.ssdtop.com/\r\n\r\n## 实用软件\r\n### Windows\r\n1. Windows 绝赞应用\r\nhttps://amazing-apps.gitbooks.io/windows-apps-that-amaze-us/content/zh-CN/\r\n\r\n1. windows 窗口标签化管理\r\n- clover：在 win10 可能会出现卡顿现象\r\n- qttabbar\r\nhttps://www.xia1ge.com/qttabbar.html\r\n\r\n### Android\r\n1. 应用限制：防沉迷应用锁\r\n## 翻墙\r\n1. 镜像\r\nhttps://github.com/aploium/zmirror',`groups`='Basics'  WHERE  `id` = 173 [ RunTime:0.000777s ]
---------------------------------------------------------------
[ 2018-07-12T15:19:01+08:00 ] 74.120.168.12 74.120.168.12 GET /daily/admin/note/shownote/id/173.html
[ info ] qingrang.top/daily/admin/note/shownote/id/173.html [运行时间：0.048378s][吞吐率：20.67req/s] [内存消耗：1,973.55kb] [文件加载：54]
[ info ] [ LANG ] /var/www/html/daily/thinkphp/lang/zh-cn.php
[ info ] [ ROUTE ] array (
  'type' => 'module',
  'module' => 
  array (
    0 => 'admin',
    1 => 'note',
    2 => 'shownote',
  ),
)
[ info ] [ HEADER ] array (
  'host' => 'qingrang.top',
  'cache-control' => 'max-age=0',
  'upgrade-insecure-requests' => '1',
  'user-agent' => 'Mozilla/5.0 (Windows NT 10.0; Win64; x64) AppleWebKit/537.36 (KHTML, like Gecko) Chrome/67.0.3396.99 Safari/537.36',
  'accept' => 'text/html,application/xhtml+xml,application/xml;q=0.9,image/webp,image/apng,*/*;q=0.8',
  'referer' => 'http://qingrang.top/daily/admin/note/editNote/id/173',
  'accept-encoding' => 'gzip, deflate',
  'accept-language' => 'zh-CN,zh;q=0.9',
  'cookie' => 'OUTFOX_SEARCH_USER_ID_NCOO=300956949.4398302',
  'connection' => 'close',
)
[ info ] [ PARAM ] array (
  'id' => '173',
)
[ info ] [ RUN ] app\admin\controller\Note->showNote[ /var/www/html/daily/application/admin/controller/Note.php ]
[ info ] [ DB ] INIT mysql
[ info ] [ VIEW ] /var/www/html/daily/application/admin/view/note/shownote.html [ array (
  0 => 'note',
  1 => 'groups',
) ]
[ info ] [ LOG ] INIT File
[ sql ] [ DB ] CONNECT:[ UseTime:0.000553s ] mysql:host=74.120.168.12;dbname=diary;charset=utf8
[ sql ] [ SQL ] SHOW COLUMNS FROM `note` [ RunTime:0.001116s ]
[ sql ] [ SQL ] SELECT * FROM `note` WHERE  `id` = 173 LIMIT 1 [ RunTime:0.000341s ]
[ sql ] [ SQL ] SHOW COLUMNS FROM `groups` [ RunTime:0.000743s ]
[ sql ] [ SQL ] SELECT * FROM `groups` [ RunTime:0.000255s ]
---------------------------------------------------------------
[ 2018-07-12T16:35:20+08:00 ] 74.120.168.12 74.120.168.12 GET /daily/
[ info ] qingrang.top/daily/ [运行时间：0.112462s][吞吐率：8.89req/s] [内存消耗：3,262.81kb] [文件加载：55]
[ info ] [ LANG ] /var/www/html/daily/thinkphp/lang/zh-cn.php
[ info ] [ ROUTE ] array (
  'type' => 'module',
  'module' => 
  array (
    0 => '',
    1 => NULL,
    2 => NULL,
  ),
)
[ info ] [ HEADER ] array (
  'host' => 'qingrang.top',
  'cache-control' => 'max-age=0',
  'upgrade-insecure-requests' => '1',
  'user-agent' => 'Mozilla/5.0 (Windows NT 10.0; Win64; x64) AppleWebKit/537.36 (KHTML, like Gecko) Chrome/67.0.3396.99 Safari/537.36',
  'accept' => 'text/html,application/xhtml+xml,application/xml;q=0.9,image/webp,image/apng,*/*;q=0.8',
  'accept-encoding' => 'gzip, deflate',
  'accept-language' => 'zh-CN,zh;q=0.9',
  'cookie' => 'OUTFOX_SEARCH_USER_ID_NCOO=300956949.4398302',
  'connection' => 'close',
)
[ info ] [ PARAM ] array (
)
[ info ] [ RUN ] app\admin\controller\Note->notelst[ /var/www/html/daily/application/admin/controller/Note.php ]
[ info ] [ DB ] INIT mysql
[ info ] [ VIEW ] /var/www/html/daily/application/admin/view/note/notelst.html [ array (
  0 => 'autoSave',
  1 => 'phoneSave',
  2 => 'hide',
  3 => 'list',
  4 => 'groups',
  5 => 'groups0',
  6 => 'groups1',
  7 => 'groups2',
  8 => 'count',
  9 => 'year',
) ]
[ info ] [ LOG ] INIT File
[ sql ] [ DB ] CONNECT:[ UseTime:0.001376s ] mysql:host=74.120.168.12;dbname=diary;charset=utf8
[ sql ] [ SQL ] SHOW COLUMNS FROM `note` [ RunTime:0.002227s ]
[ sql ] [ SQL ] SELECT * FROM `note` WHERE  `groups` <> 'Essay' ORDER BY id desc [ RunTime:0.004116s ]
[ sql ] [ SQL ] SHOW COLUMNS FROM `config` [ RunTime:0.001083s ]
[ sql ] [ SQL ] SELECT * FROM `config` WHERE  `name` = 'hide' LIMIT 1 [ RunTime:0.000340s ]
[ sql ] [ SQL ] SELECT * FROM `note` WHERE  `id` = 1 LIMIT 1 [ RunTime:0.000464s ]
[ sql ] [ SQL ] SELECT * FROM `note` WHERE  `id` = 2 LIMIT 1 [ RunTime:0.000255s ]
[ sql ] [ SQL ] SHOW COLUMNS FROM `groups` [ RunTime:0.000732s ]
[ sql ] [ SQL ] SELECT * FROM `groups` [ RunTime:0.000245s ]
[ sql ] [ SQL ] SELECT * FROM `groups` WHERE  `parent_id` = 0 ORDER BY `g_order` [ RunTime:0.000287s ]
[ sql ] [ SQL ] SELECT `groups` FROM `groups` WHERE  `parent_id` = 1 [ RunTime:0.000315s ]
[ sql ] [ SQL ] SELECT * FROM `groups` WHERE  `parent_id` = 2 ORDER BY `g_order` [ RunTime:0.000285s ]
[ sql ] [ SQL ] SELECT COUNT(*) AS tp_count FROM `note` LIMIT 1 [ RunTime:0.000284s ]
[ sql ] [ SQL ] SHOW COLUMNS FROM `yearlist` [ RunTime:0.000929s ]
[ sql ] [ SQL ] SELECT DISTINCT  `year` FROM `yearlist` ORDER BY year desc [ RunTime:0.000610s ]
