---------------------------------------------------------------
[ 2018-07-17T17:27:03+08:00 ] 74.120.168.12 74.120.168.12 GET /daily/
[ info ] qingrang.top/daily/ [运行时间：0.154465s][吞吐率：6.47req/s] [内存消耗：3,262.53kb] [文件加载：55]
[ info ] [ LANG ] /var/www/html/daily/thinkphp/lang/zh-cn.php
[ info ] [ ROUTE ] array (
  'type' => 'module',
  'module' => 
  array (
    0 => '',
    1 => NULL,
    2 => NULL,
  ),
)
[ info ] [ HEADER ] array (
  'host' => 'qingrang.top',
  'upgrade-insecure-requests' => '1',
  'user-agent' => 'Mozilla/5.0 (Windows NT 10.0; Win64; x64) AppleWebKit/537.36 (KHTML, like Gecko) Chrome/67.0.3396.99 Safari/537.36',
  'accept' => 'text/html,application/xhtml+xml,application/xml;q=0.9,image/webp,image/apng,*/*;q=0.8',
  'accept-encoding' => 'gzip, deflate',
  'accept-language' => 'zh-CN,zh;q=0.9',
  'cookie' => 'OUTFOX_SEARCH_USER_ID_NCOO=300956949.4398302',
  'connection' => 'close',
)
[ info ] [ PARAM ] array (
)
[ info ] [ RUN ] app\admin\controller\Note->notelst[ /var/www/html/daily/application/admin/controller/Note.php ]
[ info ] [ DB ] INIT mysql
[ info ] [ VIEW ] /var/www/html/daily/application/admin/view/note/notelst.html [ array (
  0 => 'autoSave',
  1 => 'phoneSave',
  2 => 'hide',
  3 => 'list',
  4 => 'groups',
  5 => 'groups0',
  6 => 'groups1',
  7 => 'groups2',
  8 => 'count',
  9 => 'year',
) ]
[ info ] [ LOG ] INIT File
[ sql ] [ DB ] CONNECT:[ UseTime:0.003015s ] mysql:host=74.120.168.12;dbname=diary;charset=utf8
[ sql ] [ SQL ] SHOW COLUMNS FROM `note` [ RunTime:0.002533s ]
[ sql ] [ SQL ] SELECT * FROM `note` WHERE  `groups` <> 'Essay' ORDER BY id desc [ RunTime:0.006168s ]
[ sql ] [ SQL ] SHOW COLUMNS FROM `config` [ RunTime:0.001736s ]
[ sql ] [ SQL ] SELECT * FROM `config` WHERE  `name` = 'hide' LIMIT 1 [ RunTime:0.000391s ]
[ sql ] [ SQL ] SELECT * FROM `note` WHERE  `id` = 1 LIMIT 1 [ RunTime:0.000470s ]
[ sql ] [ SQL ] SELECT * FROM `note` WHERE  `id` = 2 LIMIT 1 [ RunTime:0.000373s ]
[ sql ] [ SQL ] SHOW COLUMNS FROM `groups` [ RunTime:0.001060s ]
[ sql ] [ SQL ] SELECT * FROM `groups` [ RunTime:0.000373s ]
[ sql ] [ SQL ] SELECT * FROM `groups` WHERE  `parent_id` = 0 ORDER BY `g_order` [ RunTime:0.000460s ]
[ sql ] [ SQL ] SELECT `groups` FROM `groups` WHERE  `parent_id` = 1 [ RunTime:0.000312s ]
[ sql ] [ SQL ] SELECT * FROM `groups` WHERE  `parent_id` = 2 ORDER BY `g_order` [ RunTime:0.000340s ]
[ sql ] [ SQL ] SELECT COUNT(*) AS tp_count FROM `note` LIMIT 1 [ RunTime:0.000425s ]
[ sql ] [ SQL ] SHOW COLUMNS FROM `yearlist` [ RunTime:0.001925s ]
[ sql ] [ SQL ] SELECT DISTINCT  `year` FROM `yearlist` ORDER BY year desc [ RunTime:0.001749s ]
---------------------------------------------------------------
[ 2018-07-17T17:28:13+08:00 ] 74.120.168.12 74.120.168.12 POST /daily/admin/note/ashownote2.html
[ info ] qingrang.top/daily/admin/note/ashownote2.html [运行时间：0.060051s][吞吐率：16.65req/s] [内存消耗：2,114.00kb] [文件加载：50]
[ info ] [ LANG ] /var/www/html/daily/thinkphp/lang/zh-cn.php
[ info ] [ ROUTE ] array (
  'type' => 'module',
  'module' => 
  array (
    0 => 'admin',
    1 => 'note',
    2 => 'ashownote2',
  ),
)
[ info ] [ HEADER ] array (
  'host' => 'qingrang.top',
  'content-length' => '12',
  'accept' => 'application/json, text/javascript, */*; q=0.01',
  'origin' => 'http://qingrang.top',
  'x-requested-with' => 'XMLHttpRequest',
  'user-agent' => 'Mozilla/5.0 (Windows NT 10.0; Win64; x64) AppleWebKit/537.36 (KHTML, like Gecko) Chrome/67.0.3396.99 Safari/537.36',
  'content-type' => 'application/x-www-form-urlencoded',
  'referer' => 'http://qingrang.top/daily/',
  'accept-encoding' => 'gzip, deflate',
  'accept-language' => 'zh-CN,zh;q=0.9',
  'cookie' => 'OUTFOX_SEARCH_USER_ID_NCOO=300956949.4398302',
  'connection' => 'close',
)
[ info ] [ PARAM ] array (
  'groupname' => 'JS',
)
[ info ] [ RUN ] app\admin\controller\Note->aShowNote2[ /var/www/html/daily/application/admin/controller/Note.php ]
[ info ] [ DB ] INIT mysql
[ info ] [ LOG ] INIT File
[ sql ] [ DB ] CONNECT:[ UseTime:0.002159s ] mysql:host=74.120.168.12;dbname=diary;charset=utf8
[ sql ] [ SQL ] SHOW COLUMNS FROM `note` [ RunTime:0.001685s ]
[ sql ] [ SQL ] SELECT * FROM `note` WHERE  `groups` = 'JS' ORDER BY id desc [ RunTime:0.001069s ]
---------------------------------------------------------------
[ 2018-07-17T17:28:22+08:00 ] 74.120.168.12 74.120.168.12 GET /daily/admin/note/editNote/id/116
[ info ] qingrang.top/daily/admin/note/editNote/id/116 [运行时间：0.063262s][吞吐率：15.81req/s] [内存消耗：2,024.01kb] [文件加载：55]
[ info ] [ LANG ] /var/www/html/daily/thinkphp/lang/zh-cn.php
[ info ] [ ROUTE ] array (
  'type' => 'module',
  'module' => 
  array (
    0 => 'admin',
    1 => 'note',
    2 => 'editNote',
  ),
)
[ info ] [ HEADER ] array (
  'host' => 'qingrang.top',
  'upgrade-insecure-requests' => '1',
  'user-agent' => 'Mozilla/5.0 (Windows NT 10.0; Win64; x64) AppleWebKit/537.36 (KHTML, like Gecko) Chrome/67.0.3396.99 Safari/537.36',
  'accept' => 'text/html,application/xhtml+xml,application/xml;q=0.9,image/webp,image/apng,*/*;q=0.8',
  'referer' => 'http://qingrang.top/daily/',
  'accept-encoding' => 'gzip, deflate',
  'accept-language' => 'zh-CN,zh;q=0.9',
  'cookie' => 'OUTFOX_SEARCH_USER_ID_NCOO=300956949.4398302',
  'connection' => 'close',
)
[ info ] [ PARAM ] array (
  'id' => '116',
)
[ info ] [ RUN ] app\admin\controller\Note->editNote[ /var/www/html/daily/application/admin/controller/Note.php ]
[ info ] [ DB ] INIT mysql
[ info ] [ VIEW ] /var/www/html/daily/application/admin/view/note/editnote.html [ array (
  0 => 'note',
  1 => 'groups',
) ]
[ info ] [ LOG ] INIT File
[ sql ] [ DB ] CONNECT:[ UseTime:0.000547s ] mysql:host=74.120.168.12;dbname=diary;charset=utf8
[ sql ] [ SQL ] SHOW COLUMNS FROM `note` [ RunTime:0.001405s ]
[ sql ] [ SQL ] SELECT * FROM `note` WHERE  `id` = 116 LIMIT 1 [ RunTime:0.000431s ]
[ sql ] [ SQL ] SHOW COLUMNS FROM `groups` [ RunTime:0.000877s ]
[ sql ] [ SQL ] SELECT * FROM `groups` [ RunTime:0.000347s ]
---------------------------------------------------------------
[ 2018-07-17T17:28:40+08:00 ] 74.120.168.12 74.120.168.12 GET /daily/
[ info ] qingrang.top/daily/ [运行时间：0.120446s][吞吐率：8.30req/s] [内存消耗：3,262.81kb] [文件加载：55]
[ info ] [ LANG ] /var/www/html/daily/thinkphp/lang/zh-cn.php
[ info ] [ ROUTE ] array (
  'type' => 'module',
  'module' => 
  array (
    0 => '',
    1 => NULL,
    2 => NULL,
  ),
)
[ info ] [ HEADER ] array (
  'host' => 'qingrang.top',
  'cache-control' => 'max-age=0',
  'upgrade-insecure-requests' => '1',
  'user-agent' => 'Mozilla/5.0 (Windows NT 10.0; Win64; x64) AppleWebKit/537.36 (KHTML, like Gecko) Chrome/67.0.3396.99 Safari/537.36',
  'accept' => 'text/html,application/xhtml+xml,application/xml;q=0.9,image/webp,image/apng,*/*;q=0.8',
  'accept-encoding' => 'gzip, deflate',
  'accept-language' => 'zh-CN,zh;q=0.9',
  'cookie' => 'OUTFOX_SEARCH_USER_ID_NCOO=300956949.4398302',
  'connection' => 'close',
)
[ info ] [ PARAM ] array (
)
[ info ] [ RUN ] app\admin\controller\Note->notelst[ /var/www/html/daily/application/admin/controller/Note.php ]
[ info ] [ DB ] INIT mysql
[ info ] [ VIEW ] /var/www/html/daily/application/admin/view/note/notelst.html [ array (
  0 => 'autoSave',
  1 => 'phoneSave',
  2 => 'hide',
  3 => 'list',
  4 => 'groups',
  5 => 'groups0',
  6 => 'groups1',
  7 => 'groups2',
  8 => 'count',
  9 => 'year',
) ]
[ info ] [ LOG ] INIT File
[ sql ] [ DB ] CONNECT:[ UseTime:0.000474s ] mysql:host=74.120.168.12;dbname=diary;charset=utf8
[ sql ] [ SQL ] SHOW COLUMNS FROM `note` [ RunTime:0.001416s ]
[ sql ] [ SQL ] SELECT * FROM `note` WHERE  `groups` <> 'Essay' ORDER BY id desc [ RunTime:0.004560s ]
[ sql ] [ SQL ] SHOW COLUMNS FROM `config` [ RunTime:0.001176s ]
[ sql ] [ SQL ] SELECT * FROM `config` WHERE  `name` = 'hide' LIMIT 1 [ RunTime:0.000316s ]
[ sql ] [ SQL ] SELECT * FROM `note` WHERE  `id` = 1 LIMIT 1 [ RunTime:0.000363s ]
[ sql ] [ SQL ] SELECT * FROM `note` WHERE  `id` = 2 LIMIT 1 [ RunTime:0.000289s ]
[ sql ] [ SQL ] SHOW COLUMNS FROM `groups` [ RunTime:0.000975s ]
[ sql ] [ SQL ] SELECT * FROM `groups` [ RunTime:0.000277s ]
[ sql ] [ SQL ] SELECT * FROM `groups` WHERE  `parent_id` = 0 ORDER BY `g_order` [ RunTime:0.000324s ]
[ sql ] [ SQL ] SELECT `groups` FROM `groups` WHERE  `parent_id` = 1 [ RunTime:0.000323s ]
[ sql ] [ SQL ] SELECT * FROM `groups` WHERE  `parent_id` = 2 ORDER BY `g_order` [ RunTime:0.000305s ]
[ sql ] [ SQL ] SELECT COUNT(*) AS tp_count FROM `note` LIMIT 1 [ RunTime:0.000573s ]
[ sql ] [ SQL ] SHOW COLUMNS FROM `yearlist` [ RunTime:0.001056s ]
[ sql ] [ SQL ] SELECT DISTINCT  `year` FROM `yearlist` ORDER BY year desc [ RunTime:0.000616s ]
---------------------------------------------------------------
[ 2018-07-17T17:28:43+08:00 ] 74.120.168.12 74.120.168.12 POST /daily/admin/note/noteview.html
[ info ] qingrang.top/daily/admin/note/noteview.html [运行时间：0.055702s][吞吐率：17.95req/s] [内存消耗：2,087.21kb] [文件加载：50]
[ info ] [ LANG ] /var/www/html/daily/thinkphp/lang/zh-cn.php
[ info ] [ ROUTE ] array (
  'type' => 'module',
  'module' => 
  array (
    0 => 'admin',
    1 => 'note',
    2 => 'noteview',
  ),
)
[ info ] [ HEADER ] array (
  'host' => 'qingrang.top',
  'content-length' => '10',
  'accept' => 'application/json, text/javascript, */*; q=0.01',
  'origin' => 'http://qingrang.top',
  'x-requested-with' => 'XMLHttpRequest',
  'user-agent' => 'Mozilla/5.0 (Windows NT 10.0; Win64; x64) AppleWebKit/537.36 (KHTML, like Gecko) Chrome/67.0.3396.99 Safari/537.36',
  'content-type' => 'application/x-www-form-urlencoded',
  'referer' => 'http://qingrang.top/daily/',
  'accept-encoding' => 'gzip, deflate',
  'accept-language' => 'zh-CN,zh;q=0.9',
  'cookie' => 'OUTFOX_SEARCH_USER_ID_NCOO=300956949.4398302',
  'connection' => 'close',
)
[ info ] [ PARAM ] array (
  'noteid' => '192',
)
[ info ] [ RUN ] app\admin\controller\Note->noteview[ /var/www/html/daily/application/admin/controller/Note.php ]
[ info ] [ DB ] INIT mysql
[ info ] [ LOG ] INIT File
[ sql ] [ DB ] CONNECT:[ UseTime:0.002137s ] mysql:host=74.120.168.12;dbname=diary;charset=utf8
[ sql ] [ SQL ] SHOW COLUMNS FROM `note` [ RunTime:0.001333s ]
[ sql ] [ SQL ] SELECT * FROM `note` WHERE  `id` = 192 LIMIT 1 [ RunTime:0.000504s ]
---------------------------------------------------------------
[ 2018-07-17T17:28:44+08:00 ] 74.120.168.12 74.120.168.12 GET /daily/admin/note/shownote/id/192.html
[ info ] qingrang.top/daily/admin/note/shownote/id/192.html [运行时间：0.068676s][吞吐率：14.56req/s] [内存消耗：1,980.78kb] [文件加载：54]
[ info ] [ LANG ] /var/www/html/daily/thinkphp/lang/zh-cn.php
[ info ] [ ROUTE ] array (
  'type' => 'module',
  'module' => 
  array (
    0 => 'admin',
    1 => 'note',
    2 => 'shownote',
  ),
)
[ info ] [ HEADER ] array (
  'host' => 'qingrang.top',
  'upgrade-insecure-requests' => '1',
  'user-agent' => 'Mozilla/5.0 (Windows NT 10.0; Win64; x64) AppleWebKit/537.36 (KHTML, like Gecko) Chrome/67.0.3396.99 Safari/537.36',
  'accept' => 'text/html,application/xhtml+xml,application/xml;q=0.9,image/webp,image/apng,*/*;q=0.8',
  'referer' => 'http://qingrang.top/daily/',
  'accept-encoding' => 'gzip, deflate',
  'accept-language' => 'zh-CN,zh;q=0.9',
  'cookie' => 'OUTFOX_SEARCH_USER_ID_NCOO=300956949.4398302',
  'connection' => 'close',
)
[ info ] [ PARAM ] array (
  'id' => '192',
)
[ info ] [ RUN ] app\admin\controller\Note->showNote[ /var/www/html/daily/application/admin/controller/Note.php ]
[ info ] [ DB ] INIT mysql
[ info ] [ VIEW ] /var/www/html/daily/application/admin/view/note/shownote.html [ array (
  0 => 'note',
  1 => 'groups',
) ]
[ info ] [ LOG ] INIT File
[ sql ] [ DB ] CONNECT:[ UseTime:0.002288s ] mysql:host=74.120.168.12;dbname=diary;charset=utf8
[ sql ] [ SQL ] SHOW COLUMNS FROM `note` [ RunTime:0.001430s ]
[ sql ] [ SQL ] SELECT * FROM `note` WHERE  `id` = 192 LIMIT 1 [ RunTime:0.000458s ]
[ sql ] [ SQL ] SHOW COLUMNS FROM `groups` [ RunTime:0.001038s ]
[ sql ] [ SQL ] SELECT * FROM `groups` [ RunTime:0.000286s ]
---------------------------------------------------------------
[ 2018-07-17T17:29:58+08:00 ] 74.120.168.12 74.120.168.12 POST /daily/admin/note/ashownote1.html
[ info ] qingrang.top/daily/admin/note/ashownote1.html [运行时间：0.055379s][吞吐率：18.06req/s] [内存消耗：2,139.59kb] [文件加载：52]
[ info ] [ LANG ] /var/www/html/daily/thinkphp/lang/zh-cn.php
[ info ] [ ROUTE ] array (
  'type' => 'module',
  'module' => 
  array (
    0 => 'admin',
    1 => 'note',
    2 => 'ashownote1',
  ),
)
[ info ] [ HEADER ] array (
  'host' => 'qingrang.top',
  'content-length' => '10',
  'accept' => 'application/json, text/javascript, */*; q=0.01',
  'origin' => 'http://qingrang.top',
  'x-requested-with' => 'XMLHttpRequest',
  'user-agent' => 'Mozilla/5.0 (Windows NT 10.0; Win64; x64) AppleWebKit/537.36 (KHTML, like Gecko) Chrome/67.0.3396.99 Safari/537.36',
  'content-type' => 'application/x-www-form-urlencoded',
  'referer' => 'http://qingrang.top/daily/',
  'accept-encoding' => 'gzip, deflate',
  'accept-language' => 'zh-CN,zh;q=0.9',
  'cookie' => 'OUTFOX_SEARCH_USER_ID_NCOO=300956949.4398302',
  'connection' => 'close',
)
[ info ] [ PARAM ] array (
  'groupsID' => '0',
)
[ info ] [ RUN ] app\admin\controller\Note->aShowNote1[ /var/www/html/daily/application/admin/controller/Note.php ]
[ info ] [ DB ] INIT mysql
[ info ] [ LOG ] INIT File
[ sql ] [ DB ] CONNECT:[ UseTime:0.000550s ] mysql:host=74.120.168.12;dbname=diary;charset=utf8
[ sql ] [ SQL ] SHOW COLUMNS FROM `note` [ RunTime:0.001325s ]
[ sql ] [ SQL ] SELECT * FROM `note` WHERE  `p_id` = 0  AND `id` > 2 ORDER BY id desc [ RunTime:0.001037s ]
---------------------------------------------------------------
[ 2018-07-17T17:30:06+08:00 ] 74.120.168.12 74.120.168.12 POST /daily/admin/login/passdaily.html
[ info ] qingrang.top/daily/admin/login/passdaily.html [运行时间：0.087940s][吞吐率：11.37req/s] [内存消耗：1,898.93kb] [文件加载：52]
[ info ] [ LANG ] /var/www/html/daily/thinkphp/lang/zh-cn.php
[ info ] [ ROUTE ] array (
  'type' => 'module',
  'module' => 
  array (
    0 => 'admin',
    1 => 'login',
    2 => 'passdaily',
  ),
)
[ info ] [ HEADER ] array (
  'host' => 'qingrang.top',
  'content-length' => '13',
  'accept' => 'text/plain, */*; q=0.01',
  'origin' => 'http://qingrang.top',
  'x-requested-with' => 'XMLHttpRequest',
  'user-agent' => 'Mozilla/5.0 (Windows NT 10.0; Win64; x64) AppleWebKit/537.36 (KHTML, like Gecko) Chrome/67.0.3396.99 Safari/537.36',
  'content-type' => 'application/x-www-form-urlencoded',
  'referer' => 'http://qingrang.top/daily/',
  'accept-encoding' => 'gzip, deflate',
  'accept-language' => 'zh-CN,zh;q=0.9',
  'cookie' => 'OUTFOX_SEARCH_USER_ID_NCOO=300956949.4398302',
  'connection' => 'close',
)
[ info ] [ PARAM ] array (
  'password' => 'shao',
)
[ info ] [ RUN ] app\admin\controller\Login->passDaily[ /var/www/html/daily/application/admin/controller/Login.php ]
[ info ] [ DB ] INIT mysql
[ info ] [ LOG ] INIT File
[ sql ] [ DB ] CONNECT:[ UseTime:0.002290s ] mysql:host=74.120.168.12;dbname=diary;charset=utf8
[ sql ] [ SQL ] SHOW COLUMNS FROM `admin` [ RunTime:0.001531s ]
[ sql ] [ SQL ] SELECT * FROM `admin` WHERE  `id` = 1 LIMIT 1 [ RunTime:0.000459s ]
---------------------------------------------------------------
[ 2018-07-17T17:30:07+08:00 ] 74.120.168.12 74.120.168.12 GET /daily/admin/dailylist/dailylist.html
[ info ] qingrang.top/daily/admin/dailylist/dailylist.html [运行时间：0.098018s][吞吐率：10.20req/s] [内存消耗：2,399.15kb] [文件加载：57]
[ info ] [ LANG ] /var/www/html/daily/thinkphp/lang/zh-cn.php
[ info ] [ ROUTE ] array (
  'type' => 'module',
  'module' => 
  array (
    0 => 'admin',
    1 => 'dailylist',
    2 => 'dailylist',
  ),
)
[ info ] [ HEADER ] array (
  'host' => 'qingrang.top',
  'upgrade-insecure-requests' => '1',
  'user-agent' => 'Mozilla/5.0 (Windows NT 10.0; Win64; x64) AppleWebKit/537.36 (KHTML, like Gecko) Chrome/67.0.3396.99 Safari/537.36',
  'accept' => 'text/html,application/xhtml+xml,application/xml;q=0.9,image/webp,image/apng,*/*;q=0.8',
  'referer' => 'http://qingrang.top/daily/',
  'accept-encoding' => 'gzip, deflate',
  'accept-language' => 'zh-CN,zh;q=0.9',
  'cookie' => 'OUTFOX_SEARCH_USER_ID_NCOO=300956949.4398302',
  'connection' => 'close',
)
[ info ] [ PARAM ] array (
)
[ info ] [ RUN ] app\admin\controller\Dailylist->dailylist[ /var/www/html/daily/application/admin/controller/Dailylist.php ]
[ info ] [ DB ] INIT mysql
[ info ] [ VIEW ] /var/www/html/daily/application/admin/view/dailylist/dailylist.html [ array (
  0 => 'list',
  1 => 'count',
  2 => 'hide',
) ]
[ info ] [ LOG ] INIT File
[ sql ] [ DB ] CONNECT:[ UseTime:0.002465s ] mysql:host=74.120.168.12;dbname=diary;charset=utf8
[ sql ] [ SQL ] SHOW COLUMNS FROM `config` [ RunTime:0.001317s ]
[ sql ] [ SQL ] SELECT * FROM `config` WHERE  `name` = 'hide' LIMIT 1 [ RunTime:0.000446s ]
[ sql ] [ SQL ] SHOW COLUMNS FROM `dailylist` [ RunTime:0.000924s ]
[ sql ] [ SQL ] SELECT * FROM `dailylist` ORDER BY id desc [ RunTime:0.001373s ]
[ sql ] [ SQL ] SELECT COUNT(*) AS tp_count FROM `dailylist` LIMIT 1 [ RunTime:0.000350s ]
---------------------------------------------------------------
[ 2018-07-17T17:30:10+08:00 ] 74.120.168.12 74.120.168.12 GET /daily/admin/dailylist/showdaily/id/104.html
[ info ] qingrang.top/daily/admin/dailylist/showdaily/id/104.html [运行时间：0.056607s][吞吐率：17.67req/s] [内存消耗：2,237.77kb] [文件加载：56]
[ info ] [ LANG ] /var/www/html/daily/thinkphp/lang/zh-cn.php
[ info ] [ ROUTE ] array (
  'type' => 'module',
  'module' => 
  array (
    0 => 'admin',
    1 => 'dailylist',
    2 => 'showdaily',
  ),
)
[ info ] [ HEADER ] array (
  'host' => 'qingrang.top',
  'upgrade-insecure-requests' => '1',
  'user-agent' => 'Mozilla/5.0 (Windows NT 10.0; Win64; x64) AppleWebKit/537.36 (KHTML, like Gecko) Chrome/67.0.3396.99 Safari/537.36',
  'accept' => 'text/html,application/xhtml+xml,application/xml;q=0.9,image/webp,image/apng,*/*;q=0.8',
  'referer' => 'http://qingrang.top/daily/admin/dailylist/dailylist.html',
  'accept-encoding' => 'gzip, deflate',
  'accept-language' => 'zh-CN,zh;q=0.9',
  'cookie' => 'OUTFOX_SEARCH_USER_ID_NCOO=300956949.4398302',
  'connection' => 'close',
)
[ info ] [ PARAM ] array (
  'id' => '104',
)
[ info ] [ RUN ] app\admin\controller\Dailylist->showDaily[ /var/www/html/daily/application/admin/controller/Dailylist.php ]
[ info ] [ DB ] INIT mysql
[ info ] [ VIEW ] /var/www/html/daily/application/admin/view/dailylist/showdaily.html [ array (
  0 => 'daily',
) ]
[ info ] [ LOG ] INIT File
[ sql ] [ DB ] CONNECT:[ UseTime:0.000604s ] mysql:host=74.120.168.12;dbname=diary;charset=utf8
[ sql ] [ SQL ] SHOW COLUMNS FROM `dailylist` [ RunTime:0.001163s ]
[ sql ] [ SQL ] SELECT * FROM `dailylist` WHERE  `id` = 104 LIMIT 1 [ RunTime:0.000406s ]
---------------------------------------------------------------
[ 2018-07-17T17:30:48+08:00 ] 74.120.168.12 74.120.168.12 GET /daily/admin/note/notelst.html
[ info ] qingrang.top/daily/admin/note/notelst.html [运行时间：0.118714s][吞吐率：8.42req/s] [内存消耗：3,265.34kb] [文件加载：55]
[ info ] [ LANG ] /var/www/html/daily/thinkphp/lang/zh-cn.php
[ info ] [ ROUTE ] array (
  'type' => 'module',
  'module' => 
  array (
    0 => 'admin',
    1 => 'note',
    2 => 'notelst',
  ),
)
[ info ] [ HEADER ] array (
  'host' => 'qingrang.top',
  'upgrade-insecure-requests' => '1',
  'user-agent' => 'Mozilla/5.0 (Windows NT 10.0; Win64; x64) AppleWebKit/537.36 (KHTML, like Gecko) Chrome/67.0.3396.99 Safari/537.36',
  'accept' => 'text/html,application/xhtml+xml,application/xml;q=0.9,image/webp,image/apng,*/*;q=0.8',
  'referer' => 'http://qingrang.top/daily/admin/dailylist/dailylist.html',
  'accept-encoding' => 'gzip, deflate',
  'accept-language' => 'zh-CN,zh;q=0.9',
  'cookie' => 'OUTFOX_SEARCH_USER_ID_NCOO=300956949.4398302',
  'connection' => 'close',
)
[ info ] [ PARAM ] array (
)
[ info ] [ RUN ] app\admin\controller\Note->notelst[ /var/www/html/daily/application/admin/controller/Note.php ]
[ info ] [ DB ] INIT mysql
[ info ] [ VIEW ] /var/www/html/daily/application/admin/view/note/notelst.html [ array (
  0 => 'autoSave',
  1 => 'phoneSave',
  2 => 'hide',
  3 => 'list',
  4 => 'groups',
  5 => 'groups0',
  6 => 'groups1',
  7 => 'groups2',
  8 => 'count',
  9 => 'year',
) ]
[ info ] [ LOG ] INIT File
[ sql ] [ DB ] CONNECT:[ UseTime:0.000578s ] mysql:host=74.120.168.12;dbname=diary;charset=utf8
[ sql ] [ SQL ] SHOW COLUMNS FROM `note` [ RunTime:0.001188s ]
[ sql ] [ SQL ] SELECT * FROM `note` WHERE  `groups` <> 'Essay' ORDER BY id desc [ RunTime:0.003244s ]
[ sql ] [ SQL ] SHOW COLUMNS FROM `config` [ RunTime:0.001064s ]
[ sql ] [ SQL ] SELECT * FROM `config` WHERE  `name` = 'hide' LIMIT 1 [ RunTime:0.000406s ]
[ sql ] [ SQL ] SELECT * FROM `note` WHERE  `id` = 1 LIMIT 1 [ RunTime:0.000404s ]
[ sql ] [ SQL ] SELECT * FROM `note` WHERE  `id` = 2 LIMIT 1 [ RunTime:0.000288s ]
[ sql ] [ SQL ] SHOW COLUMNS FROM `groups` [ RunTime:0.000800s ]
[ sql ] [ SQL ] SELECT * FROM `groups` [ RunTime:0.000265s ]
[ sql ] [ SQL ] SELECT * FROM `groups` WHERE  `parent_id` = 0 ORDER BY `g_order` [ RunTime:0.000366s ]
[ sql ] [ SQL ] SELECT `groups` FROM `groups` WHERE  `parent_id` = 1 [ RunTime:0.000271s ]
[ sql ] [ SQL ] SELECT * FROM `groups` WHERE  `parent_id` = 2 ORDER BY `g_order` [ RunTime:0.000367s ]
[ sql ] [ SQL ] SELECT COUNT(*) AS tp_count FROM `note` LIMIT 1 [ RunTime:0.000235s ]
[ sql ] [ SQL ] SHOW COLUMNS FROM `yearlist` [ RunTime:0.000981s ]
[ sql ] [ SQL ] SELECT DISTINCT  `year` FROM `yearlist` ORDER BY year desc [ RunTime:0.000667s ]
---------------------------------------------------------------
[ 2018-07-17T17:30:52+08:00 ] 74.120.168.12 74.120.168.12 POST /daily/admin/note/ashownote1.html
[ info ] qingrang.top/daily/admin/note/ashownote1.html [运行时间：0.074799s][吞吐率：13.37req/s] [内存消耗：2,139.50kb] [文件加载：52]
[ info ] [ LANG ] /var/www/html/daily/thinkphp/lang/zh-cn.php
[ info ] [ ROUTE ] array (
  'type' => 'module',
  'module' => 
  array (
    0 => 'admin',
    1 => 'note',
    2 => 'ashownote1',
  ),
)
[ info ] [ HEADER ] array (
  'host' => 'qingrang.top',
  'content-length' => '11',
  'accept' => 'application/json, text/javascript, */*; q=0.01',
  'origin' => 'http://qingrang.top',
  'x-requested-with' => 'XMLHttpRequest',
  'user-agent' => 'Mozilla/5.0 (Windows NT 10.0; Win64; x64) AppleWebKit/537.36 (KHTML, like Gecko) Chrome/67.0.3396.99 Safari/537.36',
  'content-type' => 'application/x-www-form-urlencoded',
  'referer' => 'http://qingrang.top/daily/admin/note/notelst.html',
  'accept-encoding' => 'gzip, deflate',
  'accept-language' => 'zh-CN,zh;q=0.9',
  'cookie' => 'OUTFOX_SEARCH_USER_ID_NCOO=300956949.4398302',
  'connection' => 'close',
)
[ info ] [ PARAM ] array (
  'groupsID' => '99',
)
[ info ] [ RUN ] app\admin\controller\Note->aShowNote1[ /var/www/html/daily/application/admin/controller/Note.php ]
[ info ] [ DB ] INIT mysql
[ info ] [ LOG ] INIT File
[ sql ] [ DB ] CONNECT:[ UseTime:0.000602s ] mysql:host=74.120.168.12;dbname=diary;charset=utf8
[ sql ] [ SQL ] SHOW COLUMNS FROM `note` [ RunTime:0.001773s ]
[ sql ] [ SQL ] SELECT * FROM `note` WHERE  `p_id` = 99  AND `id` > 2 ORDER BY id desc [ RunTime:0.001190s ]
---------------------------------------------------------------
[ 2018-07-17T17:30:55+08:00 ] 74.120.168.12 74.120.168.12 POST /daily/admin/login/passdaily.html
[ info ] qingrang.top/daily/admin/login/passdaily.html [运行时间：0.052410s][吞吐率：19.08req/s] [内存消耗：1,898.94kb] [文件加载：52]
[ info ] [ LANG ] /var/www/html/daily/thinkphp/lang/zh-cn.php
[ info ] [ ROUTE ] array (
  'type' => 'module',
  'module' => 
  array (
    0 => 'admin',
    1 => 'login',
    2 => 'passdaily',
  ),
)
[ info ] [ HEADER ] array (
  'host' => 'qingrang.top',
  'content-length' => '13',
  'accept' => 'text/plain, */*; q=0.01',
  'origin' => 'http://qingrang.top',
  'x-requested-with' => 'XMLHttpRequest',
  'user-agent' => 'Mozilla/5.0 (Windows NT 10.0; Win64; x64) AppleWebKit/537.36 (KHTML, like Gecko) Chrome/67.0.3396.99 Safari/537.36',
  'content-type' => 'application/x-www-form-urlencoded',
  'referer' => 'http://qingrang.top/daily/admin/note/notelst.html',
  'accept-encoding' => 'gzip, deflate',
  'accept-language' => 'zh-CN,zh;q=0.9',
  'cookie' => 'OUTFOX_SEARCH_USER_ID_NCOO=300956949.4398302',
  'connection' => 'close',
)
[ info ] [ PARAM ] array (
  'password' => 'shao',
)
[ info ] [ RUN ] app\admin\controller\Login->passDaily[ /var/www/html/daily/application/admin/controller/Login.php ]
[ info ] [ DB ] INIT mysql
[ info ] [ LOG ] INIT File
[ sql ] [ DB ] CONNECT:[ UseTime:0.000477s ] mysql:host=74.120.168.12;dbname=diary;charset=utf8
[ sql ] [ SQL ] SHOW COLUMNS FROM `admin` [ RunTime:0.001257s ]
[ sql ] [ SQL ] SELECT * FROM `admin` WHERE  `id` = 1 LIMIT 1 [ RunTime:0.000331s ]
---------------------------------------------------------------
[ 2018-07-17T17:30:55+08:00 ] 74.120.168.12 74.120.168.12 GET /daily/admin/yearlist/yearlist.html
[ info ] qingrang.top/daily/admin/yearlist/yearlist.html [运行时间：0.057207s][吞吐率：17.48req/s] [内存消耗：2,120.55kb] [文件加载：56]
[ info ] [ LANG ] /var/www/html/daily/thinkphp/lang/zh-cn.php
[ info ] [ ROUTE ] array (
  'type' => 'module',
  'module' => 
  array (
    0 => 'admin',
    1 => 'yearlist',
    2 => 'yearlist',
  ),
)
[ info ] [ HEADER ] array (
  'host' => 'qingrang.top',
  'upgrade-insecure-requests' => '1',
  'user-agent' => 'Mozilla/5.0 (Windows NT 10.0; Win64; x64) AppleWebKit/537.36 (KHTML, like Gecko) Chrome/67.0.3396.99 Safari/537.36',
  'accept' => 'text/html,application/xhtml+xml,application/xml;q=0.9,image/webp,image/apng,*/*;q=0.8',
  'referer' => 'http://qingrang.top/daily/admin/note/notelst.html',
  'accept-encoding' => 'gzip, deflate',
  'accept-language' => 'zh-CN,zh;q=0.9',
  'cookie' => 'OUTFOX_SEARCH_USER_ID_NCOO=300956949.4398302',
  'connection' => 'close',
)
[ info ] [ PARAM ] array (
)
[ info ] [ RUN ] app\admin\controller\Yearlist->yearlist[ /var/www/html/daily/application/admin/controller/Yearlist.php ]
[ info ] [ DB ] INIT mysql
[ info ] [ VIEW ] /var/www/html/daily/application/admin/view/yearlist/file.html [ array (
  0 => 'other',
  1 => 'top',
  2 => 'bookother',
  3 => 'booktop',
  4 => 'music',
  5 => 'event',
) ]
[ info ] [ LOG ] INIT File
[ sql ] [ DB ] CONNECT:[ UseTime:0.000485s ] mysql:host=74.120.168.12;dbname=diary;charset=utf8
[ sql ] [ SQL ] SHOW COLUMNS FROM `yearlist` [ RunTime:0.001212s ]
[ sql ] [ SQL ] SELECT * FROM `yearlist` WHERE  `group` = 1  AND `rank` = 1 [ RunTime:0.000383s ]
[ sql ] [ SQL ] SELECT * FROM `yearlist` WHERE  `group` = 1  AND `rank` > 1 ORDER BY `rank` [ RunTime:0.000450s ]
[ sql ] [ SQL ] SELECT * FROM `yearlist` WHERE  `group` = 2  AND `rank` = 1 [ RunTime:0.000395s ]
[ sql ] [ SQL ] SELECT * FROM `yearlist` WHERE  `group` = 2  AND `rank` > 1 ORDER BY `rank` [ RunTime:0.000410s ]
[ sql ] [ SQL ] SELECT * FROM `yearlist` WHERE  `group` = 3 [ RunTime:0.000357s ]
[ sql ] [ SQL ] SELECT * FROM `yearlist` WHERE  `group` = 4 ORDER BY `rank` [ RunTime:0.000337s ]
---------------------------------------------------------------
[ 2018-07-17T17:31:33+08:00 ] 74.120.168.12 74.120.168.12 GET /daily/admin/note/shownote/id/45
[ info ] qingrang.top/daily/admin/note/shownote/id/45 [运行时间：0.061124s][吞吐率：16.36req/s] [内存消耗：1,974.78kb] [文件加载：54]
[ info ] [ LANG ] /var/www/html/daily/thinkphp/lang/zh-cn.php
[ info ] [ ROUTE ] array (
  'type' => 'module',
  'module' => 
  array (
    0 => 'admin',
    1 => 'note',
    2 => 'shownote',
  ),
)
[ info ] [ HEADER ] array (
  'host' => 'qingrang.top',
  'upgrade-insecure-requests' => '1',
  'user-agent' => 'Mozilla/5.0 (Windows NT 10.0; Win64; x64) AppleWebKit/537.36 (KHTML, like Gecko) Chrome/67.0.3396.99 Safari/537.36',
  'accept' => 'text/html,application/xhtml+xml,application/xml;q=0.9,image/webp,image/apng,*/*;q=0.8',
  'accept-encoding' => 'gzip, deflate',
  'accept-language' => 'zh-CN,zh;q=0.9',
  'cookie' => 'OUTFOX_SEARCH_USER_ID_NCOO=300956949.4398302',
  'connection' => 'close',
)
[ info ] [ PARAM ] array (
  'id' => '45',
)
[ info ] [ RUN ] app\admin\controller\Note->showNote[ /var/www/html/daily/application/admin/controller/Note.php ]
[ info ] [ DB ] INIT mysql
[ info ] [ VIEW ] /var/www/html/daily/application/admin/view/note/shownote.html [ array (
  0 => 'note',
  1 => 'groups',
) ]
[ info ] [ LOG ] INIT File
[ sql ] [ DB ] CONNECT:[ UseTime:0.000551s ] mysql:host=74.120.168.12;dbname=diary;charset=utf8
[ sql ] [ SQL ] SHOW COLUMNS FROM `note` [ RunTime:0.002455s ]
[ sql ] [ SQL ] SELECT * FROM `note` WHERE  `id` = 45 LIMIT 1 [ RunTime:0.000462s ]
[ sql ] [ SQL ] SHOW COLUMNS FROM `groups` [ RunTime:0.000931s ]
[ sql ] [ SQL ] SELECT * FROM `groups` [ RunTime:0.000363s ]
---------------------------------------------------------------
[ 2018-07-17T17:34:28+08:00 ] 74.120.168.12 74.120.168.12 GET /daily/admin/yearlist/yearlist.html
[ info ] qingrang.top/daily/admin/yearlist/yearlist.html [运行时间：0.052740s][吞吐率：18.96req/s] [内存消耗：1,968.27kb] [文件加载：54]
[ info ] [ LANG ] /var/www/html/daily/thinkphp/lang/zh-cn.php
[ info ] [ ROUTE ] array (
  'type' => 'module',
  'module' => 
  array (
    0 => 'admin',
    1 => 'yearlist',
    2 => 'yearlist',
  ),
)
[ info ] [ HEADER ] array (
  'host' => 'qingrang.top',
  'cache-control' => 'max-age=0',
  'upgrade-insecure-requests' => '1',
  'user-agent' => 'Mozilla/5.0 (Windows NT 10.0; Win64; x64) AppleWebKit/537.36 (KHTML, like Gecko) Chrome/67.0.3396.99 Safari/537.36',
  'accept' => 'text/html,application/xhtml+xml,application/xml;q=0.9,image/webp,image/apng,*/*;q=0.8',
  'referer' => 'http://qingrang.top/daily/admin/note/notelst.html',
  'accept-encoding' => 'gzip, deflate',
  'accept-language' => 'zh-CN,zh;q=0.9',
  'cookie' => 'OUTFOX_SEARCH_USER_ID_NCOO=300956949.4398302',
  'connection' => 'close',
)
[ info ] [ PARAM ] array (
)
[ info ] [ RUN ] app\admin\controller\Yearlist->yearlist[ /var/www/html/daily/application/admin/controller/Yearlist.php ]
[ info ] [ DB ] INIT mysql
[ info ] [ VIEW ] /var/www/html/daily/application/admin/view/yearlist/file.html [ array (
  0 => 'other',
  1 => 'top',
  2 => 'bookother',
  3 => 'booktop',
  4 => 'music',
  5 => 'event',
) ]
[ info ] [ LOG ] INIT File
[ sql ] [ DB ] CONNECT:[ UseTime:0.000488s ] mysql:host=74.120.168.12;dbname=diary;charset=utf8
[ sql ] [ SQL ] SHOW COLUMNS FROM `yearlist` [ RunTime:0.001543s ]
[ sql ] [ SQL ] SELECT * FROM `yearlist` WHERE  `group` = 1  AND `rank` = 1 [ RunTime:0.000421s ]
[ sql ] [ SQL ] SELECT * FROM `yearlist` WHERE  `group` = 1  AND `rank` > 1 ORDER BY `rank` [ RunTime:0.000414s ]
[ sql ] [ SQL ] SELECT * FROM `yearlist` WHERE  `group` = 2  AND `rank` = 1 [ RunTime:0.000381s ]
[ sql ] [ SQL ] SELECT * FROM `yearlist` WHERE  `group` = 2  AND `rank` > 1 ORDER BY `rank` [ RunTime:0.000357s ]
[ sql ] [ SQL ] SELECT * FROM `yearlist` WHERE  `group` = 3 [ RunTime:0.000345s ]
[ sql ] [ SQL ] SELECT * FROM `yearlist` WHERE  `group` = 4 ORDER BY `rank` [ RunTime:0.000427s ]
---------------------------------------------------------------
[ 2018-07-17T17:34:30+08:00 ] 74.120.168.12 74.120.168.12 GET /daily/admin/note/shownote/id/45
[ info ] qingrang.top/daily/admin/note/shownote/id/45 [运行时间：0.046814s][吞吐率：21.36req/s] [内存消耗：1,975.23kb] [文件加载：54]
[ info ] [ LANG ] /var/www/html/daily/thinkphp/lang/zh-cn.php
[ info ] [ ROUTE ] array (
  'type' => 'module',
  'module' => 
  array (
    0 => 'admin',
    1 => 'note',
    2 => 'shownote',
  ),
)
[ info ] [ HEADER ] array (
  'host' => 'qingrang.top',
  'upgrade-insecure-requests' => '1',
  'user-agent' => 'Mozilla/5.0 (Windows NT 10.0; Win64; x64) AppleWebKit/537.36 (KHTML, like Gecko) Chrome/67.0.3396.99 Safari/537.36',
  'accept' => 'text/html,application/xhtml+xml,application/xml;q=0.9,image/webp,image/apng,*/*;q=0.8',
  'referer' => 'http://qingrang.top/daily/admin/yearlist/yearlist.html',
  'accept-encoding' => 'gzip, deflate',
  'accept-language' => 'zh-CN,zh;q=0.9',
  'cookie' => 'OUTFOX_SEARCH_USER_ID_NCOO=300956949.4398302',
  'connection' => 'close',
)
[ info ] [ PARAM ] array (
  'id' => '45',
)
[ info ] [ RUN ] app\admin\controller\Note->showNote[ /var/www/html/daily/application/admin/controller/Note.php ]
[ info ] [ DB ] INIT mysql
[ info ] [ VIEW ] /var/www/html/daily/application/admin/view/note/shownote.html [ array (
  0 => 'note',
  1 => 'groups',
) ]
[ info ] [ LOG ] INIT File
[ sql ] [ DB ] CONNECT:[ UseTime:0.000462s ] mysql:host=74.120.168.12;dbname=diary;charset=utf8
[ sql ] [ SQL ] SHOW COLUMNS FROM `note` [ RunTime:0.001126s ]
[ sql ] [ SQL ] SELECT * FROM `note` WHERE  `id` = 45 LIMIT 1 [ RunTime:0.000368s ]
[ sql ] [ SQL ] SHOW COLUMNS FROM `groups` [ RunTime:0.000785s ]
[ sql ] [ SQL ] SELECT * FROM `groups` [ RunTime:0.000273s ]
---------------------------------------------------------------
[ 2018-07-17T17:34:49+08:00 ] 74.120.168.12 74.120.168.12 GET /daily/admin/note/shownote/id/45
[ info ] qingrang.top/daily/admin/note/shownote/id/45 [运行时间：0.050411s][吞吐率：19.84req/s] [内存消耗：1,975.63kb] [文件加载：54]
[ info ] [ LANG ] /var/www/html/daily/thinkphp/lang/zh-cn.php
[ info ] [ ROUTE ] array (
  'type' => 'module',
  'module' => 
  array (
    0 => 'admin',
    1 => 'note',
    2 => 'shownote',
  ),
)
[ info ] [ HEADER ] array (
  'host' => 'qingrang.top',
  'cache-control' => 'max-age=0',
  'upgrade-insecure-requests' => '1',
  'user-agent' => 'Mozilla/5.0 (Windows NT 10.0; Win64; x64) AppleWebKit/537.36 (KHTML, like Gecko) Chrome/67.0.3396.99 Safari/537.36',
  'accept' => 'text/html,application/xhtml+xml,application/xml;q=0.9,image/webp,image/apng,*/*;q=0.8',
  'referer' => 'http://qingrang.top/daily/admin/yearlist/yearlist.html',
  'accept-encoding' => 'gzip, deflate',
  'accept-language' => 'zh-CN,zh;q=0.9',
  'cookie' => 'OUTFOX_SEARCH_USER_ID_NCOO=300956949.4398302',
  'connection' => 'close',
)
[ info ] [ PARAM ] array (
  'id' => '45',
)
[ info ] [ RUN ] app\admin\controller\Note->showNote[ /var/www/html/daily/application/admin/controller/Note.php ]
[ info ] [ DB ] INIT mysql
[ info ] [ VIEW ] /var/www/html/daily/application/admin/view/note/shownote.html [ array (
  0 => 'note',
  1 => 'groups',
) ]
[ info ] [ LOG ] INIT File
[ sql ] [ DB ] CONNECT:[ UseTime:0.000512s ] mysql:host=74.120.168.12;dbname=diary;charset=utf8
[ sql ] [ SQL ] SHOW COLUMNS FROM `note` [ RunTime:0.001184s ]
[ sql ] [ SQL ] SELECT * FROM `note` WHERE  `id` = 45 LIMIT 1 [ RunTime:0.000386s ]
[ sql ] [ SQL ] SHOW COLUMNS FROM `groups` [ RunTime:0.000828s ]
[ sql ] [ SQL ] SELECT * FROM `groups` [ RunTime:0.000316s ]
---------------------------------------------------------------
[ 2018-07-17T17:40:44+08:00 ] 74.120.168.12 74.120.168.12 GET /daily/
[ info ] qingrang.top/daily/ [运行时间：0.109798s][吞吐率：9.11req/s] [内存消耗：3,262.64kb] [文件加载：55]
[ info ] [ LANG ] /var/www/html/daily/thinkphp/lang/zh-cn.php
[ info ] [ ROUTE ] array (
  'type' => 'module',
  'module' => 
  array (
    0 => '',
    1 => NULL,
    2 => NULL,
  ),
)
[ info ] [ HEADER ] array (
  'host' => 'qingrang.top',
  'upgrade-insecure-requests' => '1',
  'user-agent' => 'Mozilla/5.0 (Windows NT 10.0; Win64; x64) AppleWebKit/537.36 (KHTML, like Gecko) Chrome/67.0.3396.99 Safari/537.36',
  'accept' => 'text/html,application/xhtml+xml,application/xml;q=0.9,image/webp,image/apng,*/*;q=0.8',
  'accept-encoding' => 'gzip, deflate',
  'accept-language' => 'zh-CN,zh;q=0.9',
  'cookie' => 'OUTFOX_SEARCH_USER_ID_NCOO=300956949.4398302',
  'connection' => 'close',
)
[ info ] [ PARAM ] array (
)
[ info ] [ RUN ] app\admin\controller\Note->notelst[ /var/www/html/daily/application/admin/controller/Note.php ]
[ info ] [ DB ] INIT mysql
[ info ] [ VIEW ] /var/www/html/daily/application/admin/view/note/notelst.html [ array (
  0 => 'autoSave',
  1 => 'phoneSave',
  2 => 'hide',
  3 => 'list',
  4 => 'groups',
  5 => 'groups0',
  6 => 'groups1',
  7 => 'groups2',
  8 => 'count',
  9 => 'year',
) ]
[ info ] [ LOG ] INIT File
[ sql ] [ DB ] CONNECT:[ UseTime:0.000525s ] mysql:host=74.120.168.12;dbname=diary;charset=utf8
[ sql ] [ SQL ] SHOW COLUMNS FROM `note` [ RunTime:0.001232s ]
[ sql ] [ SQL ] SELECT * FROM `note` WHERE  `groups` <> 'Essay' ORDER BY id desc [ RunTime:0.002937s ]
[ sql ] [ SQL ] SHOW COLUMNS FROM `config` [ RunTime:0.000982s ]
[ sql ] [ SQL ] SELECT * FROM `config` WHERE  `name` = 'hide' LIMIT 1 [ RunTime:0.000328s ]
[ sql ] [ SQL ] SELECT * FROM `note` WHERE  `id` = 1 LIMIT 1 [ RunTime:0.000312s ]
[ sql ] [ SQL ] SELECT * FROM `note` WHERE  `id` = 2 LIMIT 1 [ RunTime:0.000302s ]
[ sql ] [ SQL ] SHOW COLUMNS FROM `groups` [ RunTime:0.000937s ]
[ sql ] [ SQL ] SELECT * FROM `groups` [ RunTime:0.000285s ]
[ sql ] [ SQL ] SELECT * FROM `groups` WHERE  `parent_id` = 0 ORDER BY `g_order` [ RunTime:0.000338s ]
[ sql ] [ SQL ] SELECT `groups` FROM `groups` WHERE  `parent_id` = 1 [ RunTime:0.000286s ]
[ sql ] [ SQL ] SELECT * FROM `groups` WHERE  `parent_id` = 2 ORDER BY `g_order` [ RunTime:0.000331s ]
[ sql ] [ SQL ] SELECT COUNT(*) AS tp_count FROM `note` LIMIT 1 [ RunTime:0.000221s ]
[ sql ] [ SQL ] SHOW COLUMNS FROM `yearlist` [ RunTime:0.000896s ]
[ sql ] [ SQL ] SELECT DISTINCT  `year` FROM `yearlist` ORDER BY year desc [ RunTime:0.000570s ]
---------------------------------------------------------------
[ 2018-07-17T21:52:34+08:00 ] 74.120.168.12 74.120.168.12 GET /daily/
[ info ] qingrang.top/daily/ [运行时间：0.129970s][吞吐率：7.69req/s] [内存消耗：3,262.64kb] [文件加载：55]
[ info ] [ LANG ] /var/www/html/daily/thinkphp/lang/zh-cn.php
[ info ] [ ROUTE ] array (
  'type' => 'module',
  'module' => 
  array (
    0 => '',
    1 => NULL,
    2 => NULL,
  ),
)
[ info ] [ HEADER ] array (
  'host' => 'qingrang.top',
  'upgrade-insecure-requests' => '1',
  'user-agent' => 'Mozilla/5.0 (Windows NT 10.0; Win64; x64) AppleWebKit/537.36 (KHTML, like Gecko) Chrome/67.0.3396.99 Safari/537.36',
  'accept' => 'text/html,application/xhtml+xml,application/xml;q=0.9,image/webp,image/apng,*/*;q=0.8',
  'accept-encoding' => 'gzip, deflate',
  'accept-language' => 'zh-CN,zh;q=0.9',
  'cookie' => 'OUTFOX_SEARCH_USER_ID_NCOO=300956949.4398302',
  'connection' => 'close',
)
[ info ] [ PARAM ] array (
)
[ info ] [ RUN ] app\admin\controller\Note->notelst[ /var/www/html/daily/application/admin/controller/Note.php ]
[ info ] [ DB ] INIT mysql
[ info ] [ VIEW ] /var/www/html/daily/application/admin/view/note/notelst.html [ array (
  0 => 'autoSave',
  1 => 'phoneSave',
  2 => 'hide',
  3 => 'list',
  4 => 'groups',
  5 => 'groups0',
  6 => 'groups1',
  7 => 'groups2',
  8 => 'count',
  9 => 'year',
) ]
[ info ] [ LOG ] INIT File
[ sql ] [ DB ] CONNECT:[ UseTime:0.000878s ] mysql:host=74.120.168.12;dbname=diary;charset=utf8
[ sql ] [ SQL ] SHOW COLUMNS FROM `note` [ RunTime:0.002682s ]
[ sql ] [ SQL ] SELECT * FROM `note` WHERE  `groups` <> 'Essay' ORDER BY id desc [ RunTime:0.004094s ]
[ sql ] [ SQL ] SHOW COLUMNS FROM `config` [ RunTime:0.001110s ]
[ sql ] [ SQL ] SELECT * FROM `config` WHERE  `name` = 'hide' LIMIT 1 [ RunTime:0.000432s ]
[ sql ] [ SQL ] SELECT * FROM `note` WHERE  `id` = 1 LIMIT 1 [ RunTime:0.000428s ]
[ sql ] [ SQL ] SELECT * FROM `note` WHERE  `id` = 2 LIMIT 1 [ RunTime:0.000314s ]
[ sql ] [ SQL ] SHOW COLUMNS FROM `groups` [ RunTime:0.000909s ]
[ sql ] [ SQL ] SELECT * FROM `groups` [ RunTime:0.000350s ]
[ sql ] [ SQL ] SELECT * FROM `groups` WHERE  `parent_id` = 0 ORDER BY `g_order` [ RunTime:0.000332s ]
[ sql ] [ SQL ] SELECT `groups` FROM `groups` WHERE  `parent_id` = 1 [ RunTime:0.000306s ]
[ sql ] [ SQL ] SELECT * FROM `groups` WHERE  `parent_id` = 2 ORDER BY `g_order` [ RunTime:0.000441s ]
[ sql ] [ SQL ] SELECT COUNT(*) AS tp_count FROM `note` LIMIT 1 [ RunTime:0.000272s ]
[ sql ] [ SQL ] SHOW COLUMNS FROM `yearlist` [ RunTime:0.001031s ]
[ sql ] [ SQL ] SELECT DISTINCT  `year` FROM `yearlist` ORDER BY year desc [ RunTime:0.000644s ]
---------------------------------------------------------------
[ 2018-07-17T21:53:00+08:00 ] 74.120.168.12 74.120.168.12 POST /daily/admin/note/ashownote2.html
[ info ] qingrang.top/daily/admin/note/ashownote2.html [运行时间：0.056392s][吞吐率：17.73req/s] [内存消耗：2,150.29kb] [文件加载：50]
[ info ] [ LANG ] /var/www/html/daily/thinkphp/lang/zh-cn.php
[ info ] [ ROUTE ] array (
  'type' => 'module',
  'module' => 
  array (
    0 => 'admin',
    1 => 'note',
    2 => 'ashownote2',
  ),
)
[ info ] [ HEADER ] array (
  'host' => 'qingrang.top',
  'content-length' => '15',
  'accept' => 'application/json, text/javascript, */*; q=0.01',
  'origin' => 'http://qingrang.top',
  'x-requested-with' => 'XMLHttpRequest',
  'user-agent' => 'Mozilla/5.0 (Windows NT 10.0; Win64; x64) AppleWebKit/537.36 (KHTML, like Gecko) Chrome/67.0.3396.99 Safari/537.36',
  'content-type' => 'application/x-www-form-urlencoded',
  'referer' => 'http://qingrang.top/daily/',
  'accept-encoding' => 'gzip, deflate',
  'accept-language' => 'zh-CN,zh;q=0.9',
  'cookie' => 'OUTFOX_SEARCH_USER_ID_NCOO=300956949.4398302',
  'connection' => 'close',
)
[ info ] [ PARAM ] array (
  'groupname' => 'Linux',
)
[ info ] [ RUN ] app\admin\controller\Note->aShowNote2[ /var/www/html/daily/application/admin/controller/Note.php ]
[ info ] [ DB ] INIT mysql
[ info ] [ LOG ] INIT File
[ sql ] [ DB ] CONNECT:[ UseTime:0.000695s ] mysql:host=74.120.168.12;dbname=diary;charset=utf8
[ sql ] [ SQL ] SHOW COLUMNS FROM `note` [ RunTime:0.001343s ]
[ sql ] [ SQL ] SELECT * FROM `note` WHERE  `groups` = 'Linux' ORDER BY id desc [ RunTime:0.001025s ]
---------------------------------------------------------------
[ 2018-07-17T21:53:06+08:00 ] 74.120.168.12 74.120.168.12 POST /daily/admin/note/noteview.html
[ info ] qingrang.top/daily/admin/note/noteview.html [运行时间：0.053430s][吞吐率：18.72req/s] [内存消耗：2,085.05kb] [文件加载：50]
[ info ] [ LANG ] /var/www/html/daily/thinkphp/lang/zh-cn.php
[ info ] [ ROUTE ] array (
  'type' => 'module',
  'module' => 
  array (
    0 => 'admin',
    1 => 'note',
    2 => 'noteview',
  ),
)
[ info ] [ HEADER ] array (
  'host' => 'qingrang.top',
  'content-length' => '10',
  'accept' => 'application/json, text/javascript, */*; q=0.01',
  'origin' => 'http://qingrang.top',
  'x-requested-with' => 'XMLHttpRequest',
  'user-agent' => 'Mozilla/5.0 (Windows NT 10.0; Win64; x64) AppleWebKit/537.36 (KHTML, like Gecko) Chrome/67.0.3396.99 Safari/537.36',
  'content-type' => 'application/x-www-form-urlencoded',
  'referer' => 'http://qingrang.top/daily/',
  'accept-encoding' => 'gzip, deflate',
  'accept-language' => 'zh-CN,zh;q=0.9',
  'cookie' => 'OUTFOX_SEARCH_USER_ID_NCOO=300956949.4398302',
  'connection' => 'close',
)
[ info ] [ PARAM ] array (
  'noteid' => '181',
)
[ info ] [ RUN ] app\admin\controller\Note->noteview[ /var/www/html/daily/application/admin/controller/Note.php ]
[ info ] [ DB ] INIT mysql
[ info ] [ LOG ] INIT File
[ sql ] [ DB ] CONNECT:[ UseTime:0.000561s ] mysql:host=74.120.168.12;dbname=diary;charset=utf8
[ sql ] [ SQL ] SHOW COLUMNS FROM `note` [ RunTime:0.002387s ]
[ sql ] [ SQL ] SELECT * FROM `note` WHERE  `id` = 181 LIMIT 1 [ RunTime:0.000508s ]
---------------------------------------------------------------
[ 2018-07-17T21:53:15+08:00 ] 74.120.168.12 74.120.168.12 GET /daily/admin/note/shownote/id/177
[ info ] qingrang.top/daily/admin/note/shownote/id/177 [运行时间：0.057872s][吞吐率：17.28req/s] [内存消耗：1,975.26kb] [文件加载：54]
[ info ] [ LANG ] /var/www/html/daily/thinkphp/lang/zh-cn.php
[ info ] [ ROUTE ] array (
  'type' => 'module',
  'module' => 
  array (
    0 => 'admin',
    1 => 'note',
    2 => 'shownote',
  ),
)
[ info ] [ HEADER ] array (
  'host' => 'qingrang.top',
  'upgrade-insecure-requests' => '1',
  'user-agent' => 'Mozilla/5.0 (Windows NT 10.0; Win64; x64) AppleWebKit/537.36 (KHTML, like Gecko) Chrome/67.0.3396.99 Safari/537.36',
  'accept' => 'text/html,application/xhtml+xml,application/xml;q=0.9,image/webp,image/apng,*/*;q=0.8',
  'referer' => 'http://qingrang.top/daily/',
  'accept-encoding' => 'gzip, deflate',
  'accept-language' => 'zh-CN,zh;q=0.9',
  'cookie' => 'OUTFOX_SEARCH_USER_ID_NCOO=300956949.4398302',
  'connection' => 'close',
)
[ info ] [ PARAM ] array (
  'id' => '177',
)
[ info ] [ RUN ] app\admin\controller\Note->showNote[ /var/www/html/daily/application/admin/controller/Note.php ]
[ info ] [ DB ] INIT mysql
[ info ] [ VIEW ] /var/www/html/daily/application/admin/view/note/shownote.html [ array (
  0 => 'note',
  1 => 'groups',
) ]
[ info ] [ LOG ] INIT File
[ sql ] [ DB ] CONNECT:[ UseTime:0.000579s ] mysql:host=74.120.168.12;dbname=diary;charset=utf8
[ sql ] [ SQL ] SHOW COLUMNS FROM `note` [ RunTime:0.001328s ]
[ sql ] [ SQL ] SELECT * FROM `note` WHERE  `id` = 177 LIMIT 1 [ RunTime:0.000555s ]
[ sql ] [ SQL ] SHOW COLUMNS FROM `groups` [ RunTime:0.000853s ]
[ sql ] [ SQL ] SELECT * FROM `groups` [ RunTime:0.000297s ]
---------------------------------------------------------------
[ 2018-07-17T22:11:02+08:00 ] 74.120.168.12 74.120.168.12 GET /daily/
[ info ] qingrang.top/daily/ [运行时间：0.117258s][吞吐率：8.53req/s] [内存消耗：3,262.92kb] [文件加载：55]
[ info ] [ LANG ] /var/www/html/daily/thinkphp/lang/zh-cn.php
[ info ] [ ROUTE ] array (
  'type' => 'module',
  'module' => 
  array (
    0 => '',
    1 => NULL,
    2 => NULL,
  ),
)
[ info ] [ HEADER ] array (
  'host' => 'qingrang.top',
  'cache-control' => 'max-age=0',
  'upgrade-insecure-requests' => '1',
  'user-agent' => 'Mozilla/5.0 (Windows NT 10.0; Win64; x64) AppleWebKit/537.36 (KHTML, like Gecko) Chrome/67.0.3396.99 Safari/537.36',
  'accept' => 'text/html,application/xhtml+xml,application/xml;q=0.9,image/webp,image/apng,*/*;q=0.8',
  'accept-encoding' => 'gzip, deflate',
  'accept-language' => 'zh-CN,zh;q=0.9',
  'cookie' => 'OUTFOX_SEARCH_USER_ID_NCOO=300956949.4398302',
  'connection' => 'close',
)
[ info ] [ PARAM ] array (
)
[ info ] [ RUN ] app\admin\controller\Note->notelst[ /var/www/html/daily/application/admin/controller/Note.php ]
[ info ] [ DB ] INIT mysql
[ info ] [ VIEW ] /var/www/html/daily/application/admin/view/note/notelst.html [ array (
  0 => 'autoSave',
  1 => 'phoneSave',
  2 => 'hide',
  3 => 'list',
  4 => 'groups',
  5 => 'groups0',
  6 => 'groups1',
  7 => 'groups2',
  8 => 'count',
  9 => 'year',
) ]
[ info ] [ LOG ] INIT File
[ sql ] [ DB ] CONNECT:[ UseTime:0.000585s ] mysql:host=74.120.168.12;dbname=diary;charset=utf8
[ sql ] [ SQL ] SHOW COLUMNS FROM `note` [ RunTime:0.001215s ]
[ sql ] [ SQL ] SELECT * FROM `note` WHERE  `groups` <> 'Essay' ORDER BY id desc [ RunTime:0.003013s ]
[ sql ] [ SQL ] SHOW COLUMNS FROM `config` [ RunTime:0.000975s ]
[ sql ] [ SQL ] SELECT * FROM `config` WHERE  `name` = 'hide' LIMIT 1 [ RunTime:0.000310s ]
[ sql ] [ SQL ] SELECT * FROM `note` WHERE  `id` = 1 LIMIT 1 [ RunTime:0.000327s ]
[ sql ] [ SQL ] SELECT * FROM `note` WHERE  `id` = 2 LIMIT 1 [ RunTime:0.000316s ]
[ sql ] [ SQL ] SHOW COLUMNS FROM `groups` [ RunTime:0.000812s ]
[ sql ] [ SQL ] SELECT * FROM `groups` [ RunTime:0.000314s ]
[ sql ] [ SQL ] SELECT * FROM `groups` WHERE  `parent_id` = 0 ORDER BY `g_order` [ RunTime:0.000354s ]
[ sql ] [ SQL ] SELECT `groups` FROM `groups` WHERE  `parent_id` = 1 [ RunTime:0.000375s ]
[ sql ] [ SQL ] SELECT * FROM `groups` WHERE  `parent_id` = 2 ORDER BY `g_order` [ RunTime:0.000337s ]
[ sql ] [ SQL ] SELECT COUNT(*) AS tp_count FROM `note` LIMIT 1 [ RunTime:0.000290s ]
[ sql ] [ SQL ] SHOW COLUMNS FROM `yearlist` [ RunTime:0.000960s ]
[ sql ] [ SQL ] SELECT DISTINCT  `year` FROM `yearlist` ORDER BY year desc [ RunTime:0.000600s ]
---------------------------------------------------------------
[ 2018-07-17T22:18:17+08:00 ] 74.120.168.12 74.120.168.12 POST /daily/admin/note/asearch.html
[ info ] qingrang.top/daily/admin/note/asearch.html [运行时间：0.062520s][吞吐率：15.99req/s] [内存消耗：2,117.66kb] [文件加载：50]
[ info ] [ LANG ] /var/www/html/daily/thinkphp/lang/zh-cn.php
[ info ] [ ROUTE ] array (
  'type' => 'module',
  'module' => 
  array (
    0 => 'admin',
    1 => 'note',
    2 => 'asearch',
  ),
)
[ info ] [ HEADER ] array (
  'host' => 'qingrang.top',
  'content-length' => '22',
  'accept' => 'application/json, text/javascript, */*; q=0.01',
  'origin' => 'http://qingrang.top',
  'x-requested-with' => 'XMLHttpRequest',
  'user-agent' => 'Mozilla/5.0 (Windows NT 10.0; Win64; x64) AppleWebKit/537.36 (KHTML, like Gecko) Chrome/67.0.3396.99 Safari/537.36',
  'content-type' => 'application/x-www-form-urlencoded',
  'referer' => 'http://qingrang.top/daily/',
  'accept-encoding' => 'gzip, deflate',
  'accept-language' => 'zh-CN,zh;q=0.9',
  'cookie' => 'OUTFOX_SEARCH_USER_ID_NCOO=300956949.4398302',
  'connection' => 'close',
)
[ info ] [ PARAM ] array (
  'key' => '压缩',
)
[ info ] [ RUN ] app\admin\controller\Note->aSearch[ /var/www/html/daily/application/admin/controller/Note.php ]
[ info ] [ DB ] INIT mysql
[ info ] [ LOG ] INIT File
[ sql ] [ DB ] CONNECT:[ UseTime:0.000628s ] mysql:host=74.120.168.12;dbname=diary;charset=utf8
[ sql ] [ SQL ] SHOW COLUMNS FROM `note` [ RunTime:0.001607s ]
[ sql ] [ SQL ] SELECT * FROM `note` WHERE  ( `title` LIKE '%压缩%' OR `content` LIKE '%压缩%' ) ORDER BY id desc [ RunTime:0.006083s ]
---------------------------------------------------------------
[ 2018-07-17T22:18:20+08:00 ] 74.120.168.12 74.120.168.12 POST /daily/admin/note/noteview.html
[ info ] qingrang.top/daily/admin/note/noteview.html [运行时间：0.047594s][吞吐率：21.01req/s] [内存消耗：2,109.39kb] [文件加载：50]
[ info ] [ LANG ] /var/www/html/daily/thinkphp/lang/zh-cn.php
[ info ] [ ROUTE ] array (
  'type' => 'module',
  'module' => 
  array (
    0 => 'admin',
    1 => 'note',
    2 => 'noteview',
  ),
)
[ info ] [ HEADER ] array (
  'host' => 'qingrang.top',
  'content-length' => '10',
  'accept' => 'application/json, text/javascript, */*; q=0.01',
  'origin' => 'http://qingrang.top',
  'x-requested-with' => 'XMLHttpRequest',
  'user-agent' => 'Mozilla/5.0 (Windows NT 10.0; Win64; x64) AppleWebKit/537.36 (KHTML, like Gecko) Chrome/67.0.3396.99 Safari/537.36',
  'content-type' => 'application/x-www-form-urlencoded',
  'referer' => 'http://qingrang.top/daily/',
  'accept-encoding' => 'gzip, deflate',
  'accept-language' => 'zh-CN,zh;q=0.9',
  'cookie' => 'OUTFOX_SEARCH_USER_ID_NCOO=300956949.4398302',
  'connection' => 'close',
)
[ info ] [ PARAM ] array (
  'noteid' => '113',
)
[ info ] [ RUN ] app\admin\controller\Note->noteview[ /var/www/html/daily/application/admin/controller/Note.php ]
[ info ] [ DB ] INIT mysql
[ info ] [ LOG ] INIT File
[ sql ] [ DB ] CONNECT:[ UseTime:0.000439s ] mysql:host=74.120.168.12;dbname=diary;charset=utf8
[ sql ] [ SQL ] SHOW COLUMNS FROM `note` [ RunTime:0.001245s ]
[ sql ] [ SQL ] SELECT * FROM `note` WHERE  `id` = 113 LIMIT 1 [ RunTime:0.000412s ]
